<?xml version="1.0" encoding="UTF-8"?>
<!-- Generated by org.testng.reporters.JUnitReportReporter -->
<testsuite hostname="BOOK-SKELCNEN96" failures="0" tests="4" name="Testcases.LoginTest" time="17.247" errors="4" timestamp="2026-02-17T14:56:33 IST" skipped="0">
  <testcase classname="Testcases.LoginTest" name="loginTest" time="4.204">
    <error type="java.lang.StackOverflowError">
      <![CDATA[java.lang.StackOverflowError
at POM.LoginTestpage.<init>(LoginTestpage.java:13)
at Baseclass.BaseUtility.<init>(BaseUtility.java:28)
at POM.LoginTestpage.<init>(LoginTestpage.java:13)
at Baseclass.BaseUtility.<init>(BaseUtility.java:28)
at POM.LoginTestpage.<init>(LoginTestpage.java:13)
at Baseclass.BaseUtility.<init>(BaseUtility.java:28)
at POM.LoginTestpage.<init>(LoginTestpage.java:13)
at Baseclass.BaseUtility.<init>(BaseUtility.java:28)
at POM.LoginTestpage.<init>(LoginTestpage.java:13)
at Baseclass.BaseUtility.<init>(BaseUtility.java:28)
at POM.LoginTestpage.<init>(LoginTestpage.java:13)
at Baseclass.BaseUtility.<init>(BaseUtility.java:28)
at POM.LoginTestpage.<init>(LoginTestpage.java:13)
at Baseclass.BaseUtility.<init>(BaseUtility.java:28)
at POM.LoginTestpage.<init>(LoginTestpage.java:13)
at Baseclass.BaseUtility.<init>(BaseUtility.java:28)
at POM.LoginTestpage.<init>(LoginTestpage.java:13)
at Baseclass.BaseUtility.<init>(BaseUtility.java:28)
at POM.LoginTestpage.<init>(LoginTestpage.java:13)
at Baseclass.BaseUtility.<init>(BaseUtility.java:28)
at POM.LoginTestpage.<init>(LoginTestpage.java:13)
at Baseclass.BaseUtility.<init>(BaseUtility.java:28)
at POM.LoginTestpage.<init>(LoginTestpage.java:13)
at Baseclass.BaseUtility.<init>(BaseUtility.java:28)
at POM.LoginTestpage.<init>(LoginTestpage.java:13)
at Baseclass.BaseUtility.<init>(BaseUtility.java:28)
at POM.LoginTestpage.<init>(LoginTestpage.java:13)
at Baseclass.BaseUtility.<init>(BaseUtility.java:28)
at POM.LoginTestpage.<init>(LoginTestpage.java:13)
at Baseclass.BaseUtility.<init>(BaseUtility.java:28)
at POM.LoginTestpage.<init>(LoginTestpage.java:13)
at Baseclass.BaseUtility.<init>(BaseUtility.java:28)
at POM.LoginTestpage.<init>(LoginTestpage.java:13)
at Baseclass.BaseUtility.<init>(BaseUtility.java:28)
at POM.LoginTestpage.<init>(LoginTestpage.java:13)
at Baseclass.BaseUtility.<init>(BaseUtility.java:28)
at POM.LoginTestpage.<init>(LoginTestpage.java:13)
at Baseclass.BaseUtility.<init>(BaseUtility.java:28)
at POM.LoginTestpage.<init>(LoginTestpage.java:13)
at Baseclass.BaseUtility.<init>(BaseUtility.java:28)
at POM.LoginTestpage.<init>(LoginTestpage.java:13)
at Baseclass.BaseUtility.<init>(BaseUtility.java:28)
at POM.LoginTestpage.<init>(LoginTestpage.java:13)
at Baseclass.BaseUtility.<init>(BaseUtility.java:28)
at POM.LoginTestpage.<init>(LoginTestpage.java:13)
at Baseclass.BaseUtility.<init>(BaseUtility.java:28)
at POM.LoginTestpage.<init>(LoginTestpage.java:13)
at Baseclass.BaseUtility.<init>(BaseUtility.java:28)
at POM.LoginTestpage.<init>(LoginTestpage.java:13)
at Baseclass.BaseUtility.<init>(BaseUtility.java:28)
at POM.LoginTestpage.<init>(LoginTestpage.java:13)
at Baseclass.BaseUtility.<init>(BaseUtility.java:28)
at POM.LoginTestpage.<init>(LoginTestpage.java:13)
at Baseclass.BaseUtility.<init>(BaseUtility.java:28)
at POM.LoginTestpage.<init>(LoginTestpage.java:13)
at Baseclass.BaseUtility.<init>(BaseUtility.java:28)
at POM.LoginTestpage.<init>(LoginTestpage.java:13)
at Baseclass.BaseUtility.<init>(BaseUtility.java:28)
at POM.LoginTestpage.<init>(LoginTestpage.java:13)
at Baseclass.BaseUtility.<init>(BaseUtility.java:28)
at POM.LoginTestpage.<init>(LoginTestpage.java:13)
at Baseclass.BaseUtility.<init>(BaseUtility.java:28)
at POM.LoginTestpage.<init>(LoginTestpage.java:13)
at Baseclass.BaseUtility.<init>(BaseUtility.java:28)
at POM.LoginTestpage.<init>(LoginTestpage.java:13)
at Baseclass.BaseUtility.<init>(BaseUtility.java:28)
at POM.LoginTestpage.<init>(LoginTestpage.java:13)
at Baseclass.BaseUtility.<init>(BaseUtility.java:28)
at POM.LoginTestpage.<init>(LoginTestpage.java:13)
at Baseclass.BaseUtility.<init>(BaseUtility.java:28)
at POM.LoginTestpage.<init>(LoginTestpage.java:13)
at Baseclass.BaseUtility.<init>(BaseUtility.java:28)
at POM.LoginTestpage.<init>(LoginTestpage.java:13)
at Baseclass.BaseUtility.<init>(BaseUtility.java:28)
at POM.LoginTestpage.<init>(LoginTestpage.java:13)
at Baseclass.BaseUtility.<init>(BaseUtility.java:28)
at POM.LoginTestpage.<init>(LoginTestpage.java:13)
at Baseclass.BaseUtility.<init>(BaseUtility.java:28)
at POM.LoginTestpage.<init>(LoginTestpage.java:13)
at Baseclass.BaseUtility.<init>(BaseUtility.java:28)
at POM.LoginTestpage.<init>(LoginTestpage.java:13)
at Baseclass.BaseUtility.<init>(BaseUtility.java:28)
at POM.LoginTestpage.<init>(LoginTestpage.java:13)
at Baseclass.BaseUtility.<init>(BaseUtility.java:28)
at POM.LoginTestpage.<init>(LoginTestpage.java:13)
at Baseclass.BaseUtility.<init>(BaseUtility.java:28)
at POM.LoginTestpage.<init>(LoginTestpage.java:13)
at Baseclass.BaseUtility.<init>(BaseUtility.java:28)
at POM.LoginTestpage.<init>(LoginTestpage.java:13)
at Baseclass.BaseUtility.<init>(BaseUtility.java:28)
at POM.LoginTestpage.<init>(LoginTestpage.java:13)
at Baseclass.BaseUtility.<init>(BaseUtility.java:28)
at POM.LoginTestpage.<init>(LoginTestpage.java:13)
at Baseclass.BaseUtility.<init>(BaseUtility.java:28)
at POM.LoginTestpage.<init>(LoginTestpage.java:13)
at Baseclass.BaseUtility.<init>(BaseUtility.java:28)
at POM.LoginTestpage.<init>(LoginTestpage.java:13)
at Baseclass.BaseUtility.<init>(BaseUtility.java:28)
at POM.LoginTestpage.<init>(LoginTestpage.java:13)
at Baseclass.BaseUtility.<init>(BaseUtility.java:28)
at POM.LoginTestpage.<init>(LoginTestpage.java:13)
at Baseclass.BaseUtility.<init>(BaseUtility.java:28)
at POM.LoginTestpage.<init>(LoginTestpage.java:13)
at Baseclass.BaseUtility.<init>(BaseUtility.java:28)
at POM.LoginTestpage.<init>(LoginTestpage.java:13)
at Baseclass.BaseUtility.<init>(BaseUtility.java:28)
at POM.LoginTestpage.<init>(LoginTestpage.java:13)
at Baseclass.BaseUtility.<init>(BaseUtility.java:28)
at POM.LoginTestpage.<init>(LoginTestpage.java:13)
at Baseclass.BaseUtility.<init>(BaseUtility.java:28)
at POM.LoginTestpage.<init>(LoginTestpage.java:13)
at Baseclass.BaseUtility.<init>(BaseUtility.java:28)
at POM.LoginTestpage.<init>(LoginTestpage.java:13)
at Baseclass.BaseUtility.<init>(BaseUtility.java:28)
at POM.LoginTestpage.<init>(LoginTestpage.java:13)
at Baseclass.BaseUtility.<init>(BaseUtility.java:28)
at POM.LoginTestpage.<init>(LoginTestpage.java:13)
at Baseclass.BaseUtility.<init>(BaseUtility.java:28)
at POM.LoginTestpage.<init>(LoginTestpage.java:13)
at Baseclass.BaseUtility.<init>(BaseUtility.java:28)
at POM.LoginTestpage.<init>(LoginTestpage.java:13)
at Baseclass.BaseUtility.<init>(BaseUtility.java:28)
at POM.LoginTestpage.<init>(LoginTestpage.java:13)
at Baseclass.BaseUtility.<init>(BaseUtility.java:28)
at POM.LoginTestpage.<init>(LoginTestpage.java:13)
at Baseclass.BaseUtility.<init>(BaseUtility.java:28)
at POM.LoginTestpage.<init>(LoginTestpage.java:13)
at Baseclass.BaseUtility.<init>(BaseUtility.java:28)
at POM.LoginTestpage.<init>(LoginTestpage.java:13)
at Baseclass.BaseUtility.<init>(BaseUtility.java:28)
at POM.LoginTestpage.<init>(LoginTestpage.java:13)
at Baseclass.BaseUtility.<init>(BaseUtility.java:28)
at POM.LoginTestpage.<init>(LoginTestpage.java:13)
at Baseclass.BaseUtility.<init>(BaseUtility.java:28)
at POM.LoginTestpage.<init>(LoginTestpage.java:13)
at Baseclass.BaseUtility.<init>(BaseUtility.java:28)
at POM.LoginTestpage.<init>(LoginTestpage.java:13)
at Baseclass.BaseUtility.<init>(BaseUtility.java:28)
at POM.LoginTestpage.<init>(LoginTestpage.java:13)
at Baseclass.BaseUtility.<init>(BaseUtility.java:28)
at POM.LoginTestpage.<init>(LoginTestpage.java:13)
at Baseclass.BaseUtility.<init>(BaseUtility.java:28)
at POM.LoginTestpage.<init>(LoginTestpage.java:13)
at Baseclass.BaseUtility.<init>(BaseUtility.java:28)
at POM.LoginTestpage.<init>(LoginTestpage.java:13)
at Baseclass.BaseUtility.<init>(BaseUtility.java:28)
at POM.LoginTestpage.<init>(LoginTestpage.java:13)
at Baseclass.BaseUtility.<init>(BaseUtility.java:28)
at POM.LoginTestpage.<init>(LoginTestpage.java:13)
at Baseclass.BaseUtility.<init>(BaseUtility.java:28)
at POM.LoginTestpage.<init>(LoginTestpage.java:13)
at Baseclass.BaseUtility.<init>(BaseUtility.java:28)
at POM.LoginTestpage.<init>(LoginTestpage.java:13)
at Baseclass.BaseUtility.<init>(BaseUtility.java:28)
at POM.LoginTestpage.<init>(LoginTestpage.java:13)
at Baseclass.BaseUtility.<init>(BaseUtility.java:28)
at POM.LoginTestpage.<init>(LoginTestpage.java:13)
at Baseclass.BaseUtility.<init>(BaseUtility.java:28)
at POM.LoginTestpage.<init>(LoginTestpage.java:13)
at Baseclass.BaseUtility.<init>(BaseUtility.java:28)
at POM.LoginTestpage.<init>(LoginTestpage.java:13)
at Baseclass.BaseUtility.<init>(BaseUtility.java:28)
at POM.LoginTestpage.<init>(LoginTestpage.java:13)
at Baseclass.BaseUtility.<init>(BaseUtility.java:28)
at POM.LoginTestpage.<init>(LoginTestpage.java:13)
at Baseclass.BaseUtility.<init>(BaseUtility.java:28)
at POM.LoginTestpage.<init>(LoginTestpage.java:13)
at Baseclass.BaseUtility.<init>(BaseUtility.java:28)
at POM.LoginTestpage.<init>(LoginTestpage.java:13)
at Baseclass.BaseUtility.<init>(BaseUtility.java:28)
at POM.LoginTestpage.<init>(LoginTestpage.java:13)
at Baseclass.BaseUtility.<init>(BaseUtility.java:28)
at POM.LoginTestpage.<init>(LoginTestpage.java:13)
at Baseclass.BaseUtility.<init>(BaseUtility.java:28)
at POM.LoginTestpage.<init>(LoginTestpage.java:13)
at Baseclass.BaseUtility.<init>(BaseUtility.java:28)
at POM.LoginTestpage.<init>(LoginTestpage.java:13)
at Baseclass.BaseUtility.<init>(BaseUtility.java:28)
at POM.LoginTestpage.<init>(LoginTestpage.java:13)
at Baseclass.BaseUtility.<init>(BaseUtility.java:28)
at POM.LoginTestpage.<init>(LoginTestpage.java:13)
at Baseclass.BaseUtility.<init>(BaseUtility.java:28)
at POM.LoginTestpage.<init>(LoginTestpage.java:13)
at Baseclass.BaseUtility.<init>(BaseUtility.java:28)
at POM.LoginTestpage.<init>(LoginTestpage.java:13)
at Baseclass.BaseUtility.<init>(BaseUtility.java:28)
at POM.LoginTestpage.<init>(LoginTestpage.java:13)
at Baseclass.BaseUtility.<init>(BaseUtility.java:28)
at POM.LoginTestpage.<init>(LoginTestpage.java:13)
at Baseclass.BaseUtility.<init>(BaseUtility.java:28)
at POM.LoginTestpage.<init>(LoginTestpage.java:13)
at Baseclass.BaseUtility.<init>(BaseUtility.java:28)
at POM.LoginTestpage.<init>(LoginTestpage.java:13)
at Baseclass.BaseUtility.<init>(BaseUtility.java:28)
at POM.LoginTestpage.<init>(LoginTestpage.java:13)
at Baseclass.BaseUtility.<init>(BaseUtility.java:28)
at POM.LoginTestpage.<init>(LoginTestpage.java:13)
at Baseclass.BaseUtility.<init>(BaseUtility.java:28)
at POM.LoginTestpage.<init>(LoginTestpage.java:13)
at Baseclass.BaseUtility.<init>(BaseUtility.java:28)
at POM.LoginTestpage.<init>(LoginTestpage.java:13)
at Baseclass.BaseUtility.<init>(BaseUtility.java:28)
at POM.LoginTestpage.<init>(LoginTestpage.java:13)
at Baseclass.BaseUtility.<init>(BaseUtility.java:28)
at POM.LoginTestpage.<init>(LoginTestpage.java:13)
at Baseclass.BaseUtility.<init>(BaseUtility.java:28)
at POM.LoginTestpage.<init>(LoginTestpage.java:13)
at Baseclass.BaseUtility.<init>(BaseUtility.java:28)
at POM.LoginTestpage.<init>(LoginTestpage.java:13)
at Baseclass.BaseUtility.<init>(BaseUtility.java:28)
at POM.LoginTestpage.<init>(LoginTestpage.java:13)
at Baseclass.BaseUtility.<init>(BaseUtility.java:28)
at POM.LoginTestpage.<init>(LoginTestpage.java:13)
at Baseclass.BaseUtility.<init>(BaseUtility.java:28)
at POM.LoginTestpage.<init>(LoginTestpage.java:13)
at Baseclass.BaseUtility.<init>(BaseUtility.java:28)
at POM.LoginTestpage.<init>(LoginTestpage.java:13)
at Baseclass.BaseUtility.<init>(BaseUtility.java:28)
at POM.LoginTestpage.<init>(LoginTestpage.java:13)
at Baseclass.BaseUtility.<init>(BaseUtility.java:28)
at POM.LoginTestpage.<init>(LoginTestpage.java:13)
at Baseclass.BaseUtility.<init>(BaseUtility.java:28)
at POM.LoginTestpage.<init>(LoginTestpage.java:13)
at Baseclass.BaseUtility.<init>(BaseUtility.java:28)
at POM.LoginTestpage.<init>(LoginTestpage.java:13)
at Baseclass.BaseUtility.<init>(BaseUtility.java:28)
at POM.LoginTestpage.<init>(LoginTestpage.java:13)
at Baseclass.BaseUtility.<init>(BaseUtility.java:28)
at POM.LoginTestpage.<init>(LoginTestpage.java:13)
at Baseclass.BaseUtility.<init>(BaseUtility.java:28)
at POM.LoginTestpage.<init>(LoginTestpage.java:13)
at Baseclass.BaseUtility.<init>(BaseUtility.java:28)
at POM.LoginTestpage.<init>(LoginTestpage.java:13)
at Baseclass.BaseUtility.<init>(BaseUtility.java:28)
at POM.LoginTestpage.<init>(LoginTestpage.java:13)
at Baseclass.BaseUtility.<init>(BaseUtility.java:28)
at POM.LoginTestpage.<init>(LoginTestpage.java:13)
at Baseclass.BaseUtility.<init>(BaseUtility.java:28)
at POM.LoginTestpage.<init>(LoginTestpage.java:13)
at Baseclass.BaseUtility.<init>(BaseUtility.java:28)
at POM.LoginTestpage.<init>(LoginTestpage.java:13)
at Baseclass.BaseUtility.<init>(BaseUtility.java:28)
at POM.LoginTestpage.<init>(LoginTestpage.java:13)
at Baseclass.BaseUtility.<init>(BaseUtility.java:28)
at POM.LoginTestpage.<init>(LoginTestpage.java:13)
at Baseclass.BaseUtility.<init>(BaseUtility.java:28)
at POM.LoginTestpage.<init>(LoginTestpage.java:13)
at Baseclass.BaseUtility.<init>(BaseUtility.java:28)
at POM.LoginTestpage.<init>(LoginTestpage.java:13)
at Baseclass.BaseUtility.<init>(BaseUtility.java:28)
at POM.LoginTestpage.<init>(LoginTestpage.java:13)
at Baseclass.BaseUtility.<init>(BaseUtility.java:28)
at POM.LoginTestpage.<init>(LoginTestpage.java:13)
at Baseclass.BaseUtility.<init>(BaseUtility.java:28)
at POM.LoginTestpage.<init>(LoginTestpage.java:13)
at Baseclass.BaseUtility.<init>(BaseUtility.java:28)
at POM.LoginTestpage.<init>(LoginTestpage.java:13)
at Baseclass.BaseUtility.<init>(BaseUtility.java:28)
at POM.LoginTestpage.<init>(LoginTestpage.java:13)
at Baseclass.BaseUtility.<init>(BaseUtility.java:28)
at POM.LoginTestpage.<init>(LoginTestpage.java:13)
at Baseclass.BaseUtility.<init>(BaseUtility.java:28)
at POM.LoginTestpage.<init>(LoginTestpage.java:13)
at Baseclass.BaseUtility.<init>(BaseUtility.java:28)
at POM.LoginTestpage.<init>(LoginTestpage.java:13)
at Baseclass.BaseUtility.<init>(BaseUtility.java:28)
at POM.LoginTestpage.<init>(LoginTestpage.java:13)
at Baseclass.BaseUtility.<init>(BaseUtility.java:28)
at POM.LoginTestpage.<init>(LoginTestpage.java:13)
at Baseclass.BaseUtility.<init>(BaseUtility.java:28)
at POM.LoginTestpage.<init>(LoginTestpage.java:13)
at Baseclass.BaseUtility.<init>(BaseUtility.java:28)
at POM.LoginTestpage.<init>(LoginTestpage.java:13)
at Baseclass.BaseUtility.<init>(BaseUtility.java:28)
at POM.LoginTestpage.<init>(LoginTestpage.java:13)
at Baseclass.BaseUtility.<init>(BaseUtility.java:28)
at POM.LoginTestpage.<init>(LoginTestpage.java:13)
at Baseclass.BaseUtility.<init>(BaseUtility.java:28)
at POM.LoginTestpage.<init>(LoginTestpage.java:13)
at Baseclass.BaseUtility.<init>(BaseUtility.java:28)
at POM.LoginTestpage.<init>(LoginTestpage.java:13)
at Baseclass.BaseUtility.<init>(BaseUtility.java:28)
at POM.LoginTestpage.<init>(LoginTestpage.java:13)
at Baseclass.BaseUtility.<init>(BaseUtility.java:28)
at POM.LoginTestpage.<init>(LoginTestpage.java:13)
at Baseclass.BaseUtility.<init>(BaseUtility.java:28)
at POM.LoginTestpage.<init>(LoginTestpage.java:13)
at Baseclass.BaseUtility.<init>(BaseUtility.java:28)
at POM.LoginTestpage.<init>(LoginTestpage.java:13)
at Baseclass.BaseUtility.<init>(BaseUtility.java:28)
at POM.LoginTestpage.<init>(LoginTestpage.java:13)
at Baseclass.BaseUtility.<init>(BaseUtility.java:28)
at POM.LoginTestpage.<init>(LoginTestpage.java:13)
at Baseclass.BaseUtility.<init>(BaseUtility.java:28)
at POM.LoginTestpage.<init>(LoginTestpage.java:13)
at Baseclass.BaseUtility.<init>(BaseUtility.java:28)
at POM.LoginTestpage.<init>(LoginTestpage.java:13)
at Baseclass.BaseUtility.<init>(BaseUtility.java:28)
at POM.LoginTestpage.<init>(LoginTestpage.java:13)
at Baseclass.BaseUtility.<init>(BaseUtility.java:28)
at POM.LoginTestpage.<init>(LoginTestpage.java:13)
at Baseclass.BaseUtility.<init>(BaseUtility.java:28)
at POM.LoginTestpage.<init>(LoginTestpage.java:13)
at Baseclass.BaseUtility.<init>(BaseUtility.java:28)
at POM.LoginTestpage.<init>(LoginTestpage.java:13)
at Baseclass.BaseUtility.<init>(BaseUtility.java:28)
at POM.LoginTestpage.<init>(LoginTestpage.java:13)
at Baseclass.BaseUtility.<init>(BaseUtility.java:28)
at POM.LoginTestpage.<init>(LoginTestpage.java:13)
at Baseclass.BaseUtility.<init>(BaseUtility.java:28)
at POM.LoginTestpage.<init>(LoginTestpage.java:13)
at Baseclass.BaseUtility.<init>(BaseUtility.java:28)
at POM.LoginTestpage.<init>(LoginTestpage.java:13)
at Baseclass.BaseUtility.<init>(BaseUtility.java:28)
at POM.LoginTestpage.<init>(LoginTestpage.java:13)
at Baseclass.BaseUtility.<init>(BaseUtility.java:28)
at POM.LoginTestpage.<init>(LoginTestpage.java:13)
at Baseclass.BaseUtility.<init>(BaseUtility.java:28)
at POM.LoginTestpage.<init>(LoginTestpage.java:13)
at Baseclass.BaseUtility.<init>(BaseUtility.java:28)
at POM.LoginTestpage.<init>(LoginTestpage.java:13)
at Baseclass.BaseUtility.<init>(BaseUtility.java:28)
at POM.LoginTestpage.<init>(LoginTestpage.java:13)
at Baseclass.BaseUtility.<init>(BaseUtility.java:28)
at POM.LoginTestpage.<init>(LoginTestpage.java:13)
at Baseclass.BaseUtility.<init>(BaseUtility.java:28)
at POM.LoginTestpage.<init>(LoginTestpage.java:13)
at Baseclass.BaseUtility.<init>(BaseUtility.java:28)
at POM.LoginTestpage.<init>(LoginTestpage.java:13)
at Baseclass.BaseUtility.<init>(BaseUtility.java:28)
at POM.LoginTestpage.<init>(LoginTestpage.java:13)
at Baseclass.BaseUtility.<init>(BaseUtility.java:28)
at POM.LoginTestpage.<init>(LoginTestpage.java:13)
at Baseclass.BaseUtility.<init>(BaseUtility.java:28)
at POM.LoginTestpage.<init>(LoginTestpage.java:13)
at Baseclass.BaseUtility.<init>(BaseUtility.java:28)
at POM.LoginTestpage.<init>(LoginTestpage.java:13)
at Baseclass.BaseUtility.<init>(BaseUtility.java:28)
at POM.LoginTestpage.<init>(LoginTestpage.java:13)
at Baseclass.BaseUtility.<init>(BaseUtility.java:28)
at POM.LoginTestpage.<init>(LoginTestpage.java:13)
at Baseclass.BaseUtility.<init>(BaseUtility.java:28)
at POM.LoginTestpage.<init>(LoginTestpage.java:13)
at Baseclass.BaseUtility.<init>(BaseUtility.java:28)
at POM.LoginTestpage.<init>(LoginTestpage.java:13)
at Baseclass.BaseUtility.<init>(BaseUtility.java:28)
at POM.LoginTestpage.<init>(LoginTestpage.java:13)
at Baseclass.BaseUtility.<init>(BaseUtility.java:28)
at POM.LoginTestpage.<init>(LoginTestpage.java:13)
at Baseclass.BaseUtility.<init>(BaseUtility.java:28)
at POM.LoginTestpage.<init>(LoginTestpage.java:13)
at Baseclass.BaseUtility.<init>(BaseUtility.java:28)
at POM.LoginTestpage.<init>(LoginTestpage.java:13)
at Baseclass.BaseUtility.<init>(BaseUtility.java:28)
at POM.LoginTestpage.<init>(LoginTestpage.java:13)
at Baseclass.BaseUtility.<init>(BaseUtility.java:28)
at POM.LoginTestpage.<init>(LoginTestpage.java:13)
at Baseclass.BaseUtility.<init>(BaseUtility.java:28)
at POM.LoginTestpage.<init>(LoginTestpage.java:13)
at Baseclass.BaseUtility.<init>(BaseUtility.java:28)
at POM.LoginTestpage.<init>(LoginTestpage.java:13)
at Baseclass.BaseUtility.<init>(BaseUtility.java:28)
at POM.LoginTestpage.<init>(LoginTestpage.java:13)
at Baseclass.BaseUtility.<init>(BaseUtility.java:28)
at POM.LoginTestpage.<init>(LoginTestpage.java:13)
at Baseclass.BaseUtility.<init>(BaseUtility.java:28)
at POM.LoginTestpage.<init>(LoginTestpage.java:13)
at Baseclass.BaseUtility.<init>(BaseUtility.java:28)
at POM.LoginTestpage.<init>(LoginTestpage.java:13)
at Baseclass.BaseUtility.<init>(BaseUtility.java:28)
at POM.LoginTestpage.<init>(LoginTestpage.java:13)
at Baseclass.BaseUtility.<init>(BaseUtility.java:28)
at POM.LoginTestpage.<init>(LoginTestpage.java:13)
at Baseclass.BaseUtility.<init>(BaseUtility.java:28)
at POM.LoginTestpage.<init>(LoginTestpage.java:13)
at Baseclass.BaseUtility.<init>(BaseUtility.java:28)
at POM.LoginTestpage.<init>(LoginTestpage.java:13)
at Baseclass.BaseUtility.<init>(BaseUtility.java:28)
at POM.LoginTestpage.<init>(LoginTestpage.java:13)
at Baseclass.BaseUtility.<init>(BaseUtility.java:28)
at POM.LoginTestpage.<init>(LoginTestpage.java:13)
at Baseclass.BaseUtility.<init>(BaseUtility.java:28)
at POM.LoginTestpage.<init>(LoginTestpage.java:13)
at Baseclass.BaseUtility.<init>(BaseUtility.java:28)
at POM.LoginTestpage.<init>(LoginTestpage.java:13)
at Baseclass.BaseUtility.<init>(BaseUtility.java:28)
at POM.LoginTestpage.<init>(LoginTestpage.java:13)
at Baseclass.BaseUtility.<init>(BaseUtility.java:28)
at POM.LoginTestpage.<init>(LoginTestpage.java:13)
at Baseclass.BaseUtility.<init>(BaseUtility.java:28)
at POM.LoginTestpage.<init>(LoginTestpage.java:13)
at Baseclass.BaseUtility.<init>(BaseUtility.java:28)
at POM.LoginTestpage.<init>(LoginTestpage.java:13)
at Baseclass.BaseUtility.<init>(BaseUtility.java:28)
at POM.LoginTestpage.<init>(LoginTestpage.java:13)
at Baseclass.BaseUtility.<init>(BaseUtility.java:28)
at POM.LoginTestpage.<init>(LoginTestpage.java:13)
at Baseclass.BaseUtility.<init>(BaseUtility.java:28)
at POM.LoginTestpage.<init>(LoginTestpage.java:13)
at Baseclass.BaseUtility.<init>(BaseUtility.java:28)
at POM.LoginTestpage.<init>(LoginTestpage.java:13)
at Baseclass.BaseUtility.<init>(BaseUtility.java:28)
at POM.LoginTestpage.<init>(LoginTestpage.java:13)
at Baseclass.BaseUtility.<init>(BaseUtility.java:28)
at POM.LoginTestpage.<init>(LoginTestpage.java:13)
at Baseclass.BaseUtility.<init>(BaseUtility.java:28)
at POM.LoginTestpage.<init>(LoginTestpage.java:13)
at Baseclass.BaseUtility.<init>(BaseUtility.java:28)
at POM.LoginTestpage.<init>(LoginTestpage.java:13)
at Baseclass.BaseUtility.<init>(BaseUtility.java:28)
at POM.LoginTestpage.<init>(LoginTestpage.java:13)
at Baseclass.BaseUtility.<init>(BaseUtility.java:28)
at POM.LoginTestpage.<init>(LoginTestpage.java:13)
at Baseclass.BaseUtility.<init>(BaseUtility.java:28)
at POM.LoginTestpage.<init>(LoginTestpage.java:13)
at Baseclass.BaseUtility.<init>(BaseUtility.java:28)
at POM.LoginTestpage.<init>(LoginTestpage.java:13)
at Baseclass.BaseUtility.<init>(BaseUtility.java:28)
at POM.LoginTestpage.<init>(LoginTestpage.java:13)
at Baseclass.BaseUtility.<init>(BaseUtility.java:28)
at POM.LoginTestpage.<init>(LoginTestpage.java:13)
at Baseclass.BaseUtility.<init>(BaseUtility.java:28)
at POM.LoginTestpage.<init>(LoginTestpage.java:13)
at Baseclass.BaseUtility.<init>(BaseUtility.java:28)
at POM.LoginTestpage.<init>(LoginTestpage.java:13)
at Baseclass.BaseUtility.<init>(BaseUtility.java:28)
at POM.LoginTestpage.<init>(LoginTestpage.java:13)
at Baseclass.BaseUtility.<init>(BaseUtility.java:28)
at POM.LoginTestpage.<init>(LoginTestpage.java:13)
at Baseclass.BaseUtility.<init>(BaseUtility.java:28)
at POM.LoginTestpage.<init>(LoginTestpage.java:13)
at Baseclass.BaseUtility.<init>(BaseUtility.java:28)
at POM.LoginTestpage.<init>(LoginTestpage.java:13)
at Baseclass.BaseUtility.<init>(BaseUtility.java:28)
at POM.LoginTestpage.<init>(LoginTestpage.java:13)
at Baseclass.BaseUtility.<init>(BaseUtility.java:28)
at POM.LoginTestpage.<init>(LoginTestpage.java:13)
at Baseclass.BaseUtility.<init>(BaseUtility.java:28)
at POM.LoginTestpage.<init>(LoginTestpage.java:13)
at Baseclass.BaseUtility.<init>(BaseUtility.java:28)
at POM.LoginTestpage.<init>(LoginTestpage.java:13)
at Baseclass.BaseUtility.<init>(BaseUtility.java:28)
at POM.LoginTestpage.<init>(LoginTestpage.java:13)
at Baseclass.BaseUtility.<init>(BaseUtility.java:28)
at POM.LoginTestpage.<init>(LoginTestpage.java:13)
at Baseclass.BaseUtility.<init>(BaseUtility.java:28)
at POM.LoginTestpage.<init>(LoginTestpage.java:13)
at Baseclass.BaseUtility.<init>(BaseUtility.java:28)
at POM.LoginTestpage.<init>(LoginTestpage.java:13)
at Baseclass.BaseUtility.<init>(BaseUtility.java:28)
at POM.LoginTestpage.<init>(LoginTestpage.java:13)
at Baseclass.BaseUtility.<init>(BaseUtility.java:28)
at POM.LoginTestpage.<init>(LoginTestpage.java:13)
at Baseclass.BaseUtility.<init>(BaseUtility.java:28)
at POM.LoginTestpage.<init>(LoginTestpage.java:13)
at Baseclass.BaseUtility.<init>(BaseUtility.java:28)
at POM.LoginTestpage.<init>(LoginTestpage.java:13)
at Baseclass.BaseUtility.<init>(BaseUtility.java:28)
at POM.LoginTestpage.<init>(LoginTestpage.java:13)
at Baseclass.BaseUtility.<init>(BaseUtility.java:28)
at POM.LoginTestpage.<init>(LoginTestpage.java:13)
at Baseclass.BaseUtility.<init>(BaseUtility.java:28)
at POM.LoginTestpage.<init>(LoginTestpage.java:13)
at Baseclass.BaseUtility.<init>(BaseUtility.java:28)
at POM.LoginTestpage.<init>(LoginTestpage.java:13)
at Baseclass.BaseUtility.<init>(BaseUtility.java:28)
at POM.LoginTestpage.<init>(LoginTestpage.java:13)
at Baseclass.BaseUtility.<init>(BaseUtility.java:28)
at POM.LoginTestpage.<init>(LoginTestpage.java:13)
at Baseclass.BaseUtility.<init>(BaseUtility.java:28)
at POM.LoginTestpage.<init>(LoginTestpage.java:13)
at Baseclass.BaseUtility.<init>(BaseUtility.java:28)
at POM.LoginTestpage.<init>(LoginTestpage.java:13)
at Baseclass.BaseUtility.<init>(BaseUtility.java:28)
at POM.LoginTestpage.<init>(LoginTestpage.java:13)
at Baseclass.BaseUtility.<init>(BaseUtility.java:28)
at POM.LoginTestpage.<init>(LoginTestpage.java:13)
at Baseclass.BaseUtility.<init>(BaseUtility.java:28)
at POM.LoginTestpage.<init>(LoginTestpage.java:13)
at Baseclass.BaseUtility.<init>(BaseUtility.java:28)
at POM.LoginTestpage.<init>(LoginTestpage.java:13)
at Baseclass.BaseUtility.<init>(BaseUtility.java:28)
at POM.LoginTestpage.<init>(LoginTestpage.java:13)
at Baseclass.BaseUtility.<init>(BaseUtility.java:28)
at POM.LoginTestpage.<init>(LoginTestpage.java:13)
at Baseclass.BaseUtility.<init>(BaseUtility.java:28)
at POM.LoginTestpage.<init>(LoginTestpage.java:13)
at Baseclass.BaseUtility.<init>(BaseUtility.java:28)
at POM.LoginTestpage.<init>(LoginTestpage.java:13)
at Baseclass.BaseUtility.<init>(BaseUtility.java:28)
at POM.LoginTestpage.<init>(LoginTestpage.java:13)
at Baseclass.BaseUtility.<init>(BaseUtility.java:28)
at POM.LoginTestpage.<init>(LoginTestpage.java:13)
at Baseclass.BaseUtility.<init>(BaseUtility.java:28)
at POM.LoginTestpage.<init>(LoginTestpage.java:13)
at Baseclass.BaseUtility.<init>(BaseUtility.java:28)
at POM.LoginTestpage.<init>(LoginTestpage.java:13)
at Baseclass.BaseUtility.<init>(BaseUtility.java:28)
at POM.LoginTestpage.<init>(LoginTestpage.java:13)
at Baseclass.BaseUtility.<init>(BaseUtility.java:28)
at POM.LoginTestpage.<init>(LoginTestpage.java:13)
at Baseclass.BaseUtility.<init>(BaseUtility.java:28)
at POM.LoginTestpage.<init>(LoginTestpage.java:13)
at Baseclass.BaseUtility.<init>(BaseUtility.java:28)
at POM.LoginTestpage.<init>(LoginTestpage.java:13)
at Baseclass.BaseUtility.<init>(BaseUtility.java:28)
at POM.LoginTestpage.<init>(LoginTestpage.java:13)
at Baseclass.BaseUtility.<init>(BaseUtility.java:28)
at POM.LoginTestpage.<init>(LoginTestpage.java:13)
at Baseclass.BaseUtility.<init>(BaseUtility.java:28)
at POM.LoginTestpage.<init>(LoginTestpage.java:13)
at Baseclass.BaseUtility.<init>(BaseUtility.java:28)
at POM.LoginTestpage.<init>(LoginTestpage.java:13)
at Baseclass.BaseUtility.<init>(BaseUtility.java:28)
at POM.LoginTestpage.<init>(LoginTestpage.java:13)
at Baseclass.BaseUtility.<init>(BaseUtility.java:28)
at POM.LoginTestpage.<init>(LoginTestpage.java:13)
at Baseclass.BaseUtility.<init>(BaseUtility.java:28)
at POM.LoginTestpage.<init>(LoginTestpage.java:13)
at Baseclass.BaseUtility.<init>(BaseUtility.java:28)
at POM.LoginTestpage.<init>(LoginTestpage.java:13)
at Baseclass.BaseUtility.<init>(BaseUtility.java:28)
at POM.LoginTestpage.<init>(LoginTestpage.java:13)
at Baseclass.BaseUtility.<init>(BaseUtility.java:28)
at POM.LoginTestpage.<init>(LoginTestpage.java:13)
at Baseclass.BaseUtility.<init>(BaseUtility.java:28)
at POM.LoginTestpage.<init>(LoginTestpage.java:13)
at Baseclass.BaseUtility.<init>(BaseUtility.java:28)
at POM.LoginTestpage.<init>(LoginTestpage.java:13)
at Baseclass.BaseUtility.<init>(BaseUtility.java:28)
at POM.LoginTestpage.<init>(LoginTestpage.java:13)
at Baseclass.BaseUtility.<init>(BaseUtility.java:28)
at POM.LoginTestpage.<init>(LoginTestpage.java:13)
at Baseclass.BaseUtility.<init>(BaseUtility.java:28)
at POM.LoginTestpage.<init>(LoginTestpage.java:13)
at Baseclass.BaseUtility.<init>(BaseUtility.java:28)
at POM.LoginTestpage.<init>(LoginTestpage.java:13)
at Baseclass.BaseUtility.<init>(BaseUtility.java:28)
at POM.LoginTestpage.<init>(LoginTestpage.java:13)
at Baseclass.BaseUtility.<init>(BaseUtility.java:28)
at POM.LoginTestpage.<init>(LoginTestpage.java:13)
at Baseclass.BaseUtility.<init>(BaseUtility.java:28)
at POM.LoginTestpage.<init>(LoginTestpage.java:13)
at Baseclass.BaseUtility.<init>(BaseUtility.java:28)
at POM.LoginTestpage.<init>(LoginTestpage.java:13)
at Baseclass.BaseUtility.<init>(BaseUtility.java:28)
at POM.LoginTestpage.<init>(LoginTestpage.java:13)
at Baseclass.BaseUtility.<init>(BaseUtility.java:28)
at POM.LoginTestpage.<init>(LoginTestpage.java:13)
at Baseclass.BaseUtility.<init>(BaseUtility.java:28)
at POM.LoginTestpage.<init>(LoginTestpage.java:13)
at Baseclass.BaseUtility.<init>(BaseUtility.java:28)
at POM.LoginTestpage.<init>(LoginTestpage.java:13)
at Baseclass.BaseUtility.<init>(BaseUtility.java:28)
at POM.LoginTestpage.<init>(LoginTestpage.java:13)
at Baseclass.BaseUtility.<init>(BaseUtility.java:28)
at POM.LoginTestpage.<init>(LoginTestpage.java:13)
at Baseclass.BaseUtility.<init>(BaseUtility.java:28)
at POM.LoginTestpage.<init>(LoginTestpage.java:13)
at Baseclass.BaseUtility.<init>(BaseUtility.java:28)
at POM.LoginTestpage.<init>(LoginTestpage.java:13)
at Baseclass.BaseUtility.<init>(BaseUtility.java:28)
at POM.LoginTestpage.<init>(LoginTestpage.java:13)
at Baseclass.BaseUtility.<init>(BaseUtility.java:28)
at POM.LoginTestpage.<init>(LoginTestpage.java:13)
at Baseclass.BaseUtility.<init>(BaseUtility.java:28)
at POM.LoginTestpage.<init>(LoginTestpage.java:13)
at Baseclass.BaseUtility.<init>(BaseUtility.java:28)
at POM.LoginTestpage.<init>(LoginTestpage.java:13)
at Baseclass.BaseUtility.<init>(BaseUtility.java:28)
at POM.LoginTestpage.<init>(LoginTestpage.java:13)
at Baseclass.BaseUtility.<init>(BaseUtility.java:28)
at POM.LoginTestpage.<init>(LoginTestpage.java:13)
at Baseclass.BaseUtility.<init>(BaseUtility.java:28)
at POM.LoginTestpage.<init>(LoginTestpage.java:13)
at Baseclass.BaseUtility.<init>(BaseUtility.java:28)
at POM.LoginTestpage.<init>(LoginTestpage.java:13)
at Baseclass.BaseUtility.<init>(BaseUtility.java:28)
at POM.LoginTestpage.<init>(LoginTestpage.java:13)
at Baseclass.BaseUtility.<init>(BaseUtility.java:28)
at POM.LoginTestpage.<init>(LoginTestpage.java:13)
at Baseclass.BaseUtility.<init>(BaseUtility.java:28)
at POM.LoginTestpage.<init>(LoginTestpage.java:13)
at Baseclass.BaseUtility.<init>(BaseUtility.java:28)
at POM.LoginTestpage.<init>(LoginTestpage.java:13)
at Baseclass.BaseUtility.<init>(BaseUtility.java:28)
at POM.LoginTestpage.<init>(LoginTestpage.java:13)
at Baseclass.BaseUtility.<init>(BaseUtility.java:28)
at POM.LoginTestpage.<init>(LoginTestpage.java:13)
at Baseclass.BaseUtility.<init>(BaseUtility.java:28)
at POM.LoginTestpage.<init>(LoginTestpage.java:13)
at Baseclass.BaseUtility.<init>(BaseUtility.java:28)
at POM.LoginTestpage.<init>(LoginTestpage.java:13)
at Baseclass.BaseUtility.<init>(BaseUtility.java:28)
at POM.LoginTestpage.<init>(LoginTestpage.java:13)
at Baseclass.BaseUtility.<init>(BaseUtility.java:28)
at POM.LoginTestpage.<init>(LoginTestpage.java:13)
at Baseclass.BaseUtility.<init>(BaseUtility.java:28)
at POM.LoginTestpage.<init>(LoginTestpage.java:13)
at Baseclass.BaseUtility.<init>(BaseUtility.java:28)
at POM.LoginTestpage.<init>(LoginTestpage.java:13)
at Baseclass.BaseUtility.<init>(BaseUtility.java:28)
at POM.LoginTestpage.<init>(LoginTestpage.java:13)
at Baseclass.BaseUtility.<init>(BaseUtility.java:28)
at POM.LoginTestpage.<init>(LoginTestpage.java:13)
at Baseclass.BaseUtility.<init>(BaseUtility.java:28)
at POM.LoginTestpage.<init>(LoginTestpage.java:13)
at Baseclass.BaseUtility.<init>(BaseUtility.java:28)
at POM.LoginTestpage.<init>(LoginTestpage.java:13)
at Baseclass.BaseUtility.<init>(BaseUtility.java:28)
at POM.LoginTestpage.<init>(LoginTestpage.java:13)
at Baseclass.BaseUtility.<init>(BaseUtility.java:28)
at POM.LoginTestpage.<init>(LoginTestpage.java:13)
at Baseclass.BaseUtility.<init>(BaseUtility.java:28)
at POM.LoginTestpage.<init>(LoginTestpage.java:13)
at Baseclass.BaseUtility.<init>(BaseUtility.java:28)
at POM.LoginTestpage.<init>(LoginTestpage.java:13)
at Baseclass.BaseUtility.<init>(BaseUtility.java:28)
at POM.LoginTestpage.<init>(LoginTestpage.java:13)
at Baseclass.BaseUtility.<init>(BaseUtility.java:28)
at POM.LoginTestpage.<init>(LoginTestpage.java:13)
at Baseclass.BaseUtility.<init>(BaseUtility.java:28)
at POM.LoginTestpage.<init>(LoginTestpage.java:13)
at Baseclass.BaseUtility.<init>(BaseUtility.java:28)
at POM.LoginTestpage.<init>(LoginTestpage.java:13)
at Baseclass.BaseUtility.<init>(BaseUtility.java:28)
at POM.LoginTestpage.<init>(LoginTestpage.java:13)
at Baseclass.BaseUtility.<init>(BaseUtility.java:28)
at POM.LoginTestpage.<init>(LoginTestpage.java:13)
at Baseclass.BaseUtility.<init>(BaseUtility.java:28)
at POM.LoginTestpage.<init>(LoginTestpage.java:13)
at Baseclass.BaseUtility.<init>(BaseUtility.java:28)
at POM.LoginTestpage.<init>(LoginTestpage.java:13)
at Baseclass.BaseUtility.<init>(BaseUtility.java:28)
at POM.LoginTestpage.<init>(LoginTestpage.java:13)
at Baseclass.BaseUtility.<init>(BaseUtility.java:28)
at POM.LoginTestpage.<init>(LoginTestpage.java:13)
at Baseclass.BaseUtility.<init>(BaseUtility.java:28)
at POM.LoginTestpage.<init>(LoginTestpage.java:13)
at Baseclass.BaseUtility.<init>(BaseUtility.java:28)
at POM.LoginTestpage.<init>(LoginTestpage.java:13)
at Baseclass.BaseUtility.<init>(BaseUtility.java:28)
at POM.LoginTestpage.<init>(LoginTestpage.java:13)
at Baseclass.BaseUtility.<init>(BaseUtility.java:28)
at POM.LoginTestpage.<init>(LoginTestpage.java:13)
at Baseclass.BaseUtility.<init>(BaseUtility.java:28)
at POM.LoginTestpage.<init>(LoginTestpage.java:13)
at Baseclass.BaseUtility.<init>(BaseUtility.java:28)
at POM.LoginTestpage.<init>(LoginTestpage.java:13)
at Baseclass.BaseUtility.<init>(BaseUtility.java:28)
at POM.LoginTestpage.<init>(LoginTestpage.java:13)
at Baseclass.BaseUtility.<init>(BaseUtility.java:28)
at POM.LoginTestpage.<init>(LoginTestpage.java:13)
at Baseclass.BaseUtility.<init>(BaseUtility.java:28)
at POM.LoginTestpage.<init>(LoginTestpage.java:13)
at Baseclass.BaseUtility.<init>(BaseUtility.java:28)
at POM.LoginTestpage.<init>(LoginTestpage.java:13)
at Baseclass.BaseUtility.<init>(BaseUtility.java:28)
at POM.LoginTestpage.<init>(LoginTestpage.java:13)
at Baseclass.BaseUtility.<init>(BaseUtility.java:28)
at POM.LoginTestpage.<init>(LoginTestpage.java:13)
at Baseclass.BaseUtility.<init>(BaseUtility.java:28)
at POM.LoginTestpage.<init>(LoginTestpage.java:13)
at Baseclass.BaseUtility.<init>(BaseUtility.java:28)
at POM.LoginTestpage.<init>(LoginTestpage.java:13)
at Baseclass.BaseUtility.<init>(BaseUtility.java:28)
at POM.LoginTestpage.<init>(LoginTestpage.java:13)
at Baseclass.BaseUtility.<init>(BaseUtility.java:28)
at POM.LoginTestpage.<init>(LoginTestpage.java:13)
at Baseclass.BaseUtility.<init>(BaseUtility.java:28)
at POM.LoginTestpage.<init>(LoginTestpage.java:13)
at Baseclass.BaseUtility.<init>(BaseUtility.java:28)
at POM.LoginTestpage.<init>(LoginTestpage.java:13)
at Baseclass.BaseUtility.<init>(BaseUtility.java:28)
at POM.LoginTestpage.<init>(LoginTestpage.java:13)
at Baseclass.BaseUtility.<init>(BaseUtility.java:28)
at POM.LoginTestpage.<init>(LoginTestpage.java:13)
at Baseclass.BaseUtility.<init>(BaseUtility.java:28)
at POM.LoginTestpage.<init>(LoginTestpage.java:13)
at Baseclass.BaseUtility.<init>(BaseUtility.java:28)
at POM.LoginTestpage.<init>(LoginTestpage.java:13)
at Baseclass.BaseUtility.<init>(BaseUtility.java:28)
at POM.LoginTestpage.<init>(LoginTestpage.java:13)
at Baseclass.BaseUtility.<init>(BaseUtility.java:28)
at POM.LoginTestpage.<init>(LoginTestpage.java:13)
at Baseclass.BaseUtility.<init>(BaseUtility.java:28)
at POM.LoginTestpage.<init>(LoginTestpage.java:13)
at Baseclass.BaseUtility.<init>(BaseUtility.java:28)
at POM.LoginTestpage.<init>(LoginTestpage.java:13)
at Baseclass.BaseUtility.<init>(BaseUtility.java:28)
at POM.LoginTestpage.<init>(LoginTestpage.java:13)
at Baseclass.BaseUtility.<init>(BaseUtility.java:28)
at POM.LoginTestpage.<init>(LoginTestpage.java:13)
at Baseclass.BaseUtility.<init>(BaseUtility.java:28)
at POM.LoginTestpage.<init>(LoginTestpage.java:13)
at Baseclass.BaseUtility.<init>(BaseUtility.java:28)
at POM.LoginTestpage.<init>(LoginTestpage.java:13)
at Baseclass.BaseUtility.<init>(BaseUtility.java:28)
at POM.LoginTestpage.<init>(LoginTestpage.java:13)
at Baseclass.BaseUtility.<init>(BaseUtility.java:28)
at POM.LoginTestpage.<init>(LoginTestpage.java:13)
at Baseclass.BaseUtility.<init>(BaseUtility.java:28)
at POM.LoginTestpage.<init>(LoginTestpage.java:13)
at Baseclass.BaseUtility.<init>(BaseUtility.java:28)
at POM.LoginTestpage.<init>(LoginTestpage.java:13)
at Baseclass.BaseUtility.<init>(BaseUtility.java:28)
at POM.LoginTestpage.<init>(LoginTestpage.java:13)
at Baseclass.BaseUtility.<init>(BaseUtility.java:28)
at POM.LoginTestpage.<init>(LoginTestpage.java:13)
at Baseclass.BaseUtility.<init>(BaseUtility.java:28)
at POM.LoginTestpage.<init>(LoginTestpage.java:13)
at Baseclass.BaseUtility.<init>(BaseUtility.java:28)
at POM.LoginTestpage.<init>(LoginTestpage.java:13)
at Baseclass.BaseUtility.<init>(BaseUtility.java:28)
at POM.LoginTestpage.<init>(LoginTestpage.java:13)
at Baseclass.BaseUtility.<init>(BaseUtility.java:28)
at POM.LoginTestpage.<init>(LoginTestpage.java:13)
at Baseclass.BaseUtility.<init>(BaseUtility.java:28)
at POM.LoginTestpage.<init>(LoginTestpage.java:13)
at Baseclass.BaseUtility.<init>(BaseUtility.java:28)
at POM.LoginTestpage.<init>(LoginTestpage.java:13)
at Baseclass.BaseUtility.<init>(BaseUtility.java:28)
at POM.LoginTestpage.<init>(LoginTestpage.java:13)
at Baseclass.BaseUtility.<init>(BaseUtility.java:28)
at POM.LoginTestpage.<init>(LoginTestpage.java:13)
at Baseclass.BaseUtility.<init>(BaseUtility.java:28)
at POM.LoginTestpage.<init>(LoginTestpage.java:13)
at Baseclass.BaseUtility.<init>(BaseUtility.java:28)
at POM.LoginTestpage.<init>(LoginTestpage.java:13)
at Baseclass.BaseUtility.<init>(BaseUtility.java:28)
at POM.LoginTestpage.<init>(LoginTestpage.java:13)
at Baseclass.BaseUtility.<init>(BaseUtility.java:28)
at POM.LoginTestpage.<init>(LoginTestpage.java:13)
at Baseclass.BaseUtility.<init>(BaseUtility.java:28)
at POM.LoginTestpage.<init>(LoginTestpage.java:13)
at Baseclass.BaseUtility.<init>(BaseUtility.java:28)
at POM.LoginTestpage.<init>(LoginTestpage.java:13)
at Baseclass.BaseUtility.<init>(BaseUtility.java:28)
at POM.LoginTestpage.<init>(LoginTestpage.java:13)
at Baseclass.BaseUtility.<init>(BaseUtility.java:28)
at POM.LoginTestpage.<init>(LoginTestpage.java:13)
at Baseclass.BaseUtility.<init>(BaseUtility.java:28)
at POM.LoginTestpage.<init>(LoginTestpage.java:13)
at Baseclass.BaseUtility.<init>(BaseUtility.java:28)
at POM.LoginTestpage.<init>(LoginTestpage.java:13)
at Baseclass.BaseUtility.<init>(BaseUtility.java:28)
at POM.LoginTestpage.<init>(LoginTestpage.java:13)
at Baseclass.BaseUtility.<init>(BaseUtility.java:28)
at POM.LoginTestpage.<init>(LoginTestpage.java:13)
at Baseclass.BaseUtility.<init>(BaseUtility.java:28)
at POM.LoginTestpage.<init>(LoginTestpage.java:13)
at Baseclass.BaseUtility.<init>(BaseUtility.java:28)
at POM.LoginTestpage.<init>(LoginTestpage.java:13)
at Baseclass.BaseUtility.<init>(BaseUtility.java:28)
at POM.LoginTestpage.<init>(LoginTestpage.java:13)
at Baseclass.BaseUtility.<init>(BaseUtility.java:28)
at POM.LoginTestpage.<init>(LoginTestpage.java:13)
at Baseclass.BaseUtility.<init>(BaseUtility.java:28)
at POM.LoginTestpage.<init>(LoginTestpage.java:13)
at Baseclass.BaseUtility.<init>(BaseUtility.java:28)
at POM.LoginTestpage.<init>(LoginTestpage.java:13)
at Baseclass.BaseUtility.<init>(BaseUtility.java:28)
at POM.LoginTestpage.<init>(LoginTestpage.java:13)
at Baseclass.BaseUtility.<init>(BaseUtility.java:28)
at POM.LoginTestpage.<init>(LoginTestpage.java:13)
at Baseclass.BaseUtility.<init>(BaseUtility.java:28)
at POM.LoginTestpage.<init>(LoginTestpage.java:13)
at Baseclass.BaseUtility.<init>(BaseUtility.java:28)
at POM.LoginTestpage.<init>(LoginTestpage.java:13)
at Baseclass.BaseUtility.<init>(BaseUtility.java:28)
at POM.LoginTestpage.<init>(LoginTestpage.java:13)
at Baseclass.BaseUtility.<init>(BaseUtility.java:28)
at POM.LoginTestpage.<init>(LoginTestpage.java:13)
at Baseclass.BaseUtility.<init>(BaseUtility.java:28)
at POM.LoginTestpage.<init>(LoginTestpage.java:13)
at Baseclass.BaseUtility.<init>(BaseUtility.java:28)
at POM.LoginTestpage.<init>(LoginTestpage.java:13)
at Baseclass.BaseUtility.<init>(BaseUtility.java:28)
at POM.LoginTestpage.<init>(LoginTestpage.java:13)
at Baseclass.BaseUtility.<init>(BaseUtility.java:28)
at POM.LoginTestpage.<init>(LoginTestpage.java:13)
at Baseclass.BaseUtility.<init>(BaseUtility.java:28)
at POM.LoginTestpage.<init>(LoginTestpage.java:13)
at Baseclass.BaseUtility.<init>(BaseUtility.java:28)
at POM.LoginTestpage.<init>(LoginTestpage.java:13)
at Baseclass.BaseUtility.<init>(BaseUtility.java:28)
at POM.LoginTestpage.<init>(LoginTestpage.java:13)
at Baseclass.BaseUtility.<init>(BaseUtility.java:28)
at POM.LoginTestpage.<init>(LoginTestpage.java:13)
at Baseclass.BaseUtility.<init>(BaseUtility.java:28)
at POM.LoginTestpage.<init>(LoginTestpage.java:13)
at Baseclass.BaseUtility.<init>(BaseUtility.java:28)
at POM.LoginTestpage.<init>(LoginTestpage.java:13)
at Baseclass.BaseUtility.<init>(BaseUtility.java:28)
at POM.LoginTestpage.<init>(LoginTestpage.java:13)
at Baseclass.BaseUtility.<init>(BaseUtility.java:28)
at POM.LoginTestpage.<init>(LoginTestpage.java:13)
at Baseclass.BaseUtility.<init>(BaseUtility.java:28)
at POM.LoginTestpage.<init>(LoginTestpage.java:13)
at Baseclass.BaseUtility.<init>(BaseUtility.java:28)
at POM.LoginTestpage.<init>(LoginTestpage.java:13)
at Baseclass.BaseUtility.<init>(BaseUtility.java:28)
at POM.LoginTestpage.<init>(LoginTestpage.java:13)
at Baseclass.BaseUtility.<init>(BaseUtility.java:28)
at POM.LoginTestpage.<init>(LoginTestpage.java:13)
at Baseclass.BaseUtility.<init>(BaseUtility.java:28)
at POM.LoginTestpage.<init>(LoginTestpage.java:13)
at Baseclass.BaseUtility.<init>(BaseUtility.java:28)
at POM.LoginTestpage.<init>(LoginTestpage.java:13)
at Baseclass.BaseUtility.<init>(BaseUtility.java:28)
at POM.LoginTestpage.<init>(LoginTestpage.java:13)
at Baseclass.BaseUtility.<init>(BaseUtility.java:28)
at POM.LoginTestpage.<init>(LoginTestpage.java:13)
at Baseclass.BaseUtility.<init>(BaseUtility.java:28)
at POM.LoginTestpage.<init>(LoginTestpage.java:13)
at Baseclass.BaseUtility.<init>(BaseUtility.java:28)
at POM.LoginTestpage.<init>(LoginTestpage.java:13)
at Baseclass.BaseUtility.<init>(BaseUtility.java:28)
at POM.LoginTestpage.<init>(LoginTestpage.java:13)
at Baseclass.BaseUtility.<init>(BaseUtility.java:28)
at POM.LoginTestpage.<init>(LoginTestpage.java:13)
at Baseclass.BaseUtility.<init>(BaseUtility.java:28)
at POM.LoginTestpage.<init>(LoginTestpage.java:13)
at Baseclass.BaseUtility.<init>(BaseUtility.java:28)
at POM.LoginTestpage.<init>(LoginTestpage.java:13)
at Baseclass.BaseUtility.<init>(BaseUtility.java:28)
at POM.LoginTestpage.<init>(LoginTestpage.java:13)
at Baseclass.BaseUtility.<init>(BaseUtility.java:28)
at POM.LoginTestpage.<init>(LoginTestpage.java:13)
at Baseclass.BaseUtility.<init>(BaseUtility.java:28)
at POM.LoginTestpage.<init>(LoginTestpage.java:13)
at Baseclass.BaseUtility.<init>(BaseUtility.java:28)
at POM.LoginTestpage.<init>(LoginTestpage.java:13)
at Baseclass.BaseUtility.<init>(BaseUtility.java:28)
at POM.LoginTestpage.<init>(LoginTestpage.java:13)
at Baseclass.BaseUtility.<init>(BaseUtility.java:28)
at POM.LoginTestpage.<init>(LoginTestpage.java:13)
at Baseclass.BaseUtility.<init>(BaseUtility.java:28)
at POM.LoginTestpage.<init>(LoginTestpage.java:13)
at Baseclass.BaseUtility.<init>(BaseUtility.java:28)
at POM.LoginTestpage.<init>(LoginTestpage.java:13)
at Baseclass.BaseUtility.<init>(BaseUtility.java:28)
at POM.LoginTestpage.<init>(LoginTestpage.java:13)
at Baseclass.BaseUtility.<init>(BaseUtility.java:28)
at POM.LoginTestpage.<init>(LoginTestpage.java:13)
at Baseclass.BaseUtility.<init>(BaseUtility.java:28)
at POM.LoginTestpage.<init>(LoginTestpage.java:13)
at Baseclass.BaseUtility.<init>(BaseUtility.java:28)
at POM.LoginTestpage.<init>(LoginTestpage.java:13)
at Baseclass.BaseUtility.<init>(BaseUtility.java:28)
at POM.LoginTestpage.<init>(LoginTestpage.java:13)
at Baseclass.BaseUtility.<init>(BaseUtility.java:28)
at POM.LoginTestpage.<init>(LoginTestpage.java:13)
at Baseclass.BaseUtility.<init>(BaseUtility.java:28)
at POM.LoginTestpage.<init>(LoginTestpage.java:13)
at Baseclass.BaseUtility.<init>(BaseUtility.java:28)
at POM.LoginTestpage.<init>(LoginTestpage.java:13)
at Baseclass.BaseUtility.<init>(BaseUtility.java:28)
at POM.LoginTestpage.<init>(LoginTestpage.java:13)
at Baseclass.BaseUtility.<init>(BaseUtility.java:28)
at POM.LoginTestpage.<init>(LoginTestpage.java:13)
at Baseclass.BaseUtility.<init>(BaseUtility.java:28)
at POM.LoginTestpage.<init>(LoginTestpage.java:13)
at Baseclass.BaseUtility.<init>(BaseUtility.java:28)
at POM.LoginTestpage.<init>(LoginTestpage.java:13)
at Baseclass.BaseUtility.<init>(BaseUtility.java:28)
at POM.LoginTestpage.<init>(LoginTestpage.java:13)
at Baseclass.BaseUtility.<init>(BaseUtility.java:28)
at POM.LoginTestpage.<init>(LoginTestpage.java:13)
at Baseclass.BaseUtility.<init>(BaseUtility.java:28)
at POM.LoginTestpage.<init>(LoginTestpage.java:13)
at Baseclass.BaseUtility.<init>(BaseUtility.java:28)
at POM.LoginTestpage.<init>(LoginTestpage.java:13)
at Baseclass.BaseUtility.<init>(BaseUtility.java:28)
at POM.LoginTestpage.<init>(LoginTestpage.java:13)
at Baseclass.BaseUtility.<init>(BaseUtility.java:28)
at POM.LoginTestpage.<init>(LoginTestpage.java:13)
at Baseclass.BaseUtility.<init>(BaseUtility.java:28)
at POM.LoginTestpage.<init>(LoginTestpage.java:13)
at Baseclass.BaseUtility.<init>(BaseUtility.java:28)
at POM.LoginTestpage.<init>(LoginTestpage.java:13)
at Baseclass.BaseUtility.<init>(BaseUtility.java:28)
at POM.LoginTestpage.<init>(LoginTestpage.java:13)
at Baseclass.BaseUtility.<init>(BaseUtility.java:28)
at POM.LoginTestpage.<init>(LoginTestpage.java:13)
at Baseclass.BaseUtility.<init>(BaseUtility.java:28)
at POM.LoginTestpage.<init>(LoginTestpage.java:13)
at Baseclass.BaseUtility.<init>(BaseUtility.java:28)
at POM.LoginTestpage.<init>(LoginTestpage.java:13)
at Baseclass.BaseUtility.<init>(BaseUtility.java:28)
at POM.LoginTestpage.<init>(LoginTestpage.java:13)
at Baseclass.BaseUtility.<init>(BaseUtility.java:28)
at POM.LoginTestpage.<init>(LoginTestpage.java:13)
at Baseclass.BaseUtility.<init>(BaseUtility.java:28)
at POM.LoginTestpage.<init>(LoginTestpage.java:13)
at Baseclass.BaseUtility.<init>(BaseUtility.java:28)
at POM.LoginTestpage.<init>(LoginTestpage.java:13)
at Baseclass.BaseUtility.<init>(BaseUtility.java:28)
at POM.LoginTestpage.<init>(LoginTestpage.java:13)
at Baseclass.BaseUtility.<init>(BaseUtility.java:28)
at POM.LoginTestpage.<init>(LoginTestpage.java:13)
at Baseclass.BaseUtility.<init>(BaseUtility.java:28)
at POM.LoginTestpage.<init>(LoginTestpage.java:13)
at Baseclass.BaseUtility.<init>(BaseUtility.java:28)
at POM.LoginTestpage.<init>(LoginTestpage.java:13)
at Baseclass.BaseUtility.<init>(BaseUtility.java:28)
at POM.LoginTestpage.<init>(LoginTestpage.java:13)
at Baseclass.BaseUtility.<init>(BaseUtility.java:28)
at POM.LoginTestpage.<init>(LoginTestpage.java:13)
at Baseclass.BaseUtility.<init>(BaseUtility.java:28)
at POM.LoginTestpage.<init>(LoginTestpage.java:13)
at Baseclass.BaseUtility.<init>(BaseUtility.java:28)
at POM.LoginTestpage.<init>(LoginTestpage.java:13)
at Baseclass.BaseUtility.<init>(BaseUtility.java:28)
at POM.LoginTestpage.<init>(LoginTestpage.java:13)
at Baseclass.BaseUtility.<init>(BaseUtility.java:28)
at POM.LoginTestpage.<init>(LoginTestpage.java:13)
at Baseclass.BaseUtility.<init>(BaseUtility.java:28)
at POM.LoginTestpage.<init>(LoginTestpage.java:13)
at Baseclass.BaseUtility.<init>(BaseUtility.java:28)
at POM.LoginTestpage.<init>(LoginTestpage.java:13)
at Baseclass.BaseUtility.<init>(BaseUtility.java:28)
at POM.LoginTestpage.<init>(LoginTestpage.java:13)
at Baseclass.BaseUtility.<init>(BaseUtility.java:28)
at POM.LoginTestpage.<init>(LoginTestpage.java:13)
at Baseclass.BaseUtility.<init>(BaseUtility.java:28)
at POM.LoginTestpage.<init>(LoginTestpage.java:13)
at Baseclass.BaseUtility.<init>(BaseUtility.java:28)
at POM.LoginTestpage.<init>(LoginTestpage.java:13)
at Baseclass.BaseUtility.<init>(BaseUtility.java:28)
at POM.LoginTestpage.<init>(LoginTestpage.java:13)
at Baseclass.BaseUtility.<init>(BaseUtility.java:28)
at POM.LoginTestpage.<init>(LoginTestpage.java:13)
at Baseclass.BaseUtility.<init>(BaseUtility.java:28)
at POM.LoginTestpage.<init>(LoginTestpage.java:13)
at Baseclass.BaseUtility.<init>(BaseUtility.java:28)
at POM.LoginTestpage.<init>(LoginTestpage.java:13)
at Baseclass.BaseUtility.<init>(BaseUtility.java:28)
at POM.LoginTestpage.<init>(LoginTestpage.java:13)
at Baseclass.BaseUtility.<init>(BaseUtility.java:28)
at POM.LoginTestpage.<init>(LoginTestpage.java:13)
at Baseclass.BaseUtility.<init>(BaseUtility.java:28)
at POM.LoginTestpage.<init>(LoginTestpage.java:13)
at Baseclass.BaseUtility.<init>(BaseUtility.java:28)
at POM.LoginTestpage.<init>(LoginTestpage.java:13)
at Baseclass.BaseUtility.<init>(BaseUtility.java:28)
at POM.LoginTestpage.<init>(LoginTestpage.java:13)
at Baseclass.BaseUtility.<init>(BaseUtility.java:28)
at POM.LoginTestpage.<init>(LoginTestpage.java:13)
at Baseclass.BaseUtility.<init>(BaseUtility.java:28)
at POM.LoginTestpage.<init>(LoginTestpage.java:13)
at Baseclass.BaseUtility.<init>(BaseUtility.java:28)
at POM.LoginTestpage.<init>(LoginTestpage.java:13)
at Baseclass.BaseUtility.<init>(BaseUtility.java:28)
at POM.LoginTestpage.<init>(LoginTestpage.java:13)
at Baseclass.BaseUtility.<init>(BaseUtility.java:28)
at POM.LoginTestpage.<init>(LoginTestpage.java:13)
at Baseclass.BaseUtility.<init>(BaseUtility.java:28)
at POM.LoginTestpage.<init>(LoginTestpage.java:13)
at Baseclass.BaseUtility.<init>(BaseUtility.java:28)
at POM.LoginTestpage.<init>(LoginTestpage.java:13)
at Baseclass.BaseUtility.<init>(BaseUtility.java:28)
at POM.LoginTestpage.<init>(LoginTestpage.java:13)
at Baseclass.BaseUtility.<init>(BaseUtility.java:28)
at POM.LoginTestpage.<init>(LoginTestpage.java:13)
at Baseclass.BaseUtility.<init>(BaseUtility.java:28)
at POM.LoginTestpage.<init>(LoginTestpage.java:13)
at Baseclass.BaseUtility.<init>(BaseUtility.java:28)
at POM.LoginTestpage.<init>(LoginTestpage.java:13)
at Baseclass.BaseUtility.<init>(BaseUtility.java:28)
at POM.LoginTestpage.<init>(LoginTestpage.java:13)
at Baseclass.BaseUtility.<init>(BaseUtility.java:28)
at POM.LoginTestpage.<init>(LoginTestpage.java:13)
at Baseclass.BaseUtility.<init>(BaseUtility.java:28)
at POM.LoginTestpage.<init>(LoginTestpage.java:13)
at Baseclass.BaseUtility.<init>(BaseUtility.java:28)
at POM.LoginTestpage.<init>(LoginTestpage.java:13)
at Baseclass.BaseUtility.<init>(BaseUtility.java:28)
at POM.LoginTestpage.<init>(LoginTestpage.java:13)
at Baseclass.BaseUtility.<init>(BaseUtility.java:28)
at POM.LoginTestpage.<init>(LoginTestpage.java:13)
at Baseclass.BaseUtility.<init>(BaseUtility.java:28)
at POM.LoginTestpage.<init>(LoginTestpage.java:13)
at Baseclass.BaseUtility.<init>(BaseUtility.java:28)
at POM.LoginTestpage.<init>(LoginTestpage.java:13)
at Baseclass.BaseUtility.<init>(BaseUtility.java:28)
at POM.LoginTestpage.<init>(LoginTestpage.java:13)
at Baseclass.BaseUtility.<init>(BaseUtility.java:28)
at POM.LoginTestpage.<init>(LoginTestpage.java:13)
at Baseclass.BaseUtility.<init>(BaseUtility.java:28)
at POM.LoginTestpage.<init>(LoginTestpage.java:13)
at Baseclass.BaseUtility.<init>(BaseUtility.java:28)
at POM.LoginTestpage.<init>(LoginTestpage.java:13)
at Baseclass.BaseUtility.<init>(BaseUtility.java:28)
at POM.LoginTestpage.<init>(LoginTestpage.java:13)
at Baseclass.BaseUtility.<init>(BaseUtility.java:28)
at POM.LoginTestpage.<init>(LoginTestpage.java:13)
at Baseclass.BaseUtility.<init>(BaseUtility.java:28)
at POM.LoginTestpage.<init>(LoginTestpage.java:13)
at Baseclass.BaseUtility.<init>(BaseUtility.java:28)
at POM.LoginTestpage.<init>(LoginTestpage.java:13)
at Baseclass.BaseUtility.<init>(BaseUtility.java:28)
at POM.LoginTestpage.<init>(LoginTestpage.java:13)
at Baseclass.BaseUtility.<init>(BaseUtility.java:28)
at POM.LoginTestpage.<init>(LoginTestpage.java:13)
at Baseclass.BaseUtility.<init>(BaseUtility.java:28)
at POM.LoginTestpage.<init>(LoginTestpage.java:13)
at Baseclass.BaseUtility.<init>(BaseUtility.java:28)
at POM.LoginTestpage.<init>(LoginTestpage.java:13)
at Baseclass.BaseUtility.<init>(BaseUtility.java:28)
at POM.LoginTestpage.<init>(LoginTestpage.java:13)
at Baseclass.BaseUtility.<init>(BaseUtility.java:28)
at POM.LoginTestpage.<init>(LoginTestpage.java:13)
at Baseclass.BaseUtility.<init>(BaseUtility.java:28)
at POM.LoginTestpage.<init>(LoginTestpage.java:13)
at Baseclass.BaseUtility.<init>(BaseUtility.java:28)
at POM.LoginTestpage.<init>(LoginTestpage.java:13)
at Baseclass.BaseUtility.<init>(BaseUtility.java:28)
at POM.LoginTestpage.<init>(LoginTestpage.java:13)
at Baseclass.BaseUtility.<init>(BaseUtility.java:28)
at POM.LoginTestpage.<init>(LoginTestpage.java:13)
at Baseclass.BaseUtility.<init>(BaseUtility.java:28)
at POM.LoginTestpage.<init>(LoginTestpage.java:13)
at Baseclass.BaseUtility.<init>(BaseUtility.java:28)
]]>
    </error>
  </testcase> <!-- loginTest -->
  <testcase classname="Testcases.LoginTest" name="loginTest" time="4.414">
    <error type="java.lang.StackOverflowError">
      <![CDATA[java.lang.StackOverflowError
at POM.LoginTestpage.<init>(LoginTestpage.java:13)
at Baseclass.BaseUtility.<init>(BaseUtility.java:28)
at POM.LoginTestpage.<init>(LoginTestpage.java:13)
at Baseclass.BaseUtility.<init>(BaseUtility.java:28)
at POM.LoginTestpage.<init>(LoginTestpage.java:13)
at Baseclass.BaseUtility.<init>(BaseUtility.java:28)
at POM.LoginTestpage.<init>(LoginTestpage.java:13)
at Baseclass.BaseUtility.<init>(BaseUtility.java:28)
at POM.LoginTestpage.<init>(LoginTestpage.java:13)
at Baseclass.BaseUtility.<init>(BaseUtility.java:28)
at POM.LoginTestpage.<init>(LoginTestpage.java:13)
at Baseclass.BaseUtility.<init>(BaseUtility.java:28)
at POM.LoginTestpage.<init>(LoginTestpage.java:13)
at Baseclass.BaseUtility.<init>(BaseUtility.java:28)
at POM.LoginTestpage.<init>(LoginTestpage.java:13)
at Baseclass.BaseUtility.<init>(BaseUtility.java:28)
at POM.LoginTestpage.<init>(LoginTestpage.java:13)
at Baseclass.BaseUtility.<init>(BaseUtility.java:28)
at POM.LoginTestpage.<init>(LoginTestpage.java:13)
at Baseclass.BaseUtility.<init>(BaseUtility.java:28)
at POM.LoginTestpage.<init>(LoginTestpage.java:13)
at Baseclass.BaseUtility.<init>(BaseUtility.java:28)
at POM.LoginTestpage.<init>(LoginTestpage.java:13)
at Baseclass.BaseUtility.<init>(BaseUtility.java:28)
at POM.LoginTestpage.<init>(LoginTestpage.java:13)
at Baseclass.BaseUtility.<init>(BaseUtility.java:28)
at POM.LoginTestpage.<init>(LoginTestpage.java:13)
at Baseclass.BaseUtility.<init>(BaseUtility.java:28)
at POM.LoginTestpage.<init>(LoginTestpage.java:13)
at Baseclass.BaseUtility.<init>(BaseUtility.java:28)
at POM.LoginTestpage.<init>(LoginTestpage.java:13)
at Baseclass.BaseUtility.<init>(BaseUtility.java:28)
at POM.LoginTestpage.<init>(LoginTestpage.java:13)
at Baseclass.BaseUtility.<init>(BaseUtility.java:28)
at POM.LoginTestpage.<init>(LoginTestpage.java:13)
at Baseclass.BaseUtility.<init>(BaseUtility.java:28)
at POM.LoginTestpage.<init>(LoginTestpage.java:13)
at Baseclass.BaseUtility.<init>(BaseUtility.java:28)
at POM.LoginTestpage.<init>(LoginTestpage.java:13)
at Baseclass.BaseUtility.<init>(BaseUtility.java:28)
at POM.LoginTestpage.<init>(LoginTestpage.java:13)
at Baseclass.BaseUtility.<init>(BaseUtility.java:28)
at POM.LoginTestpage.<init>(LoginTestpage.java:13)
at Baseclass.BaseUtility.<init>(BaseUtility.java:28)
at POM.LoginTestpage.<init>(LoginTestpage.java:13)
at Baseclass.BaseUtility.<init>(BaseUtility.java:28)
at POM.LoginTestpage.<init>(LoginTestpage.java:13)
at Baseclass.BaseUtility.<init>(BaseUtility.java:28)
at POM.LoginTestpage.<init>(LoginTestpage.java:13)
at Baseclass.BaseUtility.<init>(BaseUtility.java:28)
at POM.LoginTestpage.<init>(LoginTestpage.java:13)
at Baseclass.BaseUtility.<init>(BaseUtility.java:28)
at POM.LoginTestpage.<init>(LoginTestpage.java:13)
at Baseclass.BaseUtility.<init>(BaseUtility.java:28)
at POM.LoginTestpage.<init>(LoginTestpage.java:13)
at Baseclass.BaseUtility.<init>(BaseUtility.java:28)
at POM.LoginTestpage.<init>(LoginTestpage.java:13)
at Baseclass.BaseUtility.<init>(BaseUtility.java:28)
at POM.LoginTestpage.<init>(LoginTestpage.java:13)
at Baseclass.BaseUtility.<init>(BaseUtility.java:28)
at POM.LoginTestpage.<init>(LoginTestpage.java:13)
at Baseclass.BaseUtility.<init>(BaseUtility.java:28)
at POM.LoginTestpage.<init>(LoginTestpage.java:13)
at Baseclass.BaseUtility.<init>(BaseUtility.java:28)
at POM.LoginTestpage.<init>(LoginTestpage.java:13)
at Baseclass.BaseUtility.<init>(BaseUtility.java:28)
at POM.LoginTestpage.<init>(LoginTestpage.java:13)
at Baseclass.BaseUtility.<init>(BaseUtility.java:28)
at POM.LoginTestpage.<init>(LoginTestpage.java:13)
at Baseclass.BaseUtility.<init>(BaseUtility.java:28)
at POM.LoginTestpage.<init>(LoginTestpage.java:13)
at Baseclass.BaseUtility.<init>(BaseUtility.java:28)
at POM.LoginTestpage.<init>(LoginTestpage.java:13)
at Baseclass.BaseUtility.<init>(BaseUtility.java:28)
at POM.LoginTestpage.<init>(LoginTestpage.java:13)
at Baseclass.BaseUtility.<init>(BaseUtility.java:28)
at POM.LoginTestpage.<init>(LoginTestpage.java:13)
at Baseclass.BaseUtility.<init>(BaseUtility.java:28)
at POM.LoginTestpage.<init>(LoginTestpage.java:13)
at Baseclass.BaseUtility.<init>(BaseUtility.java:28)
at POM.LoginTestpage.<init>(LoginTestpage.java:13)
at Baseclass.BaseUtility.<init>(BaseUtility.java:28)
at POM.LoginTestpage.<init>(LoginTestpage.java:13)
at Baseclass.BaseUtility.<init>(BaseUtility.java:28)
at POM.LoginTestpage.<init>(LoginTestpage.java:13)
at Baseclass.BaseUtility.<init>(BaseUtility.java:28)
at POM.LoginTestpage.<init>(LoginTestpage.java:13)
at Baseclass.BaseUtility.<init>(BaseUtility.java:28)
at POM.LoginTestpage.<init>(LoginTestpage.java:13)
at Baseclass.BaseUtility.<init>(BaseUtility.java:28)
at POM.LoginTestpage.<init>(LoginTestpage.java:13)
at Baseclass.BaseUtility.<init>(BaseUtility.java:28)
at POM.LoginTestpage.<init>(LoginTestpage.java:13)
at Baseclass.BaseUtility.<init>(BaseUtility.java:28)
at POM.LoginTestpage.<init>(LoginTestpage.java:13)
at Baseclass.BaseUtility.<init>(BaseUtility.java:28)
at POM.LoginTestpage.<init>(LoginTestpage.java:13)
at Baseclass.BaseUtility.<init>(BaseUtility.java:28)
at POM.LoginTestpage.<init>(LoginTestpage.java:13)
at Baseclass.BaseUtility.<init>(BaseUtility.java:28)
at POM.LoginTestpage.<init>(LoginTestpage.java:13)
at Baseclass.BaseUtility.<init>(BaseUtility.java:28)
at POM.LoginTestpage.<init>(LoginTestpage.java:13)
at Baseclass.BaseUtility.<init>(BaseUtility.java:28)
at POM.LoginTestpage.<init>(LoginTestpage.java:13)
at Baseclass.BaseUtility.<init>(BaseUtility.java:28)
at POM.LoginTestpage.<init>(LoginTestpage.java:13)
at Baseclass.BaseUtility.<init>(BaseUtility.java:28)
at POM.LoginTestpage.<init>(LoginTestpage.java:13)
at Baseclass.BaseUtility.<init>(BaseUtility.java:28)
at POM.LoginTestpage.<init>(LoginTestpage.java:13)
at Baseclass.BaseUtility.<init>(BaseUtility.java:28)
at POM.LoginTestpage.<init>(LoginTestpage.java:13)
at Baseclass.BaseUtility.<init>(BaseUtility.java:28)
at POM.LoginTestpage.<init>(LoginTestpage.java:13)
at Baseclass.BaseUtility.<init>(BaseUtility.java:28)
at POM.LoginTestpage.<init>(LoginTestpage.java:13)
at Baseclass.BaseUtility.<init>(BaseUtility.java:28)
at POM.LoginTestpage.<init>(LoginTestpage.java:13)
at Baseclass.BaseUtility.<init>(BaseUtility.java:28)
at POM.LoginTestpage.<init>(LoginTestpage.java:13)
at Baseclass.BaseUtility.<init>(BaseUtility.java:28)
at POM.LoginTestpage.<init>(LoginTestpage.java:13)
at Baseclass.BaseUtility.<init>(BaseUtility.java:28)
at POM.LoginTestpage.<init>(LoginTestpage.java:13)
at Baseclass.BaseUtility.<init>(BaseUtility.java:28)
at POM.LoginTestpage.<init>(LoginTestpage.java:13)
at Baseclass.BaseUtility.<init>(BaseUtility.java:28)
at POM.LoginTestpage.<init>(LoginTestpage.java:13)
at Baseclass.BaseUtility.<init>(BaseUtility.java:28)
at POM.LoginTestpage.<init>(LoginTestpage.java:13)
at Baseclass.BaseUtility.<init>(BaseUtility.java:28)
at POM.LoginTestpage.<init>(LoginTestpage.java:13)
at Baseclass.BaseUtility.<init>(BaseUtility.java:28)
at POM.LoginTestpage.<init>(LoginTestpage.java:13)
at Baseclass.BaseUtility.<init>(BaseUtility.java:28)
at POM.LoginTestpage.<init>(LoginTestpage.java:13)
at Baseclass.BaseUtility.<init>(BaseUtility.java:28)
at POM.LoginTestpage.<init>(LoginTestpage.java:13)
at Baseclass.BaseUtility.<init>(BaseUtility.java:28)
at POM.LoginTestpage.<init>(LoginTestpage.java:13)
at Baseclass.BaseUtility.<init>(BaseUtility.java:28)
at POM.LoginTestpage.<init>(LoginTestpage.java:13)
at Baseclass.BaseUtility.<init>(BaseUtility.java:28)
at POM.LoginTestpage.<init>(LoginTestpage.java:13)
at Baseclass.BaseUtility.<init>(BaseUtility.java:28)
at POM.LoginTestpage.<init>(LoginTestpage.java:13)
at Baseclass.BaseUtility.<init>(BaseUtility.java:28)
at POM.LoginTestpage.<init>(LoginTestpage.java:13)
at Baseclass.BaseUtility.<init>(BaseUtility.java:28)
at POM.LoginTestpage.<init>(LoginTestpage.java:13)
at Baseclass.BaseUtility.<init>(BaseUtility.java:28)
at POM.LoginTestpage.<init>(LoginTestpage.java:13)
at Baseclass.BaseUtility.<init>(BaseUtility.java:28)
at POM.LoginTestpage.<init>(LoginTestpage.java:13)
at Baseclass.BaseUtility.<init>(BaseUtility.java:28)
at POM.LoginTestpage.<init>(LoginTestpage.java:13)
at Baseclass.BaseUtility.<init>(BaseUtility.java:28)
at POM.LoginTestpage.<init>(LoginTestpage.java:13)
at Baseclass.BaseUtility.<init>(BaseUtility.java:28)
at POM.LoginTestpage.<init>(LoginTestpage.java:13)
at Baseclass.BaseUtility.<init>(BaseUtility.java:28)
at POM.LoginTestpage.<init>(LoginTestpage.java:13)
at Baseclass.BaseUtility.<init>(BaseUtility.java:28)
at POM.LoginTestpage.<init>(LoginTestpage.java:13)
at Baseclass.BaseUtility.<init>(BaseUtility.java:28)
at POM.LoginTestpage.<init>(LoginTestpage.java:13)
at Baseclass.BaseUtility.<init>(BaseUtility.java:28)
at POM.LoginTestpage.<init>(LoginTestpage.java:13)
at Baseclass.BaseUtility.<init>(BaseUtility.java:28)
at POM.LoginTestpage.<init>(LoginTestpage.java:13)
at Baseclass.BaseUtility.<init>(BaseUtility.java:28)
at POM.LoginTestpage.<init>(LoginTestpage.java:13)
at Baseclass.BaseUtility.<init>(BaseUtility.java:28)
at POM.LoginTestpage.<init>(LoginTestpage.java:13)
at Baseclass.BaseUtility.<init>(BaseUtility.java:28)
at POM.LoginTestpage.<init>(LoginTestpage.java:13)
at Baseclass.BaseUtility.<init>(BaseUtility.java:28)
at POM.LoginTestpage.<init>(LoginTestpage.java:13)
at Baseclass.BaseUtility.<init>(BaseUtility.java:28)
at POM.LoginTestpage.<init>(LoginTestpage.java:13)
at Baseclass.BaseUtility.<init>(BaseUtility.java:28)
at POM.LoginTestpage.<init>(LoginTestpage.java:13)
at Baseclass.BaseUtility.<init>(BaseUtility.java:28)
at POM.LoginTestpage.<init>(LoginTestpage.java:13)
at Baseclass.BaseUtility.<init>(BaseUtility.java:28)
at POM.LoginTestpage.<init>(LoginTestpage.java:13)
at Baseclass.BaseUtility.<init>(BaseUtility.java:28)
at POM.LoginTestpage.<init>(LoginTestpage.java:13)
at Baseclass.BaseUtility.<init>(BaseUtility.java:28)
at POM.LoginTestpage.<init>(LoginTestpage.java:13)
at Baseclass.BaseUtility.<init>(BaseUtility.java:28)
at POM.LoginTestpage.<init>(LoginTestpage.java:13)
at Baseclass.BaseUtility.<init>(BaseUtility.java:28)
at POM.LoginTestpage.<init>(LoginTestpage.java:13)
at Baseclass.BaseUtility.<init>(BaseUtility.java:28)
at POM.LoginTestpage.<init>(LoginTestpage.java:13)
at Baseclass.BaseUtility.<init>(BaseUtility.java:28)
at POM.LoginTestpage.<init>(LoginTestpage.java:13)
at Baseclass.BaseUtility.<init>(BaseUtility.java:28)
at POM.LoginTestpage.<init>(LoginTestpage.java:13)
at Baseclass.BaseUtility.<init>(BaseUtility.java:28)
at POM.LoginTestpage.<init>(LoginTestpage.java:13)
at Baseclass.BaseUtility.<init>(BaseUtility.java:28)
at POM.LoginTestpage.<init>(LoginTestpage.java:13)
at Baseclass.BaseUtility.<init>(BaseUtility.java:28)
at POM.LoginTestpage.<init>(LoginTestpage.java:13)
at Baseclass.BaseUtility.<init>(BaseUtility.java:28)
at POM.LoginTestpage.<init>(LoginTestpage.java:13)
at Baseclass.BaseUtility.<init>(BaseUtility.java:28)
at POM.LoginTestpage.<init>(LoginTestpage.java:13)
at Baseclass.BaseUtility.<init>(BaseUtility.java:28)
at POM.LoginTestpage.<init>(LoginTestpage.java:13)
at Baseclass.BaseUtility.<init>(BaseUtility.java:28)
at POM.LoginTestpage.<init>(LoginTestpage.java:13)
at Baseclass.BaseUtility.<init>(BaseUtility.java:28)
at POM.LoginTestpage.<init>(LoginTestpage.java:13)
at Baseclass.BaseUtility.<init>(BaseUtility.java:28)
at POM.LoginTestpage.<init>(LoginTestpage.java:13)
at Baseclass.BaseUtility.<init>(BaseUtility.java:28)
at POM.LoginTestpage.<init>(LoginTestpage.java:13)
at Baseclass.BaseUtility.<init>(BaseUtility.java:28)
at POM.LoginTestpage.<init>(LoginTestpage.java:13)
at Baseclass.BaseUtility.<init>(BaseUtility.java:28)
at POM.LoginTestpage.<init>(LoginTestpage.java:13)
at Baseclass.BaseUtility.<init>(BaseUtility.java:28)
at POM.LoginTestpage.<init>(LoginTestpage.java:13)
at Baseclass.BaseUtility.<init>(BaseUtility.java:28)
at POM.LoginTestpage.<init>(LoginTestpage.java:13)
at Baseclass.BaseUtility.<init>(BaseUtility.java:28)
at POM.LoginTestpage.<init>(LoginTestpage.java:13)
at Baseclass.BaseUtility.<init>(BaseUtility.java:28)
at POM.LoginTestpage.<init>(LoginTestpage.java:13)
at Baseclass.BaseUtility.<init>(BaseUtility.java:28)
at POM.LoginTestpage.<init>(LoginTestpage.java:13)
at Baseclass.BaseUtility.<init>(BaseUtility.java:28)
at POM.LoginTestpage.<init>(LoginTestpage.java:13)
at Baseclass.BaseUtility.<init>(BaseUtility.java:28)
at POM.LoginTestpage.<init>(LoginTestpage.java:13)
at Baseclass.BaseUtility.<init>(BaseUtility.java:28)
at POM.LoginTestpage.<init>(LoginTestpage.java:13)
at Baseclass.BaseUtility.<init>(BaseUtility.java:28)
at POM.LoginTestpage.<init>(LoginTestpage.java:13)
at Baseclass.BaseUtility.<init>(BaseUtility.java:28)
at POM.LoginTestpage.<init>(LoginTestpage.java:13)
at Baseclass.BaseUtility.<init>(BaseUtility.java:28)
at POM.LoginTestpage.<init>(LoginTestpage.java:13)
at Baseclass.BaseUtility.<init>(BaseUtility.java:28)
at POM.LoginTestpage.<init>(LoginTestpage.java:13)
at Baseclass.BaseUtility.<init>(BaseUtility.java:28)
at POM.LoginTestpage.<init>(LoginTestpage.java:13)
at Baseclass.BaseUtility.<init>(BaseUtility.java:28)
at POM.LoginTestpage.<init>(LoginTestpage.java:13)
at Baseclass.BaseUtility.<init>(BaseUtility.java:28)
at POM.LoginTestpage.<init>(LoginTestpage.java:13)
at Baseclass.BaseUtility.<init>(BaseUtility.java:28)
at POM.LoginTestpage.<init>(LoginTestpage.java:13)
at Baseclass.BaseUtility.<init>(BaseUtility.java:28)
at POM.LoginTestpage.<init>(LoginTestpage.java:13)
at Baseclass.BaseUtility.<init>(BaseUtility.java:28)
at POM.LoginTestpage.<init>(LoginTestpage.java:13)
at Baseclass.BaseUtility.<init>(BaseUtility.java:28)
at POM.LoginTestpage.<init>(LoginTestpage.java:13)
at Baseclass.BaseUtility.<init>(BaseUtility.java:28)
at POM.LoginTestpage.<init>(LoginTestpage.java:13)
at Baseclass.BaseUtility.<init>(BaseUtility.java:28)
at POM.LoginTestpage.<init>(LoginTestpage.java:13)
at Baseclass.BaseUtility.<init>(BaseUtility.java:28)
at POM.LoginTestpage.<init>(LoginTestpage.java:13)
at Baseclass.BaseUtility.<init>(BaseUtility.java:28)
at POM.LoginTestpage.<init>(LoginTestpage.java:13)
at Baseclass.BaseUtility.<init>(BaseUtility.java:28)
at POM.LoginTestpage.<init>(LoginTestpage.java:13)
at Baseclass.BaseUtility.<init>(BaseUtility.java:28)
at POM.LoginTestpage.<init>(LoginTestpage.java:13)
at Baseclass.BaseUtility.<init>(BaseUtility.java:28)
at POM.LoginTestpage.<init>(LoginTestpage.java:13)
at Baseclass.BaseUtility.<init>(BaseUtility.java:28)
at POM.LoginTestpage.<init>(LoginTestpage.java:13)
at Baseclass.BaseUtility.<init>(BaseUtility.java:28)
at POM.LoginTestpage.<init>(LoginTestpage.java:13)
at Baseclass.BaseUtility.<init>(BaseUtility.java:28)
at POM.LoginTestpage.<init>(LoginTestpage.java:13)
at Baseclass.BaseUtility.<init>(BaseUtility.java:28)
at POM.LoginTestpage.<init>(LoginTestpage.java:13)
at Baseclass.BaseUtility.<init>(BaseUtility.java:28)
at POM.LoginTestpage.<init>(LoginTestpage.java:13)
at Baseclass.BaseUtility.<init>(BaseUtility.java:28)
at POM.LoginTestpage.<init>(LoginTestpage.java:13)
at Baseclass.BaseUtility.<init>(BaseUtility.java:28)
at POM.LoginTestpage.<init>(LoginTestpage.java:13)
at Baseclass.BaseUtility.<init>(BaseUtility.java:28)
at POM.LoginTestpage.<init>(LoginTestpage.java:13)
at Baseclass.BaseUtility.<init>(BaseUtility.java:28)
at POM.LoginTestpage.<init>(LoginTestpage.java:13)
at Baseclass.BaseUtility.<init>(BaseUtility.java:28)
at POM.LoginTestpage.<init>(LoginTestpage.java:13)
at Baseclass.BaseUtility.<init>(BaseUtility.java:28)
at POM.LoginTestpage.<init>(LoginTestpage.java:13)
at Baseclass.BaseUtility.<init>(BaseUtility.java:28)
at POM.LoginTestpage.<init>(LoginTestpage.java:13)
at Baseclass.BaseUtility.<init>(BaseUtility.java:28)
at POM.LoginTestpage.<init>(LoginTestpage.java:13)
at Baseclass.BaseUtility.<init>(BaseUtility.java:28)
at POM.LoginTestpage.<init>(LoginTestpage.java:13)
at Baseclass.BaseUtility.<init>(BaseUtility.java:28)
at POM.LoginTestpage.<init>(LoginTestpage.java:13)
at Baseclass.BaseUtility.<init>(BaseUtility.java:28)
at POM.LoginTestpage.<init>(LoginTestpage.java:13)
at Baseclass.BaseUtility.<init>(BaseUtility.java:28)
at POM.LoginTestpage.<init>(LoginTestpage.java:13)
at Baseclass.BaseUtility.<init>(BaseUtility.java:28)
at POM.LoginTestpage.<init>(LoginTestpage.java:13)
at Baseclass.BaseUtility.<init>(BaseUtility.java:28)
at POM.LoginTestpage.<init>(LoginTestpage.java:13)
at Baseclass.BaseUtility.<init>(BaseUtility.java:28)
at POM.LoginTestpage.<init>(LoginTestpage.java:13)
at Baseclass.BaseUtility.<init>(BaseUtility.java:28)
at POM.LoginTestpage.<init>(LoginTestpage.java:13)
at Baseclass.BaseUtility.<init>(BaseUtility.java:28)
at POM.LoginTestpage.<init>(LoginTestpage.java:13)
at Baseclass.BaseUtility.<init>(BaseUtility.java:28)
at POM.LoginTestpage.<init>(LoginTestpage.java:13)
at Baseclass.BaseUtility.<init>(BaseUtility.java:28)
at POM.LoginTestpage.<init>(LoginTestpage.java:13)
at Baseclass.BaseUtility.<init>(BaseUtility.java:28)
at POM.LoginTestpage.<init>(LoginTestpage.java:13)
at Baseclass.BaseUtility.<init>(BaseUtility.java:28)
at POM.LoginTestpage.<init>(LoginTestpage.java:13)
at Baseclass.BaseUtility.<init>(BaseUtility.java:28)
at POM.LoginTestpage.<init>(LoginTestpage.java:13)
at Baseclass.BaseUtility.<init>(BaseUtility.java:28)
at POM.LoginTestpage.<init>(LoginTestpage.java:13)
at Baseclass.BaseUtility.<init>(BaseUtility.java:28)
at POM.LoginTestpage.<init>(LoginTestpage.java:13)
at Baseclass.BaseUtility.<init>(BaseUtility.java:28)
at POM.LoginTestpage.<init>(LoginTestpage.java:13)
at Baseclass.BaseUtility.<init>(BaseUtility.java:28)
at POM.LoginTestpage.<init>(LoginTestpage.java:13)
at Baseclass.BaseUtility.<init>(BaseUtility.java:28)
at POM.LoginTestpage.<init>(LoginTestpage.java:13)
at Baseclass.BaseUtility.<init>(BaseUtility.java:28)
at POM.LoginTestpage.<init>(LoginTestpage.java:13)
at Baseclass.BaseUtility.<init>(BaseUtility.java:28)
at POM.LoginTestpage.<init>(LoginTestpage.java:13)
at Baseclass.BaseUtility.<init>(BaseUtility.java:28)
at POM.LoginTestpage.<init>(LoginTestpage.java:13)
at Baseclass.BaseUtility.<init>(BaseUtility.java:28)
at POM.LoginTestpage.<init>(LoginTestpage.java:13)
at Baseclass.BaseUtility.<init>(BaseUtility.java:28)
at POM.LoginTestpage.<init>(LoginTestpage.java:13)
at Baseclass.BaseUtility.<init>(BaseUtility.java:28)
at POM.LoginTestpage.<init>(LoginTestpage.java:13)
at Baseclass.BaseUtility.<init>(BaseUtility.java:28)
at POM.LoginTestpage.<init>(LoginTestpage.java:13)
at Baseclass.BaseUtility.<init>(BaseUtility.java:28)
at POM.LoginTestpage.<init>(LoginTestpage.java:13)
at Baseclass.BaseUtility.<init>(BaseUtility.java:28)
at POM.LoginTestpage.<init>(LoginTestpage.java:13)
at Baseclass.BaseUtility.<init>(BaseUtility.java:28)
at POM.LoginTestpage.<init>(LoginTestpage.java:13)
at Baseclass.BaseUtility.<init>(BaseUtility.java:28)
at POM.LoginTestpage.<init>(LoginTestpage.java:13)
at Baseclass.BaseUtility.<init>(BaseUtility.java:28)
at POM.LoginTestpage.<init>(LoginTestpage.java:13)
at Baseclass.BaseUtility.<init>(BaseUtility.java:28)
at POM.LoginTestpage.<init>(LoginTestpage.java:13)
at Baseclass.BaseUtility.<init>(BaseUtility.java:28)
at POM.LoginTestpage.<init>(LoginTestpage.java:13)
at Baseclass.BaseUtility.<init>(BaseUtility.java:28)
at POM.LoginTestpage.<init>(LoginTestpage.java:13)
at Baseclass.BaseUtility.<init>(BaseUtility.java:28)
at POM.LoginTestpage.<init>(LoginTestpage.java:13)
at Baseclass.BaseUtility.<init>(BaseUtility.java:28)
at POM.LoginTestpage.<init>(LoginTestpage.java:13)
at Baseclass.BaseUtility.<init>(BaseUtility.java:28)
at POM.LoginTestpage.<init>(LoginTestpage.java:13)
at Baseclass.BaseUtility.<init>(BaseUtility.java:28)
at POM.LoginTestpage.<init>(LoginTestpage.java:13)
at Baseclass.BaseUtility.<init>(BaseUtility.java:28)
at POM.LoginTestpage.<init>(LoginTestpage.java:13)
at Baseclass.BaseUtility.<init>(BaseUtility.java:28)
at POM.LoginTestpage.<init>(LoginTestpage.java:13)
at Baseclass.BaseUtility.<init>(BaseUtility.java:28)
at POM.LoginTestpage.<init>(LoginTestpage.java:13)
at Baseclass.BaseUtility.<init>(BaseUtility.java:28)
at POM.LoginTestpage.<init>(LoginTestpage.java:13)
at Baseclass.BaseUtility.<init>(BaseUtility.java:28)
at POM.LoginTestpage.<init>(LoginTestpage.java:13)
at Baseclass.BaseUtility.<init>(BaseUtility.java:28)
at POM.LoginTestpage.<init>(LoginTestpage.java:13)
at Baseclass.BaseUtility.<init>(BaseUtility.java:28)
at POM.LoginTestpage.<init>(LoginTestpage.java:13)
at Baseclass.BaseUtility.<init>(BaseUtility.java:28)
at POM.LoginTestpage.<init>(LoginTestpage.java:13)
at Baseclass.BaseUtility.<init>(BaseUtility.java:28)
at POM.LoginTestpage.<init>(LoginTestpage.java:13)
at Baseclass.BaseUtility.<init>(BaseUtility.java:28)
at POM.LoginTestpage.<init>(LoginTestpage.java:13)
at Baseclass.BaseUtility.<init>(BaseUtility.java:28)
at POM.LoginTestpage.<init>(LoginTestpage.java:13)
at Baseclass.BaseUtility.<init>(BaseUtility.java:28)
at POM.LoginTestpage.<init>(LoginTestpage.java:13)
at Baseclass.BaseUtility.<init>(BaseUtility.java:28)
at POM.LoginTestpage.<init>(LoginTestpage.java:13)
at Baseclass.BaseUtility.<init>(BaseUtility.java:28)
at POM.LoginTestpage.<init>(LoginTestpage.java:13)
at Baseclass.BaseUtility.<init>(BaseUtility.java:28)
at POM.LoginTestpage.<init>(LoginTestpage.java:13)
at Baseclass.BaseUtility.<init>(BaseUtility.java:28)
at POM.LoginTestpage.<init>(LoginTestpage.java:13)
at Baseclass.BaseUtility.<init>(BaseUtility.java:28)
at POM.LoginTestpage.<init>(LoginTestpage.java:13)
at Baseclass.BaseUtility.<init>(BaseUtility.java:28)
at POM.LoginTestpage.<init>(LoginTestpage.java:13)
at Baseclass.BaseUtility.<init>(BaseUtility.java:28)
at POM.LoginTestpage.<init>(LoginTestpage.java:13)
at Baseclass.BaseUtility.<init>(BaseUtility.java:28)
at POM.LoginTestpage.<init>(LoginTestpage.java:13)
at Baseclass.BaseUtility.<init>(BaseUtility.java:28)
at POM.LoginTestpage.<init>(LoginTestpage.java:13)
at Baseclass.BaseUtility.<init>(BaseUtility.java:28)
at POM.LoginTestpage.<init>(LoginTestpage.java:13)
at Baseclass.BaseUtility.<init>(BaseUtility.java:28)
at POM.LoginTestpage.<init>(LoginTestpage.java:13)
at Baseclass.BaseUtility.<init>(BaseUtility.java:28)
at POM.LoginTestpage.<init>(LoginTestpage.java:13)
at Baseclass.BaseUtility.<init>(BaseUtility.java:28)
at POM.LoginTestpage.<init>(LoginTestpage.java:13)
at Baseclass.BaseUtility.<init>(BaseUtility.java:28)
at POM.LoginTestpage.<init>(LoginTestpage.java:13)
at Baseclass.BaseUtility.<init>(BaseUtility.java:28)
at POM.LoginTestpage.<init>(LoginTestpage.java:13)
at Baseclass.BaseUtility.<init>(BaseUtility.java:28)
at POM.LoginTestpage.<init>(LoginTestpage.java:13)
at Baseclass.BaseUtility.<init>(BaseUtility.java:28)
at POM.LoginTestpage.<init>(LoginTestpage.java:13)
at Baseclass.BaseUtility.<init>(BaseUtility.java:28)
at POM.LoginTestpage.<init>(LoginTestpage.java:13)
at Baseclass.BaseUtility.<init>(BaseUtility.java:28)
at POM.LoginTestpage.<init>(LoginTestpage.java:13)
at Baseclass.BaseUtility.<init>(BaseUtility.java:28)
at POM.LoginTestpage.<init>(LoginTestpage.java:13)
at Baseclass.BaseUtility.<init>(BaseUtility.java:28)
at POM.LoginTestpage.<init>(LoginTestpage.java:13)
at Baseclass.BaseUtility.<init>(BaseUtility.java:28)
at POM.LoginTestpage.<init>(LoginTestpage.java:13)
at Baseclass.BaseUtility.<init>(BaseUtility.java:28)
at POM.LoginTestpage.<init>(LoginTestpage.java:13)
at Baseclass.BaseUtility.<init>(BaseUtility.java:28)
at POM.LoginTestpage.<init>(LoginTestpage.java:13)
at Baseclass.BaseUtility.<init>(BaseUtility.java:28)
at POM.LoginTestpage.<init>(LoginTestpage.java:13)
at Baseclass.BaseUtility.<init>(BaseUtility.java:28)
at POM.LoginTestpage.<init>(LoginTestpage.java:13)
at Baseclass.BaseUtility.<init>(BaseUtility.java:28)
at POM.LoginTestpage.<init>(LoginTestpage.java:13)
at Baseclass.BaseUtility.<init>(BaseUtility.java:28)
at POM.LoginTestpage.<init>(LoginTestpage.java:13)
at Baseclass.BaseUtility.<init>(BaseUtility.java:28)
at POM.LoginTestpage.<init>(LoginTestpage.java:13)
at Baseclass.BaseUtility.<init>(BaseUtility.java:28)
at POM.LoginTestpage.<init>(LoginTestpage.java:13)
at Baseclass.BaseUtility.<init>(BaseUtility.java:28)
at POM.LoginTestpage.<init>(LoginTestpage.java:13)
at Baseclass.BaseUtility.<init>(BaseUtility.java:28)
at POM.LoginTestpage.<init>(LoginTestpage.java:13)
at Baseclass.BaseUtility.<init>(BaseUtility.java:28)
at POM.LoginTestpage.<init>(LoginTestpage.java:13)
at Baseclass.BaseUtility.<init>(BaseUtility.java:28)
at POM.LoginTestpage.<init>(LoginTestpage.java:13)
at Baseclass.BaseUtility.<init>(BaseUtility.java:28)
at POM.LoginTestpage.<init>(LoginTestpage.java:13)
at Baseclass.BaseUtility.<init>(BaseUtility.java:28)
at POM.LoginTestpage.<init>(LoginTestpage.java:13)
at Baseclass.BaseUtility.<init>(BaseUtility.java:28)
at POM.LoginTestpage.<init>(LoginTestpage.java:13)
at Baseclass.BaseUtility.<init>(BaseUtility.java:28)
at POM.LoginTestpage.<init>(LoginTestpage.java:13)
at Baseclass.BaseUtility.<init>(BaseUtility.java:28)
at POM.LoginTestpage.<init>(LoginTestpage.java:13)
at Baseclass.BaseUtility.<init>(BaseUtility.java:28)
at POM.LoginTestpage.<init>(LoginTestpage.java:13)
at Baseclass.BaseUtility.<init>(BaseUtility.java:28)
at POM.LoginTestpage.<init>(LoginTestpage.java:13)
at Baseclass.BaseUtility.<init>(BaseUtility.java:28)
at POM.LoginTestpage.<init>(LoginTestpage.java:13)
at Baseclass.BaseUtility.<init>(BaseUtility.java:28)
at POM.LoginTestpage.<init>(LoginTestpage.java:13)
at Baseclass.BaseUtility.<init>(BaseUtility.java:28)
at POM.LoginTestpage.<init>(LoginTestpage.java:13)
at Baseclass.BaseUtility.<init>(BaseUtility.java:28)
at POM.LoginTestpage.<init>(LoginTestpage.java:13)
at Baseclass.BaseUtility.<init>(BaseUtility.java:28)
at POM.LoginTestpage.<init>(LoginTestpage.java:13)
at Baseclass.BaseUtility.<init>(BaseUtility.java:28)
at POM.LoginTestpage.<init>(LoginTestpage.java:13)
at Baseclass.BaseUtility.<init>(BaseUtility.java:28)
at POM.LoginTestpage.<init>(LoginTestpage.java:13)
at Baseclass.BaseUtility.<init>(BaseUtility.java:28)
at POM.LoginTestpage.<init>(LoginTestpage.java:13)
at Baseclass.BaseUtility.<init>(BaseUtility.java:28)
[...]
at POM.LoginTestpage.<init>(LoginTestpage.java:13)
at Baseclass.BaseUtility.<init>(BaseUtility.java:28)
at POM.LoginTestpage.<init>(LoginTestpage.java:13)
at Baseclass.BaseUtility.<init>(BaseUtility.java:28)
at POM.LoginTestpage.<init>(LoginTestpage.java:13)
at Baseclass.BaseUtility.<init>(BaseUtility.java:28)
at POM.LoginTestpage.<init>(LoginTestpage.java:13)
at Baseclass.BaseUtility.<init>(BaseUtility.java:28)
at POM.LoginTestpage.<init>(LoginTestpage.java:13)
at Baseclass.BaseUtility.<init>(BaseUtility.java:28)
at POM.LoginTestpage.<init>(LoginTestpage.java:13)
at Baseclass.BaseUtility.<init>(BaseUtility.java:28)
at POM.LoginTestpage.<init>(LoginTestpage.java:13)
at Baseclass.BaseUtility.<init>(BaseUtility.java:28)
at POM.LoginTestpage.<init>(LoginTestpage.java:13)
at Baseclass.BaseUtility.<init>(BaseUtility.java:28)
at POM.LoginTestpage.<init>(LoginTestpage.java:13)
at Baseclass.BaseUtility.<init>(BaseUtility.java:28)
at POM.LoginTestpage.<init>(LoginTestpage.java:13)
at Baseclass.BaseUtility.<init>(BaseUtility.java:28)
at POM.LoginTestpage.<init>(LoginTestpage.java:13)
at Baseclass.BaseUtility.<init>(BaseUtility.java:28)
at POM.LoginTestpage.<init>(LoginTestpage.java:13)
at Baseclass.BaseUtility.<init>(BaseUtility.java:28)
at POM.LoginTestpage.<init>(LoginTestpage.java:13)
at Baseclass.BaseUtility.<init>(BaseUtility.java:28)
at POM.LoginTestpage.<init>(LoginTestpage.java:13)
at Baseclass.BaseUtility.<init>(BaseUtility.java:28)
at POM.LoginTestpage.<init>(LoginTestpage.java:13)
at Baseclass.BaseUtility.<init>(BaseUtility.java:28)
at POM.LoginTestpage.<init>(LoginTestpage.java:13)
at Baseclass.BaseUtility.<init>(BaseUtility.java:28)
at POM.LoginTestpage.<init>(LoginTestpage.java:13)
at Baseclass.BaseUtility.<init>(BaseUtility.java:28)
at POM.LoginTestpage.<init>(LoginTestpage.java:13)
at Baseclass.BaseUtility.<init>(BaseUtility.java:28)
at POM.LoginTestpage.<init>(LoginTestpage.java:13)
at Baseclass.BaseUtility.<init>(BaseUtility.java:28)
at POM.LoginTestpage.<init>(LoginTestpage.java:13)
at Baseclass.BaseUtility.<init>(BaseUtility.java:28)
at POM.LoginTestpage.<init>(LoginTestpage.java:13)
at Baseclass.BaseUtility.<init>(BaseUtility.java:28)
at POM.LoginTestpage.<init>(LoginTestpage.java:13)
at Baseclass.BaseUtility.<init>(BaseUtility.java:28)
at POM.LoginTestpage.<init>(LoginTestpage.java:13)
at Baseclass.BaseUtility.<init>(BaseUtility.java:28)
at POM.LoginTestpage.<init>(LoginTestpage.java:13)
at Baseclass.BaseUtility.<init>(BaseUtility.java:28)
at POM.LoginTestpage.<init>(LoginTestpage.java:13)
at Baseclass.BaseUtility.<init>(BaseUtility.java:28)
at POM.LoginTestpage.<init>(LoginTestpage.java:13)
at Baseclass.BaseUtility.<init>(BaseUtility.java:28)
at POM.LoginTestpage.<init>(LoginTestpage.java:13)
at Baseclass.BaseUtility.<init>(BaseUtility.java:28)
at POM.LoginTestpage.<init>(LoginTestpage.java:13)
at Baseclass.BaseUtility.<init>(BaseUtility.java:28)
at POM.LoginTestpage.<init>(LoginTestpage.java:13)
at Baseclass.BaseUtility.<init>(BaseUtility.java:28)
at POM.LoginTestpage.<init>(LoginTestpage.java:13)
at Baseclass.BaseUtility.<init>(BaseUtility.java:28)
at POM.LoginTestpage.<init>(LoginTestpage.java:13)
at Baseclass.BaseUtility.<init>(BaseUtility.java:28)
at POM.LoginTestpage.<init>(LoginTestpage.java:13)
at Baseclass.BaseUtility.<init>(BaseUtility.java:28)
at POM.LoginTestpage.<init>(LoginTestpage.java:13)
at Baseclass.BaseUtility.<init>(BaseUtility.java:28)
at POM.LoginTestpage.<init>(LoginTestpage.java:13)
at Baseclass.BaseUtility.<init>(BaseUtility.java:28)
at POM.LoginTestpage.<init>(LoginTestpage.java:13)
at Baseclass.BaseUtility.<init>(BaseUtility.java:28)
at POM.LoginTestpage.<init>(LoginTestpage.java:13)
at Baseclass.BaseUtility.<init>(BaseUtility.java:28)
at POM.LoginTestpage.<init>(LoginTestpage.java:13)
at Baseclass.BaseUtility.<init>(BaseUtility.java:28)
at POM.LoginTestpage.<init>(LoginTestpage.java:13)
at Baseclass.BaseUtility.<init>(BaseUtility.java:28)
at POM.LoginTestpage.<init>(LoginTestpage.java:13)
at Baseclass.BaseUtility.<init>(BaseUtility.java:28)
at POM.LoginTestpage.<init>(LoginTestpage.java:13)
at Baseclass.BaseUtility.<init>(BaseUtility.java:28)
at POM.LoginTestpage.<init>(LoginTestpage.java:13)
at Baseclass.BaseUtility.<init>(BaseUtility.java:28)
at POM.LoginTestpage.<init>(LoginTestpage.java:13)
at Baseclass.BaseUtility.<init>(BaseUtility.java:28)
at POM.LoginTestpage.<init>(LoginTestpage.java:13)
at Baseclass.BaseUtility.<init>(BaseUtility.java:28)
at POM.LoginTestpage.<init>(LoginTestpage.java:13)
at Baseclass.BaseUtility.<init>(BaseUtility.java:28)
at POM.LoginTestpage.<init>(LoginTestpage.java:13)
at Baseclass.BaseUtility.<init>(BaseUtility.java:28)
at POM.LoginTestpage.<init>(LoginTestpage.java:13)
at Baseclass.BaseUtility.<init>(BaseUtility.java:28)
at POM.LoginTestpage.<init>(LoginTestpage.java:13)
at Baseclass.BaseUtility.<init>(BaseUtility.java:28)
at POM.LoginTestpage.<init>(LoginTestpage.java:13)
at Baseclass.BaseUtility.<init>(BaseUtility.java:28)
at POM.LoginTestpage.<init>(LoginTestpage.java:13)
at Baseclass.BaseUtility.<init>(BaseUtility.java:28)
at POM.LoginTestpage.<init>(LoginTestpage.java:13)
at Baseclass.BaseUtility.<init>(BaseUtility.java:28)
at POM.LoginTestpage.<init>(LoginTestpage.java:13)
at Baseclass.BaseUtility.<init>(BaseUtility.java:28)
at POM.LoginTestpage.<init>(LoginTestpage.java:13)
at Baseclass.BaseUtility.<init>(BaseUtility.java:28)
at POM.LoginTestpage.<init>(LoginTestpage.java:13)
at Baseclass.BaseUtility.<init>(BaseUtility.java:28)
at POM.LoginTestpage.<init>(LoginTestpage.java:13)
at Baseclass.BaseUtility.<init>(BaseUtility.java:28)
at POM.LoginTestpage.<init>(LoginTestpage.java:13)
at Baseclass.BaseUtility.<init>(BaseUtility.java:28)
at POM.LoginTestpage.<init>(LoginTestpage.java:13)
at Baseclass.BaseUtility.<init>(BaseUtility.java:28)
at POM.LoginTestpage.<init>(LoginTestpage.java:13)
at Baseclass.BaseUtility.<init>(BaseUtility.java:28)
at POM.LoginTestpage.<init>(LoginTestpage.java:13)
at Baseclass.BaseUtility.<init>(BaseUtility.java:28)
at POM.LoginTestpage.<init>(LoginTestpage.java:13)
at Baseclass.BaseUtility.<init>(BaseUtility.java:28)
at POM.LoginTestpage.<init>(LoginTestpage.java:13)
at Baseclass.BaseUtility.<init>(BaseUtility.java:28)
at POM.LoginTestpage.<init>(LoginTestpage.java:13)
at Baseclass.BaseUtility.<init>(BaseUtility.java:28)
at POM.LoginTestpage.<init>(LoginTestpage.java:13)
at Baseclass.BaseUtility.<init>(BaseUtility.java:28)
at POM.LoginTestpage.<init>(LoginTestpage.java:13)
at Baseclass.BaseUtility.<init>(BaseUtility.java:28)
at POM.LoginTestpage.<init>(LoginTestpage.java:13)
at Baseclass.BaseUtility.<init>(BaseUtility.java:28)
at POM.LoginTestpage.<init>(LoginTestpage.java:13)
at Baseclass.BaseUtility.<init>(BaseUtility.java:28)
at POM.LoginTestpage.<init>(LoginTestpage.java:13)
at Baseclass.BaseUtility.<init>(BaseUtility.java:28)
at POM.LoginTestpage.<init>(LoginTestpage.java:13)
at Baseclass.BaseUtility.<init>(BaseUtility.java:28)
at POM.LoginTestpage.<init>(LoginTestpage.java:13)
at Baseclass.BaseUtility.<init>(BaseUtility.java:28)
at POM.LoginTestpage.<init>(LoginTestpage.java:13)
at Baseclass.BaseUtility.<init>(BaseUtility.java:28)
at POM.LoginTestpage.<init>(LoginTestpage.java:13)
at Baseclass.BaseUtility.<init>(BaseUtility.java:28)
at POM.LoginTestpage.<init>(LoginTestpage.java:13)
at Baseclass.BaseUtility.<init>(BaseUtility.java:28)
at POM.LoginTestpage.<init>(LoginTestpage.java:13)
at Baseclass.BaseUtility.<init>(BaseUtility.java:28)
at POM.LoginTestpage.<init>(LoginTestpage.java:13)
at Baseclass.BaseUtility.<init>(BaseUtility.java:28)
at POM.LoginTestpage.<init>(LoginTestpage.java:13)
at Baseclass.BaseUtility.<init>(BaseUtility.java:28)
at POM.LoginTestpage.<init>(LoginTestpage.java:13)
at Baseclass.BaseUtility.<init>(BaseUtility.java:28)
at POM.LoginTestpage.<init>(LoginTestpage.java:13)
at Baseclass.BaseUtility.<init>(BaseUtility.java:28)
at POM.LoginTestpage.<init>(LoginTestpage.java:13)
at Baseclass.BaseUtility.<init>(BaseUtility.java:28)
at POM.LoginTestpage.<init>(LoginTestpage.java:13)
at Baseclass.BaseUtility.<init>(BaseUtility.java:28)
at POM.LoginTestpage.<init>(LoginTestpage.java:13)
at Baseclass.BaseUtility.<init>(BaseUtility.java:28)
at POM.LoginTestpage.<init>(LoginTestpage.java:13)
at Baseclass.BaseUtility.<init>(BaseUtility.java:28)
at POM.LoginTestpage.<init>(LoginTestpage.java:13)
at Baseclass.BaseUtility.<init>(BaseUtility.java:28)
at POM.LoginTestpage.<init>(LoginTestpage.java:13)
at Baseclass.BaseUtility.<init>(BaseUtility.java:28)
at POM.LoginTestpage.<init>(LoginTestpage.java:13)
at Baseclass.BaseUtility.<init>(BaseUtility.java:28)
at POM.LoginTestpage.<init>(LoginTestpage.java:13)
at Baseclass.BaseUtility.<init>(BaseUtility.java:28)
at POM.LoginTestpage.<init>(LoginTestpage.java:13)
at Baseclass.BaseUtility.<init>(BaseUtility.java:28)
at POM.LoginTestpage.<init>(LoginTestpage.java:13)
at Baseclass.BaseUtility.<init>(BaseUtility.java:28)
at POM.LoginTestpage.<init>(LoginTestpage.java:13)
at Baseclass.BaseUtility.<init>(BaseUtility.java:28)
at POM.LoginTestpage.<init>(LoginTestpage.java:13)
at Baseclass.BaseUtility.<init>(BaseUtility.java:28)
at POM.LoginTestpage.<init>(LoginTestpage.java:13)
at Baseclass.BaseUtility.<init>(BaseUtility.java:28)
at POM.LoginTestpage.<init>(LoginTestpage.java:13)
at Baseclass.BaseUtility.<init>(BaseUtility.java:28)
at POM.LoginTestpage.<init>(LoginTestpage.java:13)
at Baseclass.BaseUtility.<init>(BaseUtility.java:28)
at POM.LoginTestpage.<init>(LoginTestpage.java:13)
at Baseclass.BaseUtility.<init>(BaseUtility.java:28)
at POM.LoginTestpage.<init>(LoginTestpage.java:13)
at Baseclass.BaseUtility.<init>(BaseUtility.java:28)
at POM.LoginTestpage.<init>(LoginTestpage.java:13)
at Baseclass.BaseUtility.<init>(BaseUtility.java:28)
at POM.LoginTestpage.<init>(LoginTestpage.java:13)
at Baseclass.BaseUtility.<init>(BaseUtility.java:28)
at POM.LoginTestpage.<init>(LoginTestpage.java:13)
at Baseclass.BaseUtility.<init>(BaseUtility.java:28)
at POM.LoginTestpage.<init>(LoginTestpage.java:13)
at Baseclass.BaseUtility.<init>(BaseUtility.java:28)
at POM.LoginTestpage.<init>(LoginTestpage.java:13)
at Baseclass.BaseUtility.<init>(BaseUtility.java:28)
at POM.LoginTestpage.<init>(LoginTestpage.java:13)
at Baseclass.BaseUtility.<init>(BaseUtility.java:28)
at POM.LoginTestpage.<init>(LoginTestpage.java:13)
at Baseclass.BaseUtility.<init>(BaseUtility.java:28)
at POM.LoginTestpage.<init>(LoginTestpage.java:13)
at Baseclass.BaseUtility.<init>(BaseUtility.java:28)
at POM.LoginTestpage.<init>(LoginTestpage.java:13)
at Baseclass.BaseUtility.<init>(BaseUtility.java:28)
at POM.LoginTestpage.<init>(LoginTestpage.java:13)
at Baseclass.BaseUtility.<init>(BaseUtility.java:28)
at POM.LoginTestpage.<init>(LoginTestpage.java:13)
at Baseclass.BaseUtility.<init>(BaseUtility.java:28)
at POM.LoginTestpage.<init>(LoginTestpage.java:13)
at Baseclass.BaseUtility.<init>(BaseUtility.java:28)
at POM.LoginTestpage.<init>(LoginTestpage.java:13)
at Baseclass.BaseUtility.<init>(BaseUtility.java:28)
at POM.LoginTestpage.<init>(LoginTestpage.java:13)
at Baseclass.BaseUtility.<init>(BaseUtility.java:28)
at POM.LoginTestpage.<init>(LoginTestpage.java:13)
at Baseclass.BaseUtility.<init>(BaseUtility.java:28)
at POM.LoginTestpage.<init>(LoginTestpage.java:13)
at Baseclass.BaseUtility.<init>(BaseUtility.java:28)
at POM.LoginTestpage.<init>(LoginTestpage.java:13)
at Baseclass.BaseUtility.<init>(BaseUtility.java:28)
at POM.LoginTestpage.<init>(LoginTestpage.java:13)
at Baseclass.BaseUtility.<init>(BaseUtility.java:28)
at POM.LoginTestpage.<init>(LoginTestpage.java:13)
at Baseclass.BaseUtility.<init>(BaseUtility.java:28)
at POM.LoginTestpage.<init>(LoginTestpage.java:13)
at Baseclass.BaseUtility.<init>(BaseUtility.java:28)
at POM.LoginTestpage.<init>(LoginTestpage.java:13)
at Baseclass.BaseUtility.<init>(BaseUtility.java:28)
at POM.LoginTestpage.<init>(LoginTestpage.java:13)
at Baseclass.BaseUtility.<init>(BaseUtility.java:28)
at POM.LoginTestpage.<init>(LoginTestpage.java:13)
at Baseclass.BaseUtility.<init>(BaseUtility.java:28)
at POM.LoginTestpage.<init>(LoginTestpage.java:13)
at Baseclass.BaseUtility.<init>(BaseUtility.java:28)
at POM.LoginTestpage.<init>(LoginTestpage.java:13)
at Baseclass.BaseUtility.<init>(BaseUtility.java:28)
at POM.LoginTestpage.<init>(LoginTestpage.java:13)
at Baseclass.BaseUtility.<init>(BaseUtility.java:28)
at POM.LoginTestpage.<init>(LoginTestpage.java:13)
at Baseclass.BaseUtility.<init>(BaseUtility.java:28)
at POM.LoginTestpage.<init>(LoginTestpage.java:13)
at Baseclass.BaseUtility.<init>(BaseUtility.java:28)
at POM.LoginTestpage.<init>(LoginTestpage.java:13)
at Baseclass.BaseUtility.<init>(BaseUtility.java:28)
at POM.LoginTestpage.<init>(LoginTestpage.java:13)
at Baseclass.BaseUtility.<init>(BaseUtility.java:28)
at POM.LoginTestpage.<init>(LoginTestpage.java:13)
at Baseclass.BaseUtility.<init>(BaseUtility.java:28)
at POM.LoginTestpage.<init>(LoginTestpage.java:13)
at Baseclass.BaseUtility.<init>(BaseUtility.java:28)
at POM.LoginTestpage.<init>(LoginTestpage.java:13)
at Baseclass.BaseUtility.<init>(BaseUtility.java:28)
at POM.LoginTestpage.<init>(LoginTestpage.java:13)
at Baseclass.BaseUtility.<init>(BaseUtility.java:28)
at POM.LoginTestpage.<init>(LoginTestpage.java:13)
at Baseclass.BaseUtility.<init>(BaseUtility.java:28)
at POM.LoginTestpage.<init>(LoginTestpage.java:13)
at Baseclass.BaseUtility.<init>(BaseUtility.java:28)
at POM.LoginTestpage.<init>(LoginTestpage.java:13)
at Baseclass.BaseUtility.<init>(BaseUtility.java:28)
at POM.LoginTestpage.<init>(LoginTestpage.java:13)
at Baseclass.BaseUtility.<init>(BaseUtility.java:28)
at POM.LoginTestpage.<init>(LoginTestpage.java:13)
at Baseclass.BaseUtility.<init>(BaseUtility.java:28)
at POM.LoginTestpage.<init>(LoginTestpage.java:13)
at Baseclass.BaseUtility.<init>(BaseUtility.java:28)
at POM.LoginTestpage.<init>(LoginTestpage.java:13)
at Baseclass.BaseUtility.<init>(BaseUtility.java:28)
at POM.LoginTestpage.<init>(LoginTestpage.java:13)
at Baseclass.BaseUtility.<init>(BaseUtility.java:28)
at POM.LoginTestpage.<init>(LoginTestpage.java:13)
at Baseclass.BaseUtility.<init>(BaseUtility.java:28)
at POM.LoginTestpage.<init>(LoginTestpage.java:13)
at Baseclass.BaseUtility.<init>(BaseUtility.java:28)
at POM.LoginTestpage.<init>(LoginTestpage.java:13)
at Baseclass.BaseUtility.<init>(BaseUtility.java:28)
at POM.LoginTestpage.<init>(LoginTestpage.java:13)
at Baseclass.BaseUtility.<init>(BaseUtility.java:28)
at POM.LoginTestpage.<init>(LoginTestpage.java:13)
at Baseclass.BaseUtility.<init>(BaseUtility.java:28)
at POM.LoginTestpage.<init>(LoginTestpage.java:13)
at Baseclass.BaseUtility.<init>(BaseUtility.java:28)
at POM.LoginTestpage.<init>(LoginTestpage.java:13)
at Baseclass.BaseUtility.<init>(BaseUtility.java:28)
at POM.LoginTestpage.<init>(LoginTestpage.java:13)
at Baseclass.BaseUtility.<init>(BaseUtility.java:28)
at POM.LoginTestpage.<init>(LoginTestpage.java:13)
at Baseclass.BaseUtility.<init>(BaseUtility.java:28)
at POM.LoginTestpage.<init>(LoginTestpage.java:13)
at Baseclass.BaseUtility.<init>(BaseUtility.java:28)
at POM.LoginTestpage.<init>(LoginTestpage.java:13)
at Baseclass.BaseUtility.<init>(BaseUtility.java:28)
at POM.LoginTestpage.<init>(LoginTestpage.java:13)
at Baseclass.BaseUtility.<init>(BaseUtility.java:28)
at POM.LoginTestpage.<init>(LoginTestpage.java:13)
at Baseclass.BaseUtility.<init>(BaseUtility.java:28)
at POM.LoginTestpage.<init>(LoginTestpage.java:13)
at Baseclass.BaseUtility.<init>(BaseUtility.java:28)
at POM.LoginTestpage.<init>(LoginTestpage.java:13)
at Baseclass.BaseUtility.<init>(BaseUtility.java:28)
at POM.LoginTestpage.<init>(LoginTestpage.java:13)
at Baseclass.BaseUtility.<init>(BaseUtility.java:28)
at POM.LoginTestpage.<init>(LoginTestpage.java:13)
at Baseclass.BaseUtility.<init>(BaseUtility.java:28)
at POM.LoginTestpage.<init>(LoginTestpage.java:13)
at Baseclass.BaseUtility.<init>(BaseUtility.java:28)
at POM.LoginTestpage.<init>(LoginTestpage.java:13)
at Baseclass.BaseUtility.<init>(BaseUtility.java:28)
at POM.LoginTestpage.<init>(LoginTestpage.java:13)
at Baseclass.BaseUtility.<init>(BaseUtility.java:28)
at POM.LoginTestpage.<init>(LoginTestpage.java:13)
at Baseclass.BaseUtility.<init>(BaseUtility.java:28)
at POM.LoginTestpage.<init>(LoginTestpage.java:13)
at Baseclass.BaseUtility.<init>(BaseUtility.java:28)
at POM.LoginTestpage.<init>(LoginTestpage.java:13)
at Baseclass.BaseUtility.<init>(BaseUtility.java:28)
at POM.LoginTestpage.<init>(LoginTestpage.java:13)
at Baseclass.BaseUtility.<init>(BaseUtility.java:28)
at POM.LoginTestpage.<init>(LoginTestpage.java:13)
at Baseclass.BaseUtility.<init>(BaseUtility.java:28)
at POM.LoginTestpage.<init>(LoginTestpage.java:13)
at Baseclass.BaseUtility.<init>(BaseUtility.java:28)
at POM.LoginTestpage.<init>(LoginTestpage.java:13)
at Baseclass.BaseUtility.<init>(BaseUtility.java:28)
at POM.LoginTestpage.<init>(LoginTestpage.java:13)
at Baseclass.BaseUtility.<init>(BaseUtility.java:28)
at POM.LoginTestpage.<init>(LoginTestpage.java:13)
at Baseclass.BaseUtility.<init>(BaseUtility.java:28)
at POM.LoginTestpage.<init>(LoginTestpage.java:13)
at Baseclass.BaseUtility.<init>(BaseUtility.java:28)
at POM.LoginTestpage.<init>(LoginTestpage.java:13)
at Baseclass.BaseUtility.<init>(BaseUtility.java:28)
at POM.LoginTestpage.<init>(LoginTestpage.java:13)
at Baseclass.BaseUtility.<init>(BaseUtility.java:28)
at POM.LoginTestpage.<init>(LoginTestpage.java:13)
at Baseclass.BaseUtility.<init>(BaseUtility.java:28)
at POM.LoginTestpage.<init>(LoginTestpage.java:13)
at Baseclass.BaseUtility.<init>(BaseUtility.java:28)
at POM.LoginTestpage.<init>(LoginTestpage.java:13)
at Baseclass.BaseUtility.<init>(BaseUtility.java:28)
at POM.LoginTestpage.<init>(LoginTestpage.java:13)
at Baseclass.BaseUtility.<init>(BaseUtility.java:28)
at POM.LoginTestpage.<init>(LoginTestpage.java:13)
at Baseclass.BaseUtility.<init>(BaseUtility.java:28)
at POM.LoginTestpage.<init>(LoginTestpage.java:13)
at Baseclass.BaseUtility.<init>(BaseUtility.java:28)
at POM.LoginTestpage.<init>(LoginTestpage.java:13)
at Baseclass.BaseUtility.<init>(BaseUtility.java:28)
at POM.LoginTestpage.<init>(LoginTestpage.java:13)
at Baseclass.BaseUtility.<init>(BaseUtility.java:28)
at POM.LoginTestpage.<init>(LoginTestpage.java:13)
at Baseclass.BaseUtility.<init>(BaseUtility.java:28)
at POM.LoginTestpage.<init>(LoginTestpage.java:13)
at Baseclass.BaseUtility.<init>(BaseUtility.java:28)
at POM.LoginTestpage.<init>(LoginTestpage.java:13)
at Baseclass.BaseUtility.<init>(BaseUtility.java:28)
at POM.LoginTestpage.<init>(LoginTestpage.java:13)
at Baseclass.BaseUtility.<init>(BaseUtility.java:28)
at POM.LoginTestpage.<init>(LoginTestpage.java:13)
at Baseclass.BaseUtility.<init>(BaseUtility.java:28)
at POM.LoginTestpage.<init>(LoginTestpage.java:13)
at Baseclass.BaseUtility.<init>(BaseUtility.java:28)
at POM.LoginTestpage.<init>(LoginTestpage.java:13)
at Baseclass.BaseUtility.<init>(BaseUtility.java:28)
at POM.LoginTestpage.<init>(LoginTestpage.java:13)
at Baseclass.BaseUtility.<init>(BaseUtility.java:28)
at POM.LoginTestpage.<init>(LoginTestpage.java:13)
at Baseclass.BaseUtility.<init>(BaseUtility.java:28)
at POM.LoginTestpage.<init>(LoginTestpage.java:13)
at Baseclass.BaseUtility.<init>(BaseUtility.java:28)
at POM.LoginTestpage.<init>(LoginTestpage.java:13)
at Baseclass.BaseUtility.<init>(BaseUtility.java:28)
at POM.LoginTestpage.<init>(LoginTestpage.java:13)
at Baseclass.BaseUtility.<init>(BaseUtility.java:28)
at POM.LoginTestpage.<init>(LoginTestpage.java:13)
at Baseclass.BaseUtility.<init>(BaseUtility.java:28)
at POM.LoginTestpage.<init>(LoginTestpage.java:13)
at Baseclass.BaseUtility.<init>(BaseUtility.java:28)
at POM.LoginTestpage.<init>(LoginTestpage.java:13)
at Baseclass.BaseUtility.<init>(BaseUtility.java:28)
at POM.LoginTestpage.<init>(LoginTestpage.java:13)
at Baseclass.BaseUtility.<init>(BaseUtility.java:28)
]]>
    </error>
  </testcase> <!-- loginTest -->
</testsuite> <!-- Testcases.LoginTest -->
