<?xml version="1.0" encoding="UTF-8"?>
<!-- Generated by org.testng.reporters.JUnitReportReporter -->
<testsuite hostname="BOOK-SKELCNEN96" failures="0" tests="9" name="Testcases.HomepageTest" time="50.993" errors="3" timestamp="2026-02-17T17:26:36 IST" skipped="6">
  <testcase classname="Testcases.HomepageTest" name="naviagteToHomeScreen" time="3.932">
    <error type="java.lang.StackOverflowError">
      <![CDATA[java.lang.StackOverflowError
at POM.LoginTestpage.<init>(LoginTestpage.java:13)
at Baseclass.BaseUtility.<init>(BaseUtility.java:28)
at POM.LoginTestpage.<init>(LoginTestpage.java:13)
at Baseclass.BaseUtility.<init>(BaseUtility.java:28)
at POM.LoginTestpage.<init>(LoginTestpage.java:13)
at Baseclass.BaseUtility.<init>(BaseUtility.java:28)
at POM.LoginTestpage.<init>(LoginTestpage.java:13)
at Baseclass.BaseUtility.<init>(BaseUtility.java:28)
at POM.LoginTestpage.<init>(LoginTestpage.java:13)
at Baseclass.BaseUtility.<init>(BaseUtility.java:28)
at POM.LoginTestpage.<init>(LoginTestpage.java:13)
at Baseclass.BaseUtility.<init>(BaseUtility.java:28)
at POM.LoginTestpage.<init>(LoginTestpage.java:13)
at Baseclass.BaseUtility.<init>(BaseUtility.java:28)
at POM.LoginTestpage.<init>(LoginTestpage.java:13)
at Baseclass.BaseUtility.<init>(BaseUtility.java:28)
at POM.LoginTestpage.<init>(LoginTestpage.java:13)
at Baseclass.BaseUtility.<init>(BaseUtility.java:28)
at POM.LoginTestpage.<init>(LoginTestpage.java:13)
at Baseclass.BaseUtility.<init>(BaseUtility.java:28)
at POM.LoginTestpage.<init>(LoginTestpage.java:13)
at Baseclass.BaseUtility.<init>(BaseUtility.java:28)
at POM.LoginTestpage.<init>(LoginTestpage.java:13)
at Baseclass.BaseUtility.<init>(BaseUtility.java:28)
at POM.LoginTestpage.<init>(LoginTestpage.java:13)
at Baseclass.BaseUtility.<init>(BaseUtility.java:28)
at POM.LoginTestpage.<init>(LoginTestpage.java:13)
at Baseclass.BaseUtility.<init>(BaseUtility.java:28)
at POM.LoginTestpage.<init>(LoginTestpage.java:13)
at Baseclass.BaseUtility.<init>(BaseUtility.java:28)
at POM.LoginTestpage.<init>(LoginTestpage.java:13)
at Baseclass.BaseUtility.<init>(BaseUtility.java:28)
at POM.LoginTestpage.<init>(LoginTestpage.java:13)
at Baseclass.BaseUtility.<init>(BaseUtility.java:28)
at POM.LoginTestpage.<init>(LoginTestpage.java:13)
at Baseclass.BaseUtility.<init>(BaseUtility.java:28)
at POM.LoginTestpage.<init>(LoginTestpage.java:13)
at Baseclass.BaseUtility.<init>(BaseUtility.java:28)
at POM.LoginTestpage.<init>(LoginTestpage.java:13)
at Baseclass.BaseUtility.<init>(BaseUtility.java:28)
at POM.LoginTestpage.<init>(LoginTestpage.java:13)
at Baseclass.BaseUtility.<init>(BaseUtility.java:28)
at POM.LoginTestpage.<init>(LoginTestpage.java:13)
at Baseclass.BaseUtility.<init>(BaseUtility.java:28)
at POM.LoginTestpage.<init>(LoginTestpage.java:13)
at Baseclass.BaseUtility.<init>(BaseUtility.java:28)
at POM.LoginTestpage.<init>(LoginTestpage.java:13)
at Baseclass.BaseUtility.<init>(BaseUtility.java:28)
at POM.LoginTestpage.<init>(LoginTestpage.java:13)
at Baseclass.BaseUtility.<init>(BaseUtility.java:28)
at POM.LoginTestpage.<init>(LoginTestpage.java:13)
at Baseclass.BaseUtility.<init>(BaseUtility.java:28)
at POM.LoginTestpage.<init>(LoginTestpage.java:13)
at Baseclass.BaseUtility.<init>(BaseUtility.java:28)
at POM.LoginTestpage.<init>(LoginTestpage.java:13)
at Baseclass.BaseUtility.<init>(BaseUtility.java:28)
at POM.LoginTestpage.<init>(LoginTestpage.java:13)
at Baseclass.BaseUtility.<init>(BaseUtility.java:28)
at POM.LoginTestpage.<init>(LoginTestpage.java:13)
at Baseclass.BaseUtility.<init>(BaseUtility.java:28)
at POM.LoginTestpage.<init>(LoginTestpage.java:13)
at Baseclass.BaseUtility.<init>(BaseUtility.java:28)
at POM.LoginTestpage.<init>(LoginTestpage.java:13)
at Baseclass.BaseUtility.<init>(BaseUtility.java:28)
at POM.LoginTestpage.<init>(LoginTestpage.java:13)
at Baseclass.BaseUtility.<init>(BaseUtility.java:28)
at POM.LoginTestpage.<init>(LoginTestpage.java:13)
at Baseclass.BaseUtility.<init>(BaseUtility.java:28)
at POM.LoginTestpage.<init>(LoginTestpage.java:13)
at Baseclass.BaseUtility.<init>(BaseUtility.java:28)
at POM.LoginTestpage.<init>(LoginTestpage.java:13)
at Baseclass.BaseUtility.<init>(BaseUtility.java:28)
at POM.LoginTestpage.<init>(LoginTestpage.java:13)
at Baseclass.BaseUtility.<init>(BaseUtility.java:28)
at POM.LoginTestpage.<init>(LoginTestpage.java:13)
at Baseclass.BaseUtility.<init>(BaseUtility.java:28)
at POM.LoginTestpage.<init>(LoginTestpage.java:13)
at Baseclass.BaseUtility.<init>(BaseUtility.java:28)
at POM.LoginTestpage.<init>(LoginTestpage.java:13)
at Baseclass.BaseUtility.<init>(BaseUtility.java:28)
at POM.LoginTestpage.<init>(LoginTestpage.java:13)
at Baseclass.BaseUtility.<init>(BaseUtility.java:28)
at POM.LoginTestpage.<init>(LoginTestpage.java:13)
at Baseclass.BaseUtility.<init>(BaseUtility.java:28)
at POM.LoginTestpage.<init>(LoginTestpage.java:13)
at Baseclass.BaseUtility.<init>(BaseUtility.java:28)
at POM.LoginTestpage.<init>(LoginTestpage.java:13)
at Baseclass.BaseUtility.<init>(BaseUtility.java:28)
at POM.LoginTestpage.<init>(LoginTestpage.java:13)
at Baseclass.BaseUtility.<init>(BaseUtility.java:28)
at POM.LoginTestpage.<init>(LoginTestpage.java:13)
at Baseclass.BaseUtility.<init>(BaseUtility.java:28)
at POM.LoginTestpage.<init>(LoginTestpage.java:13)
at Baseclass.BaseUtility.<init>(BaseUtility.java:28)
at POM.LoginTestpage.<init>(LoginTestpage.java:13)
at Baseclass.BaseUtility.<init>(BaseUtility.java:28)
at POM.LoginTestpage.<init>(LoginTestpage.java:13)
at Baseclass.BaseUtility.<init>(BaseUtility.java:28)
at POM.LoginTestpage.<init>(LoginTestpage.java:13)
at Baseclass.BaseUtility.<init>(BaseUtility.java:28)
at POM.LoginTestpage.<init>(LoginTestpage.java:13)
at Baseclass.BaseUtility.<init>(BaseUtility.java:28)
at POM.LoginTestpage.<init>(LoginTestpage.java:13)
at Baseclass.BaseUtility.<init>(BaseUtility.java:28)
at POM.LoginTestpage.<init>(LoginTestpage.java:13)
at Baseclass.BaseUtility.<init>(BaseUtility.java:28)
at POM.LoginTestpage.<init>(LoginTestpage.java:13)
at Baseclass.BaseUtility.<init>(BaseUtility.java:28)
at POM.LoginTestpage.<init>(LoginTestpage.java:13)
at Baseclass.BaseUtility.<init>(BaseUtility.java:28)
at POM.LoginTestpage.<init>(LoginTestpage.java:13)
at Baseclass.BaseUtility.<init>(BaseUtility.java:28)
at POM.LoginTestpage.<init>(LoginTestpage.java:13)
at Baseclass.BaseUtility.<init>(BaseUtility.java:28)
at POM.LoginTestpage.<init>(LoginTestpage.java:13)
at Baseclass.BaseUtility.<init>(BaseUtility.java:28)
at POM.LoginTestpage.<init>(LoginTestpage.java:13)
at Baseclass.BaseUtility.<init>(BaseUtility.java:28)
at POM.LoginTestpage.<init>(LoginTestpage.java:13)
at Baseclass.BaseUtility.<init>(BaseUtility.java:28)
at POM.LoginTestpage.<init>(LoginTestpage.java:13)
at Baseclass.BaseUtility.<init>(BaseUtility.java:28)
at POM.LoginTestpage.<init>(LoginTestpage.java:13)
at Baseclass.BaseUtility.<init>(BaseUtility.java:28)
at POM.LoginTestpage.<init>(LoginTestpage.java:13)
at Baseclass.BaseUtility.<init>(BaseUtility.java:28)
at POM.LoginTestpage.<init>(LoginTestpage.java:13)
at Baseclass.BaseUtility.<init>(BaseUtility.java:28)
at POM.LoginTestpage.<init>(LoginTestpage.java:13)
at Baseclass.BaseUtility.<init>(BaseUtility.java:28)
at POM.LoginTestpage.<init>(LoginTestpage.java:13)
at Baseclass.BaseUtility.<init>(BaseUtility.java:28)
at POM.LoginTestpage.<init>(LoginTestpage.java:13)
at Baseclass.BaseUtility.<init>(BaseUtility.java:28)
at POM.LoginTestpage.<init>(LoginTestpage.java:13)
at Baseclass.BaseUtility.<init>(BaseUtility.java:28)
at POM.LoginTestpage.<init>(LoginTestpage.java:13)
at Baseclass.BaseUtility.<init>(BaseUtility.java:28)
at POM.LoginTestpage.<init>(LoginTestpage.java:13)
at Baseclass.BaseUtility.<init>(BaseUtility.java:28)
at POM.LoginTestpage.<init>(LoginTestpage.java:13)
at Baseclass.BaseUtility.<init>(BaseUtility.java:28)
at POM.LoginTestpage.<init>(LoginTestpage.java:13)
at Baseclass.BaseUtility.<init>(BaseUtility.java:28)
at POM.LoginTestpage.<init>(LoginTestpage.java:13)
at Baseclass.BaseUtility.<init>(BaseUtility.java:28)
at POM.LoginTestpage.<init>(LoginTestpage.java:13)
at Baseclass.BaseUtility.<init>(BaseUtility.java:28)
at POM.LoginTestpage.<init>(LoginTestpage.java:13)
at Baseclass.BaseUtility.<init>(BaseUtility.java:28)
at POM.LoginTestpage.<init>(LoginTestpage.java:13)
at Baseclass.BaseUtility.<init>(BaseUtility.java:28)
at POM.LoginTestpage.<init>(LoginTestpage.java:13)
at Baseclass.BaseUtility.<init>(BaseUtility.java:28)
at POM.LoginTestpage.<init>(LoginTestpage.java:13)
at Baseclass.BaseUtility.<init>(BaseUtility.java:28)
at POM.LoginTestpage.<init>(LoginTestpage.java:13)
at Baseclass.BaseUtility.<init>(BaseUtility.java:28)
at POM.LoginTestpage.<init>(LoginTestpage.java:13)
at Baseclass.BaseUtility.<init>(BaseUtility.java:28)
at POM.LoginTestpage.<init>(LoginTestpage.java:13)
at Baseclass.BaseUtility.<init>(BaseUtility.java:28)
at POM.LoginTestpage.<init>(LoginTestpage.java:13)
at Baseclass.BaseUtility.<init>(BaseUtility.java:28)
at POM.LoginTestpage.<init>(LoginTestpage.java:13)
at Baseclass.BaseUtility.<init>(BaseUtility.java:28)
at POM.LoginTestpage.<init>(LoginTestpage.java:13)
at Baseclass.BaseUtility.<init>(BaseUtility.java:28)
at POM.LoginTestpage.<init>(LoginTestpage.java:13)
at Baseclass.BaseUtility.<init>(BaseUtility.java:28)
at POM.LoginTestpage.<init>(LoginTestpage.java:13)
at Baseclass.BaseUtility.<init>(BaseUtility.java:28)
at POM.LoginTestpage.<init>(LoginTestpage.java:13)
at Baseclass.BaseUtility.<init>(BaseUtility.java:28)
at POM.LoginTestpage.<init>(LoginTestpage.java:13)
at Baseclass.BaseUtility.<init>(BaseUtility.java:28)
at POM.LoginTestpage.<init>(LoginTestpage.java:13)
at Baseclass.BaseUtility.<init>(BaseUtility.java:28)
at POM.LoginTestpage.<init>(LoginTestpage.java:13)
at Baseclass.BaseUtility.<init>(BaseUtility.java:28)
at POM.LoginTestpage.<init>(LoginTestpage.java:13)
at Baseclass.BaseUtility.<init>(BaseUtility.java:28)
at POM.LoginTestpage.<init>(LoginTestpage.java:13)
at Baseclass.BaseUtility.<init>(BaseUtility.java:28)
at POM.LoginTestpage.<init>(LoginTestpage.java:13)
at Baseclass.BaseUtility.<init>(BaseUtility.java:28)
at POM.LoginTestpage.<init>(LoginTestpage.java:13)
at Baseclass.BaseUtility.<init>(BaseUtility.java:28)
at POM.LoginTestpage.<init>(LoginTestpage.java:13)
at Baseclass.BaseUtility.<init>(BaseUtility.java:28)
at POM.LoginTestpage.<init>(LoginTestpage.java:13)
at Baseclass.BaseUtility.<init>(BaseUtility.java:28)
at POM.LoginTestpage.<init>(LoginTestpage.java:13)
at Baseclass.BaseUtility.<init>(BaseUtility.java:28)
at POM.LoginTestpage.<init>(LoginTestpage.java:13)
at Baseclass.BaseUtility.<init>(BaseUtility.java:28)
at POM.LoginTestpage.<init>(LoginTestpage.java:13)
at Baseclass.BaseUtility.<init>(BaseUtility.java:28)
at POM.LoginTestpage.<init>(LoginTestpage.java:13)
at Baseclass.BaseUtility.<init>(BaseUtility.java:28)
at POM.LoginTestpage.<init>(LoginTestpage.java:13)
at Baseclass.BaseUtility.<init>(BaseUtility.java:28)
at POM.LoginTestpage.<init>(LoginTestpage.java:13)
at Baseclass.BaseUtility.<init>(BaseUtility.java:28)
at POM.LoginTestpage.<init>(LoginTestpage.java:13)
at Baseclass.BaseUtility.<init>(BaseUtility.java:28)
at POM.LoginTestpage.<init>(LoginTestpage.java:13)
at Baseclass.BaseUtility.<init>(BaseUtility.java:28)
at POM.LoginTestpage.<init>(LoginTestpage.java:13)
at Baseclass.BaseUtility.<init>(BaseUtility.java:28)
at POM.LoginTestpage.<init>(LoginTestpage.java:13)
at Baseclass.BaseUtility.<init>(BaseUtility.java:28)
at POM.LoginTestpage.<init>(LoginTestpage.java:13)
at Baseclass.BaseUtility.<init>(BaseUtility.java:28)
at POM.LoginTestpage.<init>(LoginTestpage.java:13)
at Baseclass.BaseUtility.<init>(BaseUtility.java:28)
at POM.LoginTestpage.<init>(LoginTestpage.java:13)
at Baseclass.BaseUtility.<init>(BaseUtility.java:28)
at POM.LoginTestpage.<init>(LoginTestpage.java:13)
at Baseclass.BaseUtility.<init>(BaseUtility.java:28)
at POM.LoginTestpage.<init>(LoginTestpage.java:13)
at Baseclass.BaseUtility.<init>(BaseUtility.java:28)
at POM.LoginTestpage.<init>(LoginTestpage.java:13)
at Baseclass.BaseUtility.<init>(BaseUtility.java:28)
at POM.LoginTestpage.<init>(LoginTestpage.java:13)
at Baseclass.BaseUtility.<init>(BaseUtility.java:28)
at POM.LoginTestpage.<init>(LoginTestpage.java:13)
at Baseclass.BaseUtility.<init>(BaseUtility.java:28)
at POM.LoginTestpage.<init>(LoginTestpage.java:13)
at Baseclass.BaseUtility.<init>(BaseUtility.java:28)
at POM.LoginTestpage.<init>(LoginTestpage.java:13)
at Baseclass.BaseUtility.<init>(BaseUtility.java:28)
at POM.LoginTestpage.<init>(LoginTestpage.java:13)
at Baseclass.BaseUtility.<init>(BaseUtility.java:28)
at POM.LoginTestpage.<init>(LoginTestpage.java:13)
at Baseclass.BaseUtility.<init>(BaseUtility.java:28)
at POM.LoginTestpage.<init>(LoginTestpage.java:13)
at Baseclass.BaseUtility.<init>(BaseUtility.java:28)
at POM.LoginTestpage.<init>(LoginTestpage.java:13)
at Baseclass.BaseUtility.<init>(BaseUtility.java:28)
at POM.LoginTestpage.<init>(LoginTestpage.java:13)
at Baseclass.BaseUtility.<init>(BaseUtility.java:28)
at POM.LoginTestpage.<init>(LoginTestpage.java:13)
at Baseclass.BaseUtility.<init>(BaseUtility.java:28)
at POM.LoginTestpage.<init>(LoginTestpage.java:13)
at Baseclass.BaseUtility.<init>(BaseUtility.java:28)
at POM.LoginTestpage.<init>(LoginTestpage.java:13)
at Baseclass.BaseUtility.<init>(BaseUtility.java:28)
at POM.LoginTestpage.<init>(LoginTestpage.java:13)
at Baseclass.BaseUtility.<init>(BaseUtility.java:28)
at POM.LoginTestpage.<init>(LoginTestpage.java:13)
at Baseclass.BaseUtility.<init>(BaseUtility.java:28)
at POM.LoginTestpage.<init>(LoginTestpage.java:13)
at Baseclass.BaseUtility.<init>(BaseUtility.java:28)
at POM.LoginTestpage.<init>(LoginTestpage.java:13)
at Baseclass.BaseUtility.<init>(BaseUtility.java:28)
at POM.LoginTestpage.<init>(LoginTestpage.java:13)
at Baseclass.BaseUtility.<init>(BaseUtility.java:28)
at POM.LoginTestpage.<init>(LoginTestpage.java:13)
at Baseclass.BaseUtility.<init>(BaseUtility.java:28)
at POM.LoginTestpage.<init>(LoginTestpage.java:13)
at Baseclass.BaseUtility.<init>(BaseUtility.java:28)
at POM.LoginTestpage.<init>(LoginTestpage.java:13)
at Baseclass.BaseUtility.<init>(BaseUtility.java:28)
at POM.LoginTestpage.<init>(LoginTestpage.java:13)
at Baseclass.BaseUtility.<init>(BaseUtility.java:28)
at POM.LoginTestpage.<init>(LoginTestpage.java:13)
at Baseclass.BaseUtility.<init>(BaseUtility.java:28)
at POM.LoginTestpage.<init>(LoginTestpage.java:13)
at Baseclass.BaseUtility.<init>(BaseUtility.java:28)
at POM.LoginTestpage.<init>(LoginTestpage.java:13)
at Baseclass.BaseUtility.<init>(BaseUtility.java:28)
at POM.LoginTestpage.<init>(LoginTestpage.java:13)
at Baseclass.BaseUtility.<init>(BaseUtility.java:28)
at POM.LoginTestpage.<init>(LoginTestpage.java:13)
at Baseclass.BaseUtility.<init>(BaseUtility.java:28)
at POM.LoginTestpage.<init>(LoginTestpage.java:13)
at Baseclass.BaseUtility.<init>(BaseUtility.java:28)
at POM.LoginTestpage.<init>(LoginTestpage.java:13)
at Baseclass.BaseUtility.<init>(BaseUtility.java:28)
at POM.LoginTestpage.<init>(LoginTestpage.java:13)
at Baseclass.BaseUtility.<init>(BaseUtility.java:28)
at POM.LoginTestpage.<init>(LoginTestpage.java:13)
at Baseclass.BaseUtility.<init>(BaseUtility.java:28)
at POM.LoginTestpage.<init>(LoginTestpage.java:13)
at Baseclass.BaseUtility.<init>(BaseUtility.java:28)
at POM.LoginTestpage.<init>(LoginTestpage.java:13)
at Baseclass.BaseUtility.<init>(BaseUtility.java:28)
at POM.LoginTestpage.<init>(LoginTestpage.java:13)
at Baseclass.BaseUtility.<init>(BaseUtility.java:28)
at POM.LoginTestpage.<init>(LoginTestpage.java:13)
at Baseclass.BaseUtility.<init>(BaseUtility.java:28)
at POM.LoginTestpage.<init>(LoginTestpage.java:13)
at Baseclass.BaseUtility.<init>(BaseUtility.java:28)
at POM.LoginTestpage.<init>(LoginTestpage.java:13)
at Baseclass.BaseUtility.<init>(BaseUtility.java:28)
at POM.LoginTestpage.<init>(LoginTestpage.java:13)
at Baseclass.BaseUtility.<init>(BaseUtility.java:28)
at POM.LoginTestpage.<init>(LoginTestpage.java:13)
at Baseclass.BaseUtility.<init>(BaseUtility.java:28)
at POM.LoginTestpage.<init>(LoginTestpage.java:13)
at Baseclass.BaseUtility.<init>(BaseUtility.java:28)
at POM.LoginTestpage.<init>(LoginTestpage.java:13)
at Baseclass.BaseUtility.<init>(BaseUtility.java:28)
at POM.LoginTestpage.<init>(LoginTestpage.java:13)
at Baseclass.BaseUtility.<init>(BaseUtility.java:28)
at POM.LoginTestpage.<init>(LoginTestpage.java:13)
at Baseclass.BaseUtility.<init>(BaseUtility.java:28)
at POM.LoginTestpage.<init>(LoginTestpage.java:13)
at Baseclass.BaseUtility.<init>(BaseUtility.java:28)
at POM.LoginTestpage.<init>(LoginTestpage.java:13)
at Baseclass.BaseUtility.<init>(BaseUtility.java:28)
at POM.LoginTestpage.<init>(LoginTestpage.java:13)
at Baseclass.BaseUtility.<init>(BaseUtility.java:28)
at POM.LoginTestpage.<init>(LoginTestpage.java:13)
at Baseclass.BaseUtility.<init>(BaseUtility.java:28)
at POM.LoginTestpage.<init>(LoginTestpage.java:13)
at Baseclass.BaseUtility.<init>(BaseUtility.java:28)
at POM.LoginTestpage.<init>(LoginTestpage.java:13)
at Baseclass.BaseUtility.<init>(BaseUtility.java:28)
at POM.LoginTestpage.<init>(LoginTestpage.java:13)
at Baseclass.BaseUtility.<init>(BaseUtility.java:28)
at POM.LoginTestpage.<init>(LoginTestpage.java:13)
at Baseclass.BaseUtility.<init>(BaseUtility.java:28)
at POM.LoginTestpage.<init>(LoginTestpage.java:13)
at Baseclass.BaseUtility.<init>(BaseUtility.java:28)
at POM.LoginTestpage.<init>(LoginTestpage.java:13)
at Baseclass.BaseUtility.<init>(BaseUtility.java:28)
at POM.LoginTestpage.<init>(LoginTestpage.java:13)
at Baseclass.BaseUtility.<init>(BaseUtility.java:28)
at POM.LoginTestpage.<init>(LoginTestpage.java:13)
at Baseclass.BaseUtility.<init>(BaseUtility.java:28)
at POM.LoginTestpage.<init>(LoginTestpage.java:13)
at Baseclass.BaseUtility.<init>(BaseUtility.java:28)
at POM.LoginTestpage.<init>(LoginTestpage.java:13)
at Baseclass.BaseUtility.<init>(BaseUtility.java:28)
at POM.LoginTestpage.<init>(LoginTestpage.java:13)
at Baseclass.BaseUtility.<init>(BaseUtility.java:28)
at POM.LoginTestpage.<init>(LoginTestpage.java:13)
at Baseclass.BaseUtility.<init>(BaseUtility.java:28)
at POM.LoginTestpage.<init>(LoginTestpage.java:13)
at Baseclass.BaseUtility.<init>(BaseUtility.java:28)
at POM.LoginTestpage.<init>(LoginTestpage.java:13)
at Baseclass.BaseUtility.<init>(BaseUtility.java:28)
at POM.LoginTestpage.<init>(LoginTestpage.java:13)
at Baseclass.BaseUtility.<init>(BaseUtility.java:28)
at POM.LoginTestpage.<init>(LoginTestpage.java:13)
at Baseclass.BaseUtility.<init>(BaseUtility.java:28)
at POM.LoginTestpage.<init>(LoginTestpage.java:13)
at Baseclass.BaseUtility.<init>(BaseUtility.java:28)
at POM.LoginTestpage.<init>(LoginTestpage.java:13)
at Baseclass.BaseUtility.<init>(BaseUtility.java:28)
at POM.LoginTestpage.<init>(LoginTestpage.java:13)
at Baseclass.BaseUtility.<init>(BaseUtility.java:28)
at POM.LoginTestpage.<init>(LoginTestpage.java:13)
at Baseclass.BaseUtility.<init>(BaseUtility.java:28)
at POM.LoginTestpage.<init>(LoginTestpage.java:13)
at Baseclass.BaseUtility.<init>(BaseUtility.java:28)
at POM.LoginTestpage.<init>(LoginTestpage.java:13)
at Baseclass.BaseUtility.<init>(BaseUtility.java:28)
at POM.LoginTestpage.<init>(LoginTestpage.java:13)
at Baseclass.BaseUtility.<init>(BaseUtility.java:28)
at POM.LoginTestpage.<init>(LoginTestpage.java:13)
at Baseclass.BaseUtility.<init>(BaseUtility.java:28)
at POM.LoginTestpage.<init>(LoginTestpage.java:13)
at Baseclass.BaseUtility.<init>(BaseUtility.java:28)
at POM.LoginTestpage.<init>(LoginTestpage.java:13)
at Baseclass.BaseUtility.<init>(BaseUtility.java:28)
at POM.LoginTestpage.<init>(LoginTestpage.java:13)
at Baseclass.BaseUtility.<init>(BaseUtility.java:28)
at POM.LoginTestpage.<init>(LoginTestpage.java:13)
at Baseclass.BaseUtility.<init>(BaseUtility.java:28)
at POM.LoginTestpage.<init>(LoginTestpage.java:13)
at Baseclass.BaseUtility.<init>(BaseUtility.java:28)
at POM.LoginTestpage.<init>(LoginTestpage.java:13)
at Baseclass.BaseUtility.<init>(BaseUtility.java:28)
at POM.LoginTestpage.<init>(LoginTestpage.java:13)
at Baseclass.BaseUtility.<init>(BaseUtility.java:28)
at POM.LoginTestpage.<init>(LoginTestpage.java:13)
at Baseclass.BaseUtility.<init>(BaseUtility.java:28)
at POM.LoginTestpage.<init>(LoginTestpage.java:13)
at Baseclass.BaseUtility.<init>(BaseUtility.java:28)
at POM.LoginTestpage.<init>(LoginTestpage.java:13)
at Baseclass.BaseUtility.<init>(BaseUtility.java:28)
at POM.LoginTestpage.<init>(LoginTestpage.java:13)
at Baseclass.BaseUtility.<init>(BaseUtility.java:28)
at POM.LoginTestpage.<init>(LoginTestpage.java:13)
at Baseclass.BaseUtility.<init>(BaseUtility.java:28)
at POM.LoginTestpage.<init>(LoginTestpage.java:13)
at Baseclass.BaseUtility.<init>(BaseUtility.java:28)
at POM.LoginTestpage.<init>(LoginTestpage.java:13)
at Baseclass.BaseUtility.<init>(BaseUtility.java:28)
at POM.LoginTestpage.<init>(LoginTestpage.java:13)
at Baseclass.BaseUtility.<init>(BaseUtility.java:28)
at POM.LoginTestpage.<init>(LoginTestpage.java:13)
at Baseclass.BaseUtility.<init>(BaseUtility.java:28)
at POM.LoginTestpage.<init>(LoginTestpage.java:13)
at Baseclass.BaseUtility.<init>(BaseUtility.java:28)
at POM.LoginTestpage.<init>(LoginTestpage.java:13)
at Baseclass.BaseUtility.<init>(BaseUtility.java:28)
at POM.LoginTestpage.<init>(LoginTestpage.java:13)
at Baseclass.BaseUtility.<init>(BaseUtility.java:28)
at POM.LoginTestpage.<init>(LoginTestpage.java:13)
at Baseclass.BaseUtility.<init>(BaseUtility.java:28)
at POM.LoginTestpage.<init>(LoginTestpage.java:13)
at Baseclass.BaseUtility.<init>(BaseUtility.java:28)
at POM.LoginTestpage.<init>(LoginTestpage.java:13)
at Baseclass.BaseUtility.<init>(BaseUtility.java:28)
at POM.LoginTestpage.<init>(LoginTestpage.java:13)
at Baseclass.BaseUtility.<init>(BaseUtility.java:28)
at POM.LoginTestpage.<init>(LoginTestpage.java:13)
at Baseclass.BaseUtility.<init>(BaseUtility.java:28)
at POM.LoginTestpage.<init>(LoginTestpage.java:13)
at Baseclass.BaseUtility.<init>(BaseUtility.java:28)
at POM.LoginTestpage.<init>(LoginTestpage.java:13)
at Baseclass.BaseUtility.<init>(BaseUtility.java:28)
at POM.LoginTestpage.<init>(LoginTestpage.java:13)
at Baseclass.BaseUtility.<init>(BaseUtility.java:28)
at POM.LoginTestpage.<init>(LoginTestpage.java:13)
at Baseclass.BaseUtility.<init>(BaseUtility.java:28)
at POM.LoginTestpage.<init>(LoginTestpage.java:13)
at Baseclass.BaseUtility.<init>(BaseUtility.java:28)
at POM.LoginTestpage.<init>(LoginTestpage.java:13)
at Baseclass.BaseUtility.<init>(BaseUtility.java:28)
at POM.LoginTestpage.<init>(LoginTestpage.java:13)
at Baseclass.BaseUtility.<init>(BaseUtility.java:28)
at POM.LoginTestpage.<init>(LoginTestpage.java:13)
at Baseclass.BaseUtility.<init>(BaseUtility.java:28)
at POM.LoginTestpage.<init>(LoginTestpage.java:13)
at Baseclass.BaseUtility.<init>(BaseUtility.java:28)
at POM.LoginTestpage.<init>(LoginTestpage.java:13)
at Baseclass.BaseUtility.<init>(BaseUtility.java:28)
at POM.LoginTestpage.<init>(LoginTestpage.java:13)
at Baseclass.BaseUtility.<init>(BaseUtility.java:28)
at POM.LoginTestpage.<init>(LoginTestpage.java:13)
at Baseclass.BaseUtility.<init>(BaseUtility.java:28)
at POM.LoginTestpage.<init>(LoginTestpage.java:13)
at Baseclass.BaseUtility.<init>(BaseUtility.java:28)
at POM.LoginTestpage.<init>(LoginTestpage.java:13)
at Baseclass.BaseUtility.<init>(BaseUtility.java:28)
at POM.LoginTestpage.<init>(LoginTestpage.java:13)
at Baseclass.BaseUtility.<init>(BaseUtility.java:28)
at POM.LoginTestpage.<init>(LoginTestpage.java:13)
at Baseclass.BaseUtility.<init>(BaseUtility.java:28)
at POM.LoginTestpage.<init>(LoginTestpage.java:13)
at Baseclass.BaseUtility.<init>(BaseUtility.java:28)
at POM.LoginTestpage.<init>(LoginTestpage.java:13)
at Baseclass.BaseUtility.<init>(BaseUtility.java:28)
at POM.LoginTestpage.<init>(LoginTestpage.java:13)
at Baseclass.BaseUtility.<init>(BaseUtility.java:28)
at POM.LoginTestpage.<init>(LoginTestpage.java:13)
at Baseclass.BaseUtility.<init>(BaseUtility.java:28)
at POM.LoginTestpage.<init>(LoginTestpage.java:13)
at Baseclass.BaseUtility.<init>(BaseUtility.java:28)
at POM.LoginTestpage.<init>(LoginTestpage.java:13)
at Baseclass.BaseUtility.<init>(BaseUtility.java:28)
at POM.LoginTestpage.<init>(LoginTestpage.java:13)
at Baseclass.BaseUtility.<init>(BaseUtility.java:28)
at POM.LoginTestpage.<init>(LoginTestpage.java:13)
at Baseclass.BaseUtility.<init>(BaseUtility.java:28)
at POM.LoginTestpage.<init>(LoginTestpage.java:13)
at Baseclass.BaseUtility.<init>(BaseUtility.java:28)
at POM.LoginTestpage.<init>(LoginTestpage.java:13)
at Baseclass.BaseUtility.<init>(BaseUtility.java:28)
at POM.LoginTestpage.<init>(LoginTestpage.java:13)
at Baseclass.BaseUtility.<init>(BaseUtility.java:28)
at POM.LoginTestpage.<init>(LoginTestpage.java:13)
at Baseclass.BaseUtility.<init>(BaseUtility.java:28)
at POM.LoginTestpage.<init>(LoginTestpage.java:13)
at Baseclass.BaseUtility.<init>(BaseUtility.java:28)
at POM.LoginTestpage.<init>(LoginTestpage.java:13)
at Baseclass.BaseUtility.<init>(BaseUtility.java:28)
at POM.LoginTestpage.<init>(LoginTestpage.java:13)
at Baseclass.BaseUtility.<init>(BaseUtility.java:28)
at POM.LoginTestpage.<init>(LoginTestpage.java:13)
at Baseclass.BaseUtility.<init>(BaseUtility.java:28)
at POM.LoginTestpage.<init>(LoginTestpage.java:13)
at Baseclass.BaseUtility.<init>(BaseUtility.java:28)
at POM.LoginTestpage.<init>(LoginTestpage.java:13)
at Baseclass.BaseUtility.<init>(BaseUtility.java:28)
at POM.LoginTestpage.<init>(LoginTestpage.java:13)
at Baseclass.BaseUtility.<init>(BaseUtility.java:28)
at POM.LoginTestpage.<init>(LoginTestpage.java:13)
at Baseclass.BaseUtility.<init>(BaseUtility.java:28)
at POM.LoginTestpage.<init>(LoginTestpage.java:13)
at Baseclass.BaseUtility.<init>(BaseUtility.java:28)
at POM.LoginTestpage.<init>(LoginTestpage.java:13)
at Baseclass.BaseUtility.<init>(BaseUtility.java:28)
at POM.LoginTestpage.<init>(LoginTestpage.java:13)
at Baseclass.BaseUtility.<init>(BaseUtility.java:28)
at POM.LoginTestpage.<init>(LoginTestpage.java:13)
at Baseclass.BaseUtility.<init>(BaseUtility.java:28)
at POM.LoginTestpage.<init>(LoginTestpage.java:13)
at Baseclass.BaseUtility.<init>(BaseUtility.java:28)
at POM.LoginTestpage.<init>(LoginTestpage.java:13)
at Baseclass.BaseUtility.<init>(BaseUtility.java:28)
at POM.LoginTestpage.<init>(LoginTestpage.java:13)
at Baseclass.BaseUtility.<init>(BaseUtility.java:28)
at POM.LoginTestpage.<init>(LoginTestpage.java:13)
at Baseclass.BaseUtility.<init>(BaseUtility.java:28)
at POM.LoginTestpage.<init>(LoginTestpage.java:13)
at Baseclass.BaseUtility.<init>(BaseUtility.java:28)
at POM.LoginTestpage.<init>(LoginTestpage.java:13)
at Baseclass.BaseUtility.<init>(BaseUtility.java:28)
at POM.LoginTestpage.<init>(LoginTestpage.java:13)
at Baseclass.BaseUtility.<init>(BaseUtility.java:28)
at POM.LoginTestpage.<init>(LoginTestpage.java:13)
at Baseclass.BaseUtility.<init>(BaseUtility.java:28)
at POM.LoginTestpage.<init>(LoginTestpage.java:13)
at Baseclass.BaseUtility.<init>(BaseUtility.java:28)
at POM.LoginTestpage.<init>(LoginTestpage.java:13)
at Baseclass.BaseUtility.<init>(BaseUtility.java:28)
at POM.LoginTestpage.<init>(LoginTestpage.java:13)
at Baseclass.BaseUtility.<init>(BaseUtility.java:28)
at POM.LoginTestpage.<init>(LoginTestpage.java:13)
at Baseclass.BaseUtility.<init>(BaseUtility.java:28)
at POM.LoginTestpage.<init>(LoginTestpage.java:13)
at Baseclass.BaseUtility.<init>(BaseUtility.java:28)
at POM.LoginTestpage.<init>(LoginTestpage.java:13)
at Baseclass.BaseUtility.<init>(BaseUtility.java:28)
at POM.LoginTestpage.<init>(LoginTestpage.java:13)
at Baseclass.BaseUtility.<init>(BaseUtility.java:28)
at POM.LoginTestpage.<init>(LoginTestpage.java:13)
at Baseclass.BaseUtility.<init>(BaseUtility.java:28)
at POM.LoginTestpage.<init>(LoginTestpage.java:13)
at Baseclass.BaseUtility.<init>(BaseUtility.java:28)
at POM.LoginTestpage.<init>(LoginTestpage.java:13)
at Baseclass.BaseUtility.<init>(BaseUtility.java:28)
at POM.LoginTestpage.<init>(LoginTestpage.java:13)
at Baseclass.BaseUtility.<init>(BaseUtility.java:28)
at POM.LoginTestpage.<init>(LoginTestpage.java:13)
at Baseclass.BaseUtility.<init>(BaseUtility.java:28)
at POM.LoginTestpage.<init>(LoginTestpage.java:13)
at Baseclass.BaseUtility.<init>(BaseUtility.java:28)
at POM.LoginTestpage.<init>(LoginTestpage.java:13)
at Baseclass.BaseUtility.<init>(BaseUtility.java:28)
at POM.LoginTestpage.<init>(LoginTestpage.java:13)
at Baseclass.BaseUtility.<init>(BaseUtility.java:28)
at POM.LoginTestpage.<init>(LoginTestpage.java:13)
at Baseclass.BaseUtility.<init>(BaseUtility.java:28)
at POM.LoginTestpage.<init>(LoginTestpage.java:13)
at Baseclass.BaseUtility.<init>(BaseUtility.java:28)
at POM.LoginTestpage.<init>(LoginTestpage.java:13)
at Baseclass.BaseUtility.<init>(BaseUtility.java:28)
at POM.LoginTestpage.<init>(LoginTestpage.java:13)
at Baseclass.BaseUtility.<init>(BaseUtility.java:28)
at POM.LoginTestpage.<init>(LoginTestpage.java:13)
at Baseclass.BaseUtility.<init>(BaseUtility.java:28)
at POM.LoginTestpage.<init>(LoginTestpage.java:13)
at Baseclass.BaseUtility.<init>(BaseUtility.java:28)
at POM.LoginTestpage.<init>(LoginTestpage.java:13)
at Baseclass.BaseUtility.<init>(BaseUtility.java:28)
at POM.LoginTestpage.<init>(LoginTestpage.java:13)
at Baseclass.BaseUtility.<init>(BaseUtility.java:28)
at POM.LoginTestpage.<init>(LoginTestpage.java:13)
at Baseclass.BaseUtility.<init>(BaseUtility.java:28)
at POM.LoginTestpage.<init>(LoginTestpage.java:13)
at Baseclass.BaseUtility.<init>(BaseUtility.java:28)
at POM.LoginTestpage.<init>(LoginTestpage.java:13)
at Baseclass.BaseUtility.<init>(BaseUtility.java:28)
at POM.LoginTestpage.<init>(LoginTestpage.java:13)
at Baseclass.BaseUtility.<init>(BaseUtility.java:28)
at POM.LoginTestpage.<init>(LoginTestpage.java:13)
at Baseclass.BaseUtility.<init>(BaseUtility.java:28)
at POM.LoginTestpage.<init>(LoginTestpage.java:13)
at Baseclass.BaseUtility.<init>(BaseUtility.java:28)
at POM.LoginTestpage.<init>(LoginTestpage.java:13)
at Baseclass.BaseUtility.<init>(BaseUtility.java:28)
at POM.LoginTestpage.<init>(LoginTestpage.java:13)
at Baseclass.BaseUtility.<init>(BaseUtility.java:28)
at POM.LoginTestpage.<init>(LoginTestpage.java:13)
at Baseclass.BaseUtility.<init>(BaseUtility.java:28)
at POM.LoginTestpage.<init>(LoginTestpage.java:13)
at Baseclass.BaseUtility.<init>(BaseUtility.java:28)
at POM.LoginTestpage.<init>(LoginTestpage.java:13)
at Baseclass.BaseUtility.<init>(BaseUtility.java:28)
at POM.LoginTestpage.<init>(LoginTestpage.java:13)
at Baseclass.BaseUtility.<init>(BaseUtility.java:28)
at POM.LoginTestpage.<init>(LoginTestpage.java:13)
at Baseclass.BaseUtility.<init>(BaseUtility.java:28)
at POM.LoginTestpage.<init>(LoginTestpage.java:13)
at Baseclass.BaseUtility.<init>(BaseUtility.java:28)
at POM.LoginTestpage.<init>(LoginTestpage.java:13)
at Baseclass.BaseUtility.<init>(BaseUtility.java:28)
at POM.LoginTestpage.<init>(LoginTestpage.java:13)
at Baseclass.BaseUtility.<init>(BaseUtility.java:28)
at POM.LoginTestpage.<init>(LoginTestpage.java:13)
at Baseclass.BaseUtility.<init>(BaseUtility.java:28)
at POM.LoginTestpage.<init>(LoginTestpage.java:13)
at Baseclass.BaseUtility.<init>(BaseUtility.java:28)
at POM.LoginTestpage.<init>(LoginTestpage.java:13)
at Baseclass.BaseUtility.<init>(BaseUtility.java:28)
at POM.LoginTestpage.<init>(LoginTestpage.java:13)
at Baseclass.BaseUtility.<init>(BaseUtility.java:28)
at POM.LoginTestpage.<init>(LoginTestpage.java:13)
at Baseclass.BaseUtility.<init>(BaseUtility.java:28)
at POM.LoginTestpage.<init>(LoginTestpage.java:13)
at Baseclass.BaseUtility.<init>(BaseUtility.java:28)
at POM.LoginTestpage.<init>(LoginTestpage.java:13)
at Baseclass.BaseUtility.<init>(BaseUtility.java:28)
at POM.LoginTestpage.<init>(LoginTestpage.java:13)
at Baseclass.BaseUtility.<init>(BaseUtility.java:28)
at POM.LoginTestpage.<init>(LoginTestpage.java:13)
at Baseclass.BaseUtility.<init>(BaseUtility.java:28)
at POM.LoginTestpage.<init>(LoginTestpage.java:13)
at Baseclass.BaseUtility.<init>(BaseUtility.java:28)
at POM.LoginTestpage.<init>(LoginTestpage.java:13)
at Baseclass.BaseUtility.<init>(BaseUtility.java:28)
at POM.LoginTestpage.<init>(LoginTestpage.java:13)
at Baseclass.BaseUtility.<init>(BaseUtility.java:28)
at POM.LoginTestpage.<init>(LoginTestpage.java:13)
at Baseclass.BaseUtility.<init>(BaseUtility.java:28)
at POM.LoginTestpage.<init>(LoginTestpage.java:13)
at Baseclass.BaseUtility.<init>(BaseUtility.java:28)
at POM.LoginTestpage.<init>(LoginTestpage.java:13)
at Baseclass.BaseUtility.<init>(BaseUtility.java:28)
at POM.LoginTestpage.<init>(LoginTestpage.java:13)
at Baseclass.BaseUtility.<init>(BaseUtility.java:28)
at POM.LoginTestpage.<init>(LoginTestpage.java:13)
at Baseclass.BaseUtility.<init>(BaseUtility.java:28)
at POM.LoginTestpage.<init>(LoginTestpage.java:13)
at Baseclass.BaseUtility.<init>(BaseUtility.java:28)
at POM.LoginTestpage.<init>(LoginTestpage.java:13)
at Baseclass.BaseUtility.<init>(BaseUtility.java:28)
at POM.LoginTestpage.<init>(LoginTestpage.java:13)
at Baseclass.BaseUtility.<init>(BaseUtility.java:28)
at POM.LoginTestpage.<init>(LoginTestpage.java:13)
at Baseclass.BaseUtility.<init>(BaseUtility.java:28)
at POM.LoginTestpage.<init>(LoginTestpage.java:13)
at Baseclass.BaseUtility.<init>(BaseUtility.java:28)
at POM.LoginTestpage.<init>(LoginTestpage.java:13)
at Baseclass.BaseUtility.<init>(BaseUtility.java:28)
at POM.LoginTestpage.<init>(LoginTestpage.java:13)
at Baseclass.BaseUtility.<init>(BaseUtility.java:28)
at POM.LoginTestpage.<init>(LoginTestpage.java:13)
at Baseclass.BaseUtility.<init>(BaseUtility.java:28)
at POM.LoginTestpage.<init>(LoginTestpage.java:13)
at Baseclass.BaseUtility.<init>(BaseUtility.java:28)
at POM.LoginTestpage.<init>(LoginTestpage.java:13)
at Baseclass.BaseUtility.<init>(BaseUtility.java:28)
at POM.LoginTestpage.<init>(LoginTestpage.java:13)
at Baseclass.BaseUtility.<init>(BaseUtility.java:28)
at POM.LoginTestpage.<init>(LoginTestpage.java:13)
at Baseclass.BaseUtility.<init>(BaseUtility.java:28)
at POM.LoginTestpage.<init>(LoginTestpage.java:13)
at Baseclass.BaseUtility.<init>(BaseUtility.java:28)
at POM.LoginTestpage.<init>(LoginTestpage.java:13)
at Baseclass.BaseUtility.<init>(BaseUtility.java:28)
at POM.LoginTestpage.<init>(LoginTestpage.java:13)
at Baseclass.BaseUtility.<init>(BaseUtility.java:28)
at POM.LoginTestpage.<init>(LoginTestpage.java:13)
at Baseclass.BaseUtility.<init>(BaseUtility.java:28)
at POM.LoginTestpage.<init>(LoginTestpage.java:13)
at Baseclass.BaseUtility.<init>(BaseUtility.java:28)
at POM.LoginTestpage.<init>(LoginTestpage.java:13)
at Baseclass.BaseUtility.<init>(BaseUtility.java:28)
at POM.LoginTestpage.<init>(LoginTestpage.java:13)
at Baseclass.BaseUtility.<init>(BaseUtility.java:28)
at POM.LoginTestpage.<init>(LoginTestpage.java:13)
at Baseclass.BaseUtility.<init>(BaseUtility.java:28)
at POM.LoginTestpage.<init>(LoginTestpage.java:13)
at Baseclass.BaseUtility.<init>(BaseUtility.java:28)
at POM.LoginTestpage.<init>(LoginTestpage.java:13)
at Baseclass.BaseUtility.<init>(BaseUtility.java:28)
at POM.LoginTestpage.<init>(LoginTestpage.java:13)
at Baseclass.BaseUtility.<init>(BaseUtility.java:28)
at POM.LoginTestpage.<init>(LoginTestpage.java:13)
at Baseclass.BaseUtility.<init>(BaseUtility.java:28)
at POM.LoginTestpage.<init>(LoginTestpage.java:13)
at Baseclass.BaseUtility.<init>(BaseUtility.java:28)
at POM.LoginTestpage.<init>(LoginTestpage.java:13)
at Baseclass.BaseUtility.<init>(BaseUtility.java:28)
at POM.LoginTestpage.<init>(LoginTestpage.java:13)
at Baseclass.BaseUtility.<init>(BaseUtility.java:28)
at POM.LoginTestpage.<init>(LoginTestpage.java:13)
at Baseclass.BaseUtility.<init>(BaseUtility.java:28)
at POM.LoginTestpage.<init>(LoginTestpage.java:13)
at Baseclass.BaseUtility.<init>(BaseUtility.java:28)
at POM.LoginTestpage.<init>(LoginTestpage.java:13)
at Baseclass.BaseUtility.<init>(BaseUtility.java:28)
at POM.LoginTestpage.<init>(LoginTestpage.java:13)
at Baseclass.BaseUtility.<init>(BaseUtility.java:28)
at POM.LoginTestpage.<init>(LoginTestpage.java:13)
at Baseclass.BaseUtility.<init>(BaseUtility.java:28)
at POM.LoginTestpage.<init>(LoginTestpage.java:13)
at Baseclass.BaseUtility.<init>(BaseUtility.java:28)
at POM.LoginTestpage.<init>(LoginTestpage.java:13)
at Baseclass.BaseUtility.<init>(BaseUtility.java:28)
at POM.LoginTestpage.<init>(LoginTestpage.java:13)
at Baseclass.BaseUtility.<init>(BaseUtility.java:28)
at POM.LoginTestpage.<init>(LoginTestpage.java:13)
at Baseclass.BaseUtility.<init>(BaseUtility.java:28)
at POM.LoginTestpage.<init>(LoginTestpage.java:13)
at Baseclass.BaseUtility.<init>(BaseUtility.java:28)
at POM.LoginTestpage.<init>(LoginTestpage.java:13)
at Baseclass.BaseUtility.<init>(BaseUtility.java:28)
at POM.LoginTestpage.<init>(LoginTestpage.java:13)
at Baseclass.BaseUtility.<init>(BaseUtility.java:28)
at POM.LoginTestpage.<init>(LoginTestpage.java:13)
at Baseclass.BaseUtility.<init>(BaseUtility.java:28)
at POM.LoginTestpage.<init>(LoginTestpage.java:13)
at Baseclass.BaseUtility.<init>(BaseUtility.java:28)
at POM.LoginTestpage.<init>(LoginTestpage.java:13)
at Baseclass.BaseUtility.<init>(BaseUtility.java:28)
at POM.LoginTestpage.<init>(LoginTestpage.java:13)
at Baseclass.BaseUtility.<init>(BaseUtility.java:28)
at POM.LoginTestpage.<init>(LoginTestpage.java:13)
at Baseclass.BaseUtility.<init>(BaseUtility.java:28)
at POM.LoginTestpage.<init>(LoginTestpage.java:13)
at Baseclass.BaseUtility.<init>(BaseUtility.java:28)
at POM.LoginTestpage.<init>(LoginTestpage.java:13)
at Baseclass.BaseUtility.<init>(BaseUtility.java:28)
at POM.LoginTestpage.<init>(LoginTestpage.java:13)
at Baseclass.BaseUtility.<init>(BaseUtility.java:28)
at POM.LoginTestpage.<init>(LoginTestpage.java:13)
at Baseclass.BaseUtility.<init>(BaseUtility.java:28)
at POM.LoginTestpage.<init>(LoginTestpage.java:13)
at Baseclass.BaseUtility.<init>(BaseUtility.java:28)
at POM.LoginTestpage.<init>(LoginTestpage.java:13)
at Baseclass.BaseUtility.<init>(BaseUtility.java:28)
at POM.LoginTestpage.<init>(LoginTestpage.java:13)
at Baseclass.BaseUtility.<init>(BaseUtility.java:28)
at POM.LoginTestpage.<init>(LoginTestpage.java:13)
at Baseclass.BaseUtility.<init>(BaseUtility.java:28)
at POM.LoginTestpage.<init>(LoginTestpage.java:13)
at Baseclass.BaseUtility.<init>(BaseUtility.java:28)
at POM.LoginTestpage.<init>(LoginTestpage.java:13)
at Baseclass.BaseUtility.<init>(BaseUtility.java:28)
at POM.LoginTestpage.<init>(LoginTestpage.java:13)
at Baseclass.BaseUtility.<init>(BaseUtility.java:28)
at POM.LoginTestpage.<init>(LoginTestpage.java:13)
at Baseclass.BaseUtility.<init>(BaseUtility.java:28)
at POM.LoginTestpage.<init>(LoginTestpage.java:13)
at Baseclass.BaseUtility.<init>(BaseUtility.java:28)
at POM.LoginTestpage.<init>(LoginTestpage.java:13)
at Baseclass.BaseUtility.<init>(BaseUtility.java:28)
at POM.LoginTestpage.<init>(LoginTestpage.java:13)
at Baseclass.BaseUtility.<init>(BaseUtility.java:28)
at POM.LoginTestpage.<init>(LoginTestpage.java:13)
at Baseclass.BaseUtility.<init>(BaseUtility.java:28)
at POM.LoginTestpage.<init>(LoginTestpage.java:13)
at Baseclass.BaseUtility.<init>(BaseUtility.java:28)
at POM.LoginTestpage.<init>(LoginTestpage.java:13)
at Baseclass.BaseUtility.<init>(BaseUtility.java:28)
at POM.LoginTestpage.<init>(LoginTestpage.java:13)
at Baseclass.BaseUtility.<init>(BaseUtility.java:28)
at POM.LoginTestpage.<init>(LoginTestpage.java:13)
at Baseclass.BaseUtility.<init>(BaseUtility.java:28)
at POM.LoginTestpage.<init>(LoginTestpage.java:13)
at Baseclass.BaseUtility.<init>(BaseUtility.java:28)
at POM.LoginTestpage.<init>(LoginTestpage.java:13)
at Baseclass.BaseUtility.<init>(BaseUtility.java:28)
at POM.LoginTestpage.<init>(LoginTestpage.java:13)
at Baseclass.BaseUtility.<init>(BaseUtility.java:28)
at POM.LoginTestpage.<init>(LoginTestpage.java:13)
at Baseclass.BaseUtility.<init>(BaseUtility.java:28)
at POM.LoginTestpage.<init>(LoginTestpage.java:13)
at Baseclass.BaseUtility.<init>(BaseUtility.java:28)
at POM.LoginTestpage.<init>(LoginTestpage.java:13)
at Baseclass.BaseUtility.<init>(BaseUtility.java:28)
at POM.LoginTestpage.<init>(LoginTestpage.java:13)
at Baseclass.BaseUtility.<init>(BaseUtility.java:28)
at POM.LoginTestpage.<init>(LoginTestpage.java:13)
at Baseclass.BaseUtility.<init>(BaseUtility.java:28)
at POM.LoginTestpage.<init>(LoginTestpage.java:13)
at Baseclass.BaseUtility.<init>(BaseUtility.java:28)
at POM.LoginTestpage.<init>(LoginTestpage.java:13)
at Baseclass.BaseUtility.<init>(BaseUtility.java:28)
at POM.LoginTestpage.<init>(LoginTestpage.java:13)
at Baseclass.BaseUtility.<init>(BaseUtility.java:28)
at POM.LoginTestpage.<init>(LoginTestpage.java:13)
at Baseclass.BaseUtility.<init>(BaseUtility.java:28)
at POM.LoginTestpage.<init>(LoginTestpage.java:13)
at Baseclass.BaseUtility.<init>(BaseUtility.java:28)
at POM.LoginTestpage.<init>(LoginTestpage.java:13)
at Baseclass.BaseUtility.<init>(BaseUtility.java:28)
at POM.LoginTestpage.<init>(LoginTestpage.java:13)
at Baseclass.BaseUtility.<init>(BaseUtility.java:28)
at POM.LoginTestpage.<init>(LoginTestpage.java:13)
at Baseclass.BaseUtility.<init>(BaseUtility.java:28)
at POM.LoginTestpage.<init>(LoginTestpage.java:13)
at Baseclass.BaseUtility.<init>(BaseUtility.java:28)
at POM.LoginTestpage.<init>(LoginTestpage.java:13)
at Baseclass.BaseUtility.<init>(BaseUtility.java:28)
at POM.LoginTestpage.<init>(LoginTestpage.java:13)
at Baseclass.BaseUtility.<init>(BaseUtility.java:28)
at POM.LoginTestpage.<init>(LoginTestpage.java:13)
at Baseclass.BaseUtility.<init>(BaseUtility.java:28)
at POM.LoginTestpage.<init>(LoginTestpage.java:13)
at Baseclass.BaseUtility.<init>(BaseUtility.java:28)
at POM.LoginTestpage.<init>(LoginTestpage.java:13)
at Baseclass.BaseUtility.<init>(BaseUtility.java:28)
at POM.LoginTestpage.<init>(LoginTestpage.java:13)
at Baseclass.BaseUtility.<init>(BaseUtility.java:28)
at POM.LoginTestpage.<init>(LoginTestpage.java:13)
at Baseclass.BaseUtility.<init>(BaseUtility.java:28)
at POM.LoginTestpage.<init>(LoginTestpage.java:13)
at Baseclass.BaseUtility.<init>(BaseUtility.java:28)
at POM.LoginTestpage.<init>(LoginTestpage.java:13)
at Baseclass.BaseUtility.<init>(BaseUtility.java:28)
at POM.LoginTestpage.<init>(LoginTestpage.java:13)
at Baseclass.BaseUtility.<init>(BaseUtility.java:28)
at POM.LoginTestpage.<init>(LoginTestpage.java:13)
at Baseclass.BaseUtility.<init>(BaseUtility.java:28)
at POM.LoginTestpage.<init>(LoginTestpage.java:13)
at Baseclass.BaseUtility.<init>(BaseUtility.java:28)
at POM.LoginTestpage.<init>(LoginTestpage.java:13)
at Baseclass.BaseUtility.<init>(BaseUtility.java:28)
at POM.LoginTestpage.<init>(LoginTestpage.java:13)
at Baseclass.BaseUtility.<init>(BaseUtility.java:28)
at POM.LoginTestpage.<init>(LoginTestpage.java:13)
at Baseclass.BaseUtility.<init>(BaseUtility.java:28)
at POM.LoginTestpage.<init>(LoginTestpage.java:13)
at Baseclass.BaseUtility.<init>(BaseUtility.java:28)
at POM.LoginTestpage.<init>(LoginTestpage.java:13)
at Baseclass.BaseUtility.<init>(BaseUtility.java:28)
at POM.LoginTestpage.<init>(LoginTestpage.java:13)
at Baseclass.BaseUtility.<init>(BaseUtility.java:28)
at POM.LoginTestpage.<init>(LoginTestpage.java:13)
at Baseclass.BaseUtility.<init>(BaseUtility.java:28)
at POM.LoginTestpage.<init>(LoginTestpage.java:13)
at Baseclass.BaseUtility.<init>(BaseUtility.java:28)
at POM.LoginTestpage.<init>(LoginTestpage.java:13)
at Baseclass.BaseUtility.<init>(BaseUtility.java:28)
at POM.LoginTestpage.<init>(LoginTestpage.java:13)
at Baseclass.BaseUtility.<init>(BaseUtility.java:28)
at POM.LoginTestpage.<init>(LoginTestpage.java:13)
at Baseclass.BaseUtility.<init>(BaseUtility.java:28)
at POM.LoginTestpage.<init>(LoginTestpage.java:13)
at Baseclass.BaseUtility.<init>(BaseUtility.java:28)
at POM.LoginTestpage.<init>(LoginTestpage.java:13)
at Baseclass.BaseUtility.<init>(BaseUtility.java:28)
at POM.LoginTestpage.<init>(LoginTestpage.java:13)
at Baseclass.BaseUtility.<init>(BaseUtility.java:28)
at POM.LoginTestpage.<init>(LoginTestpage.java:13)
at Baseclass.BaseUtility.<init>(BaseUtility.java:28)
at POM.LoginTestpage.<init>(LoginTestpage.java:13)
at Baseclass.BaseUtility.<init>(BaseUtility.java:28)
at POM.LoginTestpage.<init>(LoginTestpage.java:13)
at Baseclass.BaseUtility.<init>(BaseUtility.java:28)
at POM.LoginTestpage.<init>(LoginTestpage.java:13)
at Baseclass.BaseUtility.<init>(BaseUtility.java:28)
at POM.LoginTestpage.<init>(LoginTestpage.java:13)
at Baseclass.BaseUtility.<init>(BaseUtility.java:28)
at POM.LoginTestpage.<init>(LoginTestpage.java:13)
at Baseclass.BaseUtility.<init>(BaseUtility.java:28)
at POM.LoginTestpage.<init>(LoginTestpage.java:13)
at Baseclass.BaseUtility.<init>(BaseUtility.java:28)
at POM.LoginTestpage.<init>(LoginTestpage.java:13)
at Baseclass.BaseUtility.<init>(BaseUtility.java:28)
at POM.LoginTestpage.<init>(LoginTestpage.java:13)
at Baseclass.BaseUtility.<init>(BaseUtility.java:28)
at POM.LoginTestpage.<init>(LoginTestpage.java:13)
at Baseclass.BaseUtility.<init>(BaseUtility.java:28)
at POM.LoginTestpage.<init>(LoginTestpage.java:13)
at Baseclass.BaseUtility.<init>(BaseUtility.java:28)
at POM.LoginTestpage.<init>(LoginTestpage.java:13)
at Baseclass.BaseUtility.<init>(BaseUtility.java:28)
at POM.LoginTestpage.<init>(LoginTestpage.java:13)
at Baseclass.BaseUtility.<init>(BaseUtility.java:28)
at POM.LoginTestpage.<init>(LoginTestpage.java:13)
at Baseclass.BaseUtility.<init>(BaseUtility.java:28)
at POM.LoginTestpage.<init>(LoginTestpage.java:13)
at Baseclass.BaseUtility.<init>(BaseUtility.java:28)
at POM.LoginTestpage.<init>(LoginTestpage.java:13)
at Baseclass.BaseUtility.<init>(BaseUtility.java:28)
at POM.LoginTestpage.<init>(LoginTestpage.java:13)
at Baseclass.BaseUtility.<init>(BaseUtility.java:28)
at POM.LoginTestpage.<init>(LoginTestpage.java:13)
at Baseclass.BaseUtility.<init>(BaseUtility.java:28)
at POM.LoginTestpage.<init>(LoginTestpage.java:13)
at Baseclass.BaseUtility.<init>(BaseUtility.java:28)
at POM.LoginTestpage.<init>(LoginTestpage.java:13)
at Baseclass.BaseUtility.<init>(BaseUtility.java:28)
at POM.LoginTestpage.<init>(LoginTestpage.java:13)
at Baseclass.BaseUtility.<init>(BaseUtility.java:28)
at POM.LoginTestpage.<init>(LoginTestpage.java:13)
at Baseclass.BaseUtility.<init>(BaseUtility.java:28)
at POM.LoginTestpage.<init>(LoginTestpage.java:13)
at Baseclass.BaseUtility.<init>(BaseUtility.java:28)
at POM.LoginTestpage.<init>(LoginTestpage.java:13)
at Baseclass.BaseUtility.<init>(BaseUtility.java:28)
at POM.LoginTestpage.<init>(LoginTestpage.java:13)
at Baseclass.BaseUtility.<init>(BaseUtility.java:28)
at POM.LoginTestpage.<init>(LoginTestpage.java:13)
at Baseclass.BaseUtility.<init>(BaseUtility.java:28)
at POM.LoginTestpage.<init>(LoginTestpage.java:13)
at Baseclass.BaseUtility.<init>(BaseUtility.java:28)
at POM.LoginTestpage.<init>(LoginTestpage.java:13)
at Baseclass.BaseUtility.<init>(BaseUtility.java:28)
at POM.LoginTestpage.<init>(LoginTestpage.java:13)
at Baseclass.BaseUtility.<init>(BaseUtility.java:28)
at POM.LoginTestpage.<init>(LoginTestpage.java:13)
at Baseclass.BaseUtility.<init>(BaseUtility.java:28)
at POM.LoginTestpage.<init>(LoginTestpage.java:13)
at Baseclass.BaseUtility.<init>(BaseUtility.java:28)
at POM.LoginTestpage.<init>(LoginTestpage.java:13)
at Baseclass.BaseUtility.<init>(BaseUtility.java:28)
at POM.LoginTestpage.<init>(LoginTestpage.java:13)
at Baseclass.BaseUtility.<init>(BaseUtility.java:28)
at POM.LoginTestpage.<init>(LoginTestpage.java:13)
at Baseclass.BaseUtility.<init>(BaseUtility.java:28)
at POM.LoginTestpage.<init>(LoginTestpage.java:13)
at Baseclass.BaseUtility.<init>(BaseUtility.java:28)
at POM.LoginTestpage.<init>(LoginTestpage.java:13)
at Baseclass.BaseUtility.<init>(BaseUtility.java:28)
at POM.LoginTestpage.<init>(LoginTestpage.java:13)
at Baseclass.BaseUtility.<init>(BaseUtility.java:28)
at POM.LoginTestpage.<init>(LoginTestpage.java:13)
at Baseclass.BaseUtility.<init>(BaseUtility.java:28)
at POM.LoginTestpage.<init>(LoginTestpage.java:13)
at Baseclass.BaseUtility.<init>(BaseUtility.java:28)
at POM.LoginTestpage.<init>(LoginTestpage.java:13)
at Baseclass.BaseUtility.<init>(BaseUtility.java:28)
at POM.LoginTestpage.<init>(LoginTestpage.java:13)
at Baseclass.BaseUtility.<init>(BaseUtility.java:28)
at POM.LoginTestpage.<init>(LoginTestpage.java:13)
at Baseclass.BaseUtility.<init>(BaseUtility.java:28)
at POM.LoginTestpage.<init>(LoginTestpage.java:13)
at Baseclass.BaseUtility.<init>(BaseUtility.java:28)
at POM.LoginTestpage.<init>(LoginTestpage.java:13)
at Baseclass.BaseUtility.<init>(BaseUtility.java:28)
at POM.LoginTestpage.<init>(LoginTestpage.java:13)
at Baseclass.BaseUtility.<init>(BaseUtility.java:28)
at POM.LoginTestpage.<init>(LoginTestpage.java:13)
at Baseclass.BaseUtility.<init>(BaseUtility.java:28)
at POM.LoginTestpage.<init>(LoginTestpage.java:13)
at Baseclass.BaseUtility.<init>(BaseUtility.java:28)
at POM.LoginTestpage.<init>(LoginTestpage.java:13)
at Baseclass.BaseUtility.<init>(BaseUtility.java:28)
at POM.LoginTestpage.<init>(LoginTestpage.java:13)
at Baseclass.BaseUtility.<init>(BaseUtility.java:28)
at POM.LoginTestpage.<init>(LoginTestpage.java:13)
at Baseclass.BaseUtility.<init>(BaseUtility.java:28)
at POM.LoginTestpage.<init>(LoginTestpage.java:13)
at Baseclass.BaseUtility.<init>(BaseUtility.java:28)
at POM.LoginTestpage.<init>(LoginTestpage.java:13)
at Baseclass.BaseUtility.<init>(BaseUtility.java:28)
at POM.LoginTestpage.<init>(LoginTestpage.java:13)
at Baseclass.BaseUtility.<init>(BaseUtility.java:28)
at POM.LoginTestpage.<init>(LoginTestpage.java:13)
at Baseclass.BaseUtility.<init>(BaseUtility.java:28)
at POM.LoginTestpage.<init>(LoginTestpage.java:13)
at Baseclass.BaseUtility.<init>(BaseUtility.java:28)
at POM.LoginTestpage.<init>(LoginTestpage.java:13)
at Baseclass.BaseUtility.<init>(BaseUtility.java:28)
at POM.LoginTestpage.<init>(LoginTestpage.java:13)
at Baseclass.BaseUtility.<init>(BaseUtility.java:28)
at POM.LoginTestpage.<init>(LoginTestpage.java:13)
at Baseclass.BaseUtility.<init>(BaseUtility.java:28)
at POM.LoginTestpage.<init>(LoginTestpage.java:13)
at Baseclass.BaseUtility.<init>(BaseUtility.java:28)
at POM.LoginTestpage.<init>(LoginTestpage.java:13)
at Baseclass.BaseUtility.<init>(BaseUtility.java:28)
at POM.LoginTestpage.<init>(LoginTestpage.java:13)
at Baseclass.BaseUtility.<init>(BaseUtility.java:28)
at POM.LoginTestpage.<init>(LoginTestpage.java:13)
at Baseclass.BaseUtility.<init>(BaseUtility.java:28)
at POM.LoginTestpage.<init>(LoginTestpage.java:13)
at Baseclass.BaseUtility.<init>(BaseUtility.java:28)
at POM.LoginTestpage.<init>(LoginTestpage.java:13)
at Baseclass.BaseUtility.<init>(BaseUtility.java:28)
at POM.LoginTestpage.<init>(LoginTestpage.java:13)
at Baseclass.BaseUtility.<init>(BaseUtility.java:28)
at POM.LoginTestpage.<init>(LoginTestpage.java:13)
at Baseclass.BaseUtility.<init>(BaseUtility.java:28)
at POM.LoginTestpage.<init>(LoginTestpage.java:13)
at Baseclass.BaseUtility.<init>(BaseUtility.java:28)
at POM.LoginTestpage.<init>(LoginTestpage.java:13)
at Baseclass.BaseUtility.<init>(BaseUtility.java:28)
at POM.LoginTestpage.<init>(LoginTestpage.java:13)
at Baseclass.BaseUtility.<init>(BaseUtility.java:28)
at POM.LoginTestpage.<init>(LoginTestpage.java:13)
at Baseclass.BaseUtility.<init>(BaseUtility.java:28)
at POM.LoginTestpage.<init>(LoginTestpage.java:13)
at Baseclass.BaseUtility.<init>(BaseUtility.java:28)
at POM.LoginTestpage.<init>(LoginTestpage.java:13)
at Baseclass.BaseUtility.<init>(BaseUtility.java:28)
at POM.LoginTestpage.<init>(LoginTestpage.java:13)
at Baseclass.BaseUtility.<init>(BaseUtility.java:28)
at POM.LoginTestpage.<init>(LoginTestpage.java:13)
at Baseclass.BaseUtility.<init>(BaseUtility.java:28)
at POM.LoginTestpage.<init>(LoginTestpage.java:13)
at Baseclass.BaseUtility.<init>(BaseUtility.java:28)
at POM.LoginTestpage.<init>(LoginTestpage.java:13)
at Baseclass.BaseUtility.<init>(BaseUtility.java:28)
at POM.LoginTestpage.<init>(LoginTestpage.java:13)
at Baseclass.BaseUtility.<init>(BaseUtility.java:28)
at POM.LoginTestpage.<init>(LoginTestpage.java:13)
at Baseclass.BaseUtility.<init>(BaseUtility.java:28)
at POM.LoginTestpage.<init>(LoginTestpage.java:13)
at Baseclass.BaseUtility.<init>(BaseUtility.java:28)
at POM.LoginTestpage.<init>(LoginTestpage.java:13)
at Baseclass.BaseUtility.<init>(BaseUtility.java:28)
at POM.LoginTestpage.<init>(LoginTestpage.java:13)
at Baseclass.BaseUtility.<init>(BaseUtility.java:28)
at POM.LoginTestpage.<init>(LoginTestpage.java:13)
at Baseclass.BaseUtility.<init>(BaseUtility.java:28)
at POM.LoginTestpage.<init>(LoginTestpage.java:13)
at Baseclass.BaseUtility.<init>(BaseUtility.java:28)
at POM.LoginTestpage.<init>(LoginTestpage.java:13)
at Baseclass.BaseUtility.<init>(BaseUtility.java:28)
at POM.LoginTestpage.<init>(LoginTestpage.java:13)
at Baseclass.BaseUtility.<init>(BaseUtility.java:28)
at POM.LoginTestpage.<init>(LoginTestpage.java:13)
at Baseclass.BaseUtility.<init>(BaseUtility.java:28)
at POM.LoginTestpage.<init>(LoginTestpage.java:13)
at Baseclass.BaseUtility.<init>(BaseUtility.java:28)
at POM.LoginTestpage.<init>(LoginTestpage.java:13)
at Baseclass.BaseUtility.<init>(BaseUtility.java:28)
at POM.LoginTestpage.<init>(LoginTestpage.java:13)
at Baseclass.BaseUtility.<init>(BaseUtility.java:28)
at POM.LoginTestpage.<init>(LoginTestpage.java:13)
at Baseclass.BaseUtility.<init>(BaseUtility.java:28)
at POM.LoginTestpage.<init>(LoginTestpage.java:13)
at Baseclass.BaseUtility.<init>(BaseUtility.java:28)
at POM.LoginTestpage.<init>(LoginTestpage.java:13)
at Baseclass.BaseUtility.<init>(BaseUtility.java:28)
at POM.LoginTestpage.<init>(LoginTestpage.java:13)
at Baseclass.BaseUtility.<init>(BaseUtility.java:28)
at POM.LoginTestpage.<init>(LoginTestpage.java:13)
at Baseclass.BaseUtility.<init>(BaseUtility.java:28)
at POM.LoginTestpage.<init>(LoginTestpage.java:13)
at Baseclass.BaseUtility.<init>(BaseUtility.java:28)
]]>
    </error>
  </testcase> <!-- naviagteToHomeScreen -->
  <testcase classname="Testcases.HomepageTest" name="naviagteToHomeScreen" time="3.293">
    <skipped/>
  </testcase> <!-- naviagteToHomeScreen -->
  <testcase classname="Testcases.HomepageTest" name="naviagteToHomeScreen" time="9.293">
    <skipped/>
  </testcase> <!-- naviagteToHomeScreen -->
  <testcase classname="Testcases.HomepageTest" name="clickOnProduct" time="6.657">
    <error type="java.lang.StackOverflowError">
      <![CDATA[java.lang.StackOverflowError
at POM.LoginTestpage.<init>(LoginTestpage.java:13)
at Baseclass.BaseUtility.<init>(BaseUtility.java:28)
at POM.LoginTestpage.<init>(LoginTestpage.java:13)
at Baseclass.BaseUtility.<init>(BaseUtility.java:28)
at POM.LoginTestpage.<init>(LoginTestpage.java:13)
at Baseclass.BaseUtility.<init>(BaseUtility.java:28)
at POM.LoginTestpage.<init>(LoginTestpage.java:13)
at Baseclass.BaseUtility.<init>(BaseUtility.java:28)
at POM.LoginTestpage.<init>(LoginTestpage.java:13)
at Baseclass.BaseUtility.<init>(BaseUtility.java:28)
at POM.LoginTestpage.<init>(LoginTestpage.java:13)
at Baseclass.BaseUtility.<init>(BaseUtility.java:28)
at POM.LoginTestpage.<init>(LoginTestpage.java:13)
at Baseclass.BaseUtility.<init>(BaseUtility.java:28)
at POM.LoginTestpage.<init>(LoginTestpage.java:13)
at Baseclass.BaseUtility.<init>(BaseUtility.java:28)
at POM.LoginTestpage.<init>(LoginTestpage.java:13)
at Baseclass.BaseUtility.<init>(BaseUtility.java:28)
at POM.LoginTestpage.<init>(LoginTestpage.java:13)
at Baseclass.BaseUtility.<init>(BaseUtility.java:28)
at POM.LoginTestpage.<init>(LoginTestpage.java:13)
at Baseclass.BaseUtility.<init>(BaseUtility.java:28)
at POM.LoginTestpage.<init>(LoginTestpage.java:13)
at Baseclass.BaseUtility.<init>(BaseUtility.java:28)
at POM.LoginTestpage.<init>(LoginTestpage.java:13)
at Baseclass.BaseUtility.<init>(BaseUtility.java:28)
at POM.LoginTestpage.<init>(LoginTestpage.java:13)
at Baseclass.BaseUtility.<init>(BaseUtility.java:28)
at POM.LoginTestpage.<init>(LoginTestpage.java:13)
at Baseclass.BaseUtility.<init>(BaseUtility.java:28)
at POM.LoginTestpage.<init>(LoginTestpage.java:13)
at Baseclass.BaseUtility.<init>(BaseUtility.java:28)
at POM.LoginTestpage.<init>(LoginTestpage.java:13)
at Baseclass.BaseUtility.<init>(BaseUtility.java:28)
at POM.LoginTestpage.<init>(LoginTestpage.java:13)
at Baseclass.BaseUtility.<init>(BaseUtility.java:28)
at POM.LoginTestpage.<init>(LoginTestpage.java:13)
at Baseclass.BaseUtility.<init>(BaseUtility.java:28)
at POM.LoginTestpage.<init>(LoginTestpage.java:13)
at Baseclass.BaseUtility.<init>(BaseUtility.java:28)
at POM.LoginTestpage.<init>(LoginTestpage.java:13)
at Baseclass.BaseUtility.<init>(BaseUtility.java:28)
at POM.LoginTestpage.<init>(LoginTestpage.java:13)
at Baseclass.BaseUtility.<init>(BaseUtility.java:28)
at POM.LoginTestpage.<init>(LoginTestpage.java:13)
at Baseclass.BaseUtility.<init>(BaseUtility.java:28)
at POM.LoginTestpage.<init>(LoginTestpage.java:13)
at Baseclass.BaseUtility.<init>(BaseUtility.java:28)
at POM.LoginTestpage.<init>(LoginTestpage.java:13)
at Baseclass.BaseUtility.<init>(BaseUtility.java:28)
at POM.LoginTestpage.<init>(LoginTestpage.java:13)
at Baseclass.BaseUtility.<init>(BaseUtility.java:28)
at POM.LoginTestpage.<init>(LoginTestpage.java:13)
at Baseclass.BaseUtility.<init>(BaseUtility.java:28)
at POM.LoginTestpage.<init>(LoginTestpage.java:13)
at Baseclass.BaseUtility.<init>(BaseUtility.java:28)
at POM.LoginTestpage.<init>(LoginTestpage.java:13)
at Baseclass.BaseUtility.<init>(BaseUtility.java:28)
at POM.LoginTestpage.<init>(LoginTestpage.java:13)
at Baseclass.BaseUtility.<init>(BaseUtility.java:28)
at POM.LoginTestpage.<init>(LoginTestpage.java:13)
at Baseclass.BaseUtility.<init>(BaseUtility.java:28)
at POM.LoginTestpage.<init>(LoginTestpage.java:13)
at Baseclass.BaseUtility.<init>(BaseUtility.java:28)
at POM.LoginTestpage.<init>(LoginTestpage.java:13)
at Baseclass.BaseUtility.<init>(BaseUtility.java:28)
at POM.LoginTestpage.<init>(LoginTestpage.java:13)
at Baseclass.BaseUtility.<init>(BaseUtility.java:28)
at POM.LoginTestpage.<init>(LoginTestpage.java:13)
at Baseclass.BaseUtility.<init>(BaseUtility.java:28)
at POM.LoginTestpage.<init>(LoginTestpage.java:13)
at Baseclass.BaseUtility.<init>(BaseUtility.java:28)
at POM.LoginTestpage.<init>(LoginTestpage.java:13)
at Baseclass.BaseUtility.<init>(BaseUtility.java:28)
at POM.LoginTestpage.<init>(LoginTestpage.java:13)
at Baseclass.BaseUtility.<init>(BaseUtility.java:28)
at POM.LoginTestpage.<init>(LoginTestpage.java:13)
at Baseclass.BaseUtility.<init>(BaseUtility.java:28)
at POM.LoginTestpage.<init>(LoginTestpage.java:13)
at Baseclass.BaseUtility.<init>(BaseUtility.java:28)
at POM.LoginTestpage.<init>(LoginTestpage.java:13)
at Baseclass.BaseUtility.<init>(BaseUtility.java:28)
at POM.LoginTestpage.<init>(LoginTestpage.java:13)
at Baseclass.BaseUtility.<init>(BaseUtility.java:28)
at POM.LoginTestpage.<init>(LoginTestpage.java:13)
at Baseclass.BaseUtility.<init>(BaseUtility.java:28)
at POM.LoginTestpage.<init>(LoginTestpage.java:13)
at Baseclass.BaseUtility.<init>(BaseUtility.java:28)
at POM.LoginTestpage.<init>(LoginTestpage.java:13)
at Baseclass.BaseUtility.<init>(BaseUtility.java:28)
at POM.LoginTestpage.<init>(LoginTestpage.java:13)
at Baseclass.BaseUtility.<init>(BaseUtility.java:28)
at POM.LoginTestpage.<init>(LoginTestpage.java:13)
at Baseclass.BaseUtility.<init>(BaseUtility.java:28)
at POM.LoginTestpage.<init>(LoginTestpage.java:13)
at Baseclass.BaseUtility.<init>(BaseUtility.java:28)
at POM.LoginTestpage.<init>(LoginTestpage.java:13)
at Baseclass.BaseUtility.<init>(BaseUtility.java:28)
at POM.LoginTestpage.<init>(LoginTestpage.java:13)
at Baseclass.BaseUtility.<init>(BaseUtility.java:28)
at POM.LoginTestpage.<init>(LoginTestpage.java:13)
at Baseclass.BaseUtility.<init>(BaseUtility.java:28)
at POM.LoginTestpage.<init>(LoginTestpage.java:13)
at Baseclass.BaseUtility.<init>(BaseUtility.java:28)
at POM.LoginTestpage.<init>(LoginTestpage.java:13)
at Baseclass.BaseUtility.<init>(BaseUtility.java:28)
at POM.LoginTestpage.<init>(LoginTestpage.java:13)
at Baseclass.BaseUtility.<init>(BaseUtility.java:28)
at POM.LoginTestpage.<init>(LoginTestpage.java:13)
at Baseclass.BaseUtility.<init>(BaseUtility.java:28)
at POM.LoginTestpage.<init>(LoginTestpage.java:13)
at Baseclass.BaseUtility.<init>(BaseUtility.java:28)
at POM.LoginTestpage.<init>(LoginTestpage.java:13)
at Baseclass.BaseUtility.<init>(BaseUtility.java:28)
at POM.LoginTestpage.<init>(LoginTestpage.java:13)
at Baseclass.BaseUtility.<init>(BaseUtility.java:28)
at POM.LoginTestpage.<init>(LoginTestpage.java:13)
at Baseclass.BaseUtility.<init>(BaseUtility.java:28)
at POM.LoginTestpage.<init>(LoginTestpage.java:13)
at Baseclass.BaseUtility.<init>(BaseUtility.java:28)
at POM.LoginTestpage.<init>(LoginTestpage.java:13)
at Baseclass.BaseUtility.<init>(BaseUtility.java:28)
at POM.LoginTestpage.<init>(LoginTestpage.java:13)
at Baseclass.BaseUtility.<init>(BaseUtility.java:28)
at POM.LoginTestpage.<init>(LoginTestpage.java:13)
at Baseclass.BaseUtility.<init>(BaseUtility.java:28)
at POM.LoginTestpage.<init>(LoginTestpage.java:13)
at Baseclass.BaseUtility.<init>(BaseUtility.java:28)
at POM.LoginTestpage.<init>(LoginTestpage.java:13)
at Baseclass.BaseUtility.<init>(BaseUtility.java:28)
at POM.LoginTestpage.<init>(LoginTestpage.java:13)
at Baseclass.BaseUtility.<init>(BaseUtility.java:28)
at POM.LoginTestpage.<init>(LoginTestpage.java:13)
at Baseclass.BaseUtility.<init>(BaseUtility.java:28)
at POM.LoginTestpage.<init>(LoginTestpage.java:13)
at Baseclass.BaseUtility.<init>(BaseUtility.java:28)
at POM.LoginTestpage.<init>(LoginTestpage.java:13)
at Baseclass.BaseUtility.<init>(BaseUtility.java:28)
at POM.LoginTestpage.<init>(LoginTestpage.java:13)
at Baseclass.BaseUtility.<init>(BaseUtility.java:28)
at POM.LoginTestpage.<init>(LoginTestpage.java:13)
at Baseclass.BaseUtility.<init>(BaseUtility.java:28)
at POM.LoginTestpage.<init>(LoginTestpage.java:13)
at Baseclass.BaseUtility.<init>(BaseUtility.java:28)
at POM.LoginTestpage.<init>(LoginTestpage.java:13)
at Baseclass.BaseUtility.<init>(BaseUtility.java:28)
at POM.LoginTestpage.<init>(LoginTestpage.java:13)
at Baseclass.BaseUtility.<init>(BaseUtility.java:28)
at POM.LoginTestpage.<init>(LoginTestpage.java:13)
at Baseclass.BaseUtility.<init>(BaseUtility.java:28)
at POM.LoginTestpage.<init>(LoginTestpage.java:13)
at Baseclass.BaseUtility.<init>(BaseUtility.java:28)
at POM.LoginTestpage.<init>(LoginTestpage.java:13)
at Baseclass.BaseUtility.<init>(BaseUtility.java:28)
at POM.LoginTestpage.<init>(LoginTestpage.java:13)
at Baseclass.BaseUtility.<init>(BaseUtility.java:28)
at POM.LoginTestpage.<init>(LoginTestpage.java:13)
at Baseclass.BaseUtility.<init>(BaseUtility.java:28)
at POM.LoginTestpage.<init>(LoginTestpage.java:13)
at Baseclass.BaseUtility.<init>(BaseUtility.java:28)
at POM.LoginTestpage.<init>(LoginTestpage.java:13)
at Baseclass.BaseUtility.<init>(BaseUtility.java:28)
at POM.LoginTestpage.<init>(LoginTestpage.java:13)
at Baseclass.BaseUtility.<init>(BaseUtility.java:28)
at POM.LoginTestpage.<init>(LoginTestpage.java:13)
at Baseclass.BaseUtility.<init>(BaseUtility.java:28)
at POM.LoginTestpage.<init>(LoginTestpage.java:13)
at Baseclass.BaseUtility.<init>(BaseUtility.java:28)
at POM.LoginTestpage.<init>(LoginTestpage.java:13)
at Baseclass.BaseUtility.<init>(BaseUtility.java:28)
at POM.LoginTestpage.<init>(LoginTestpage.java:13)
at Baseclass.BaseUtility.<init>(BaseUtility.java:28)
at POM.LoginTestpage.<init>(LoginTestpage.java:13)
at Baseclass.BaseUtility.<init>(BaseUtility.java:28)
at POM.LoginTestpage.<init>(LoginTestpage.java:13)
at Baseclass.BaseUtility.<init>(BaseUtility.java:28)
at POM.LoginTestpage.<init>(LoginTestpage.java:13)
at Baseclass.BaseUtility.<init>(BaseUtility.java:28)
at POM.LoginTestpage.<init>(LoginTestpage.java:13)
at Baseclass.BaseUtility.<init>(BaseUtility.java:28)
at POM.LoginTestpage.<init>(LoginTestpage.java:13)
at Baseclass.BaseUtility.<init>(BaseUtility.java:28)
at POM.LoginTestpage.<init>(LoginTestpage.java:13)
at Baseclass.BaseUtility.<init>(BaseUtility.java:28)
at POM.LoginTestpage.<init>(LoginTestpage.java:13)
at Baseclass.BaseUtility.<init>(BaseUtility.java:28)
at POM.LoginTestpage.<init>(LoginTestpage.java:13)
at Baseclass.BaseUtility.<init>(BaseUtility.java:28)
at POM.LoginTestpage.<init>(LoginTestpage.java:13)
at Baseclass.BaseUtility.<init>(BaseUtility.java:28)
at POM.LoginTestpage.<init>(LoginTestpage.java:13)
at Baseclass.BaseUtility.<init>(BaseUtility.java:28)
at POM.LoginTestpage.<init>(LoginTestpage.java:13)
at Baseclass.BaseUtility.<init>(BaseUtility.java:28)
at POM.LoginTestpage.<init>(LoginTestpage.java:13)
at Baseclass.BaseUtility.<init>(BaseUtility.java:28)
at POM.LoginTestpage.<init>(LoginTestpage.java:13)
at Baseclass.BaseUtility.<init>(BaseUtility.java:28)
at POM.LoginTestpage.<init>(LoginTestpage.java:13)
at Baseclass.BaseUtility.<init>(BaseUtility.java:28)
at POM.LoginTestpage.<init>(LoginTestpage.java:13)
at Baseclass.BaseUtility.<init>(BaseUtility.java:28)
at POM.LoginTestpage.<init>(LoginTestpage.java:13)
at Baseclass.BaseUtility.<init>(BaseUtility.java:28)
at POM.LoginTestpage.<init>(LoginTestpage.java:13)
at Baseclass.BaseUtility.<init>(BaseUtility.java:28)
at POM.LoginTestpage.<init>(LoginTestpage.java:13)
at Baseclass.BaseUtility.<init>(BaseUtility.java:28)
at POM.LoginTestpage.<init>(LoginTestpage.java:13)
at Baseclass.BaseUtility.<init>(BaseUtility.java:28)
at POM.LoginTestpage.<init>(LoginTestpage.java:13)
at Baseclass.BaseUtility.<init>(BaseUtility.java:28)
at POM.LoginTestpage.<init>(LoginTestpage.java:13)
at Baseclass.BaseUtility.<init>(BaseUtility.java:28)
at POM.LoginTestpage.<init>(LoginTestpage.java:13)
at Baseclass.BaseUtility.<init>(BaseUtility.java:28)
at POM.LoginTestpage.<init>(LoginTestpage.java:13)
at Baseclass.BaseUtility.<init>(BaseUtility.java:28)
at POM.LoginTestpage.<init>(LoginTestpage.java:13)
at Baseclass.BaseUtility.<init>(BaseUtility.java:28)
at POM.LoginTestpage.<init>(LoginTestpage.java:13)
at Baseclass.BaseUtility.<init>(BaseUtility.java:28)
at POM.LoginTestpage.<init>(LoginTestpage.java:13)
at Baseclass.BaseUtility.<init>(BaseUtility.java:28)
at POM.LoginTestpage.<init>(LoginTestpage.java:13)
at Baseclass.BaseUtility.<init>(BaseUtility.java:28)
at POM.LoginTestpage.<init>(LoginTestpage.java:13)
at Baseclass.BaseUtility.<init>(BaseUtility.java:28)
at POM.LoginTestpage.<init>(LoginTestpage.java:13)
at Baseclass.BaseUtility.<init>(BaseUtility.java:28)
at POM.LoginTestpage.<init>(LoginTestpage.java:13)
at Baseclass.BaseUtility.<init>(BaseUtility.java:28)
at POM.LoginTestpage.<init>(LoginTestpage.java:13)
at Baseclass.BaseUtility.<init>(BaseUtility.java:28)
at POM.LoginTestpage.<init>(LoginTestpage.java:13)
at Baseclass.BaseUtility.<init>(BaseUtility.java:28)
at POM.LoginTestpage.<init>(LoginTestpage.java:13)
at Baseclass.BaseUtility.<init>(BaseUtility.java:28)
at POM.LoginTestpage.<init>(LoginTestpage.java:13)
at Baseclass.BaseUtility.<init>(BaseUtility.java:28)
at POM.LoginTestpage.<init>(LoginTestpage.java:13)
at Baseclass.BaseUtility.<init>(BaseUtility.java:28)
at POM.LoginTestpage.<init>(LoginTestpage.java:13)
at Baseclass.BaseUtility.<init>(BaseUtility.java:28)
at POM.LoginTestpage.<init>(LoginTestpage.java:13)
at Baseclass.BaseUtility.<init>(BaseUtility.java:28)
at POM.LoginTestpage.<init>(LoginTestpage.java:13)
at Baseclass.BaseUtility.<init>(BaseUtility.java:28)
at POM.LoginTestpage.<init>(LoginTestpage.java:13)
at Baseclass.BaseUtility.<init>(BaseUtility.java:28)
at POM.LoginTestpage.<init>(LoginTestpage.java:13)
at Baseclass.BaseUtility.<init>(BaseUtility.java:28)
at POM.LoginTestpage.<init>(LoginTestpage.java:13)
at Baseclass.BaseUtility.<init>(BaseUtility.java:28)
at POM.LoginTestpage.<init>(LoginTestpage.java:13)
at Baseclass.BaseUtility.<init>(BaseUtility.java:28)
at POM.LoginTestpage.<init>(LoginTestpage.java:13)
at Baseclass.BaseUtility.<init>(BaseUtility.java:28)
at POM.LoginTestpage.<init>(LoginTestpage.java:13)
at Baseclass.BaseUtility.<init>(BaseUtility.java:28)
at POM.LoginTestpage.<init>(LoginTestpage.java:13)
at Baseclass.BaseUtility.<init>(BaseUtility.java:28)
at POM.LoginTestpage.<init>(LoginTestpage.java:13)
at Baseclass.BaseUtility.<init>(BaseUtility.java:28)
at POM.LoginTestpage.<init>(LoginTestpage.java:13)
at Baseclass.BaseUtility.<init>(BaseUtility.java:28)
at POM.LoginTestpage.<init>(LoginTestpage.java:13)
at Baseclass.BaseUtility.<init>(BaseUtility.java:28)
at POM.LoginTestpage.<init>(LoginTestpage.java:13)
at Baseclass.BaseUtility.<init>(BaseUtility.java:28)
at POM.LoginTestpage.<init>(LoginTestpage.java:13)
at Baseclass.BaseUtility.<init>(BaseUtility.java:28)
at POM.LoginTestpage.<init>(LoginTestpage.java:13)
at Baseclass.BaseUtility.<init>(BaseUtility.java:28)
at POM.LoginTestpage.<init>(LoginTestpage.java:13)
at Baseclass.BaseUtility.<init>(BaseUtility.java:28)
at POM.LoginTestpage.<init>(LoginTestpage.java:13)
at Baseclass.BaseUtility.<init>(BaseUtility.java:28)
at POM.LoginTestpage.<init>(LoginTestpage.java:13)
at Baseclass.BaseUtility.<init>(BaseUtility.java:28)
at POM.LoginTestpage.<init>(LoginTestpage.java:13)
at Baseclass.BaseUtility.<init>(BaseUtility.java:28)
at POM.LoginTestpage.<init>(LoginTestpage.java:13)
at Baseclass.BaseUtility.<init>(BaseUtility.java:28)
at POM.LoginTestpage.<init>(LoginTestpage.java:13)
at Baseclass.BaseUtility.<init>(BaseUtility.java:28)
at POM.LoginTestpage.<init>(LoginTestpage.java:13)
at Baseclass.BaseUtility.<init>(BaseUtility.java:28)
at POM.LoginTestpage.<init>(LoginTestpage.java:13)
at Baseclass.BaseUtility.<init>(BaseUtility.java:28)
at POM.LoginTestpage.<init>(LoginTestpage.java:13)
at Baseclass.BaseUtility.<init>(BaseUtility.java:28)
at POM.LoginTestpage.<init>(LoginTestpage.java:13)
at Baseclass.BaseUtility.<init>(BaseUtility.java:28)
at POM.LoginTestpage.<init>(LoginTestpage.java:13)
at Baseclass.BaseUtility.<init>(BaseUtility.java:28)
at POM.LoginTestpage.<init>(LoginTestpage.java:13)
at Baseclass.BaseUtility.<init>(BaseUtility.java:28)
at POM.LoginTestpage.<init>(LoginTestpage.java:13)
at Baseclass.BaseUtility.<init>(BaseUtility.java:28)
at POM.LoginTestpage.<init>(LoginTestpage.java:13)
at Baseclass.BaseUtility.<init>(BaseUtility.java:28)
at POM.LoginTestpage.<init>(LoginTestpage.java:13)
at Baseclass.BaseUtility.<init>(BaseUtility.java:28)
at POM.LoginTestpage.<init>(LoginTestpage.java:13)
at Baseclass.BaseUtility.<init>(BaseUtility.java:28)
at POM.LoginTestpage.<init>(LoginTestpage.java:13)
at Baseclass.BaseUtility.<init>(BaseUtility.java:28)
at POM.LoginTestpage.<init>(LoginTestpage.java:13)
at Baseclass.BaseUtility.<init>(BaseUtility.java:28)
at POM.LoginTestpage.<init>(LoginTestpage.java:13)
at Baseclass.BaseUtility.<init>(BaseUtility.java:28)
at POM.LoginTestpage.<init>(LoginTestpage.java:13)
at Baseclass.BaseUtility.<init>(BaseUtility.java:28)
at POM.LoginTestpage.<init>(LoginTestpage.java:13)
at Baseclass.BaseUtility.<init>(BaseUtility.java:28)
at POM.LoginTestpage.<init>(LoginTestpage.java:13)
at Baseclass.BaseUtility.<init>(BaseUtility.java:28)
at POM.LoginTestpage.<init>(LoginTestpage.java:13)
at Baseclass.BaseUtility.<init>(BaseUtility.java:28)
at POM.LoginTestpage.<init>(LoginTestpage.java:13)
at Baseclass.BaseUtility.<init>(BaseUtility.java:28)
at POM.LoginTestpage.<init>(LoginTestpage.java:13)
at Baseclass.BaseUtility.<init>(BaseUtility.java:28)
at POM.LoginTestpage.<init>(LoginTestpage.java:13)
at Baseclass.BaseUtility.<init>(BaseUtility.java:28)
at POM.LoginTestpage.<init>(LoginTestpage.java:13)
at Baseclass.BaseUtility.<init>(BaseUtility.java:28)
at POM.LoginTestpage.<init>(LoginTestpage.java:13)
at Baseclass.BaseUtility.<init>(BaseUtility.java:28)
at POM.LoginTestpage.<init>(LoginTestpage.java:13)
at Baseclass.BaseUtility.<init>(BaseUtility.java:28)
at POM.LoginTestpage.<init>(LoginTestpage.java:13)
at Baseclass.BaseUtility.<init>(BaseUtility.java:28)
at POM.LoginTestpage.<init>(LoginTestpage.java:13)
at Baseclass.BaseUtility.<init>(BaseUtility.java:28)
at POM.LoginTestpage.<init>(LoginTestpage.java:13)
at Baseclass.BaseUtility.<init>(BaseUtility.java:28)
at POM.LoginTestpage.<init>(LoginTestpage.java:13)
at Baseclass.BaseUtility.<init>(BaseUtility.java:28)
at POM.LoginTestpage.<init>(LoginTestpage.java:13)
at Baseclass.BaseUtility.<init>(BaseUtility.java:28)
at POM.LoginTestpage.<init>(LoginTestpage.java:13)
at Baseclass.BaseUtility.<init>(BaseUtility.java:28)
at POM.LoginTestpage.<init>(LoginTestpage.java:13)
at Baseclass.BaseUtility.<init>(BaseUtility.java:28)
at POM.LoginTestpage.<init>(LoginTestpage.java:13)
at Baseclass.BaseUtility.<init>(BaseUtility.java:28)
at POM.LoginTestpage.<init>(LoginTestpage.java:13)
at Baseclass.BaseUtility.<init>(BaseUtility.java:28)
at POM.LoginTestpage.<init>(LoginTestpage.java:13)
at Baseclass.BaseUtility.<init>(BaseUtility.java:28)
at POM.LoginTestpage.<init>(LoginTestpage.java:13)
at Baseclass.BaseUtility.<init>(BaseUtility.java:28)
at POM.LoginTestpage.<init>(LoginTestpage.java:13)
at Baseclass.BaseUtility.<init>(BaseUtility.java:28)
at POM.LoginTestpage.<init>(LoginTestpage.java:13)
at Baseclass.BaseUtility.<init>(BaseUtility.java:28)
at POM.LoginTestpage.<init>(LoginTestpage.java:13)
at Baseclass.BaseUtility.<init>(BaseUtility.java:28)
at POM.LoginTestpage.<init>(LoginTestpage.java:13)
at Baseclass.BaseUtility.<init>(BaseUtility.java:28)
at POM.LoginTestpage.<init>(LoginTestpage.java:13)
at Baseclass.BaseUtility.<init>(BaseUtility.java:28)
at POM.LoginTestpage.<init>(LoginTestpage.java:13)
at Baseclass.BaseUtility.<init>(BaseUtility.java:28)
at POM.LoginTestpage.<init>(LoginTestpage.java:13)
at Baseclass.BaseUtility.<init>(BaseUtility.java:28)
at POM.LoginTestpage.<init>(LoginTestpage.java:13)
at Baseclass.BaseUtility.<init>(BaseUtility.java:28)
at POM.LoginTestpage.<init>(LoginTestpage.java:13)
at Baseclass.BaseUtility.<init>(BaseUtility.java:28)
at POM.LoginTestpage.<init>(LoginTestpage.java:13)
at Baseclass.BaseUtility.<init>(BaseUtility.java:28)
at POM.LoginTestpage.<init>(LoginTestpage.java:13)
at Baseclass.BaseUtility.<init>(BaseUtility.java:28)
at POM.LoginTestpage.<init>(LoginTestpage.java:13)
at Baseclass.BaseUtility.<init>(BaseUtility.java:28)
at POM.LoginTestpage.<init>(LoginTestpage.java:13)
at Baseclass.BaseUtility.<init>(BaseUtility.java:28)
at POM.LoginTestpage.<init>(LoginTestpage.java:13)
at Baseclass.BaseUtility.<init>(BaseUtility.java:28)
at POM.LoginTestpage.<init>(LoginTestpage.java:13)
at Baseclass.BaseUtility.<init>(BaseUtility.java:28)
at POM.LoginTestpage.<init>(LoginTestpage.java:13)
at Baseclass.BaseUtility.<init>(BaseUtility.java:28)
at POM.LoginTestpage.<init>(LoginTestpage.java:13)
at Baseclass.BaseUtility.<init>(BaseUtility.java:28)
at POM.LoginTestpage.<init>(LoginTestpage.java:13)
at Baseclass.BaseUtility.<init>(BaseUtility.java:28)
at POM.LoginTestpage.<init>(LoginTestpage.java:13)
at Baseclass.BaseUtility.<init>(BaseUtility.java:28)
at POM.LoginTestpage.<init>(LoginTestpage.java:13)
at Baseclass.BaseUtility.<init>(BaseUtility.java:28)
at POM.LoginTestpage.<init>(LoginTestpage.java:13)
at Baseclass.BaseUtility.<init>(BaseUtility.java:28)
at POM.LoginTestpage.<init>(LoginTestpage.java:13)
at Baseclass.BaseUtility.<init>(BaseUtility.java:28)
at POM.LoginTestpage.<init>(LoginTestpage.java:13)
at Baseclass.BaseUtility.<init>(BaseUtility.java:28)
at POM.LoginTestpage.<init>(LoginTestpage.java:13)
at Baseclass.BaseUtility.<init>(BaseUtility.java:28)
at POM.LoginTestpage.<init>(LoginTestpage.java:13)
at Baseclass.BaseUtility.<init>(BaseUtility.java:28)
at POM.LoginTestpage.<init>(LoginTestpage.java:13)
at Baseclass.BaseUtility.<init>(BaseUtility.java:28)
at POM.LoginTestpage.<init>(LoginTestpage.java:13)
at Baseclass.BaseUtility.<init>(BaseUtility.java:28)
at POM.LoginTestpage.<init>(LoginTestpage.java:13)
at Baseclass.BaseUtility.<init>(BaseUtility.java:28)
at POM.LoginTestpage.<init>(LoginTestpage.java:13)
at Baseclass.BaseUtility.<init>(BaseUtility.java:28)
at POM.LoginTestpage.<init>(LoginTestpage.java:13)
at Baseclass.BaseUtility.<init>(BaseUtility.java:28)
at POM.LoginTestpage.<init>(LoginTestpage.java:13)
at Baseclass.BaseUtility.<init>(BaseUtility.java:28)
at POM.LoginTestpage.<init>(LoginTestpage.java:13)
at Baseclass.BaseUtility.<init>(BaseUtility.java:28)
at POM.LoginTestpage.<init>(LoginTestpage.java:13)
at Baseclass.BaseUtility.<init>(BaseUtility.java:28)
at POM.LoginTestpage.<init>(LoginTestpage.java:13)
at Baseclass.BaseUtility.<init>(BaseUtility.java:28)
at POM.LoginTestpage.<init>(LoginTestpage.java:13)
at Baseclass.BaseUtility.<init>(BaseUtility.java:28)
at POM.LoginTestpage.<init>(LoginTestpage.java:13)
at Baseclass.BaseUtility.<init>(BaseUtility.java:28)
at POM.LoginTestpage.<init>(LoginTestpage.java:13)
at Baseclass.BaseUtility.<init>(BaseUtility.java:28)
at POM.LoginTestpage.<init>(LoginTestpage.java:13)
at Baseclass.BaseUtility.<init>(BaseUtility.java:28)
at POM.LoginTestpage.<init>(LoginTestpage.java:13)
at Baseclass.BaseUtility.<init>(BaseUtility.java:28)
at POM.LoginTestpage.<init>(LoginTestpage.java:13)
at Baseclass.BaseUtility.<init>(BaseUtility.java:28)
at POM.LoginTestpage.<init>(LoginTestpage.java:13)
at Baseclass.BaseUtility.<init>(BaseUtility.java:28)
at POM.LoginTestpage.<init>(LoginTestpage.java:13)
at Baseclass.BaseUtility.<init>(BaseUtility.java:28)
at POM.LoginTestpage.<init>(LoginTestpage.java:13)
at Baseclass.BaseUtility.<init>(BaseUtility.java:28)
at POM.LoginTestpage.<init>(LoginTestpage.java:13)
at Baseclass.BaseUtility.<init>(BaseUtility.java:28)
at POM.LoginTestpage.<init>(LoginTestpage.java:13)
at Baseclass.BaseUtility.<init>(BaseUtility.java:28)
at POM.LoginTestpage.<init>(LoginTestpage.java:13)
at Baseclass.BaseUtility.<init>(BaseUtility.java:28)
at POM.LoginTestpage.<init>(LoginTestpage.java:13)
at Baseclass.BaseUtility.<init>(BaseUtility.java:28)
at POM.LoginTestpage.<init>(LoginTestpage.java:13)
at Baseclass.BaseUtility.<init>(BaseUtility.java:28)
at POM.LoginTestpage.<init>(LoginTestpage.java:13)
at Baseclass.BaseUtility.<init>(BaseUtility.java:28)
at POM.LoginTestpage.<init>(LoginTestpage.java:13)
at Baseclass.BaseUtility.<init>(BaseUtility.java:28)
at POM.LoginTestpage.<init>(LoginTestpage.java:13)
at Baseclass.BaseUtility.<init>(BaseUtility.java:28)
at POM.LoginTestpage.<init>(LoginTestpage.java:13)
at Baseclass.BaseUtility.<init>(BaseUtility.java:28)
at POM.LoginTestpage.<init>(LoginTestpage.java:13)
at Baseclass.BaseUtility.<init>(BaseUtility.java:28)
at POM.LoginTestpage.<init>(LoginTestpage.java:13)
at Baseclass.BaseUtility.<init>(BaseUtility.java:28)
at POM.LoginTestpage.<init>(LoginTestpage.java:13)
at Baseclass.BaseUtility.<init>(BaseUtility.java:28)
at POM.LoginTestpage.<init>(LoginTestpage.java:13)
at Baseclass.BaseUtility.<init>(BaseUtility.java:28)
at POM.LoginTestpage.<init>(LoginTestpage.java:13)
at Baseclass.BaseUtility.<init>(BaseUtility.java:28)
at POM.LoginTestpage.<init>(LoginTestpage.java:13)
at Baseclass.BaseUtility.<init>(BaseUtility.java:28)
at POM.LoginTestpage.<init>(LoginTestpage.java:13)
at Baseclass.BaseUtility.<init>(BaseUtility.java:28)
at POM.LoginTestpage.<init>(LoginTestpage.java:13)
at Baseclass.BaseUtility.<init>(BaseUtility.java:28)
at POM.LoginTestpage.<init>(LoginTestpage.java:13)
at Baseclass.BaseUtility.<init>(BaseUtility.java:28)
at POM.LoginTestpage.<init>(LoginTestpage.java:13)
at Baseclass.BaseUtility.<init>(BaseUtility.java:28)
at POM.LoginTestpage.<init>(LoginTestpage.java:13)
at Baseclass.BaseUtility.<init>(BaseUtility.java:28)
at POM.LoginTestpage.<init>(LoginTestpage.java:13)
at Baseclass.BaseUtility.<init>(BaseUtility.java:28)
at POM.LoginTestpage.<init>(LoginTestpage.java:13)
at Baseclass.BaseUtility.<init>(BaseUtility.java:28)
at POM.LoginTestpage.<init>(LoginTestpage.java:13)
at Baseclass.BaseUtility.<init>(BaseUtility.java:28)
at POM.LoginTestpage.<init>(LoginTestpage.java:13)
at Baseclass.BaseUtility.<init>(BaseUtility.java:28)
at POM.LoginTestpage.<init>(LoginTestpage.java:13)
at Baseclass.BaseUtility.<init>(BaseUtility.java:28)
at POM.LoginTestpage.<init>(LoginTestpage.java:13)
at Baseclass.BaseUtility.<init>(BaseUtility.java:28)
at POM.LoginTestpage.<init>(LoginTestpage.java:13)
at Baseclass.BaseUtility.<init>(BaseUtility.java:28)
at POM.LoginTestpage.<init>(LoginTestpage.java:13)
[...]
at Baseclass.BaseUtility.<init>(BaseUtility.java:28)
at POM.LoginTestpage.<init>(LoginTestpage.java:13)
at Baseclass.BaseUtility.<init>(BaseUtility.java:28)
at POM.LoginTestpage.<init>(LoginTestpage.java:13)
at Baseclass.BaseUtility.<init>(BaseUtility.java:28)
at POM.LoginTestpage.<init>(LoginTestpage.java:13)
at Baseclass.BaseUtility.<init>(BaseUtility.java:28)
at POM.LoginTestpage.<init>(LoginTestpage.java:13)
at Baseclass.BaseUtility.<init>(BaseUtility.java:28)
at POM.LoginTestpage.<init>(LoginTestpage.java:13)
at Baseclass.BaseUtility.<init>(BaseUtility.java:28)
at POM.LoginTestpage.<init>(LoginTestpage.java:13)
at Baseclass.BaseUtility.<init>(BaseUtility.java:28)
at POM.LoginTestpage.<init>(LoginTestpage.java:13)
at Baseclass.BaseUtility.<init>(BaseUtility.java:28)
at POM.LoginTestpage.<init>(LoginTestpage.java:13)
at Baseclass.BaseUtility.<init>(BaseUtility.java:28)
at POM.LoginTestpage.<init>(LoginTestpage.java:13)
at Baseclass.BaseUtility.<init>(BaseUtility.java:28)
at POM.LoginTestpage.<init>(LoginTestpage.java:13)
at Baseclass.BaseUtility.<init>(BaseUtility.java:28)
at POM.LoginTestpage.<init>(LoginTestpage.java:13)
at Baseclass.BaseUtility.<init>(BaseUtility.java:28)
at POM.LoginTestpage.<init>(LoginTestpage.java:13)
at Baseclass.BaseUtility.<init>(BaseUtility.java:28)
at POM.LoginTestpage.<init>(LoginTestpage.java:13)
at Baseclass.BaseUtility.<init>(BaseUtility.java:28)
at POM.LoginTestpage.<init>(LoginTestpage.java:13)
at Baseclass.BaseUtility.<init>(BaseUtility.java:28)
at POM.LoginTestpage.<init>(LoginTestpage.java:13)
at Baseclass.BaseUtility.<init>(BaseUtility.java:28)
at POM.LoginTestpage.<init>(LoginTestpage.java:13)
at Baseclass.BaseUtility.<init>(BaseUtility.java:28)
at POM.LoginTestpage.<init>(LoginTestpage.java:13)
at Baseclass.BaseUtility.<init>(BaseUtility.java:28)
at POM.LoginTestpage.<init>(LoginTestpage.java:13)
at Baseclass.BaseUtility.<init>(BaseUtility.java:28)
at POM.LoginTestpage.<init>(LoginTestpage.java:13)
at Baseclass.BaseUtility.<init>(BaseUtility.java:28)
at POM.LoginTestpage.<init>(LoginTestpage.java:13)
at Baseclass.BaseUtility.<init>(BaseUtility.java:28)
at POM.LoginTestpage.<init>(LoginTestpage.java:13)
at Baseclass.BaseUtility.<init>(BaseUtility.java:28)
at POM.LoginTestpage.<init>(LoginTestpage.java:13)
at Baseclass.BaseUtility.<init>(BaseUtility.java:28)
at POM.LoginTestpage.<init>(LoginTestpage.java:13)
at Baseclass.BaseUtility.<init>(BaseUtility.java:28)
at POM.LoginTestpage.<init>(LoginTestpage.java:13)
at Baseclass.BaseUtility.<init>(BaseUtility.java:28)
at POM.LoginTestpage.<init>(LoginTestpage.java:13)
at Baseclass.BaseUtility.<init>(BaseUtility.java:28)
at POM.LoginTestpage.<init>(LoginTestpage.java:13)
at Baseclass.BaseUtility.<init>(BaseUtility.java:28)
at POM.LoginTestpage.<init>(LoginTestpage.java:13)
at Baseclass.BaseUtility.<init>(BaseUtility.java:28)
at POM.LoginTestpage.<init>(LoginTestpage.java:13)
at Baseclass.BaseUtility.<init>(BaseUtility.java:28)
at POM.LoginTestpage.<init>(LoginTestpage.java:13)
at Baseclass.BaseUtility.<init>(BaseUtility.java:28)
at POM.LoginTestpage.<init>(LoginTestpage.java:13)
at Baseclass.BaseUtility.<init>(BaseUtility.java:28)
at POM.LoginTestpage.<init>(LoginTestpage.java:13)
at Baseclass.BaseUtility.<init>(BaseUtility.java:28)
at POM.LoginTestpage.<init>(LoginTestpage.java:13)
at Baseclass.BaseUtility.<init>(BaseUtility.java:28)
at POM.LoginTestpage.<init>(LoginTestpage.java:13)
at Baseclass.BaseUtility.<init>(BaseUtility.java:28)
at POM.LoginTestpage.<init>(LoginTestpage.java:13)
at Baseclass.BaseUtility.<init>(BaseUtility.java:28)
at POM.LoginTestpage.<init>(LoginTestpage.java:13)
at Baseclass.BaseUtility.<init>(BaseUtility.java:28)
at POM.LoginTestpage.<init>(LoginTestpage.java:13)
at Baseclass.BaseUtility.<init>(BaseUtility.java:28)
at POM.LoginTestpage.<init>(LoginTestpage.java:13)
at Baseclass.BaseUtility.<init>(BaseUtility.java:28)
at POM.LoginTestpage.<init>(LoginTestpage.java:13)
at Baseclass.BaseUtility.<init>(BaseUtility.java:28)
at POM.LoginTestpage.<init>(LoginTestpage.java:13)
at Baseclass.BaseUtility.<init>(BaseUtility.java:28)
at POM.LoginTestpage.<init>(LoginTestpage.java:13)
at Baseclass.BaseUtility.<init>(BaseUtility.java:28)
at POM.LoginTestpage.<init>(LoginTestpage.java:13)
at Baseclass.BaseUtility.<init>(BaseUtility.java:28)
at POM.LoginTestpage.<init>(LoginTestpage.java:13)
at Baseclass.BaseUtility.<init>(BaseUtility.java:28)
at POM.LoginTestpage.<init>(LoginTestpage.java:13)
at Baseclass.BaseUtility.<init>(BaseUtility.java:28)
at POM.LoginTestpage.<init>(LoginTestpage.java:13)
at Baseclass.BaseUtility.<init>(BaseUtility.java:28)
at POM.LoginTestpage.<init>(LoginTestpage.java:13)
at Baseclass.BaseUtility.<init>(BaseUtility.java:28)
at POM.LoginTestpage.<init>(LoginTestpage.java:13)
at Baseclass.BaseUtility.<init>(BaseUtility.java:28)
at POM.LoginTestpage.<init>(LoginTestpage.java:13)
at Baseclass.BaseUtility.<init>(BaseUtility.java:28)
at POM.LoginTestpage.<init>(LoginTestpage.java:13)
at Baseclass.BaseUtility.<init>(BaseUtility.java:28)
at POM.LoginTestpage.<init>(LoginTestpage.java:13)
at Baseclass.BaseUtility.<init>(BaseUtility.java:28)
at POM.LoginTestpage.<init>(LoginTestpage.java:13)
at Baseclass.BaseUtility.<init>(BaseUtility.java:28)
at POM.LoginTestpage.<init>(LoginTestpage.java:13)
at Baseclass.BaseUtility.<init>(BaseUtility.java:28)
at POM.LoginTestpage.<init>(LoginTestpage.java:13)
at Baseclass.BaseUtility.<init>(BaseUtility.java:28)
at POM.LoginTestpage.<init>(LoginTestpage.java:13)
at Baseclass.BaseUtility.<init>(BaseUtility.java:28)
at POM.LoginTestpage.<init>(LoginTestpage.java:13)
at Baseclass.BaseUtility.<init>(BaseUtility.java:28)
at POM.LoginTestpage.<init>(LoginTestpage.java:13)
at Baseclass.BaseUtility.<init>(BaseUtility.java:28)
at POM.LoginTestpage.<init>(LoginTestpage.java:13)
at Baseclass.BaseUtility.<init>(BaseUtility.java:28)
at POM.LoginTestpage.<init>(LoginTestpage.java:13)
at Baseclass.BaseUtility.<init>(BaseUtility.java:28)
at POM.LoginTestpage.<init>(LoginTestpage.java:13)
at Baseclass.BaseUtility.<init>(BaseUtility.java:28)
at POM.LoginTestpage.<init>(LoginTestpage.java:13)
at Baseclass.BaseUtility.<init>(BaseUtility.java:28)
at POM.LoginTestpage.<init>(LoginTestpage.java:13)
at Baseclass.BaseUtility.<init>(BaseUtility.java:28)
at POM.LoginTestpage.<init>(LoginTestpage.java:13)
at Baseclass.BaseUtility.<init>(BaseUtility.java:28)
at POM.LoginTestpage.<init>(LoginTestpage.java:13)
at Baseclass.BaseUtility.<init>(BaseUtility.java:28)
at POM.LoginTestpage.<init>(LoginTestpage.java:13)
at Baseclass.BaseUtility.<init>(BaseUtility.java:28)
at POM.LoginTestpage.<init>(LoginTestpage.java:13)
at Baseclass.BaseUtility.<init>(BaseUtility.java:28)
at POM.LoginTestpage.<init>(LoginTestpage.java:13)
at Baseclass.BaseUtility.<init>(BaseUtility.java:28)
at POM.LoginTestpage.<init>(LoginTestpage.java:13)
at Baseclass.BaseUtility.<init>(BaseUtility.java:28)
at POM.LoginTestpage.<init>(LoginTestpage.java:13)
at Baseclass.BaseUtility.<init>(BaseUtility.java:28)
at POM.LoginTestpage.<init>(LoginTestpage.java:13)
at Baseclass.BaseUtility.<init>(BaseUtility.java:28)
at POM.LoginTestpage.<init>(LoginTestpage.java:13)
at Baseclass.BaseUtility.<init>(BaseUtility.java:28)
at POM.LoginTestpage.<init>(LoginTestpage.java:13)
at Baseclass.BaseUtility.<init>(BaseUtility.java:28)
at POM.LoginTestpage.<init>(LoginTestpage.java:13)
at Baseclass.BaseUtility.<init>(BaseUtility.java:28)
at POM.LoginTestpage.<init>(LoginTestpage.java:13)
at Baseclass.BaseUtility.<init>(BaseUtility.java:28)
at POM.LoginTestpage.<init>(LoginTestpage.java:13)
at Baseclass.BaseUtility.<init>(BaseUtility.java:28)
at POM.LoginTestpage.<init>(LoginTestpage.java:13)
at Baseclass.BaseUtility.<init>(BaseUtility.java:28)
at POM.LoginTestpage.<init>(LoginTestpage.java:13)
at Baseclass.BaseUtility.<init>(BaseUtility.java:28)
at POM.LoginTestpage.<init>(LoginTestpage.java:13)
at Baseclass.BaseUtility.<init>(BaseUtility.java:28)
at POM.LoginTestpage.<init>(LoginTestpage.java:13)
at Baseclass.BaseUtility.<init>(BaseUtility.java:28)
at POM.LoginTestpage.<init>(LoginTestpage.java:13)
at Baseclass.BaseUtility.<init>(BaseUtility.java:28)
at POM.LoginTestpage.<init>(LoginTestpage.java:13)
at Baseclass.BaseUtility.<init>(BaseUtility.java:28)
at POM.LoginTestpage.<init>(LoginTestpage.java:13)
at Baseclass.BaseUtility.<init>(BaseUtility.java:28)
at POM.LoginTestpage.<init>(LoginTestpage.java:13)
at Baseclass.BaseUtility.<init>(BaseUtility.java:28)
at POM.LoginTestpage.<init>(LoginTestpage.java:13)
at Baseclass.BaseUtility.<init>(BaseUtility.java:28)
at POM.LoginTestpage.<init>(LoginTestpage.java:13)
at Baseclass.BaseUtility.<init>(BaseUtility.java:28)
at POM.LoginTestpage.<init>(LoginTestpage.java:13)
at Baseclass.BaseUtility.<init>(BaseUtility.java:28)
at POM.LoginTestpage.<init>(LoginTestpage.java:13)
at Baseclass.BaseUtility.<init>(BaseUtility.java:28)
at POM.LoginTestpage.<init>(LoginTestpage.java:13)
at Baseclass.BaseUtility.<init>(BaseUtility.java:28)
at POM.LoginTestpage.<init>(LoginTestpage.java:13)
at Baseclass.BaseUtility.<init>(BaseUtility.java:28)
at POM.LoginTestpage.<init>(LoginTestpage.java:13)
at Baseclass.BaseUtility.<init>(BaseUtility.java:28)
at POM.LoginTestpage.<init>(LoginTestpage.java:13)
at Baseclass.BaseUtility.<init>(BaseUtility.java:28)
at POM.LoginTestpage.<init>(LoginTestpage.java:13)
at Baseclass.BaseUtility.<init>(BaseUtility.java:28)
at POM.LoginTestpage.<init>(LoginTestpage.java:13)
at Baseclass.BaseUtility.<init>(BaseUtility.java:28)
at POM.LoginTestpage.<init>(LoginTestpage.java:13)
at Baseclass.BaseUtility.<init>(BaseUtility.java:28)
at POM.LoginTestpage.<init>(LoginTestpage.java:13)
at Baseclass.BaseUtility.<init>(BaseUtility.java:28)
at POM.LoginTestpage.<init>(LoginTestpage.java:13)
at Baseclass.BaseUtility.<init>(BaseUtility.java:28)
at POM.LoginTestpage.<init>(LoginTestpage.java:13)
at Baseclass.BaseUtility.<init>(BaseUtility.java:28)
at POM.LoginTestpage.<init>(LoginTestpage.java:13)
at Baseclass.BaseUtility.<init>(BaseUtility.java:28)
at POM.LoginTestpage.<init>(LoginTestpage.java:13)
at Baseclass.BaseUtility.<init>(BaseUtility.java:28)
at POM.LoginTestpage.<init>(LoginTestpage.java:13)
at Baseclass.BaseUtility.<init>(BaseUtility.java:28)
at POM.LoginTestpage.<init>(LoginTestpage.java:13)
at Baseclass.BaseUtility.<init>(BaseUtility.java:28)
at POM.LoginTestpage.<init>(LoginTestpage.java:13)
at Baseclass.BaseUtility.<init>(BaseUtility.java:28)
at POM.LoginTestpage.<init>(LoginTestpage.java:13)
at Baseclass.BaseUtility.<init>(BaseUtility.java:28)
at POM.LoginTestpage.<init>(LoginTestpage.java:13)
at Baseclass.BaseUtility.<init>(BaseUtility.java:28)
at POM.LoginTestpage.<init>(LoginTestpage.java:13)
at Baseclass.BaseUtility.<init>(BaseUtility.java:28)
at POM.LoginTestpage.<init>(LoginTestpage.java:13)
at Baseclass.BaseUtility.<init>(BaseUtility.java:28)
at POM.LoginTestpage.<init>(LoginTestpage.java:13)
at Baseclass.BaseUtility.<init>(BaseUtility.java:28)
at POM.LoginTestpage.<init>(LoginTestpage.java:13)
at Baseclass.BaseUtility.<init>(BaseUtility.java:28)
at POM.LoginTestpage.<init>(LoginTestpage.java:13)
at Baseclass.BaseUtility.<init>(BaseUtility.java:28)
at POM.LoginTestpage.<init>(LoginTestpage.java:13)
at Baseclass.BaseUtility.<init>(BaseUtility.java:28)
at POM.LoginTestpage.<init>(LoginTestpage.java:13)
at Baseclass.BaseUtility.<init>(BaseUtility.java:28)
at POM.LoginTestpage.<init>(LoginTestpage.java:13)
at Baseclass.BaseUtility.<init>(BaseUtility.java:28)
at POM.LoginTestpage.<init>(LoginTestpage.java:13)
at Baseclass.BaseUtility.<init>(BaseUtility.java:28)
at POM.LoginTestpage.<init>(LoginTestpage.java:13)
at Baseclass.BaseUtility.<init>(BaseUtility.java:28)
at POM.LoginTestpage.<init>(LoginTestpage.java:13)
at Baseclass.BaseUtility.<init>(BaseUtility.java:28)
at POM.LoginTestpage.<init>(LoginTestpage.java:13)
at Baseclass.BaseUtility.<init>(BaseUtility.java:28)
at POM.LoginTestpage.<init>(LoginTestpage.java:13)
at Baseclass.BaseUtility.<init>(BaseUtility.java:28)
at POM.LoginTestpage.<init>(LoginTestpage.java:13)
at Baseclass.BaseUtility.<init>(BaseUtility.java:28)
at POM.LoginTestpage.<init>(LoginTestpage.java:13)
at Baseclass.BaseUtility.<init>(BaseUtility.java:28)
at POM.LoginTestpage.<init>(LoginTestpage.java:13)
at Baseclass.BaseUtility.<init>(BaseUtility.java:28)
at POM.LoginTestpage.<init>(LoginTestpage.java:13)
at Baseclass.BaseUtility.<init>(BaseUtility.java:28)
at POM.LoginTestpage.<init>(LoginTestpage.java:13)
at Baseclass.BaseUtility.<init>(BaseUtility.java:28)
at POM.LoginTestpage.<init>(LoginTestpage.java:13)
at Baseclass.BaseUtility.<init>(BaseUtility.java:28)
at POM.LoginTestpage.<init>(LoginTestpage.java:13)
at Baseclass.BaseUtility.<init>(BaseUtility.java:28)
at POM.LoginTestpage.<init>(LoginTestpage.java:13)
at Baseclass.BaseUtility.<init>(BaseUtility.java:28)
at POM.LoginTestpage.<init>(LoginTestpage.java:13)
at Baseclass.BaseUtility.<init>(BaseUtility.java:28)
at POM.LoginTestpage.<init>(LoginTestpage.java:13)
at Baseclass.BaseUtility.<init>(BaseUtility.java:28)
at POM.LoginTestpage.<init>(LoginTestpage.java:13)
at Baseclass.BaseUtility.<init>(BaseUtility.java:28)
at POM.LoginTestpage.<init>(LoginTestpage.java:13)
at Baseclass.BaseUtility.<init>(BaseUtility.java:28)
at POM.LoginTestpage.<init>(LoginTestpage.java:13)
at Baseclass.BaseUtility.<init>(BaseUtility.java:28)
at POM.LoginTestpage.<init>(LoginTestpage.java:13)
at Baseclass.BaseUtility.<init>(BaseUtility.java:28)
at POM.LoginTestpage.<init>(LoginTestpage.java:13)
at Baseclass.BaseUtility.<init>(BaseUtility.java:28)
at POM.LoginTestpage.<init>(LoginTestpage.java:13)
at Baseclass.BaseUtility.<init>(BaseUtility.java:28)
at POM.LoginTestpage.<init>(LoginTestpage.java:13)
at Baseclass.BaseUtility.<init>(BaseUtility.java:28)
at POM.LoginTestpage.<init>(LoginTestpage.java:13)
at Baseclass.BaseUtility.<init>(BaseUtility.java:28)
at POM.LoginTestpage.<init>(LoginTestpage.java:13)
at Baseclass.BaseUtility.<init>(BaseUtility.java:28)
at POM.LoginTestpage.<init>(LoginTestpage.java:13)
at Baseclass.BaseUtility.<init>(BaseUtility.java:28)
at POM.LoginTestpage.<init>(LoginTestpage.java:13)
at Baseclass.BaseUtility.<init>(BaseUtility.java:28)
at POM.LoginTestpage.<init>(LoginTestpage.java:13)
at Baseclass.BaseUtility.<init>(BaseUtility.java:28)
at POM.LoginTestpage.<init>(LoginTestpage.java:13)
at Baseclass.BaseUtility.<init>(BaseUtility.java:28)
at POM.LoginTestpage.<init>(LoginTestpage.java:13)
at Baseclass.BaseUtility.<init>(BaseUtility.java:28)
at POM.LoginTestpage.<init>(LoginTestpage.java:13)
at Baseclass.BaseUtility.<init>(BaseUtility.java:28)
at POM.LoginTestpage.<init>(LoginTestpage.java:13)
at Baseclass.BaseUtility.<init>(BaseUtility.java:28)
at POM.LoginTestpage.<init>(LoginTestpage.java:13)
at Baseclass.BaseUtility.<init>(BaseUtility.java:28)
at POM.LoginTestpage.<init>(LoginTestpage.java:13)
at Baseclass.BaseUtility.<init>(BaseUtility.java:28)
at POM.LoginTestpage.<init>(LoginTestpage.java:13)
at Baseclass.BaseUtility.<init>(BaseUtility.java:28)
at POM.LoginTestpage.<init>(LoginTestpage.java:13)
at Baseclass.BaseUtility.<init>(BaseUtility.java:28)
at POM.LoginTestpage.<init>(LoginTestpage.java:13)
at Baseclass.BaseUtility.<init>(BaseUtility.java:28)
at POM.LoginTestpage.<init>(LoginTestpage.java:13)
at Baseclass.BaseUtility.<init>(BaseUtility.java:28)
at POM.LoginTestpage.<init>(LoginTestpage.java:13)
at Baseclass.BaseUtility.<init>(BaseUtility.java:28)
at POM.LoginTestpage.<init>(LoginTestpage.java:13)
at Baseclass.BaseUtility.<init>(BaseUtility.java:28)
at POM.LoginTestpage.<init>(LoginTestpage.java:13)
at Baseclass.BaseUtility.<init>(BaseUtility.java:28)
at POM.LoginTestpage.<init>(LoginTestpage.java:13)
at Baseclass.BaseUtility.<init>(BaseUtility.java:28)
at POM.LoginTestpage.<init>(LoginTestpage.java:13)
at Baseclass.BaseUtility.<init>(BaseUtility.java:28)
at POM.LoginTestpage.<init>(LoginTestpage.java:13)
at Baseclass.BaseUtility.<init>(BaseUtility.java:28)
at POM.LoginTestpage.<init>(LoginTestpage.java:13)
at Baseclass.BaseUtility.<init>(BaseUtility.java:28)
at POM.LoginTestpage.<init>(LoginTestpage.java:13)
at Baseclass.BaseUtility.<init>(BaseUtility.java:28)
at POM.LoginTestpage.<init>(LoginTestpage.java:13)
at Baseclass.BaseUtility.<init>(BaseUtility.java:28)
at POM.LoginTestpage.<init>(LoginTestpage.java:13)
at Baseclass.BaseUtility.<init>(BaseUtility.java:28)
at POM.LoginTestpage.<init>(LoginTestpage.java:13)
at Baseclass.BaseUtility.<init>(BaseUtility.java:28)
at POM.LoginTestpage.<init>(LoginTestpage.java:13)
at Baseclass.BaseUtility.<init>(BaseUtility.java:28)
at POM.LoginTestpage.<init>(LoginTestpage.java:13)
at Baseclass.BaseUtility.<init>(BaseUtility.java:28)
at POM.LoginTestpage.<init>(LoginTestpage.java:13)
at Baseclass.BaseUtility.<init>(BaseUtility.java:28)
at POM.LoginTestpage.<init>(LoginTestpage.java:13)
at Baseclass.BaseUtility.<init>(BaseUtility.java:28)
at POM.LoginTestpage.<init>(LoginTestpage.java:13)
at Baseclass.BaseUtility.<init>(BaseUtility.java:28)
at POM.LoginTestpage.<init>(LoginTestpage.java:13)
at Baseclass.BaseUtility.<init>(BaseUtility.java:28)
at POM.LoginTestpage.<init>(LoginTestpage.java:13)
at Baseclass.BaseUtility.<init>(BaseUtility.java:28)
at POM.LoginTestpage.<init>(LoginTestpage.java:13)
at Baseclass.BaseUtility.<init>(BaseUtility.java:28)
at POM.LoginTestpage.<init>(LoginTestpage.java:13)
at Baseclass.BaseUtility.<init>(BaseUtility.java:28)
at POM.LoginTestpage.<init>(LoginTestpage.java:13)
at Baseclass.BaseUtility.<init>(BaseUtility.java:28)
at POM.LoginTestpage.<init>(LoginTestpage.java:13)
at Baseclass.BaseUtility.<init>(BaseUtility.java:28)
at POM.LoginTestpage.<init>(LoginTestpage.java:13)
at Baseclass.BaseUtility.<init>(BaseUtility.java:28)
at POM.LoginTestpage.<init>(LoginTestpage.java:13)
at Baseclass.BaseUtility.<init>(BaseUtility.java:28)
at POM.LoginTestpage.<init>(LoginTestpage.java:13)
at Baseclass.BaseUtility.<init>(BaseUtility.java:28)
at POM.LoginTestpage.<init>(LoginTestpage.java:13)
at Baseclass.BaseUtility.<init>(BaseUtility.java:28)
at POM.LoginTestpage.<init>(LoginTestpage.java:13)
at Baseclass.BaseUtility.<init>(BaseUtility.java:28)
at POM.LoginTestpage.<init>(LoginTestpage.java:13)
at Baseclass.BaseUtility.<init>(BaseUtility.java:28)
at POM.LoginTestpage.<init>(LoginTestpage.java:13)
at Baseclass.BaseUtility.<init>(BaseUtility.java:28)
at POM.LoginTestpage.<init>(LoginTestpage.java:13)
at Baseclass.BaseUtility.<init>(BaseUtility.java:28)
at POM.LoginTestpage.<init>(LoginTestpage.java:13)
at Baseclass.BaseUtility.<init>(BaseUtility.java:28)
at POM.LoginTestpage.<init>(LoginTestpage.java:13)
at Baseclass.BaseUtility.<init>(BaseUtility.java:28)
at POM.LoginTestpage.<init>(LoginTestpage.java:13)
at Baseclass.BaseUtility.<init>(BaseUtility.java:28)
at POM.LoginTestpage.<init>(LoginTestpage.java:13)
at Baseclass.BaseUtility.<init>(BaseUtility.java:28)
at POM.LoginTestpage.<init>(LoginTestpage.java:13)
at Baseclass.BaseUtility.<init>(BaseUtility.java:28)
at POM.LoginTestpage.<init>(LoginTestpage.java:13)
at Baseclass.BaseUtility.<init>(BaseUtility.java:28)
at POM.LoginTestpage.<init>(LoginTestpage.java:13)
at Baseclass.BaseUtility.<init>(BaseUtility.java:28)
at POM.LoginTestpage.<init>(LoginTestpage.java:13)
at Baseclass.BaseUtility.<init>(BaseUtility.java:28)
at POM.LoginTestpage.<init>(LoginTestpage.java:13)
at Baseclass.BaseUtility.<init>(BaseUtility.java:28)
at POM.LoginTestpage.<init>(LoginTestpage.java:13)
at Baseclass.BaseUtility.<init>(BaseUtility.java:28)
at POM.LoginTestpage.<init>(LoginTestpage.java:13)
at Baseclass.BaseUtility.<init>(BaseUtility.java:28)
at POM.LoginTestpage.<init>(LoginTestpage.java:13)
at Baseclass.BaseUtility.<init>(BaseUtility.java:28)
]]>
    </error>
  </testcase> <!-- selectTheProduct -->
  <testcase classname="Testcases.HomepageTest" name="selectTheProduct" time="3.457">
    <skipped/>
  </testcase> <!-- selectTheProduct -->
</testsuite> <!-- Testcases.HomepageTest -->
