<?xml version="1.0" encoding="UTF-8"?>
<!-- Generated by org.testng.reporters.JUnitReportReporter -->
<testsuite hostname="BOOK-SKELCNEN96" failures="0" tests="12" name="Testcases.LoginTest" time="90.156" errors="4" timestamp="2026-02-17T17:26:36 IST" skipped="8">
  <testcase classname="Testcases.LoginTest" name="loginTest" time="3.696">
    <skipped/>
  </testcase> <!-- loginTest -->
  <testcase classname="Testcases.LoginTest" name="loginTest" time="10.474">
    <skipped/>
  </testcase> <!-- loginTest -->
  <testcase classname="Testcases.LoginTest" name="loginTest" time="4.765">
    <error type="java.lang.StackOverflowError">
      <![CDATA[java.lang.StackOverflowError
at POM.LoginTestpage.<init>(LoginTestpage.java:13)
at Baseclass.BaseUtility.<init>(BaseUtility.java:28)
at POM.LoginTestpage.<init>(LoginTestpage.java:13)
at Baseclass.BaseUtility.<init>(BaseUtility.java:28)
at POM.LoginTestpage.<init>(LoginTestpage.java:13)
at Baseclass.BaseUtility.<init>(BaseUtility.java:28)
at POM.LoginTestpage.<init>(LoginTestpage.java:13)
at Baseclass.BaseUtility.<init>(BaseUtility.java:28)
at POM.LoginTestpage.<init>(LoginTestpage.java:13)
at Baseclass.BaseUtility.<init>(BaseUtility.java:28)
at POM.LoginTestpage.<init>(LoginTestpage.java:13)
at Baseclass.BaseUtility.<init>(BaseUtility.java:28)
at POM.LoginTestpage.<init>(LoginTestpage.java:13)
at Baseclass.BaseUtility.<init>(BaseUtility.java:28)
at POM.LoginTestpage.<init>(LoginTestpage.java:13)
at Baseclass.BaseUtility.<init>(BaseUtility.java:28)
at POM.LoginTestpage.<init>(LoginTestpage.java:13)
at Baseclass.BaseUtility.<init>(BaseUtility.java:28)
at POM.LoginTestpage.<init>(LoginTestpage.java:13)
at Baseclass.BaseUtility.<init>(BaseUtility.java:28)
at POM.LoginTestpage.<init>(LoginTestpage.java:13)
at Baseclass.BaseUtility.<init>(BaseUtility.java:28)
at POM.LoginTestpage.<init>(LoginTestpage.java:13)
at Baseclass.BaseUtility.<init>(BaseUtility.java:28)
at POM.LoginTestpage.<init>(LoginTestpage.java:13)
at Baseclass.BaseUtility.<init>(BaseUtility.java:28)
at POM.LoginTestpage.<init>(LoginTestpage.java:13)
at Baseclass.BaseUtility.<init>(BaseUtility.java:28)
at POM.LoginTestpage.<init>(LoginTestpage.java:13)
at Baseclass.BaseUtility.<init>(BaseUtility.java:28)
at POM.LoginTestpage.<init>(LoginTestpage.java:13)
at Baseclass.BaseUtility.<init>(BaseUtility.java:28)
at POM.LoginTestpage.<init>(LoginTestpage.java:13)
at Baseclass.BaseUtility.<init>(BaseUtility.java:28)
at POM.LoginTestpage.<init>(LoginTestpage.java:13)
at Baseclass.BaseUtility.<init>(BaseUtility.java:28)
at POM.LoginTestpage.<init>(LoginTestpage.java:13)
at Baseclass.BaseUtility.<init>(BaseUtility.java:28)
at POM.LoginTestpage.<init>(LoginTestpage.java:13)
at Baseclass.BaseUtility.<init>(BaseUtility.java:28)
at POM.LoginTestpage.<init>(LoginTestpage.java:13)
at Baseclass.BaseUtility.<init>(BaseUtility.java:28)
at POM.LoginTestpage.<init>(LoginTestpage.java:13)
at Baseclass.BaseUtility.<init>(BaseUtility.java:28)
at POM.LoginTestpage.<init>(LoginTestpage.java:13)
at Baseclass.BaseUtility.<init>(BaseUtility.java:28)
at POM.LoginTestpage.<init>(LoginTestpage.java:13)
at Baseclass.BaseUtility.<init>(BaseUtility.java:28)
at POM.LoginTestpage.<init>(LoginTestpage.java:13)
at Baseclass.BaseUtility.<init>(BaseUtility.java:28)
at POM.LoginTestpage.<init>(LoginTestpage.java:13)
at Baseclass.BaseUtility.<init>(BaseUtility.java:28)
at POM.LoginTestpage.<init>(LoginTestpage.java:13)
at Baseclass.BaseUtility.<init>(BaseUtility.java:28)
at POM.LoginTestpage.<init>(LoginTestpage.java:13)
at Baseclass.BaseUtility.<init>(BaseUtility.java:28)
at POM.LoginTestpage.<init>(LoginTestpage.java:13)
at Baseclass.BaseUtility.<init>(BaseUtility.java:28)
at POM.LoginTestpage.<init>(LoginTestpage.java:13)
at Baseclass.BaseUtility.<init>(BaseUtility.java:28)
at POM.LoginTestpage.<init>(LoginTestpage.java:13)
at Baseclass.BaseUtility.<init>(BaseUtility.java:28)
at POM.LoginTestpage.<init>(LoginTestpage.java:13)
at Baseclass.BaseUtility.<init>(BaseUtility.java:28)
at POM.LoginTestpage.<init>(LoginTestpage.java:13)
at Baseclass.BaseUtility.<init>(BaseUtility.java:28)
at POM.LoginTestpage.<init>(LoginTestpage.java:13)
at Baseclass.BaseUtility.<init>(BaseUtility.java:28)
at POM.LoginTestpage.<init>(LoginTestpage.java:13)
at Baseclass.BaseUtility.<init>(BaseUtility.java:28)
at POM.LoginTestpage.<init>(LoginTestpage.java:13)
at Baseclass.BaseUtility.<init>(BaseUtility.java:28)
at POM.LoginTestpage.<init>(LoginTestpage.java:13)
at Baseclass.BaseUtility.<init>(BaseUtility.java:28)
at POM.LoginTestpage.<init>(LoginTestpage.java:13)
at Baseclass.BaseUtility.<init>(BaseUtility.java:28)
at POM.LoginTestpage.<init>(LoginTestpage.java:13)
at Baseclass.BaseUtility.<init>(BaseUtility.java:28)
at POM.LoginTestpage.<init>(LoginTestpage.java:13)
at Baseclass.BaseUtility.<init>(BaseUtility.java:28)
at POM.LoginTestpage.<init>(LoginTestpage.java:13)
at Baseclass.BaseUtility.<init>(BaseUtility.java:28)
at POM.LoginTestpage.<init>(LoginTestpage.java:13)
at Baseclass.BaseUtility.<init>(BaseUtility.java:28)
at POM.LoginTestpage.<init>(LoginTestpage.java:13)
at Baseclass.BaseUtility.<init>(BaseUtility.java:28)
at POM.LoginTestpage.<init>(LoginTestpage.java:13)
at Baseclass.BaseUtility.<init>(BaseUtility.java:28)
at POM.LoginTestpage.<init>(LoginTestpage.java:13)
at Baseclass.BaseUtility.<init>(BaseUtility.java:28)
at POM.LoginTestpage.<init>(LoginTestpage.java:13)
at Baseclass.BaseUtility.<init>(BaseUtility.java:28)
at POM.LoginTestpage.<init>(LoginTestpage.java:13)
at Baseclass.BaseUtility.<init>(BaseUtility.java:28)
at POM.LoginTestpage.<init>(LoginTestpage.java:13)
at Baseclass.BaseUtility.<init>(BaseUtility.java:28)
at POM.LoginTestpage.<init>(LoginTestpage.java:13)
at Baseclass.BaseUtility.<init>(BaseUtility.java:28)
at POM.LoginTestpage.<init>(LoginTestpage.java:13)
at Baseclass.BaseUtility.<init>(BaseUtility.java:28)
at POM.LoginTestpage.<init>(LoginTestpage.java:13)
at Baseclass.BaseUtility.<init>(BaseUtility.java:28)
at POM.LoginTestpage.<init>(LoginTestpage.java:13)
at Baseclass.BaseUtility.<init>(BaseUtility.java:28)
at POM.LoginTestpage.<init>(LoginTestpage.java:13)
at Baseclass.BaseUtility.<init>(BaseUtility.java:28)
at POM.LoginTestpage.<init>(LoginTestpage.java:13)
at Baseclass.BaseUtility.<init>(BaseUtility.java:28)
at POM.LoginTestpage.<init>(LoginTestpage.java:13)
at Baseclass.BaseUtility.<init>(BaseUtility.java:28)
at POM.LoginTestpage.<init>(LoginTestpage.java:13)
at Baseclass.BaseUtility.<init>(BaseUtility.java:28)
at POM.LoginTestpage.<init>(LoginTestpage.java:13)
at Baseclass.BaseUtility.<init>(BaseUtility.java:28)
at POM.LoginTestpage.<init>(LoginTestpage.java:13)
at Baseclass.BaseUtility.<init>(BaseUtility.java:28)
at POM.LoginTestpage.<init>(LoginTestpage.java:13)
at Baseclass.BaseUtility.<init>(BaseUtility.java:28)
at POM.LoginTestpage.<init>(LoginTestpage.java:13)
at Baseclass.BaseUtility.<init>(BaseUtility.java:28)
at POM.LoginTestpage.<init>(LoginTestpage.java:13)
at Baseclass.BaseUtility.<init>(BaseUtility.java:28)
at POM.LoginTestpage.<init>(LoginTestpage.java:13)
at Baseclass.BaseUtility.<init>(BaseUtility.java:28)
at POM.LoginTestpage.<init>(LoginTestpage.java:13)
at Baseclass.BaseUtility.<init>(BaseUtility.java:28)
at POM.LoginTestpage.<init>(LoginTestpage.java:13)
at Baseclass.BaseUtility.<init>(BaseUtility.java:28)
at POM.LoginTestpage.<init>(LoginTestpage.java:13)
at Baseclass.BaseUtility.<init>(BaseUtility.java:28)
at POM.LoginTestpage.<init>(LoginTestpage.java:13)
at Baseclass.BaseUtility.<init>(BaseUtility.java:28)
at POM.LoginTestpage.<init>(LoginTestpage.java:13)
at Baseclass.BaseUtility.<init>(BaseUtility.java:28)
at POM.LoginTestpage.<init>(LoginTestpage.java:13)
at Baseclass.BaseUtility.<init>(BaseUtility.java:28)
at POM.LoginTestpage.<init>(LoginTestpage.java:13)
at Baseclass.BaseUtility.<init>(BaseUtility.java:28)
at POM.LoginTestpage.<init>(LoginTestpage.java:13)
at Baseclass.BaseUtility.<init>(BaseUtility.java:28)
at POM.LoginTestpage.<init>(LoginTestpage.java:13)
at Baseclass.BaseUtility.<init>(BaseUtility.java:28)
at POM.LoginTestpage.<init>(LoginTestpage.java:13)
at Baseclass.BaseUtility.<init>(BaseUtility.java:28)
at POM.LoginTestpage.<init>(LoginTestpage.java:13)
at Baseclass.BaseUtility.<init>(BaseUtility.java:28)
at POM.LoginTestpage.<init>(LoginTestpage.java:13)
at Baseclass.BaseUtility.<init>(BaseUtility.java:28)
at POM.LoginTestpage.<init>(LoginTestpage.java:13)
at Baseclass.BaseUtility.<init>(BaseUtility.java:28)
at POM.LoginTestpage.<init>(LoginTestpage.java:13)
at Baseclass.BaseUtility.<init>(BaseUtility.java:28)
at POM.LoginTestpage.<init>(LoginTestpage.java:13)
at Baseclass.BaseUtility.<init>(BaseUtility.java:28)
at POM.LoginTestpage.<init>(LoginTestpage.java:13)
at Baseclass.BaseUtility.<init>(BaseUtility.java:28)
at POM.LoginTestpage.<init>(LoginTestpage.java:13)
at Baseclass.BaseUtility.<init>(BaseUtility.java:28)
at POM.LoginTestpage.<init>(LoginTestpage.java:13)
at Baseclass.BaseUtility.<init>(BaseUtility.java:28)
at POM.LoginTestpage.<init>(LoginTestpage.java:13)
at Baseclass.BaseUtility.<init>(BaseUtility.java:28)
at POM.LoginTestpage.<init>(LoginTestpage.java:13)
at Baseclass.BaseUtility.<init>(BaseUtility.java:28)
at POM.LoginTestpage.<init>(LoginTestpage.java:13)
at Baseclass.BaseUtility.<init>(BaseUtility.java:28)
at POM.LoginTestpage.<init>(LoginTestpage.java:13)
at Baseclass.BaseUtility.<init>(BaseUtility.java:28)
at POM.LoginTestpage.<init>(LoginTestpage.java:13)
at Baseclass.BaseUtility.<init>(BaseUtility.java:28)
at POM.LoginTestpage.<init>(LoginTestpage.java:13)
at Baseclass.BaseUtility.<init>(BaseUtility.java:28)
at POM.LoginTestpage.<init>(LoginTestpage.java:13)
at Baseclass.BaseUtility.<init>(BaseUtility.java:28)
at POM.LoginTestpage.<init>(LoginTestpage.java:13)
at Baseclass.BaseUtility.<init>(BaseUtility.java:28)
at POM.LoginTestpage.<init>(LoginTestpage.java:13)
at Baseclass.BaseUtility.<init>(BaseUtility.java:28)
at POM.LoginTestpage.<init>(LoginTestpage.java:13)
at Baseclass.BaseUtility.<init>(BaseUtility.java:28)
at POM.LoginTestpage.<init>(LoginTestpage.java:13)
at Baseclass.BaseUtility.<init>(BaseUtility.java:28)
at POM.LoginTestpage.<init>(LoginTestpage.java:13)
at Baseclass.BaseUtility.<init>(BaseUtility.java:28)
at POM.LoginTestpage.<init>(LoginTestpage.java:13)
at Baseclass.BaseUtility.<init>(BaseUtility.java:28)
at POM.LoginTestpage.<init>(LoginTestpage.java:13)
at Baseclass.BaseUtility.<init>(BaseUtility.java:28)
at POM.LoginTestpage.<init>(LoginTestpage.java:13)
at Baseclass.BaseUtility.<init>(BaseUtility.java:28)
at POM.LoginTestpage.<init>(LoginTestpage.java:13)
at Baseclass.BaseUtility.<init>(BaseUtility.java:28)
at POM.LoginTestpage.<init>(LoginTestpage.java:13)
at Baseclass.BaseUtility.<init>(BaseUtility.java:28)
at POM.LoginTestpage.<init>(LoginTestpage.java:13)
at Baseclass.BaseUtility.<init>(BaseUtility.java:28)
at POM.LoginTestpage.<init>(LoginTestpage.java:13)
at Baseclass.BaseUtility.<init>(BaseUtility.java:28)
at POM.LoginTestpage.<init>(LoginTestpage.java:13)
at Baseclass.BaseUtility.<init>(BaseUtility.java:28)
at POM.LoginTestpage.<init>(LoginTestpage.java:13)
at Baseclass.BaseUtility.<init>(BaseUtility.java:28)
at POM.LoginTestpage.<init>(LoginTestpage.java:13)
at Baseclass.BaseUtility.<init>(BaseUtility.java:28)
at POM.LoginTestpage.<init>(LoginTestpage.java:13)
at Baseclass.BaseUtility.<init>(BaseUtility.java:28)
at POM.LoginTestpage.<init>(LoginTestpage.java:13)
at Baseclass.BaseUtility.<init>(BaseUtility.java:28)
at POM.LoginTestpage.<init>(LoginTestpage.java:13)
at Baseclass.BaseUtility.<init>(BaseUtility.java:28)
at POM.LoginTestpage.<init>(LoginTestpage.java:13)
at Baseclass.BaseUtility.<init>(BaseUtility.java:28)
at POM.LoginTestpage.<init>(LoginTestpage.java:13)
at Baseclass.BaseUtility.<init>(BaseUtility.java:28)
at POM.LoginTestpage.<init>(LoginTestpage.java:13)
at Baseclass.BaseUtility.<init>(BaseUtility.java:28)
at POM.LoginTestpage.<init>(LoginTestpage.java:13)
at Baseclass.BaseUtility.<init>(BaseUtility.java:28)
at POM.LoginTestpage.<init>(LoginTestpage.java:13)
at Baseclass.BaseUtility.<init>(BaseUtility.java:28)
at POM.LoginTestpage.<init>(LoginTestpage.java:13)
at Baseclass.BaseUtility.<init>(BaseUtility.java:28)
at POM.LoginTestpage.<init>(LoginTestpage.java:13)
at Baseclass.BaseUtility.<init>(BaseUtility.java:28)
at POM.LoginTestpage.<init>(LoginTestpage.java:13)
at Baseclass.BaseUtility.<init>(BaseUtility.java:28)
at POM.LoginTestpage.<init>(LoginTestpage.java:13)
at Baseclass.BaseUtility.<init>(BaseUtility.java:28)
at POM.LoginTestpage.<init>(LoginTestpage.java:13)
at Baseclass.BaseUtility.<init>(BaseUtility.java:28)
at POM.LoginTestpage.<init>(LoginTestpage.java:13)
at Baseclass.BaseUtility.<init>(BaseUtility.java:28)
at POM.LoginTestpage.<init>(LoginTestpage.java:13)
at Baseclass.BaseUtility.<init>(BaseUtility.java:28)
at POM.LoginTestpage.<init>(LoginTestpage.java:13)
at Baseclass.BaseUtility.<init>(BaseUtility.java:28)
at POM.LoginTestpage.<init>(LoginTestpage.java:13)
at Baseclass.BaseUtility.<init>(BaseUtility.java:28)
at POM.LoginTestpage.<init>(LoginTestpage.java:13)
at Baseclass.BaseUtility.<init>(BaseUtility.java:28)
at POM.LoginTestpage.<init>(LoginTestpage.java:13)
at Baseclass.BaseUtility.<init>(BaseUtility.java:28)
at POM.LoginTestpage.<init>(LoginTestpage.java:13)
at Baseclass.BaseUtility.<init>(BaseUtility.java:28)
at POM.LoginTestpage.<init>(LoginTestpage.java:13)
at Baseclass.BaseUtility.<init>(BaseUtility.java:28)
at POM.LoginTestpage.<init>(LoginTestpage.java:13)
at Baseclass.BaseUtility.<init>(BaseUtility.java:28)
at POM.LoginTestpage.<init>(LoginTestpage.java:13)
at Baseclass.BaseUtility.<init>(BaseUtility.java:28)
at POM.LoginTestpage.<init>(LoginTestpage.java:13)
at Baseclass.BaseUtility.<init>(BaseUtility.java:28)
at POM.LoginTestpage.<init>(LoginTestpage.java:13)
at Baseclass.BaseUtility.<init>(BaseUtility.java:28)
at POM.LoginTestpage.<init>(LoginTestpage.java:13)
at Baseclass.BaseUtility.<init>(BaseUtility.java:28)
at POM.LoginTestpage.<init>(LoginTestpage.java:13)
at Baseclass.BaseUtility.<init>(BaseUtility.java:28)
at POM.LoginTestpage.<init>(LoginTestpage.java:13)
at Baseclass.BaseUtility.<init>(BaseUtility.java:28)
at POM.LoginTestpage.<init>(LoginTestpage.java:13)
at Baseclass.BaseUtility.<init>(BaseUtility.java:28)
at POM.LoginTestpage.<init>(LoginTestpage.java:13)
at Baseclass.BaseUtility.<init>(BaseUtility.java:28)
at POM.LoginTestpage.<init>(LoginTestpage.java:13)
at Baseclass.BaseUtility.<init>(BaseUtility.java:28)
at POM.LoginTestpage.<init>(LoginTestpage.java:13)
at Baseclass.BaseUtility.<init>(BaseUtility.java:28)
at POM.LoginTestpage.<init>(LoginTestpage.java:13)
at Baseclass.BaseUtility.<init>(BaseUtility.java:28)
at POM.LoginTestpage.<init>(LoginTestpage.java:13)
at Baseclass.BaseUtility.<init>(BaseUtility.java:28)
at POM.LoginTestpage.<init>(LoginTestpage.java:13)
at Baseclass.BaseUtility.<init>(BaseUtility.java:28)
at POM.LoginTestpage.<init>(LoginTestpage.java:13)
at Baseclass.BaseUtility.<init>(BaseUtility.java:28)
at POM.LoginTestpage.<init>(LoginTestpage.java:13)
at Baseclass.BaseUtility.<init>(BaseUtility.java:28)
at POM.LoginTestpage.<init>(LoginTestpage.java:13)
at Baseclass.BaseUtility.<init>(BaseUtility.java:28)
at POM.LoginTestpage.<init>(LoginTestpage.java:13)
at Baseclass.BaseUtility.<init>(BaseUtility.java:28)
at POM.LoginTestpage.<init>(LoginTestpage.java:13)
at Baseclass.BaseUtility.<init>(BaseUtility.java:28)
at POM.LoginTestpage.<init>(LoginTestpage.java:13)
at Baseclass.BaseUtility.<init>(BaseUtility.java:28)
at POM.LoginTestpage.<init>(LoginTestpage.java:13)
at Baseclass.BaseUtility.<init>(BaseUtility.java:28)
at POM.LoginTestpage.<init>(LoginTestpage.java:13)
at Baseclass.BaseUtility.<init>(BaseUtility.java:28)
at POM.LoginTestpage.<init>(LoginTestpage.java:13)
at Baseclass.BaseUtility.<init>(BaseUtility.java:28)
at POM.LoginTestpage.<init>(LoginTestpage.java:13)
at Baseclass.BaseUtility.<init>(BaseUtility.java:28)
at POM.LoginTestpage.<init>(LoginTestpage.java:13)
at Baseclass.BaseUtility.<init>(BaseUtility.java:28)
at POM.LoginTestpage.<init>(LoginTestpage.java:13)
at Baseclass.BaseUtility.<init>(BaseUtility.java:28)
at POM.LoginTestpage.<init>(LoginTestpage.java:13)
at Baseclass.BaseUtility.<init>(BaseUtility.java:28)
at POM.LoginTestpage.<init>(LoginTestpage.java:13)
at Baseclass.BaseUtility.<init>(BaseUtility.java:28)
at POM.LoginTestpage.<init>(LoginTestpage.java:13)
at Baseclass.BaseUtility.<init>(BaseUtility.java:28)
at POM.LoginTestpage.<init>(LoginTestpage.java:13)
at Baseclass.BaseUtility.<init>(BaseUtility.java:28)
at POM.LoginTestpage.<init>(LoginTestpage.java:13)
at Baseclass.BaseUtility.<init>(BaseUtility.java:28)
at POM.LoginTestpage.<init>(LoginTestpage.java:13)
at Baseclass.BaseUtility.<init>(BaseUtility.java:28)
at POM.LoginTestpage.<init>(LoginTestpage.java:13)
at Baseclass.BaseUtility.<init>(BaseUtility.java:28)
at POM.LoginTestpage.<init>(LoginTestpage.java:13)
at Baseclass.BaseUtility.<init>(BaseUtility.java:28)
at POM.LoginTestpage.<init>(LoginTestpage.java:13)
at Baseclass.BaseUtility.<init>(BaseUtility.java:28)
at POM.LoginTestpage.<init>(LoginTestpage.java:13)
at Baseclass.BaseUtility.<init>(BaseUtility.java:28)
at POM.LoginTestpage.<init>(LoginTestpage.java:13)
at Baseclass.BaseUtility.<init>(BaseUtility.java:28)
at POM.LoginTestpage.<init>(LoginTestpage.java:13)
at Baseclass.BaseUtility.<init>(BaseUtility.java:28)
at POM.LoginTestpage.<init>(LoginTestpage.java:13)
at Baseclass.BaseUtility.<init>(BaseUtility.java:28)
at POM.LoginTestpage.<init>(LoginTestpage.java:13)
at Baseclass.BaseUtility.<init>(BaseUtility.java:28)
at POM.LoginTestpage.<init>(LoginTestpage.java:13)
at Baseclass.BaseUtility.<init>(BaseUtility.java:28)
at POM.LoginTestpage.<init>(LoginTestpage.java:13)
at Baseclass.BaseUtility.<init>(BaseUtility.java:28)
at POM.LoginTestpage.<init>(LoginTestpage.java:13)
at Baseclass.BaseUtility.<init>(BaseUtility.java:28)
at POM.LoginTestpage.<init>(LoginTestpage.java:13)
at Baseclass.BaseUtility.<init>(BaseUtility.java:28)
at POM.LoginTestpage.<init>(LoginTestpage.java:13)
at Baseclass.BaseUtility.<init>(BaseUtility.java:28)
at POM.LoginTestpage.<init>(LoginTestpage.java:13)
at Baseclass.BaseUtility.<init>(BaseUtility.java:28)
at POM.LoginTestpage.<init>(LoginTestpage.java:13)
at Baseclass.BaseUtility.<init>(BaseUtility.java:28)
at POM.LoginTestpage.<init>(LoginTestpage.java:13)
at Baseclass.BaseUtility.<init>(BaseUtility.java:28)
at POM.LoginTestpage.<init>(LoginTestpage.java:13)
at Baseclass.BaseUtility.<init>(BaseUtility.java:28)
at POM.LoginTestpage.<init>(LoginTestpage.java:13)
at Baseclass.BaseUtility.<init>(BaseUtility.java:28)
at POM.LoginTestpage.<init>(LoginTestpage.java:13)
at Baseclass.BaseUtility.<init>(BaseUtility.java:28)
at POM.LoginTestpage.<init>(LoginTestpage.java:13)
at Baseclass.BaseUtility.<init>(BaseUtility.java:28)
at POM.LoginTestpage.<init>(LoginTestpage.java:13)
at Baseclass.BaseUtility.<init>(BaseUtility.java:28)
at POM.LoginTestpage.<init>(LoginTestpage.java:13)
at Baseclass.BaseUtility.<init>(BaseUtility.java:28)
at POM.LoginTestpage.<init>(LoginTestpage.java:13)
at Baseclass.BaseUtility.<init>(BaseUtility.java:28)
at POM.LoginTestpage.<init>(LoginTestpage.java:13)
at Baseclass.BaseUtility.<init>(BaseUtility.java:28)
at POM.LoginTestpage.<init>(LoginTestpage.java:13)
at Baseclass.BaseUtility.<init>(BaseUtility.java:28)
at POM.LoginTestpage.<init>(LoginTestpage.java:13)
at Baseclass.BaseUtility.<init>(BaseUtility.java:28)
at POM.LoginTestpage.<init>(LoginTestpage.java:13)
at Baseclass.BaseUtility.<init>(BaseUtility.java:28)
at POM.LoginTestpage.<init>(LoginTestpage.java:13)
at Baseclass.BaseUtility.<init>(BaseUtility.java:28)
at POM.LoginTestpage.<init>(LoginTestpage.java:13)
at Baseclass.BaseUtility.<init>(BaseUtility.java:28)
at POM.LoginTestpage.<init>(LoginTestpage.java:13)
at Baseclass.BaseUtility.<init>(BaseUtility.java:28)
at POM.LoginTestpage.<init>(LoginTestpage.java:13)
at Baseclass.BaseUtility.<init>(BaseUtility.java:28)
at POM.LoginTestpage.<init>(LoginTestpage.java:13)
at Baseclass.BaseUtility.<init>(BaseUtility.java:28)
at POM.LoginTestpage.<init>(LoginTestpage.java:13)
at Baseclass.BaseUtility.<init>(BaseUtility.java:28)
at POM.LoginTestpage.<init>(LoginTestpage.java:13)
at Baseclass.BaseUtility.<init>(BaseUtility.java:28)
at POM.LoginTestpage.<init>(LoginTestpage.java:13)
at Baseclass.BaseUtility.<init>(BaseUtility.java:28)
at POM.LoginTestpage.<init>(LoginTestpage.java:13)
at Baseclass.BaseUtility.<init>(BaseUtility.java:28)
at POM.LoginTestpage.<init>(LoginTestpage.java:13)
at Baseclass.BaseUtility.<init>(BaseUtility.java:28)
at POM.LoginTestpage.<init>(LoginTestpage.java:13)
at Baseclass.BaseUtility.<init>(BaseUtility.java:28)
at POM.LoginTestpage.<init>(LoginTestpage.java:13)
at Baseclass.BaseUtility.<init>(BaseUtility.java:28)
at POM.LoginTestpage.<init>(LoginTestpage.java:13)
at Baseclass.BaseUtility.<init>(BaseUtility.java:28)
at POM.LoginTestpage.<init>(LoginTestpage.java:13)
at Baseclass.BaseUtility.<init>(BaseUtility.java:28)
at POM.LoginTestpage.<init>(LoginTestpage.java:13)
at Baseclass.BaseUtility.<init>(BaseUtility.java:28)
at POM.LoginTestpage.<init>(LoginTestpage.java:13)
at Baseclass.BaseUtility.<init>(BaseUtility.java:28)
at POM.LoginTestpage.<init>(LoginTestpage.java:13)
at Baseclass.BaseUtility.<init>(BaseUtility.java:28)
at POM.LoginTestpage.<init>(LoginTestpage.java:13)
at Baseclass.BaseUtility.<init>(BaseUtility.java:28)
at POM.LoginTestpage.<init>(LoginTestpage.java:13)
at Baseclass.BaseUtility.<init>(BaseUtility.java:28)
at POM.LoginTestpage.<init>(LoginTestpage.java:13)
at Baseclass.BaseUtility.<init>(BaseUtility.java:28)
at POM.LoginTestpage.<init>(LoginTestpage.java:13)
at Baseclass.BaseUtility.<init>(BaseUtility.java:28)
at POM.LoginTestpage.<init>(LoginTestpage.java:13)
at Baseclass.BaseUtility.<init>(BaseUtility.java:28)
at POM.LoginTestpage.<init>(LoginTestpage.java:13)
at Baseclass.BaseUtility.<init>(BaseUtility.java:28)
at POM.LoginTestpage.<init>(LoginTestpage.java:13)
at Baseclass.BaseUtility.<init>(BaseUtility.java:28)
at POM.LoginTestpage.<init>(LoginTestpage.java:13)
at Baseclass.BaseUtility.<init>(BaseUtility.java:28)
at POM.LoginTestpage.<init>(LoginTestpage.java:13)
at Baseclass.BaseUtility.<init>(BaseUtility.java:28)
at POM.LoginTestpage.<init>(LoginTestpage.java:13)
at Baseclass.BaseUtility.<init>(BaseUtility.java:28)
at POM.LoginTestpage.<init>(LoginTestpage.java:13)
at Baseclass.BaseUtility.<init>(BaseUtility.java:28)
at POM.LoginTestpage.<init>(LoginTestpage.java:13)
at Baseclass.BaseUtility.<init>(BaseUtility.java:28)
at POM.LoginTestpage.<init>(LoginTestpage.java:13)
at Baseclass.BaseUtility.<init>(BaseUtility.java:28)
at POM.LoginTestpage.<init>(LoginTestpage.java:13)
at Baseclass.BaseUtility.<init>(BaseUtility.java:28)
at POM.LoginTestpage.<init>(LoginTestpage.java:13)
at Baseclass.BaseUtility.<init>(BaseUtility.java:28)
at POM.LoginTestpage.<init>(LoginTestpage.java:13)
at Baseclass.BaseUtility.<init>(BaseUtility.java:28)
at POM.LoginTestpage.<init>(LoginTestpage.java:13)
at Baseclass.BaseUtility.<init>(BaseUtility.java:28)
at POM.LoginTestpage.<init>(LoginTestpage.java:13)
at Baseclass.BaseUtility.<init>(BaseUtility.java:28)
at POM.LoginTestpage.<init>(LoginTestpage.java:13)
at Baseclass.BaseUtility.<init>(BaseUtility.java:28)
at POM.LoginTestpage.<init>(LoginTestpage.java:13)
at Baseclass.BaseUtility.<init>(BaseUtility.java:28)
at POM.LoginTestpage.<init>(LoginTestpage.java:13)
at Baseclass.BaseUtility.<init>(BaseUtility.java:28)
at POM.LoginTestpage.<init>(LoginTestpage.java:13)
at Baseclass.BaseUtility.<init>(BaseUtility.java:28)
at POM.LoginTestpage.<init>(LoginTestpage.java:13)
at Baseclass.BaseUtility.<init>(BaseUtility.java:28)
at POM.LoginTestpage.<init>(LoginTestpage.java:13)
at Baseclass.BaseUtility.<init>(BaseUtility.java:28)
at POM.LoginTestpage.<init>(LoginTestpage.java:13)
at Baseclass.BaseUtility.<init>(BaseUtility.java:28)
at POM.LoginTestpage.<init>(LoginTestpage.java:13)
at Baseclass.BaseUtility.<init>(BaseUtility.java:28)
at POM.LoginTestpage.<init>(LoginTestpage.java:13)
at Baseclass.BaseUtility.<init>(BaseUtility.java:28)
at POM.LoginTestpage.<init>(LoginTestpage.java:13)
at Baseclass.BaseUtility.<init>(BaseUtility.java:28)
at POM.LoginTestpage.<init>(LoginTestpage.java:13)
at Baseclass.BaseUtility.<init>(BaseUtility.java:28)
at POM.LoginTestpage.<init>(LoginTestpage.java:13)
at Baseclass.BaseUtility.<init>(BaseUtility.java:28)
at POM.LoginTestpage.<init>(LoginTestpage.java:13)
at Baseclass.BaseUtility.<init>(BaseUtility.java:28)
at POM.LoginTestpage.<init>(LoginTestpage.java:13)
at Baseclass.BaseUtility.<init>(BaseUtility.java:28)
at POM.LoginTestpage.<init>(LoginTestpage.java:13)
at Baseclass.BaseUtility.<init>(BaseUtility.java:28)
at POM.LoginTestpage.<init>(LoginTestpage.java:13)
at Baseclass.BaseUtility.<init>(BaseUtility.java:28)
at POM.LoginTestpage.<init>(LoginTestpage.java:13)
at Baseclass.BaseUtility.<init>(BaseUtility.java:28)
at POM.LoginTestpage.<init>(LoginTestpage.java:13)
at Baseclass.BaseUtility.<init>(BaseUtility.java:28)
at POM.LoginTestpage.<init>(LoginTestpage.java:13)
at Baseclass.BaseUtility.<init>(BaseUtility.java:28)
at POM.LoginTestpage.<init>(LoginTestpage.java:13)
at Baseclass.BaseUtility.<init>(BaseUtility.java:28)
at POM.LoginTestpage.<init>(LoginTestpage.java:13)
at Baseclass.BaseUtility.<init>(BaseUtility.java:28)
at POM.LoginTestpage.<init>(LoginTestpage.java:13)
at Baseclass.BaseUtility.<init>(BaseUtility.java:28)
at POM.LoginTestpage.<init>(LoginTestpage.java:13)
at Baseclass.BaseUtility.<init>(BaseUtility.java:28)
at POM.LoginTestpage.<init>(LoginTestpage.java:13)
at Baseclass.BaseUtility.<init>(BaseUtility.java:28)
at POM.LoginTestpage.<init>(LoginTestpage.java:13)
at Baseclass.BaseUtility.<init>(BaseUtility.java:28)
at POM.LoginTestpage.<init>(LoginTestpage.java:13)
at Baseclass.BaseUtility.<init>(BaseUtility.java:28)
at POM.LoginTestpage.<init>(LoginTestpage.java:13)
at Baseclass.BaseUtility.<init>(BaseUtility.java:28)
at POM.LoginTestpage.<init>(LoginTestpage.java:13)
at Baseclass.BaseUtility.<init>(BaseUtility.java:28)
at POM.LoginTestpage.<init>(LoginTestpage.java:13)
at Baseclass.BaseUtility.<init>(BaseUtility.java:28)
at POM.LoginTestpage.<init>(LoginTestpage.java:13)
at Baseclass.BaseUtility.<init>(BaseUtility.java:28)
at POM.LoginTestpage.<init>(LoginTestpage.java:13)
at Baseclass.BaseUtility.<init>(BaseUtility.java:28)
at POM.LoginTestpage.<init>(LoginTestpage.java:13)
at Baseclass.BaseUtility.<init>(BaseUtility.java:28)
at POM.LoginTestpage.<init>(LoginTestpage.java:13)
at Baseclass.BaseUtility.<init>(BaseUtility.java:28)
at POM.LoginTestpage.<init>(LoginTestpage.java:13)
at Baseclass.BaseUtility.<init>(BaseUtility.java:28)
at POM.LoginTestpage.<init>(LoginTestpage.java:13)
at Baseclass.BaseUtility.<init>(BaseUtility.java:28)
at POM.LoginTestpage.<init>(LoginTestpage.java:13)
at Baseclass.BaseUtility.<init>(BaseUtility.java:28)
at POM.LoginTestpage.<init>(LoginTestpage.java:13)
at Baseclass.BaseUtility.<init>(BaseUtility.java:28)
at POM.LoginTestpage.<init>(LoginTestpage.java:13)
at Baseclass.BaseUtility.<init>(BaseUtility.java:28)
at POM.LoginTestpage.<init>(LoginTestpage.java:13)
at Baseclass.BaseUtility.<init>(BaseUtility.java:28)
at POM.LoginTestpage.<init>(LoginTestpage.java:13)
at Baseclass.BaseUtility.<init>(BaseUtility.java:28)
at POM.LoginTestpage.<init>(LoginTestpage.java:13)
at Baseclass.BaseUtility.<init>(BaseUtility.java:28)
at POM.LoginTestpage.<init>(LoginTestpage.java:13)
at Baseclass.BaseUtility.<init>(BaseUtility.java:28)
at POM.LoginTestpage.<init>(LoginTestpage.java:13)
at Baseclass.BaseUtility.<init>(BaseUtility.java:28)
at POM.LoginTestpage.<init>(LoginTestpage.java:13)
at Baseclass.BaseUtility.<init>(BaseUtility.java:28)
at POM.LoginTestpage.<init>(LoginTestpage.java:13)
at Baseclass.BaseUtility.<init>(BaseUtility.java:28)
at POM.LoginTestpage.<init>(LoginTestpage.java:13)
at Baseclass.BaseUtility.<init>(BaseUtility.java:28)
at POM.LoginTestpage.<init>(LoginTestpage.java:13)
at Baseclass.BaseUtility.<init>(BaseUtility.java:28)
at POM.LoginTestpage.<init>(LoginTestpage.java:13)
at Baseclass.BaseUtility.<init>(BaseUtility.java:28)
at POM.LoginTestpage.<init>(LoginTestpage.java:13)
at Baseclass.BaseUtility.<init>(BaseUtility.java:28)
at POM.LoginTestpage.<init>(LoginTestpage.java:13)
at Baseclass.BaseUtility.<init>(BaseUtility.java:28)
at POM.LoginTestpage.<init>(LoginTestpage.java:13)
at Baseclass.BaseUtility.<init>(BaseUtility.java:28)
at POM.LoginTestpage.<init>(LoginTestpage.java:13)
at Baseclass.BaseUtility.<init>(BaseUtility.java:28)
at POM.LoginTestpage.<init>(LoginTestpage.java:13)
at Baseclass.BaseUtility.<init>(BaseUtility.java:28)
at POM.LoginTestpage.<init>(LoginTestpage.java:13)
at Baseclass.BaseUtility.<init>(BaseUtility.java:28)
at POM.LoginTestpage.<init>(LoginTestpage.java:13)
at Baseclass.BaseUtility.<init>(BaseUtility.java:28)
at POM.LoginTestpage.<init>(LoginTestpage.java:13)
at Baseclass.BaseUtility.<init>(BaseUtility.java:28)
at POM.LoginTestpage.<init>(LoginTestpage.java:13)
at Baseclass.BaseUtility.<init>(BaseUtility.java:28)
at POM.LoginTestpage.<init>(LoginTestpage.java:13)
at Baseclass.BaseUtility.<init>(BaseUtility.java:28)
at POM.LoginTestpage.<init>(LoginTestpage.java:13)
at Baseclass.BaseUtility.<init>(BaseUtility.java:28)
at POM.LoginTestpage.<init>(LoginTestpage.java:13)
at Baseclass.BaseUtility.<init>(BaseUtility.java:28)
at POM.LoginTestpage.<init>(LoginTestpage.java:13)
at Baseclass.BaseUtility.<init>(BaseUtility.java:28)
at POM.LoginTestpage.<init>(LoginTestpage.java:13)
at Baseclass.BaseUtility.<init>(BaseUtility.java:28)
at POM.LoginTestpage.<init>(LoginTestpage.java:13)
at Baseclass.BaseUtility.<init>(BaseUtility.java:28)
at POM.LoginTestpage.<init>(LoginTestpage.java:13)
at Baseclass.BaseUtility.<init>(BaseUtility.java:28)
at POM.LoginTestpage.<init>(LoginTestpage.java:13)
at Baseclass.BaseUtility.<init>(BaseUtility.java:28)
at POM.LoginTestpage.<init>(LoginTestpage.java:13)
at Baseclass.BaseUtility.<init>(BaseUtility.java:28)
at POM.LoginTestpage.<init>(LoginTestpage.java:13)
at Baseclass.BaseUtility.<init>(BaseUtility.java:28)
at POM.LoginTestpage.<init>(LoginTestpage.java:13)
at Baseclass.BaseUtility.<init>(BaseUtility.java:28)
at POM.LoginTestpage.<init>(LoginTestpage.java:13)
at Baseclass.BaseUtility.<init>(BaseUtility.java:28)
at POM.LoginTestpage.<init>(LoginTestpage.java:13)
at Baseclass.BaseUtility.<init>(BaseUtility.java:28)
at POM.LoginTestpage.<init>(LoginTestpage.java:13)
at Baseclass.BaseUtility.<init>(BaseUtility.java:28)
at POM.LoginTestpage.<init>(LoginTestpage.java:13)
at Baseclass.BaseUtility.<init>(BaseUtility.java:28)
at POM.LoginTestpage.<init>(LoginTestpage.java:13)
at Baseclass.BaseUtility.<init>(BaseUtility.java:28)
at POM.LoginTestpage.<init>(LoginTestpage.java:13)
at Baseclass.BaseUtility.<init>(BaseUtility.java:28)
at POM.LoginTestpage.<init>(LoginTestpage.java:13)
at Baseclass.BaseUtility.<init>(BaseUtility.java:28)
at POM.LoginTestpage.<init>(LoginTestpage.java:13)
at Baseclass.BaseUtility.<init>(BaseUtility.java:28)
at POM.LoginTestpage.<init>(LoginTestpage.java:13)
at Baseclass.BaseUtility.<init>(BaseUtility.java:28)
at POM.LoginTestpage.<init>(LoginTestpage.java:13)
at Baseclass.BaseUtility.<init>(BaseUtility.java:28)
at POM.LoginTestpage.<init>(LoginTestpage.java:13)
at Baseclass.BaseUtility.<init>(BaseUtility.java:28)
at POM.LoginTestpage.<init>(LoginTestpage.java:13)
at Baseclass.BaseUtility.<init>(BaseUtility.java:28)
at POM.LoginTestpage.<init>(LoginTestpage.java:13)
at Baseclass.BaseUtility.<init>(BaseUtility.java:28)
at POM.LoginTestpage.<init>(LoginTestpage.java:13)
at Baseclass.BaseUtility.<init>(BaseUtility.java:28)
at POM.LoginTestpage.<init>(LoginTestpage.java:13)
at Baseclass.BaseUtility.<init>(BaseUtility.java:28)
at POM.LoginTestpage.<init>(LoginTestpage.java:13)
at Baseclass.BaseUtility.<init>(BaseUtility.java:28)
at POM.LoginTestpage.<init>(LoginTestpage.java:13)
at Baseclass.BaseUtility.<init>(BaseUtility.java:28)
at POM.LoginTestpage.<init>(LoginTestpage.java:13)
at Baseclass.BaseUtility.<init>(BaseUtility.java:28)
at POM.LoginTestpage.<init>(LoginTestpage.java:13)
at Baseclass.BaseUtility.<init>(BaseUtility.java:28)
at POM.LoginTestpage.<init>(LoginTestpage.java:13)
at Baseclass.BaseUtility.<init>(BaseUtility.java:28)
at POM.LoginTestpage.<init>(LoginTestpage.java:13)
at Baseclass.BaseUtility.<init>(BaseUtility.java:28)
at POM.LoginTestpage.<init>(LoginTestpage.java:13)
at Baseclass.BaseUtility.<init>(BaseUtility.java:28)
at POM.LoginTestpage.<init>(LoginTestpage.java:13)
at Baseclass.BaseUtility.<init>(BaseUtility.java:28)
at POM.LoginTestpage.<init>(LoginTestpage.java:13)
at Baseclass.BaseUtility.<init>(BaseUtility.java:28)
at POM.LoginTestpage.<init>(LoginTestpage.java:13)
at Baseclass.BaseUtility.<init>(BaseUtility.java:28)
at POM.LoginTestpage.<init>(LoginTestpage.java:13)
at Baseclass.BaseUtility.<init>(BaseUtility.java:28)
at POM.LoginTestpage.<init>(LoginTestpage.java:13)
at Baseclass.BaseUtility.<init>(BaseUtility.java:28)
at POM.LoginTestpage.<init>(LoginTestpage.java:13)
at Baseclass.BaseUtility.<init>(BaseUtility.java:28)
at POM.LoginTestpage.<init>(LoginTestpage.java:13)
at Baseclass.BaseUtility.<init>(BaseUtility.java:28)
at POM.LoginTestpage.<init>(LoginTestpage.java:13)
at Baseclass.BaseUtility.<init>(BaseUtility.java:28)
at POM.LoginTestpage.<init>(LoginTestpage.java:13)
at Baseclass.BaseUtility.<init>(BaseUtility.java:28)
at POM.LoginTestpage.<init>(LoginTestpage.java:13)
at Baseclass.BaseUtility.<init>(BaseUtility.java:28)
at POM.LoginTestpage.<init>(LoginTestpage.java:13)
at Baseclass.BaseUtility.<init>(BaseUtility.java:28)
at POM.LoginTestpage.<init>(LoginTestpage.java:13)
at Baseclass.BaseUtility.<init>(BaseUtility.java:28)
at POM.LoginTestpage.<init>(LoginTestpage.java:13)
at Baseclass.BaseUtility.<init>(BaseUtility.java:28)
at POM.LoginTestpage.<init>(LoginTestpage.java:13)
at Baseclass.BaseUtility.<init>(BaseUtility.java:28)
at POM.LoginTestpage.<init>(LoginTestpage.java:13)
at Baseclass.BaseUtility.<init>(BaseUtility.java:28)
at POM.LoginTestpage.<init>(LoginTestpage.java:13)
at Baseclass.BaseUtility.<init>(BaseUtility.java:28)
at POM.LoginTestpage.<init>(LoginTestpage.java:13)
at Baseclass.BaseUtility.<init>(BaseUtility.java:28)
at POM.LoginTestpage.<init>(LoginTestpage.java:13)
at Baseclass.BaseUtility.<init>(BaseUtility.java:28)
at POM.LoginTestpage.<init>(LoginTestpage.java:13)
at Baseclass.BaseUtility.<init>(BaseUtility.java:28)
at POM.LoginTestpage.<init>(LoginTestpage.java:13)
at Baseclass.BaseUtility.<init>(BaseUtility.java:28)
at POM.LoginTestpage.<init>(LoginTestpage.java:13)
at Baseclass.BaseUtility.<init>(BaseUtility.java:28)
at POM.LoginTestpage.<init>(LoginTestpage.java:13)
at Baseclass.BaseUtility.<init>(BaseUtility.java:28)
at POM.LoginTestpage.<init>(LoginTestpage.java:13)
at Baseclass.BaseUtility.<init>(BaseUtility.java:28)
at POM.LoginTestpage.<init>(LoginTestpage.java:13)
at Baseclass.BaseUtility.<init>(BaseUtility.java:28)
at POM.LoginTestpage.<init>(LoginTestpage.java:13)
at Baseclass.BaseUtility.<init>(BaseUtility.java:28)
at POM.LoginTestpage.<init>(LoginTestpage.java:13)
at Baseclass.BaseUtility.<init>(BaseUtility.java:28)
at POM.LoginTestpage.<init>(LoginTestpage.java:13)
at Baseclass.BaseUtility.<init>(BaseUtility.java:28)
at POM.LoginTestpage.<init>(LoginTestpage.java:13)
at Baseclass.BaseUtility.<init>(BaseUtility.java:28)
at POM.LoginTestpage.<init>(LoginTestpage.java:13)
at Baseclass.BaseUtility.<init>(BaseUtility.java:28)
at POM.LoginTestpage.<init>(LoginTestpage.java:13)
at Baseclass.BaseUtility.<init>(BaseUtility.java:28)
at POM.LoginTestpage.<init>(LoginTestpage.java:13)
at Baseclass.BaseUtility.<init>(BaseUtility.java:28)
at POM.LoginTestpage.<init>(LoginTestpage.java:13)
at Baseclass.BaseUtility.<init>(BaseUtility.java:28)
at POM.LoginTestpage.<init>(LoginTestpage.java:13)
at Baseclass.BaseUtility.<init>(BaseUtility.java:28)
at POM.LoginTestpage.<init>(LoginTestpage.java:13)
at Baseclass.BaseUtility.<init>(BaseUtility.java:28)
at POM.LoginTestpage.<init>(LoginTestpage.java:13)
at Baseclass.BaseUtility.<init>(BaseUtility.java:28)
at POM.LoginTestpage.<init>(LoginTestpage.java:13)
at Baseclass.BaseUtility.<init>(BaseUtility.java:28)
at POM.LoginTestpage.<init>(LoginTestpage.java:13)
at Baseclass.BaseUtility.<init>(BaseUtility.java:28)
at POM.LoginTestpage.<init>(LoginTestpage.java:13)
at Baseclass.BaseUtility.<init>(BaseUtility.java:28)
at POM.LoginTestpage.<init>(LoginTestpage.java:13)
at Baseclass.BaseUtility.<init>(BaseUtility.java:28)
at POM.LoginTestpage.<init>(LoginTestpage.java:13)
at Baseclass.BaseUtility.<init>(BaseUtility.java:28)
at POM.LoginTestpage.<init>(LoginTestpage.java:13)
at Baseclass.BaseUtility.<init>(BaseUtility.java:28)
at POM.LoginTestpage.<init>(LoginTestpage.java:13)
at Baseclass.BaseUtility.<init>(BaseUtility.java:28)
at POM.LoginTestpage.<init>(LoginTestpage.java:13)
at Baseclass.BaseUtility.<init>(BaseUtility.java:28)
at POM.LoginTestpage.<init>(LoginTestpage.java:13)
at Baseclass.BaseUtility.<init>(BaseUtility.java:28)
at POM.LoginTestpage.<init>(LoginTestpage.java:13)
at Baseclass.BaseUtility.<init>(BaseUtility.java:28)
at POM.LoginTestpage.<init>(LoginTestpage.java:13)
at Baseclass.BaseUtility.<init>(BaseUtility.java:28)
at POM.LoginTestpage.<init>(LoginTestpage.java:13)
at Baseclass.BaseUtility.<init>(BaseUtility.java:28)
at POM.LoginTestpage.<init>(LoginTestpage.java:13)
at Baseclass.BaseUtility.<init>(BaseUtility.java:28)
at POM.LoginTestpage.<init>(LoginTestpage.java:13)
at Baseclass.BaseUtility.<init>(BaseUtility.java:28)
at POM.LoginTestpage.<init>(LoginTestpage.java:13)
at Baseclass.BaseUtility.<init>(BaseUtility.java:28)
at POM.LoginTestpage.<init>(LoginTestpage.java:13)
at Baseclass.BaseUtility.<init>(BaseUtility.java:28)
at POM.LoginTestpage.<init>(LoginTestpage.java:13)
at Baseclass.BaseUtility.<init>(BaseUtility.java:28)
at POM.LoginTestpage.<init>(LoginTestpage.java:13)
at Baseclass.BaseUtility.<init>(BaseUtility.java:28)
at POM.LoginTestpage.<init>(LoginTestpage.java:13)
at Baseclass.BaseUtility.<init>(BaseUtility.java:28)
at POM.LoginTestpage.<init>(LoginTestpage.java:13)
at Baseclass.BaseUtility.<init>(BaseUtility.java:28)
at POM.LoginTestpage.<init>(LoginTestpage.java:13)
at Baseclass.BaseUtility.<init>(BaseUtility.java:28)
at POM.LoginTestpage.<init>(LoginTestpage.java:13)
at Baseclass.BaseUtility.<init>(BaseUtility.java:28)
at POM.LoginTestpage.<init>(LoginTestpage.java:13)
at Baseclass.BaseUtility.<init>(BaseUtility.java:28)
at POM.LoginTestpage.<init>(LoginTestpage.java:13)
at Baseclass.BaseUtility.<init>(BaseUtility.java:28)
at POM.LoginTestpage.<init>(LoginTestpage.java:13)
at Baseclass.BaseUtility.<init>(BaseUtility.java:28)
at POM.LoginTestpage.<init>(LoginTestpage.java:13)
at Baseclass.BaseUtility.<init>(BaseUtility.java:28)
at POM.LoginTestpage.<init>(LoginTestpage.java:13)
at Baseclass.BaseUtility.<init>(BaseUtility.java:28)
at POM.LoginTestpage.<init>(LoginTestpage.java:13)
at Baseclass.BaseUtility.<init>(BaseUtility.java:28)
at POM.LoginTestpage.<init>(LoginTestpage.java:13)
at Baseclass.BaseUtility.<init>(BaseUtility.java:28)
at POM.LoginTestpage.<init>(LoginTestpage.java:13)
at Baseclass.BaseUtility.<init>(BaseUtility.java:28)
at POM.LoginTestpage.<init>(LoginTestpage.java:13)
at Baseclass.BaseUtility.<init>(BaseUtility.java:28)
at POM.LoginTestpage.<init>(LoginTestpage.java:13)
at Baseclass.BaseUtility.<init>(BaseUtility.java:28)
at POM.LoginTestpage.<init>(LoginTestpage.java:13)
at Baseclass.BaseUtility.<init>(BaseUtility.java:28)
at POM.LoginTestpage.<init>(LoginTestpage.java:13)
at Baseclass.BaseUtility.<init>(BaseUtility.java:28)
at POM.LoginTestpage.<init>(LoginTestpage.java:13)
at Baseclass.BaseUtility.<init>(BaseUtility.java:28)
at POM.LoginTestpage.<init>(LoginTestpage.java:13)
at Baseclass.BaseUtility.<init>(BaseUtility.java:28)
at POM.LoginTestpage.<init>(LoginTestpage.java:13)
at Baseclass.BaseUtility.<init>(BaseUtility.java:28)
at POM.LoginTestpage.<init>(LoginTestpage.java:13)
at Baseclass.BaseUtility.<init>(BaseUtility.java:28)
at POM.LoginTestpage.<init>(LoginTestpage.java:13)
at Baseclass.BaseUtility.<init>(BaseUtility.java:28)
at POM.LoginTestpage.<init>(LoginTestpage.java:13)
at Baseclass.BaseUtility.<init>(BaseUtility.java:28)
at POM.LoginTestpage.<init>(LoginTestpage.java:13)
at Baseclass.BaseUtility.<init>(BaseUtility.java:28)
at POM.LoginTestpage.<init>(LoginTestpage.java:13)
at Baseclass.BaseUtility.<init>(BaseUtility.java:28)
at POM.LoginTestpage.<init>(LoginTestpage.java:13)
at Baseclass.BaseUtility.<init>(BaseUtility.java:28)
at POM.LoginTestpage.<init>(LoginTestpage.java:13)
at Baseclass.BaseUtility.<init>(BaseUtility.java:28)
at POM.LoginTestpage.<init>(LoginTestpage.java:13)
at Baseclass.BaseUtility.<init>(BaseUtility.java:28)
at POM.LoginTestpage.<init>(LoginTestpage.java:13)
at Baseclass.BaseUtility.<init>(BaseUtility.java:28)
at POM.LoginTestpage.<init>(LoginTestpage.java:13)
at Baseclass.BaseUtility.<init>(BaseUtility.java:28)
at POM.LoginTestpage.<init>(LoginTestpage.java:13)
at Baseclass.BaseUtility.<init>(BaseUtility.java:28)
at POM.LoginTestpage.<init>(LoginTestpage.java:13)
at Baseclass.BaseUtility.<init>(BaseUtility.java:28)
at POM.LoginTestpage.<init>(LoginTestpage.java:13)
at Baseclass.BaseUtility.<init>(BaseUtility.java:28)
at POM.LoginTestpage.<init>(LoginTestpage.java:13)
at Baseclass.BaseUtility.<init>(BaseUtility.java:28)
at POM.LoginTestpage.<init>(LoginTestpage.java:13)
at Baseclass.BaseUtility.<init>(BaseUtility.java:28)
at POM.LoginTestpage.<init>(LoginTestpage.java:13)
at Baseclass.BaseUtility.<init>(BaseUtility.java:28)
at POM.LoginTestpage.<init>(LoginTestpage.java:13)
at Baseclass.BaseUtility.<init>(BaseUtility.java:28)
at POM.LoginTestpage.<init>(LoginTestpage.java:13)
at Baseclass.BaseUtility.<init>(BaseUtility.java:28)
at POM.LoginTestpage.<init>(LoginTestpage.java:13)
at Baseclass.BaseUtility.<init>(BaseUtility.java:28)
at POM.LoginTestpage.<init>(LoginTestpage.java:13)
at Baseclass.BaseUtility.<init>(BaseUtility.java:28)
at POM.LoginTestpage.<init>(LoginTestpage.java:13)
at Baseclass.BaseUtility.<init>(BaseUtility.java:28)
at POM.LoginTestpage.<init>(LoginTestpage.java:13)
at Baseclass.BaseUtility.<init>(BaseUtility.java:28)
at POM.LoginTestpage.<init>(LoginTestpage.java:13)
at Baseclass.BaseUtility.<init>(BaseUtility.java:28)
at POM.LoginTestpage.<init>(LoginTestpage.java:13)
at Baseclass.BaseUtility.<init>(BaseUtility.java:28)
at POM.LoginTestpage.<init>(LoginTestpage.java:13)
at Baseclass.BaseUtility.<init>(BaseUtility.java:28)
at POM.LoginTestpage.<init>(LoginTestpage.java:13)
at Baseclass.BaseUtility.<init>(BaseUtility.java:28)
at POM.LoginTestpage.<init>(LoginTestpage.java:13)
at Baseclass.BaseUtility.<init>(BaseUtility.java:28)
at POM.LoginTestpage.<init>(LoginTestpage.java:13)
at Baseclass.BaseUtility.<init>(BaseUtility.java:28)
at POM.LoginTestpage.<init>(LoginTestpage.java:13)
at Baseclass.BaseUtility.<init>(BaseUtility.java:28)
at POM.LoginTestpage.<init>(LoginTestpage.java:13)
at Baseclass.BaseUtility.<init>(BaseUtility.java:28)
at POM.LoginTestpage.<init>(LoginTestpage.java:13)
at Baseclass.BaseUtility.<init>(BaseUtility.java:28)
at POM.LoginTestpage.<init>(LoginTestpage.java:13)
at Baseclass.BaseUtility.<init>(BaseUtility.java:28)
at POM.LoginTestpage.<init>(LoginTestpage.java:13)
at Baseclass.BaseUtility.<init>(BaseUtility.java:28)
at POM.LoginTestpage.<init>(LoginTestpage.java:13)
at Baseclass.BaseUtility.<init>(BaseUtility.java:28)
at POM.LoginTestpage.<init>(LoginTestpage.java:13)
at Baseclass.BaseUtility.<init>(BaseUtility.java:28)
at POM.LoginTestpage.<init>(LoginTestpage.java:13)
at Baseclass.BaseUtility.<init>(BaseUtility.java:28)
at POM.LoginTestpage.<init>(LoginTestpage.java:13)
at Baseclass.BaseUtility.<init>(BaseUtility.java:28)
at POM.LoginTestpage.<init>(LoginTestpage.java:13)
at Baseclass.BaseUtility.<init>(BaseUtility.java:28)
at POM.LoginTestpage.<init>(LoginTestpage.java:13)
at Baseclass.BaseUtility.<init>(BaseUtility.java:28)
at POM.LoginTestpage.<init>(LoginTestpage.java:13)
at Baseclass.BaseUtility.<init>(BaseUtility.java:28)
at POM.LoginTestpage.<init>(LoginTestpage.java:13)
at Baseclass.BaseUtility.<init>(BaseUtility.java:28)
at POM.LoginTestpage.<init>(LoginTestpage.java:13)
at Baseclass.BaseUtility.<init>(BaseUtility.java:28)
at POM.LoginTestpage.<init>(LoginTestpage.java:13)
at Baseclass.BaseUtility.<init>(BaseUtility.java:28)
at POM.LoginTestpage.<init>(LoginTestpage.java:13)
at Baseclass.BaseUtility.<init>(BaseUtility.java:28)
at POM.LoginTestpage.<init>(LoginTestpage.java:13)
at Baseclass.BaseUtility.<init>(BaseUtility.java:28)
at POM.LoginTestpage.<init>(LoginTestpage.java:13)
at Baseclass.BaseUtility.<init>(BaseUtility.java:28)
at POM.LoginTestpage.<init>(LoginTestpage.java:13)
at Baseclass.BaseUtility.<init>(BaseUtility.java:28)
at POM.LoginTestpage.<init>(LoginTestpage.java:13)
at Baseclass.BaseUtility.<init>(BaseUtility.java:28)
at POM.LoginTestpage.<init>(LoginTestpage.java:13)
at Baseclass.BaseUtility.<init>(BaseUtility.java:28)
at POM.LoginTestpage.<init>(LoginTestpage.java:13)
at Baseclass.BaseUtility.<init>(BaseUtility.java:28)
at POM.LoginTestpage.<init>(LoginTestpage.java:13)
at Baseclass.BaseUtility.<init>(BaseUtility.java:28)
at POM.LoginTestpage.<init>(LoginTestpage.java:13)
at Baseclass.BaseUtility.<init>(BaseUtility.java:28)
at POM.LoginTestpage.<init>(LoginTestpage.java:13)
at Baseclass.BaseUtility.<init>(BaseUtility.java:28)
at POM.LoginTestpage.<init>(LoginTestpage.java:13)
at Baseclass.BaseUtility.<init>(BaseUtility.java:28)
at POM.LoginTestpage.<init>(LoginTestpage.java:13)
at Baseclass.BaseUtility.<init>(BaseUtility.java:28)
at POM.LoginTestpage.<init>(LoginTestpage.java:13)
at Baseclass.BaseUtility.<init>(BaseUtility.java:28)
at POM.LoginTestpage.<init>(LoginTestpage.java:13)
at Baseclass.BaseUtility.<init>(BaseUtility.java:28)
at POM.LoginTestpage.<init>(LoginTestpage.java:13)
at Baseclass.BaseUtility.<init>(BaseUtility.java:28)
at POM.LoginTestpage.<init>(LoginTestpage.java:13)
at Baseclass.BaseUtility.<init>(BaseUtility.java:28)
at POM.LoginTestpage.<init>(LoginTestpage.java:13)
at Baseclass.BaseUtility.<init>(BaseUtility.java:28)
at POM.LoginTestpage.<init>(LoginTestpage.java:13)
at Baseclass.BaseUtility.<init>(BaseUtility.java:28)
at POM.LoginTestpage.<init>(LoginTestpage.java:13)
at Baseclass.BaseUtility.<init>(BaseUtility.java:28)
at POM.LoginTestpage.<init>(LoginTestpage.java:13)
at Baseclass.BaseUtility.<init>(BaseUtility.java:28)
at POM.LoginTestpage.<init>(LoginTestpage.java:13)
at Baseclass.BaseUtility.<init>(BaseUtility.java:28)
at POM.LoginTestpage.<init>(LoginTestpage.java:13)
at Baseclass.BaseUtility.<init>(BaseUtility.java:28)
at POM.LoginTestpage.<init>(LoginTestpage.java:13)
at Baseclass.BaseUtility.<init>(BaseUtility.java:28)
at POM.LoginTestpage.<init>(LoginTestpage.java:13)
at Baseclass.BaseUtility.<init>(BaseUtility.java:28)
at POM.LoginTestpage.<init>(LoginTestpage.java:13)
at Baseclass.BaseUtility.<init>(BaseUtility.java:28)
at POM.LoginTestpage.<init>(LoginTestpage.java:13)
at Baseclass.BaseUtility.<init>(BaseUtility.java:28)
at POM.LoginTestpage.<init>(LoginTestpage.java:13)
at Baseclass.BaseUtility.<init>(BaseUtility.java:28)
at POM.LoginTestpage.<init>(LoginTestpage.java:13)
at Baseclass.BaseUtility.<init>(BaseUtility.java:28)
at POM.LoginTestpage.<init>(LoginTestpage.java:13)
at Baseclass.BaseUtility.<init>(BaseUtility.java:28)
at POM.LoginTestpage.<init>(LoginTestpage.java:13)
at Baseclass.BaseUtility.<init>(BaseUtility.java:28)
at POM.LoginTestpage.<init>(LoginTestpage.java:13)
at Baseclass.BaseUtility.<init>(BaseUtility.java:28)
at POM.LoginTestpage.<init>(LoginTestpage.java:13)
at Baseclass.BaseUtility.<init>(BaseUtility.java:28)
at POM.LoginTestpage.<init>(LoginTestpage.java:13)
at Baseclass.BaseUtility.<init>(BaseUtility.java:28)
at POM.LoginTestpage.<init>(LoginTestpage.java:13)
at Baseclass.BaseUtility.<init>(BaseUtility.java:28)
at POM.LoginTestpage.<init>(LoginTestpage.java:13)
at Baseclass.BaseUtility.<init>(BaseUtility.java:28)
at POM.LoginTestpage.<init>(LoginTestpage.java:13)
at Baseclass.BaseUtility.<init>(BaseUtility.java:28)
at POM.LoginTestpage.<init>(LoginTestpage.java:13)
at Baseclass.BaseUtility.<init>(BaseUtility.java:28)
at POM.LoginTestpage.<init>(LoginTestpage.java:13)
at Baseclass.BaseUtility.<init>(BaseUtility.java:28)
at POM.LoginTestpage.<init>(LoginTestpage.java:13)
at Baseclass.BaseUtility.<init>(BaseUtility.java:28)
at POM.LoginTestpage.<init>(LoginTestpage.java:13)
at Baseclass.BaseUtility.<init>(BaseUtility.java:28)
at POM.LoginTestpage.<init>(LoginTestpage.java:13)
at Baseclass.BaseUtility.<init>(BaseUtility.java:28)
at POM.LoginTestpage.<init>(LoginTestpage.java:13)
at Baseclass.BaseUtility.<init>(BaseUtility.java:28)
at POM.LoginTestpage.<init>(LoginTestpage.java:13)
at Baseclass.BaseUtility.<init>(BaseUtility.java:28)
at POM.LoginTestpage.<init>(LoginTestpage.java:13)
at Baseclass.BaseUtility.<init>(BaseUtility.java:28)
at POM.LoginTestpage.<init>(LoginTestpage.java:13)
at Baseclass.BaseUtility.<init>(BaseUtility.java:28)
at POM.LoginTestpage.<init>(LoginTestpage.java:13)
at Baseclass.BaseUtility.<init>(BaseUtility.java:28)
at POM.LoginTestpage.<init>(LoginTestpage.java:13)
at Baseclass.BaseUtility.<init>(BaseUtility.java:28)
at POM.LoginTestpage.<init>(LoginTestpage.java:13)
at Baseclass.BaseUtility.<init>(BaseUtility.java:28)
at POM.LoginTestpage.<init>(LoginTestpage.java:13)
at Baseclass.BaseUtility.<init>(BaseUtility.java:28)
at POM.LoginTestpage.<init>(LoginTestpage.java:13)
at Baseclass.BaseUtility.<init>(BaseUtility.java:28)
at POM.LoginTestpage.<init>(LoginTestpage.java:13)
at Baseclass.BaseUtility.<init>(BaseUtility.java:28)
at POM.LoginTestpage.<init>(LoginTestpage.java:13)
at Baseclass.BaseUtility.<init>(BaseUtility.java:28)
at POM.LoginTestpage.<init>(LoginTestpage.java:13)
at Baseclass.BaseUtility.<init>(BaseUtility.java:28)
at POM.LoginTestpage.<init>(LoginTestpage.java:13)
at Baseclass.BaseUtility.<init>(BaseUtility.java:28)
at POM.LoginTestpage.<init>(LoginTestpage.java:13)
at Baseclass.BaseUtility.<init>(BaseUtility.java:28)
at POM.LoginTestpage.<init>(LoginTestpage.java:13)
at Baseclass.BaseUtility.<init>(BaseUtility.java:28)
at POM.LoginTestpage.<init>(LoginTestpage.java:13)
at Baseclass.BaseUtility.<init>(BaseUtility.java:28)
at POM.LoginTestpage.<init>(LoginTestpage.java:13)
at Baseclass.BaseUtility.<init>(BaseUtility.java:28)
at POM.LoginTestpage.<init>(LoginTestpage.java:13)
at Baseclass.BaseUtility.<init>(BaseUtility.java:28)
at POM.LoginTestpage.<init>(LoginTestpage.java:13)
at Baseclass.BaseUtility.<init>(BaseUtility.java:28)
at POM.LoginTestpage.<init>(LoginTestpage.java:13)
at Baseclass.BaseUtility.<init>(BaseUtility.java:28)
at POM.LoginTestpage.<init>(LoginTestpage.java:13)
at Baseclass.BaseUtility.<init>(BaseUtility.java:28)
at POM.LoginTestpage.<init>(LoginTestpage.java:13)
at Baseclass.BaseUtility.<init>(BaseUtility.java:28)
at POM.LoginTestpage.<init>(LoginTestpage.java:13)
at Baseclass.BaseUtility.<init>(BaseUtility.java:28)
at POM.LoginTestpage.<init>(LoginTestpage.java:13)
at Baseclass.BaseUtility.<init>(BaseUtility.java:28)
at POM.LoginTestpage.<init>(LoginTestpage.java:13)
at Baseclass.BaseUtility.<init>(BaseUtility.java:28)
at POM.LoginTestpage.<init>(LoginTestpage.java:13)
at Baseclass.BaseUtility.<init>(BaseUtility.java:28)
at POM.LoginTestpage.<init>(LoginTestpage.java:13)
at Baseclass.BaseUtility.<init>(BaseUtility.java:28)
at POM.LoginTestpage.<init>(LoginTestpage.java:13)
at Baseclass.BaseUtility.<init>(BaseUtility.java:28)
at POM.LoginTestpage.<init>(LoginTestpage.java:13)
at Baseclass.BaseUtility.<init>(BaseUtility.java:28)
at POM.LoginTestpage.<init>(LoginTestpage.java:13)
at Baseclass.BaseUtility.<init>(BaseUtility.java:28)
at POM.LoginTestpage.<init>(LoginTestpage.java:13)
at Baseclass.BaseUtility.<init>(BaseUtility.java:28)
at POM.LoginTestpage.<init>(LoginTestpage.java:13)
at Baseclass.BaseUtility.<init>(BaseUtility.java:28)
at POM.LoginTestpage.<init>(LoginTestpage.java:13)
at Baseclass.BaseUtility.<init>(BaseUtility.java:28)
at POM.LoginTestpage.<init>(LoginTestpage.java:13)
at Baseclass.BaseUtility.<init>(BaseUtility.java:28)
at POM.LoginTestpage.<init>(LoginTestpage.java:13)
at Baseclass.BaseUtility.<init>(BaseUtility.java:28)
at POM.LoginTestpage.<init>(LoginTestpage.java:13)
at Baseclass.BaseUtility.<init>(BaseUtility.java:28)
at POM.LoginTestpage.<init>(LoginTestpage.java:13)
at Baseclass.BaseUtility.<init>(BaseUtility.java:28)
at POM.LoginTestpage.<init>(LoginTestpage.java:13)
at Baseclass.BaseUtility.<init>(BaseUtility.java:28)
at POM.LoginTestpage.<init>(LoginTestpage.java:13)
at Baseclass.BaseUtility.<init>(BaseUtility.java:28)
at POM.LoginTestpage.<init>(LoginTestpage.java:13)
at Baseclass.BaseUtility.<init>(BaseUtility.java:28)
at POM.LoginTestpage.<init>(LoginTestpage.java:13)
at Baseclass.BaseUtility.<init>(BaseUtility.java:28)
at POM.LoginTestpage.<init>(LoginTestpage.java:13)
at Baseclass.BaseUtility.<init>(BaseUtility.java:28)
at POM.LoginTestpage.<init>(LoginTestpage.java:13)
at Baseclass.BaseUtility.<init>(BaseUtility.java:28)
at POM.LoginTestpage.<init>(LoginTestpage.java:13)
at Baseclass.BaseUtility.<init>(BaseUtility.java:28)
at POM.LoginTestpage.<init>(LoginTestpage.java:13)
at Baseclass.BaseUtility.<init>(BaseUtility.java:28)
at POM.LoginTestpage.<init>(LoginTestpage.java:13)
at Baseclass.BaseUtility.<init>(BaseUtility.java:28)
at POM.LoginTestpage.<init>(LoginTestpage.java:13)
at Baseclass.BaseUtility.<init>(BaseUtility.java:28)
at POM.LoginTestpage.<init>(LoginTestpage.java:13)
at Baseclass.BaseUtility.<init>(BaseUtility.java:28)
at POM.LoginTestpage.<init>(LoginTestpage.java:13)
at Baseclass.BaseUtility.<init>(BaseUtility.java:28)
]]>
    </error>
  </testcase> <!-- loginTest -->
  <testcase classname="Testcases.LoginTest" name="loginTest" time="3.822">
    <skipped/>
  </testcase> <!-- loginTest -->
  <testcase classname="Testcases.LoginTest" name="loginTest" time="4.736">
    <error type="java.lang.StackOverflowError">
      <![CDATA[java.lang.StackOverflowError
at POM.LoginTestpage.<init>(LoginTestpage.java:13)
at Baseclass.BaseUtility.<init>(BaseUtility.java:28)
at POM.LoginTestpage.<init>(LoginTestpage.java:13)
at Baseclass.BaseUtility.<init>(BaseUtility.java:28)
at POM.LoginTestpage.<init>(LoginTestpage.java:13)
at Baseclass.BaseUtility.<init>(BaseUtility.java:28)
at POM.LoginTestpage.<init>(LoginTestpage.java:13)
at Baseclass.BaseUtility.<init>(BaseUtility.java:28)
at POM.LoginTestpage.<init>(LoginTestpage.java:13)
at Baseclass.BaseUtility.<init>(BaseUtility.java:28)
at POM.LoginTestpage.<init>(LoginTestpage.java:13)
at Baseclass.BaseUtility.<init>(BaseUtility.java:28)
at POM.LoginTestpage.<init>(LoginTestpage.java:13)
at Baseclass.BaseUtility.<init>(BaseUtility.java:28)
at POM.LoginTestpage.<init>(LoginTestpage.java:13)
at Baseclass.BaseUtility.<init>(BaseUtility.java:28)
at POM.LoginTestpage.<init>(LoginTestpage.java:13)
at Baseclass.BaseUtility.<init>(BaseUtility.java:28)
at POM.LoginTestpage.<init>(LoginTestpage.java:13)
at Baseclass.BaseUtility.<init>(BaseUtility.java:28)
at POM.LoginTestpage.<init>(LoginTestpage.java:13)
at Baseclass.BaseUtility.<init>(BaseUtility.java:28)
at POM.LoginTestpage.<init>(LoginTestpage.java:13)
at Baseclass.BaseUtility.<init>(BaseUtility.java:28)
at POM.LoginTestpage.<init>(LoginTestpage.java:13)
at Baseclass.BaseUtility.<init>(BaseUtility.java:28)
at POM.LoginTestpage.<init>(LoginTestpage.java:13)
at Baseclass.BaseUtility.<init>(BaseUtility.java:28)
at POM.LoginTestpage.<init>(LoginTestpage.java:13)
at Baseclass.BaseUtility.<init>(BaseUtility.java:28)
at POM.LoginTestpage.<init>(LoginTestpage.java:13)
at Baseclass.BaseUtility.<init>(BaseUtility.java:28)
at POM.LoginTestpage.<init>(LoginTestpage.java:13)
at Baseclass.BaseUtility.<init>(BaseUtility.java:28)
at POM.LoginTestpage.<init>(LoginTestpage.java:13)
at Baseclass.BaseUtility.<init>(BaseUtility.java:28)
at POM.LoginTestpage.<init>(LoginTestpage.java:13)
at Baseclass.BaseUtility.<init>(BaseUtility.java:28)
at POM.LoginTestpage.<init>(LoginTestpage.java:13)
at Baseclass.BaseUtility.<init>(BaseUtility.java:28)
at POM.LoginTestpage.<init>(LoginTestpage.java:13)
at Baseclass.BaseUtility.<init>(BaseUtility.java:28)
at POM.LoginTestpage.<init>(LoginTestpage.java:13)
at Baseclass.BaseUtility.<init>(BaseUtility.java:28)
at POM.LoginTestpage.<init>(LoginTestpage.java:13)
at Baseclass.BaseUtility.<init>(BaseUtility.java:28)
at POM.LoginTestpage.<init>(LoginTestpage.java:13)
at Baseclass.BaseUtility.<init>(BaseUtility.java:28)
at POM.LoginTestpage.<init>(LoginTestpage.java:13)
at Baseclass.BaseUtility.<init>(BaseUtility.java:28)
at POM.LoginTestpage.<init>(LoginTestpage.java:13)
at Baseclass.BaseUtility.<init>(BaseUtility.java:28)
at POM.LoginTestpage.<init>(LoginTestpage.java:13)
at Baseclass.BaseUtility.<init>(BaseUtility.java:28)
at POM.LoginTestpage.<init>(LoginTestpage.java:13)
at Baseclass.BaseUtility.<init>(BaseUtility.java:28)
at POM.LoginTestpage.<init>(LoginTestpage.java:13)
at Baseclass.BaseUtility.<init>(BaseUtility.java:28)
at POM.LoginTestpage.<init>(LoginTestpage.java:13)
at Baseclass.BaseUtility.<init>(BaseUtility.java:28)
at POM.LoginTestpage.<init>(LoginTestpage.java:13)
at Baseclass.BaseUtility.<init>(BaseUtility.java:28)
at POM.LoginTestpage.<init>(LoginTestpage.java:13)
at Baseclass.BaseUtility.<init>(BaseUtility.java:28)
at POM.LoginTestpage.<init>(LoginTestpage.java:13)
at Baseclass.BaseUtility.<init>(BaseUtility.java:28)
at POM.LoginTestpage.<init>(LoginTestpage.java:13)
at Baseclass.BaseUtility.<init>(BaseUtility.java:28)
at POM.LoginTestpage.<init>(LoginTestpage.java:13)
at Baseclass.BaseUtility.<init>(BaseUtility.java:28)
at POM.LoginTestpage.<init>(LoginTestpage.java:13)
at Baseclass.BaseUtility.<init>(BaseUtility.java:28)
at POM.LoginTestpage.<init>(LoginTestpage.java:13)
at Baseclass.BaseUtility.<init>(BaseUtility.java:28)
at POM.LoginTestpage.<init>(LoginTestpage.java:13)
at Baseclass.BaseUtility.<init>(BaseUtility.java:28)
at POM.LoginTestpage.<init>(LoginTestpage.java:13)
at Baseclass.BaseUtility.<init>(BaseUtility.java:28)
at POM.LoginTestpage.<init>(LoginTestpage.java:13)
at Baseclass.BaseUtility.<init>(BaseUtility.java:28)
at POM.LoginTestpage.<init>(LoginTestpage.java:13)
at Baseclass.BaseUtility.<init>(BaseUtility.java:28)
at POM.LoginTestpage.<init>(LoginTestpage.java:13)
at Baseclass.BaseUtility.<init>(BaseUtility.java:28)
at POM.LoginTestpage.<init>(LoginTestpage.java:13)
at Baseclass.BaseUtility.<init>(BaseUtility.java:28)
at POM.LoginTestpage.<init>(LoginTestpage.java:13)
at Baseclass.BaseUtility.<init>(BaseUtility.java:28)
at POM.LoginTestpage.<init>(LoginTestpage.java:13)
at Baseclass.BaseUtility.<init>(BaseUtility.java:28)
at POM.LoginTestpage.<init>(LoginTestpage.java:13)
at Baseclass.BaseUtility.<init>(BaseUtility.java:28)
at POM.LoginTestpage.<init>(LoginTestpage.java:13)
at Baseclass.BaseUtility.<init>(BaseUtility.java:28)
at POM.LoginTestpage.<init>(LoginTestpage.java:13)
at Baseclass.BaseUtility.<init>(BaseUtility.java:28)
at POM.LoginTestpage.<init>(LoginTestpage.java:13)
at Baseclass.BaseUtility.<init>(BaseUtility.java:28)
at POM.LoginTestpage.<init>(LoginTestpage.java:13)
at Baseclass.BaseUtility.<init>(BaseUtility.java:28)
at POM.LoginTestpage.<init>(LoginTestpage.java:13)
at Baseclass.BaseUtility.<init>(BaseUtility.java:28)
at POM.LoginTestpage.<init>(LoginTestpage.java:13)
at Baseclass.BaseUtility.<init>(BaseUtility.java:28)
at POM.LoginTestpage.<init>(LoginTestpage.java:13)
at Baseclass.BaseUtility.<init>(BaseUtility.java:28)
at POM.LoginTestpage.<init>(LoginTestpage.java:13)
at Baseclass.BaseUtility.<init>(BaseUtility.java:28)
at POM.LoginTestpage.<init>(LoginTestpage.java:13)
at Baseclass.BaseUtility.<init>(BaseUtility.java:28)
at POM.LoginTestpage.<init>(LoginTestpage.java:13)
at Baseclass.BaseUtility.<init>(BaseUtility.java:28)
at POM.LoginTestpage.<init>(LoginTestpage.java:13)
at Baseclass.BaseUtility.<init>(BaseUtility.java:28)
at POM.LoginTestpage.<init>(LoginTestpage.java:13)
at Baseclass.BaseUtility.<init>(BaseUtility.java:28)
at POM.LoginTestpage.<init>(LoginTestpage.java:13)
at Baseclass.BaseUtility.<init>(BaseUtility.java:28)
at POM.LoginTestpage.<init>(LoginTestpage.java:13)
at Baseclass.BaseUtility.<init>(BaseUtility.java:28)
at POM.LoginTestpage.<init>(LoginTestpage.java:13)
at Baseclass.BaseUtility.<init>(BaseUtility.java:28)
at POM.LoginTestpage.<init>(LoginTestpage.java:13)
at Baseclass.BaseUtility.<init>(BaseUtility.java:28)
at POM.LoginTestpage.<init>(LoginTestpage.java:13)
at Baseclass.BaseUtility.<init>(BaseUtility.java:28)
at POM.LoginTestpage.<init>(LoginTestpage.java:13)
at Baseclass.BaseUtility.<init>(BaseUtility.java:28)
at POM.LoginTestpage.<init>(LoginTestpage.java:13)
at Baseclass.BaseUtility.<init>(BaseUtility.java:28)
at POM.LoginTestpage.<init>(LoginTestpage.java:13)
at Baseclass.BaseUtility.<init>(BaseUtility.java:28)
at POM.LoginTestpage.<init>(LoginTestpage.java:13)
at Baseclass.BaseUtility.<init>(BaseUtility.java:28)
at POM.LoginTestpage.<init>(LoginTestpage.java:13)
at Baseclass.BaseUtility.<init>(BaseUtility.java:28)
at POM.LoginTestpage.<init>(LoginTestpage.java:13)
at Baseclass.BaseUtility.<init>(BaseUtility.java:28)
at POM.LoginTestpage.<init>(LoginTestpage.java:13)
at Baseclass.BaseUtility.<init>(BaseUtility.java:28)
at POM.LoginTestpage.<init>(LoginTestpage.java:13)
at Baseclass.BaseUtility.<init>(BaseUtility.java:28)
at POM.LoginTestpage.<init>(LoginTestpage.java:13)
at Baseclass.BaseUtility.<init>(BaseUtility.java:28)
at POM.LoginTestpage.<init>(LoginTestpage.java:13)
at Baseclass.BaseUtility.<init>(BaseUtility.java:28)
at POM.LoginTestpage.<init>(LoginTestpage.java:13)
at Baseclass.BaseUtility.<init>(BaseUtility.java:28)
at POM.LoginTestpage.<init>(LoginTestpage.java:13)
at Baseclass.BaseUtility.<init>(BaseUtility.java:28)
at POM.LoginTestpage.<init>(LoginTestpage.java:13)
at Baseclass.BaseUtility.<init>(BaseUtility.java:28)
at POM.LoginTestpage.<init>(LoginTestpage.java:13)
at Baseclass.BaseUtility.<init>(BaseUtility.java:28)
at POM.LoginTestpage.<init>(LoginTestpage.java:13)
at Baseclass.BaseUtility.<init>(BaseUtility.java:28)
at POM.LoginTestpage.<init>(LoginTestpage.java:13)
at Baseclass.BaseUtility.<init>(BaseUtility.java:28)
at POM.LoginTestpage.<init>(LoginTestpage.java:13)
at Baseclass.BaseUtility.<init>(BaseUtility.java:28)
at POM.LoginTestpage.<init>(LoginTestpage.java:13)
at Baseclass.BaseUtility.<init>(BaseUtility.java:28)
at POM.LoginTestpage.<init>(LoginTestpage.java:13)
at Baseclass.BaseUtility.<init>(BaseUtility.java:28)
at POM.LoginTestpage.<init>(LoginTestpage.java:13)
at Baseclass.BaseUtility.<init>(BaseUtility.java:28)
at POM.LoginTestpage.<init>(LoginTestpage.java:13)
at Baseclass.BaseUtility.<init>(BaseUtility.java:28)
at POM.LoginTestpage.<init>(LoginTestpage.java:13)
at Baseclass.BaseUtility.<init>(BaseUtility.java:28)
at POM.LoginTestpage.<init>(LoginTestpage.java:13)
at Baseclass.BaseUtility.<init>(BaseUtility.java:28)
at POM.LoginTestpage.<init>(LoginTestpage.java:13)
at Baseclass.BaseUtility.<init>(BaseUtility.java:28)
at POM.LoginTestpage.<init>(LoginTestpage.java:13)
at Baseclass.BaseUtility.<init>(BaseUtility.java:28)
at POM.LoginTestpage.<init>(LoginTestpage.java:13)
at Baseclass.BaseUtility.<init>(BaseUtility.java:28)
at POM.LoginTestpage.<init>(LoginTestpage.java:13)
at Baseclass.BaseUtility.<init>(BaseUtility.java:28)
at POM.LoginTestpage.<init>(LoginTestpage.java:13)
at Baseclass.BaseUtility.<init>(BaseUtility.java:28)
at POM.LoginTestpage.<init>(LoginTestpage.java:13)
at Baseclass.BaseUtility.<init>(BaseUtility.java:28)
at POM.LoginTestpage.<init>(LoginTestpage.java:13)
at Baseclass.BaseUtility.<init>(BaseUtility.java:28)
at POM.LoginTestpage.<init>(LoginTestpage.java:13)
at Baseclass.BaseUtility.<init>(BaseUtility.java:28)
at POM.LoginTestpage.<init>(LoginTestpage.java:13)
at Baseclass.BaseUtility.<init>(BaseUtility.java:28)
at POM.LoginTestpage.<init>(LoginTestpage.java:13)
at Baseclass.BaseUtility.<init>(BaseUtility.java:28)
at POM.LoginTestpage.<init>(LoginTestpage.java:13)
at Baseclass.BaseUtility.<init>(BaseUtility.java:28)
at POM.LoginTestpage.<init>(LoginTestpage.java:13)
at Baseclass.BaseUtility.<init>(BaseUtility.java:28)
at POM.LoginTestpage.<init>(LoginTestpage.java:13)
at Baseclass.BaseUtility.<init>(BaseUtility.java:28)
at POM.LoginTestpage.<init>(LoginTestpage.java:13)
at Baseclass.BaseUtility.<init>(BaseUtility.java:28)
at POM.LoginTestpage.<init>(LoginTestpage.java:13)
at Baseclass.BaseUtility.<init>(BaseUtility.java:28)
at POM.LoginTestpage.<init>(LoginTestpage.java:13)
at Baseclass.BaseUtility.<init>(BaseUtility.java:28)
at POM.LoginTestpage.<init>(LoginTestpage.java:13)
at Baseclass.BaseUtility.<init>(BaseUtility.java:28)
at POM.LoginTestpage.<init>(LoginTestpage.java:13)
at Baseclass.BaseUtility.<init>(BaseUtility.java:28)
at POM.LoginTestpage.<init>(LoginTestpage.java:13)
at Baseclass.BaseUtility.<init>(BaseUtility.java:28)
at POM.LoginTestpage.<init>(LoginTestpage.java:13)
at Baseclass.BaseUtility.<init>(BaseUtility.java:28)
at POM.LoginTestpage.<init>(LoginTestpage.java:13)
at Baseclass.BaseUtility.<init>(BaseUtility.java:28)
at POM.LoginTestpage.<init>(LoginTestpage.java:13)
at Baseclass.BaseUtility.<init>(BaseUtility.java:28)
at POM.LoginTestpage.<init>(LoginTestpage.java:13)
at Baseclass.BaseUtility.<init>(BaseUtility.java:28)
at POM.LoginTestpage.<init>(LoginTestpage.java:13)
at Baseclass.BaseUtility.<init>(BaseUtility.java:28)
at POM.LoginTestpage.<init>(LoginTestpage.java:13)
at Baseclass.BaseUtility.<init>(BaseUtility.java:28)
at POM.LoginTestpage.<init>(LoginTestpage.java:13)
at Baseclass.BaseUtility.<init>(BaseUtility.java:28)
at POM.LoginTestpage.<init>(LoginTestpage.java:13)
at Baseclass.BaseUtility.<init>(BaseUtility.java:28)
at POM.LoginTestpage.<init>(LoginTestpage.java:13)
at Baseclass.BaseUtility.<init>(BaseUtility.java:28)
at POM.LoginTestpage.<init>(LoginTestpage.java:13)
at Baseclass.BaseUtility.<init>(BaseUtility.java:28)
at POM.LoginTestpage.<init>(LoginTestpage.java:13)
at Baseclass.BaseUtility.<init>(BaseUtility.java:28)
at POM.LoginTestpage.<init>(LoginTestpage.java:13)
at Baseclass.BaseUtility.<init>(BaseUtility.java:28)
at POM.LoginTestpage.<init>(LoginTestpage.java:13)
at Baseclass.BaseUtility.<init>(BaseUtility.java:28)
at POM.LoginTestpage.<init>(LoginTestpage.java:13)
at Baseclass.BaseUtility.<init>(BaseUtility.java:28)
at POM.LoginTestpage.<init>(LoginTestpage.java:13)
at Baseclass.BaseUtility.<init>(BaseUtility.java:28)
at POM.LoginTestpage.<init>(LoginTestpage.java:13)
at Baseclass.BaseUtility.<init>(BaseUtility.java:28)
at POM.LoginTestpage.<init>(LoginTestpage.java:13)
at Baseclass.BaseUtility.<init>(BaseUtility.java:28)
at POM.LoginTestpage.<init>(LoginTestpage.java:13)
at Baseclass.BaseUtility.<init>(BaseUtility.java:28)
at POM.LoginTestpage.<init>(LoginTestpage.java:13)
at Baseclass.BaseUtility.<init>(BaseUtility.java:28)
at POM.LoginTestpage.<init>(LoginTestpage.java:13)
at Baseclass.BaseUtility.<init>(BaseUtility.java:28)
at POM.LoginTestpage.<init>(LoginTestpage.java:13)
at Baseclass.BaseUtility.<init>(BaseUtility.java:28)
at POM.LoginTestpage.<init>(LoginTestpage.java:13)
at Baseclass.BaseUtility.<init>(BaseUtility.java:28)
at POM.LoginTestpage.<init>(LoginTestpage.java:13)
at Baseclass.BaseUtility.<init>(BaseUtility.java:28)
at POM.LoginTestpage.<init>(LoginTestpage.java:13)
at Baseclass.BaseUtility.<init>(BaseUtility.java:28)
at POM.LoginTestpage.<init>(LoginTestpage.java:13)
at Baseclass.BaseUtility.<init>(BaseUtility.java:28)
at POM.LoginTestpage.<init>(LoginTestpage.java:13)
at Baseclass.BaseUtility.<init>(BaseUtility.java:28)
at POM.LoginTestpage.<init>(LoginTestpage.java:13)
at Baseclass.BaseUtility.<init>(BaseUtility.java:28)
at POM.LoginTestpage.<init>(LoginTestpage.java:13)
at Baseclass.BaseUtility.<init>(BaseUtility.java:28)
at POM.LoginTestpage.<init>(LoginTestpage.java:13)
at Baseclass.BaseUtility.<init>(BaseUtility.java:28)
at POM.LoginTestpage.<init>(LoginTestpage.java:13)
at Baseclass.BaseUtility.<init>(BaseUtility.java:28)
at POM.LoginTestpage.<init>(LoginTestpage.java:13)
at Baseclass.BaseUtility.<init>(BaseUtility.java:28)
at POM.LoginTestpage.<init>(LoginTestpage.java:13)
at Baseclass.BaseUtility.<init>(BaseUtility.java:28)
at POM.LoginTestpage.<init>(LoginTestpage.java:13)
at Baseclass.BaseUtility.<init>(BaseUtility.java:28)
at POM.LoginTestpage.<init>(LoginTestpage.java:13)
at Baseclass.BaseUtility.<init>(BaseUtility.java:28)
at POM.LoginTestpage.<init>(LoginTestpage.java:13)
at Baseclass.BaseUtility.<init>(BaseUtility.java:28)
at POM.LoginTestpage.<init>(LoginTestpage.java:13)
at Baseclass.BaseUtility.<init>(BaseUtility.java:28)
at POM.LoginTestpage.<init>(LoginTestpage.java:13)
at Baseclass.BaseUtility.<init>(BaseUtility.java:28)
at POM.LoginTestpage.<init>(LoginTestpage.java:13)
at Baseclass.BaseUtility.<init>(BaseUtility.java:28)
at POM.LoginTestpage.<init>(LoginTestpage.java:13)
at Baseclass.BaseUtility.<init>(BaseUtility.java:28)
at POM.LoginTestpage.<init>(LoginTestpage.java:13)
at Baseclass.BaseUtility.<init>(BaseUtility.java:28)
at POM.LoginTestpage.<init>(LoginTestpage.java:13)
at Baseclass.BaseUtility.<init>(BaseUtility.java:28)
at POM.LoginTestpage.<init>(LoginTestpage.java:13)
at Baseclass.BaseUtility.<init>(BaseUtility.java:28)
at POM.LoginTestpage.<init>(LoginTestpage.java:13)
at Baseclass.BaseUtility.<init>(BaseUtility.java:28)
at POM.LoginTestpage.<init>(LoginTestpage.java:13)
at Baseclass.BaseUtility.<init>(BaseUtility.java:28)
at POM.LoginTestpage.<init>(LoginTestpage.java:13)
at Baseclass.BaseUtility.<init>(BaseUtility.java:28)
at POM.LoginTestpage.<init>(LoginTestpage.java:13)
at Baseclass.BaseUtility.<init>(BaseUtility.java:28)
at POM.LoginTestpage.<init>(LoginTestpage.java:13)
at Baseclass.BaseUtility.<init>(BaseUtility.java:28)
at POM.LoginTestpage.<init>(LoginTestpage.java:13)
at Baseclass.BaseUtility.<init>(BaseUtility.java:28)
at POM.LoginTestpage.<init>(LoginTestpage.java:13)
at Baseclass.BaseUtility.<init>(BaseUtility.java:28)
at POM.LoginTestpage.<init>(LoginTestpage.java:13)
at Baseclass.BaseUtility.<init>(BaseUtility.java:28)
at POM.LoginTestpage.<init>(LoginTestpage.java:13)
at Baseclass.BaseUtility.<init>(BaseUtility.java:28)
at POM.LoginTestpage.<init>(LoginTestpage.java:13)
at Baseclass.BaseUtility.<init>(BaseUtility.java:28)
at POM.LoginTestpage.<init>(LoginTestpage.java:13)
at Baseclass.BaseUtility.<init>(BaseUtility.java:28)
at POM.LoginTestpage.<init>(LoginTestpage.java:13)
at Baseclass.BaseUtility.<init>(BaseUtility.java:28)
at POM.LoginTestpage.<init>(LoginTestpage.java:13)
at Baseclass.BaseUtility.<init>(BaseUtility.java:28)
at POM.LoginTestpage.<init>(LoginTestpage.java:13)
at Baseclass.BaseUtility.<init>(BaseUtility.java:28)
at POM.LoginTestpage.<init>(LoginTestpage.java:13)
at Baseclass.BaseUtility.<init>(BaseUtility.java:28)
at POM.LoginTestpage.<init>(LoginTestpage.java:13)
at Baseclass.BaseUtility.<init>(BaseUtility.java:28)
at POM.LoginTestpage.<init>(LoginTestpage.java:13)
at Baseclass.BaseUtility.<init>(BaseUtility.java:28)
at POM.LoginTestpage.<init>(LoginTestpage.java:13)
at Baseclass.BaseUtility.<init>(BaseUtility.java:28)
at POM.LoginTestpage.<init>(LoginTestpage.java:13)
at Baseclass.BaseUtility.<init>(BaseUtility.java:28)
at POM.LoginTestpage.<init>(LoginTestpage.java:13)
at Baseclass.BaseUtility.<init>(BaseUtility.java:28)
at POM.LoginTestpage.<init>(LoginTestpage.java:13)
at Baseclass.BaseUtility.<init>(BaseUtility.java:28)
at POM.LoginTestpage.<init>(LoginTestpage.java:13)
at Baseclass.BaseUtility.<init>(BaseUtility.java:28)
at POM.LoginTestpage.<init>(LoginTestpage.java:13)
at Baseclass.BaseUtility.<init>(BaseUtility.java:28)
at POM.LoginTestpage.<init>(LoginTestpage.java:13)
at Baseclass.BaseUtility.<init>(BaseUtility.java:28)
at POM.LoginTestpage.<init>(LoginTestpage.java:13)
at Baseclass.BaseUtility.<init>(BaseUtility.java:28)
at POM.LoginTestpage.<init>(LoginTestpage.java:13)
at Baseclass.BaseUtility.<init>(BaseUtility.java:28)
at POM.LoginTestpage.<init>(LoginTestpage.java:13)
at Baseclass.BaseUtility.<init>(BaseUtility.java:28)
at POM.LoginTestpage.<init>(LoginTestpage.java:13)
at Baseclass.BaseUtility.<init>(BaseUtility.java:28)
at POM.LoginTestpage.<init>(LoginTestpage.java:13)
at Baseclass.BaseUtility.<init>(BaseUtility.java:28)
at POM.LoginTestpage.<init>(LoginTestpage.java:13)
at Baseclass.BaseUtility.<init>(BaseUtility.java:28)
at POM.LoginTestpage.<init>(LoginTestpage.java:13)
at Baseclass.BaseUtility.<init>(BaseUtility.java:28)
at POM.LoginTestpage.<init>(LoginTestpage.java:13)
at Baseclass.BaseUtility.<init>(BaseUtility.java:28)
at POM.LoginTestpage.<init>(LoginTestpage.java:13)
at Baseclass.BaseUtility.<init>(BaseUtility.java:28)
at POM.LoginTestpage.<init>(LoginTestpage.java:13)
at Baseclass.BaseUtility.<init>(BaseUtility.java:28)
at POM.LoginTestpage.<init>(LoginTestpage.java:13)
at Baseclass.BaseUtility.<init>(BaseUtility.java:28)
at POM.LoginTestpage.<init>(LoginTestpage.java:13)
at Baseclass.BaseUtility.<init>(BaseUtility.java:28)
at POM.LoginTestpage.<init>(LoginTestpage.java:13)
at Baseclass.BaseUtility.<init>(BaseUtility.java:28)
at POM.LoginTestpage.<init>(LoginTestpage.java:13)
at Baseclass.BaseUtility.<init>(BaseUtility.java:28)
at POM.LoginTestpage.<init>(LoginTestpage.java:13)
at Baseclass.BaseUtility.<init>(BaseUtility.java:28)
at POM.LoginTestpage.<init>(LoginTestpage.java:13)
at Baseclass.BaseUtility.<init>(BaseUtility.java:28)
at POM.LoginTestpage.<init>(LoginTestpage.java:13)
at Baseclass.BaseUtility.<init>(BaseUtility.java:28)
at POM.LoginTestpage.<init>(LoginTestpage.java:13)
at Baseclass.BaseUtility.<init>(BaseUtility.java:28)
at POM.LoginTestpage.<init>(LoginTestpage.java:13)
at Baseclass.BaseUtility.<init>(BaseUtility.java:28)
at POM.LoginTestpage.<init>(LoginTestpage.java:13)
at Baseclass.BaseUtility.<init>(BaseUtility.java:28)
at POM.LoginTestpage.<init>(LoginTestpage.java:13)
at Baseclass.BaseUtility.<init>(BaseUtility.java:28)
at POM.LoginTestpage.<init>(LoginTestpage.java:13)
at Baseclass.BaseUtility.<init>(BaseUtility.java:28)
at POM.LoginTestpage.<init>(LoginTestpage.java:13)
at Baseclass.BaseUtility.<init>(BaseUtility.java:28)
at POM.LoginTestpage.<init>(LoginTestpage.java:13)
at Baseclass.BaseUtility.<init>(BaseUtility.java:28)
at POM.LoginTestpage.<init>(LoginTestpage.java:13)
at Baseclass.BaseUtility.<init>(BaseUtility.java:28)
at POM.LoginTestpage.<init>(LoginTestpage.java:13)
at Baseclass.BaseUtility.<init>(BaseUtility.java:28)
at POM.LoginTestpage.<init>(LoginTestpage.java:13)
at Baseclass.BaseUtility.<init>(BaseUtility.java:28)
at POM.LoginTestpage.<init>(LoginTestpage.java:13)
at Baseclass.BaseUtility.<init>(BaseUtility.java:28)
at POM.LoginTestpage.<init>(LoginTestpage.java:13)
at Baseclass.BaseUtility.<init>(BaseUtility.java:28)
at POM.LoginTestpage.<init>(LoginTestpage.java:13)
at Baseclass.BaseUtility.<init>(BaseUtility.java:28)
at POM.LoginTestpage.<init>(LoginTestpage.java:13)
at Baseclass.BaseUtility.<init>(BaseUtility.java:28)
at POM.LoginTestpage.<init>(LoginTestpage.java:13)
at Baseclass.BaseUtility.<init>(BaseUtility.java:28)
at POM.LoginTestpage.<init>(LoginTestpage.java:13)
at Baseclass.BaseUtility.<init>(BaseUtility.java:28)
at POM.LoginTestpage.<init>(LoginTestpage.java:13)
at Baseclass.BaseUtility.<init>(BaseUtility.java:28)
at POM.LoginTestpage.<init>(LoginTestpage.java:13)
at Baseclass.BaseUtility.<init>(BaseUtility.java:28)
at POM.LoginTestpage.<init>(LoginTestpage.java:13)
at Baseclass.BaseUtility.<init>(BaseUtility.java:28)
at POM.LoginTestpage.<init>(LoginTestpage.java:13)
at Baseclass.BaseUtility.<init>(BaseUtility.java:28)
at POM.LoginTestpage.<init>(LoginTestpage.java:13)
at Baseclass.BaseUtility.<init>(BaseUtility.java:28)
at POM.LoginTestpage.<init>(LoginTestpage.java:13)
at Baseclass.BaseUtility.<init>(BaseUtility.java:28)
at POM.LoginTestpage.<init>(LoginTestpage.java:13)
at Baseclass.BaseUtility.<init>(BaseUtility.java:28)
at POM.LoginTestpage.<init>(LoginTestpage.java:13)
at Baseclass.BaseUtility.<init>(BaseUtility.java:28)
at POM.LoginTestpage.<init>(LoginTestpage.java:13)
at Baseclass.BaseUtility.<init>(BaseUtility.java:28)
at POM.LoginTestpage.<init>(LoginTestpage.java:13)
at Baseclass.BaseUtility.<init>(BaseUtility.java:28)
at POM.LoginTestpage.<init>(LoginTestpage.java:13)
at Baseclass.BaseUtility.<init>(BaseUtility.java:28)
at POM.LoginTestpage.<init>(LoginTestpage.java:13)
at Baseclass.BaseUtility.<init>(BaseUtility.java:28)
at POM.LoginTestpage.<init>(LoginTestpage.java:13)
at Baseclass.BaseUtility.<init>(BaseUtility.java:28)
at POM.LoginTestpage.<init>(LoginTestpage.java:13)
at Baseclass.BaseUtility.<init>(BaseUtility.java:28)
at POM.LoginTestpage.<init>(LoginTestpage.java:13)
at Baseclass.BaseUtility.<init>(BaseUtility.java:28)
at POM.LoginTestpage.<init>(LoginTestpage.java:13)
at Baseclass.BaseUtility.<init>(BaseUtility.java:28)
at POM.LoginTestpage.<init>(LoginTestpage.java:13)
at Baseclass.BaseUtility.<init>(BaseUtility.java:28)
at POM.LoginTestpage.<init>(LoginTestpage.java:13)
at Baseclass.BaseUtility.<init>(BaseUtility.java:28)
at POM.LoginTestpage.<init>(LoginTestpage.java:13)
at Baseclass.BaseUtility.<init>(BaseUtility.java:28)
at POM.LoginTestpage.<init>(LoginTestpage.java:13)
at Baseclass.BaseUtility.<init>(BaseUtility.java:28)
at POM.LoginTestpage.<init>(LoginTestpage.java:13)
at Baseclass.BaseUtility.<init>(BaseUtility.java:28)
at POM.LoginTestpage.<init>(LoginTestpage.java:13)
at Baseclass.BaseUtility.<init>(BaseUtility.java:28)
at POM.LoginTestpage.<init>(LoginTestpage.java:13)
at Baseclass.BaseUtility.<init>(BaseUtility.java:28)
at POM.LoginTestpage.<init>(LoginTestpage.java:13)
at Baseclass.BaseUtility.<init>(BaseUtility.java:28)
at POM.LoginTestpage.<init>(LoginTestpage.java:13)
at Baseclass.BaseUtility.<init>(BaseUtility.java:28)
at POM.LoginTestpage.<init>(LoginTestpage.java:13)
at Baseclass.BaseUtility.<init>(BaseUtility.java:28)
at POM.LoginTestpage.<init>(LoginTestpage.java:13)
at Baseclass.BaseUtility.<init>(BaseUtility.java:28)
at POM.LoginTestpage.<init>(LoginTestpage.java:13)
at Baseclass.BaseUtility.<init>(BaseUtility.java:28)
at POM.LoginTestpage.<init>(LoginTestpage.java:13)
at Baseclass.BaseUtility.<init>(BaseUtility.java:28)
at POM.LoginTestpage.<init>(LoginTestpage.java:13)
at Baseclass.BaseUtility.<init>(BaseUtility.java:28)
at POM.LoginTestpage.<init>(LoginTestpage.java:13)
at Baseclass.BaseUtility.<init>(BaseUtility.java:28)
at POM.LoginTestpage.<init>(LoginTestpage.java:13)
at Baseclass.BaseUtility.<init>(BaseUtility.java:28)
at POM.LoginTestpage.<init>(LoginTestpage.java:13)
at Baseclass.BaseUtility.<init>(BaseUtility.java:28)
at POM.LoginTestpage.<init>(LoginTestpage.java:13)
at Baseclass.BaseUtility.<init>(BaseUtility.java:28)
at POM.LoginTestpage.<init>(LoginTestpage.java:13)
at Baseclass.BaseUtility.<init>(BaseUtility.java:28)
at POM.LoginTestpage.<init>(LoginTestpage.java:13)
at Baseclass.BaseUtility.<init>(BaseUtility.java:28)
at POM.LoginTestpage.<init>(LoginTestpage.java:13)
at Baseclass.BaseUtility.<init>(BaseUtility.java:28)
at POM.LoginTestpage.<init>(LoginTestpage.java:13)
at Baseclass.BaseUtility.<init>(BaseUtility.java:28)
at POM.LoginTestpage.<init>(LoginTestpage.java:13)
at Baseclass.BaseUtility.<init>(BaseUtility.java:28)
at POM.LoginTestpage.<init>(LoginTestpage.java:13)
at Baseclass.BaseUtility.<init>(BaseUtility.java:28)
at POM.LoginTestpage.<init>(LoginTestpage.java:13)
at Baseclass.BaseUtility.<init>(BaseUtility.java:28)
at POM.LoginTestpage.<init>(LoginTestpage.java:13)
at Baseclass.BaseUtility.<init>(BaseUtility.java:28)
at POM.LoginTestpage.<init>(LoginTestpage.java:13)
at Baseclass.BaseUtility.<init>(BaseUtility.java:28)
[...]
at Baseclass.BaseUtility.<init>(BaseUtility.java:28)
at POM.LoginTestpage.<init>(LoginTestpage.java:13)
at Baseclass.BaseUtility.<init>(BaseUtility.java:28)
at POM.LoginTestpage.<init>(LoginTestpage.java:13)
at Baseclass.BaseUtility.<init>(BaseUtility.java:28)
at POM.LoginTestpage.<init>(LoginTestpage.java:13)
at Baseclass.BaseUtility.<init>(BaseUtility.java:28)
at POM.LoginTestpage.<init>(LoginTestpage.java:13)
at Baseclass.BaseUtility.<init>(BaseUtility.java:28)
at POM.LoginTestpage.<init>(LoginTestpage.java:13)
at Baseclass.BaseUtility.<init>(BaseUtility.java:28)
at POM.LoginTestpage.<init>(LoginTestpage.java:13)
at Baseclass.BaseUtility.<init>(BaseUtility.java:28)
at POM.LoginTestpage.<init>(LoginTestpage.java:13)
at Baseclass.BaseUtility.<init>(BaseUtility.java:28)
at POM.LoginTestpage.<init>(LoginTestpage.java:13)
at Baseclass.BaseUtility.<init>(BaseUtility.java:28)
at POM.LoginTestpage.<init>(LoginTestpage.java:13)
at Baseclass.BaseUtility.<init>(BaseUtility.java:28)
at POM.LoginTestpage.<init>(LoginTestpage.java:13)
at Baseclass.BaseUtility.<init>(BaseUtility.java:28)
at POM.LoginTestpage.<init>(LoginTestpage.java:13)
at Baseclass.BaseUtility.<init>(BaseUtility.java:28)
at POM.LoginTestpage.<init>(LoginTestpage.java:13)
at Baseclass.BaseUtility.<init>(BaseUtility.java:28)
at POM.LoginTestpage.<init>(LoginTestpage.java:13)
at Baseclass.BaseUtility.<init>(BaseUtility.java:28)
at POM.LoginTestpage.<init>(LoginTestpage.java:13)
at Baseclass.BaseUtility.<init>(BaseUtility.java:28)
at POM.LoginTestpage.<init>(LoginTestpage.java:13)
at Baseclass.BaseUtility.<init>(BaseUtility.java:28)
at POM.LoginTestpage.<init>(LoginTestpage.java:13)
at Baseclass.BaseUtility.<init>(BaseUtility.java:28)
at POM.LoginTestpage.<init>(LoginTestpage.java:13)
at Baseclass.BaseUtility.<init>(BaseUtility.java:28)
at POM.LoginTestpage.<init>(LoginTestpage.java:13)
at Baseclass.BaseUtility.<init>(BaseUtility.java:28)
at POM.LoginTestpage.<init>(LoginTestpage.java:13)
at Baseclass.BaseUtility.<init>(BaseUtility.java:28)
at POM.LoginTestpage.<init>(LoginTestpage.java:13)
at Baseclass.BaseUtility.<init>(BaseUtility.java:28)
at POM.LoginTestpage.<init>(LoginTestpage.java:13)
at Baseclass.BaseUtility.<init>(BaseUtility.java:28)
at POM.LoginTestpage.<init>(LoginTestpage.java:13)
at Baseclass.BaseUtility.<init>(BaseUtility.java:28)
at POM.LoginTestpage.<init>(LoginTestpage.java:13)
at Baseclass.BaseUtility.<init>(BaseUtility.java:28)
at POM.LoginTestpage.<init>(LoginTestpage.java:13)
at Baseclass.BaseUtility.<init>(BaseUtility.java:28)
at POM.LoginTestpage.<init>(LoginTestpage.java:13)
at Baseclass.BaseUtility.<init>(BaseUtility.java:28)
at POM.LoginTestpage.<init>(LoginTestpage.java:13)
at Baseclass.BaseUtility.<init>(BaseUtility.java:28)
at POM.LoginTestpage.<init>(LoginTestpage.java:13)
at Baseclass.BaseUtility.<init>(BaseUtility.java:28)
at POM.LoginTestpage.<init>(LoginTestpage.java:13)
at Baseclass.BaseUtility.<init>(BaseUtility.java:28)
at POM.LoginTestpage.<init>(LoginTestpage.java:13)
at Baseclass.BaseUtility.<init>(BaseUtility.java:28)
at POM.LoginTestpage.<init>(LoginTestpage.java:13)
at Baseclass.BaseUtility.<init>(BaseUtility.java:28)
at POM.LoginTestpage.<init>(LoginTestpage.java:13)
at Baseclass.BaseUtility.<init>(BaseUtility.java:28)
at POM.LoginTestpage.<init>(LoginTestpage.java:13)
at Baseclass.BaseUtility.<init>(BaseUtility.java:28)
at POM.LoginTestpage.<init>(LoginTestpage.java:13)
at Baseclass.BaseUtility.<init>(BaseUtility.java:28)
at POM.LoginTestpage.<init>(LoginTestpage.java:13)
at Baseclass.BaseUtility.<init>(BaseUtility.java:28)
at POM.LoginTestpage.<init>(LoginTestpage.java:13)
at Baseclass.BaseUtility.<init>(BaseUtility.java:28)
at POM.LoginTestpage.<init>(LoginTestpage.java:13)
at Baseclass.BaseUtility.<init>(BaseUtility.java:28)
at POM.LoginTestpage.<init>(LoginTestpage.java:13)
at Baseclass.BaseUtility.<init>(BaseUtility.java:28)
at POM.LoginTestpage.<init>(LoginTestpage.java:13)
at Baseclass.BaseUtility.<init>(BaseUtility.java:28)
at POM.LoginTestpage.<init>(LoginTestpage.java:13)
at Baseclass.BaseUtility.<init>(BaseUtility.java:28)
at POM.LoginTestpage.<init>(LoginTestpage.java:13)
at Baseclass.BaseUtility.<init>(BaseUtility.java:28)
at POM.LoginTestpage.<init>(LoginTestpage.java:13)
at Baseclass.BaseUtility.<init>(BaseUtility.java:28)
at POM.LoginTestpage.<init>(LoginTestpage.java:13)
at Baseclass.BaseUtility.<init>(BaseUtility.java:28)
at POM.LoginTestpage.<init>(LoginTestpage.java:13)
at Baseclass.BaseUtility.<init>(BaseUtility.java:28)
at POM.LoginTestpage.<init>(LoginTestpage.java:13)
at Baseclass.BaseUtility.<init>(BaseUtility.java:28)
at POM.LoginTestpage.<init>(LoginTestpage.java:13)
at Baseclass.BaseUtility.<init>(BaseUtility.java:28)
at POM.LoginTestpage.<init>(LoginTestpage.java:13)
at Baseclass.BaseUtility.<init>(BaseUtility.java:28)
at POM.LoginTestpage.<init>(LoginTestpage.java:13)
at Baseclass.BaseUtility.<init>(BaseUtility.java:28)
at POM.LoginTestpage.<init>(LoginTestpage.java:13)
at Baseclass.BaseUtility.<init>(BaseUtility.java:28)
at POM.LoginTestpage.<init>(LoginTestpage.java:13)
at Baseclass.BaseUtility.<init>(BaseUtility.java:28)
at POM.LoginTestpage.<init>(LoginTestpage.java:13)
at Baseclass.BaseUtility.<init>(BaseUtility.java:28)
at POM.LoginTestpage.<init>(LoginTestpage.java:13)
at Baseclass.BaseUtility.<init>(BaseUtility.java:28)
at POM.LoginTestpage.<init>(LoginTestpage.java:13)
at Baseclass.BaseUtility.<init>(BaseUtility.java:28)
at POM.LoginTestpage.<init>(LoginTestpage.java:13)
at Baseclass.BaseUtility.<init>(BaseUtility.java:28)
at POM.LoginTestpage.<init>(LoginTestpage.java:13)
at Baseclass.BaseUtility.<init>(BaseUtility.java:28)
at POM.LoginTestpage.<init>(LoginTestpage.java:13)
at Baseclass.BaseUtility.<init>(BaseUtility.java:28)
at POM.LoginTestpage.<init>(LoginTestpage.java:13)
at Baseclass.BaseUtility.<init>(BaseUtility.java:28)
at POM.LoginTestpage.<init>(LoginTestpage.java:13)
at Baseclass.BaseUtility.<init>(BaseUtility.java:28)
at POM.LoginTestpage.<init>(LoginTestpage.java:13)
at Baseclass.BaseUtility.<init>(BaseUtility.java:28)
at POM.LoginTestpage.<init>(LoginTestpage.java:13)
at Baseclass.BaseUtility.<init>(BaseUtility.java:28)
at POM.LoginTestpage.<init>(LoginTestpage.java:13)
at Baseclass.BaseUtility.<init>(BaseUtility.java:28)
at POM.LoginTestpage.<init>(LoginTestpage.java:13)
at Baseclass.BaseUtility.<init>(BaseUtility.java:28)
at POM.LoginTestpage.<init>(LoginTestpage.java:13)
at Baseclass.BaseUtility.<init>(BaseUtility.java:28)
at POM.LoginTestpage.<init>(LoginTestpage.java:13)
at Baseclass.BaseUtility.<init>(BaseUtility.java:28)
at POM.LoginTestpage.<init>(LoginTestpage.java:13)
at Baseclass.BaseUtility.<init>(BaseUtility.java:28)
at POM.LoginTestpage.<init>(LoginTestpage.java:13)
at Baseclass.BaseUtility.<init>(BaseUtility.java:28)
at POM.LoginTestpage.<init>(LoginTestpage.java:13)
at Baseclass.BaseUtility.<init>(BaseUtility.java:28)
at POM.LoginTestpage.<init>(LoginTestpage.java:13)
at Baseclass.BaseUtility.<init>(BaseUtility.java:28)
at POM.LoginTestpage.<init>(LoginTestpage.java:13)
at Baseclass.BaseUtility.<init>(BaseUtility.java:28)
at POM.LoginTestpage.<init>(LoginTestpage.java:13)
at Baseclass.BaseUtility.<init>(BaseUtility.java:28)
at POM.LoginTestpage.<init>(LoginTestpage.java:13)
at Baseclass.BaseUtility.<init>(BaseUtility.java:28)
at POM.LoginTestpage.<init>(LoginTestpage.java:13)
at Baseclass.BaseUtility.<init>(BaseUtility.java:28)
at POM.LoginTestpage.<init>(LoginTestpage.java:13)
at Baseclass.BaseUtility.<init>(BaseUtility.java:28)
at POM.LoginTestpage.<init>(LoginTestpage.java:13)
at Baseclass.BaseUtility.<init>(BaseUtility.java:28)
at POM.LoginTestpage.<init>(LoginTestpage.java:13)
at Baseclass.BaseUtility.<init>(BaseUtility.java:28)
at POM.LoginTestpage.<init>(LoginTestpage.java:13)
at Baseclass.BaseUtility.<init>(BaseUtility.java:28)
at POM.LoginTestpage.<init>(LoginTestpage.java:13)
at Baseclass.BaseUtility.<init>(BaseUtility.java:28)
at POM.LoginTestpage.<init>(LoginTestpage.java:13)
at Baseclass.BaseUtility.<init>(BaseUtility.java:28)
at POM.LoginTestpage.<init>(LoginTestpage.java:13)
at Baseclass.BaseUtility.<init>(BaseUtility.java:28)
at POM.LoginTestpage.<init>(LoginTestpage.java:13)
at Baseclass.BaseUtility.<init>(BaseUtility.java:28)
at POM.LoginTestpage.<init>(LoginTestpage.java:13)
at Baseclass.BaseUtility.<init>(BaseUtility.java:28)
at POM.LoginTestpage.<init>(LoginTestpage.java:13)
at Baseclass.BaseUtility.<init>(BaseUtility.java:28)
at POM.LoginTestpage.<init>(LoginTestpage.java:13)
at Baseclass.BaseUtility.<init>(BaseUtility.java:28)
at POM.LoginTestpage.<init>(LoginTestpage.java:13)
at Baseclass.BaseUtility.<init>(BaseUtility.java:28)
at POM.LoginTestpage.<init>(LoginTestpage.java:13)
at Baseclass.BaseUtility.<init>(BaseUtility.java:28)
at POM.LoginTestpage.<init>(LoginTestpage.java:13)
at Baseclass.BaseUtility.<init>(BaseUtility.java:28)
at POM.LoginTestpage.<init>(LoginTestpage.java:13)
at Baseclass.BaseUtility.<init>(BaseUtility.java:28)
at POM.LoginTestpage.<init>(LoginTestpage.java:13)
at Baseclass.BaseUtility.<init>(BaseUtility.java:28)
at POM.LoginTestpage.<init>(LoginTestpage.java:13)
at Baseclass.BaseUtility.<init>(BaseUtility.java:28)
at POM.LoginTestpage.<init>(LoginTestpage.java:13)
at Baseclass.BaseUtility.<init>(BaseUtility.java:28)
at POM.LoginTestpage.<init>(LoginTestpage.java:13)
at Baseclass.BaseUtility.<init>(BaseUtility.java:28)
at POM.LoginTestpage.<init>(LoginTestpage.java:13)
at Baseclass.BaseUtility.<init>(BaseUtility.java:28)
at POM.LoginTestpage.<init>(LoginTestpage.java:13)
at Baseclass.BaseUtility.<init>(BaseUtility.java:28)
at POM.LoginTestpage.<init>(LoginTestpage.java:13)
at Baseclass.BaseUtility.<init>(BaseUtility.java:28)
at POM.LoginTestpage.<init>(LoginTestpage.java:13)
at Baseclass.BaseUtility.<init>(BaseUtility.java:28)
at POM.LoginTestpage.<init>(LoginTestpage.java:13)
at Baseclass.BaseUtility.<init>(BaseUtility.java:28)
at POM.LoginTestpage.<init>(LoginTestpage.java:13)
at Baseclass.BaseUtility.<init>(BaseUtility.java:28)
at POM.LoginTestpage.<init>(LoginTestpage.java:13)
at Baseclass.BaseUtility.<init>(BaseUtility.java:28)
at POM.LoginTestpage.<init>(LoginTestpage.java:13)
at Baseclass.BaseUtility.<init>(BaseUtility.java:28)
at POM.LoginTestpage.<init>(LoginTestpage.java:13)
at Baseclass.BaseUtility.<init>(BaseUtility.java:28)
at POM.LoginTestpage.<init>(LoginTestpage.java:13)
at Baseclass.BaseUtility.<init>(BaseUtility.java:28)
at POM.LoginTestpage.<init>(LoginTestpage.java:13)
at Baseclass.BaseUtility.<init>(BaseUtility.java:28)
at POM.LoginTestpage.<init>(LoginTestpage.java:13)
at Baseclass.BaseUtility.<init>(BaseUtility.java:28)
at POM.LoginTestpage.<init>(LoginTestpage.java:13)
at Baseclass.BaseUtility.<init>(BaseUtility.java:28)
at POM.LoginTestpage.<init>(LoginTestpage.java:13)
at Baseclass.BaseUtility.<init>(BaseUtility.java:28)
at POM.LoginTestpage.<init>(LoginTestpage.java:13)
at Baseclass.BaseUtility.<init>(BaseUtility.java:28)
at POM.LoginTestpage.<init>(LoginTestpage.java:13)
at Baseclass.BaseUtility.<init>(BaseUtility.java:28)
at POM.LoginTestpage.<init>(LoginTestpage.java:13)
at Baseclass.BaseUtility.<init>(BaseUtility.java:28)
at POM.LoginTestpage.<init>(LoginTestpage.java:13)
at Baseclass.BaseUtility.<init>(BaseUtility.java:28)
at POM.LoginTestpage.<init>(LoginTestpage.java:13)
at Baseclass.BaseUtility.<init>(BaseUtility.java:28)
at POM.LoginTestpage.<init>(LoginTestpage.java:13)
at Baseclass.BaseUtility.<init>(BaseUtility.java:28)
at POM.LoginTestpage.<init>(LoginTestpage.java:13)
at Baseclass.BaseUtility.<init>(BaseUtility.java:28)
at POM.LoginTestpage.<init>(LoginTestpage.java:13)
at Baseclass.BaseUtility.<init>(BaseUtility.java:28)
at POM.LoginTestpage.<init>(LoginTestpage.java:13)
at Baseclass.BaseUtility.<init>(BaseUtility.java:28)
at POM.LoginTestpage.<init>(LoginTestpage.java:13)
at Baseclass.BaseUtility.<init>(BaseUtility.java:28)
at POM.LoginTestpage.<init>(LoginTestpage.java:13)
at Baseclass.BaseUtility.<init>(BaseUtility.java:28)
at POM.LoginTestpage.<init>(LoginTestpage.java:13)
at Baseclass.BaseUtility.<init>(BaseUtility.java:28)
at POM.LoginTestpage.<init>(LoginTestpage.java:13)
at Baseclass.BaseUtility.<init>(BaseUtility.java:28)
at POM.LoginTestpage.<init>(LoginTestpage.java:13)
at Baseclass.BaseUtility.<init>(BaseUtility.java:28)
at POM.LoginTestpage.<init>(LoginTestpage.java:13)
at Baseclass.BaseUtility.<init>(BaseUtility.java:28)
at POM.LoginTestpage.<init>(LoginTestpage.java:13)
at Baseclass.BaseUtility.<init>(BaseUtility.java:28)
at POM.LoginTestpage.<init>(LoginTestpage.java:13)
at Baseclass.BaseUtility.<init>(BaseUtility.java:28)
at POM.LoginTestpage.<init>(LoginTestpage.java:13)
at Baseclass.BaseUtility.<init>(BaseUtility.java:28)
at POM.LoginTestpage.<init>(LoginTestpage.java:13)
at Baseclass.BaseUtility.<init>(BaseUtility.java:28)
at POM.LoginTestpage.<init>(LoginTestpage.java:13)
at Baseclass.BaseUtility.<init>(BaseUtility.java:28)
at POM.LoginTestpage.<init>(LoginTestpage.java:13)
at Baseclass.BaseUtility.<init>(BaseUtility.java:28)
at POM.LoginTestpage.<init>(LoginTestpage.java:13)
at Baseclass.BaseUtility.<init>(BaseUtility.java:28)
at POM.LoginTestpage.<init>(LoginTestpage.java:13)
at Baseclass.BaseUtility.<init>(BaseUtility.java:28)
at POM.LoginTestpage.<init>(LoginTestpage.java:13)
at Baseclass.BaseUtility.<init>(BaseUtility.java:28)
at POM.LoginTestpage.<init>(LoginTestpage.java:13)
at Baseclass.BaseUtility.<init>(BaseUtility.java:28)
at POM.LoginTestpage.<init>(LoginTestpage.java:13)
at Baseclass.BaseUtility.<init>(BaseUtility.java:28)
at POM.LoginTestpage.<init>(LoginTestpage.java:13)
at Baseclass.BaseUtility.<init>(BaseUtility.java:28)
at POM.LoginTestpage.<init>(LoginTestpage.java:13)
at Baseclass.BaseUtility.<init>(BaseUtility.java:28)
at POM.LoginTestpage.<init>(LoginTestpage.java:13)
at Baseclass.BaseUtility.<init>(BaseUtility.java:28)
at POM.LoginTestpage.<init>(LoginTestpage.java:13)
at Baseclass.BaseUtility.<init>(BaseUtility.java:28)
at POM.LoginTestpage.<init>(LoginTestpage.java:13)
at Baseclass.BaseUtility.<init>(BaseUtility.java:28)
at POM.LoginTestpage.<init>(LoginTestpage.java:13)
at Baseclass.BaseUtility.<init>(BaseUtility.java:28)
at POM.LoginTestpage.<init>(LoginTestpage.java:13)
at Baseclass.BaseUtility.<init>(BaseUtility.java:28)
at POM.LoginTestpage.<init>(LoginTestpage.java:13)
at Baseclass.BaseUtility.<init>(BaseUtility.java:28)
at POM.LoginTestpage.<init>(LoginTestpage.java:13)
at Baseclass.BaseUtility.<init>(BaseUtility.java:28)
at POM.LoginTestpage.<init>(LoginTestpage.java:13)
at Baseclass.BaseUtility.<init>(BaseUtility.java:28)
at POM.LoginTestpage.<init>(LoginTestpage.java:13)
at Baseclass.BaseUtility.<init>(BaseUtility.java:28)
at POM.LoginTestpage.<init>(LoginTestpage.java:13)
at Baseclass.BaseUtility.<init>(BaseUtility.java:28)
at POM.LoginTestpage.<init>(LoginTestpage.java:13)
at Baseclass.BaseUtility.<init>(BaseUtility.java:28)
at POM.LoginTestpage.<init>(LoginTestpage.java:13)
at Baseclass.BaseUtility.<init>(BaseUtility.java:28)
at POM.LoginTestpage.<init>(LoginTestpage.java:13)
at Baseclass.BaseUtility.<init>(BaseUtility.java:28)
at POM.LoginTestpage.<init>(LoginTestpage.java:13)
at Baseclass.BaseUtility.<init>(BaseUtility.java:28)
at POM.LoginTestpage.<init>(LoginTestpage.java:13)
at Baseclass.BaseUtility.<init>(BaseUtility.java:28)
at POM.LoginTestpage.<init>(LoginTestpage.java:13)
at Baseclass.BaseUtility.<init>(BaseUtility.java:28)
at POM.LoginTestpage.<init>(LoginTestpage.java:13)
at Baseclass.BaseUtility.<init>(BaseUtility.java:28)
at POM.LoginTestpage.<init>(LoginTestpage.java:13)
at Baseclass.BaseUtility.<init>(BaseUtility.java:28)
at POM.LoginTestpage.<init>(LoginTestpage.java:13)
at Baseclass.BaseUtility.<init>(BaseUtility.java:28)
at POM.LoginTestpage.<init>(LoginTestpage.java:13)
at Baseclass.BaseUtility.<init>(BaseUtility.java:28)
at POM.LoginTestpage.<init>(LoginTestpage.java:13)
at Baseclass.BaseUtility.<init>(BaseUtility.java:28)
at POM.LoginTestpage.<init>(LoginTestpage.java:13)
at Baseclass.BaseUtility.<init>(BaseUtility.java:28)
at POM.LoginTestpage.<init>(LoginTestpage.java:13)
at Baseclass.BaseUtility.<init>(BaseUtility.java:28)
at POM.LoginTestpage.<init>(LoginTestpage.java:13)
at Baseclass.BaseUtility.<init>(BaseUtility.java:28)
at POM.LoginTestpage.<init>(LoginTestpage.java:13)
at Baseclass.BaseUtility.<init>(BaseUtility.java:28)
at POM.LoginTestpage.<init>(LoginTestpage.java:13)
at Baseclass.BaseUtility.<init>(BaseUtility.java:28)
at POM.LoginTestpage.<init>(LoginTestpage.java:13)
at Baseclass.BaseUtility.<init>(BaseUtility.java:28)
at POM.LoginTestpage.<init>(LoginTestpage.java:13)
at Baseclass.BaseUtility.<init>(BaseUtility.java:28)
at POM.LoginTestpage.<init>(LoginTestpage.java:13)
at Baseclass.BaseUtility.<init>(BaseUtility.java:28)
at POM.LoginTestpage.<init>(LoginTestpage.java:13)
at Baseclass.BaseUtility.<init>(BaseUtility.java:28)
at POM.LoginTestpage.<init>(LoginTestpage.java:13)
at Baseclass.BaseUtility.<init>(BaseUtility.java:28)
at POM.LoginTestpage.<init>(LoginTestpage.java:13)
at Baseclass.BaseUtility.<init>(BaseUtility.java:28)
at POM.LoginTestpage.<init>(LoginTestpage.java:13)
at Baseclass.BaseUtility.<init>(BaseUtility.java:28)
at POM.LoginTestpage.<init>(LoginTestpage.java:13)
at Baseclass.BaseUtility.<init>(BaseUtility.java:28)
at POM.LoginTestpage.<init>(LoginTestpage.java:13)
at Baseclass.BaseUtility.<init>(BaseUtility.java:28)
at POM.LoginTestpage.<init>(LoginTestpage.java:13)
at Baseclass.BaseUtility.<init>(BaseUtility.java:28)
at POM.LoginTestpage.<init>(LoginTestpage.java:13)
at Baseclass.BaseUtility.<init>(BaseUtility.java:28)
at POM.LoginTestpage.<init>(LoginTestpage.java:13)
at Baseclass.BaseUtility.<init>(BaseUtility.java:28)
at POM.LoginTestpage.<init>(LoginTestpage.java:13)
at Baseclass.BaseUtility.<init>(BaseUtility.java:28)
at POM.LoginTestpage.<init>(LoginTestpage.java:13)
at Baseclass.BaseUtility.<init>(BaseUtility.java:28)
at POM.LoginTestpage.<init>(LoginTestpage.java:13)
at Baseclass.BaseUtility.<init>(BaseUtility.java:28)
at POM.LoginTestpage.<init>(LoginTestpage.java:13)
at Baseclass.BaseUtility.<init>(BaseUtility.java:28)
at POM.LoginTestpage.<init>(LoginTestpage.java:13)
at Baseclass.BaseUtility.<init>(BaseUtility.java:28)
at POM.LoginTestpage.<init>(LoginTestpage.java:13)
at Baseclass.BaseUtility.<init>(BaseUtility.java:28)
at POM.LoginTestpage.<init>(LoginTestpage.java:13)
at Baseclass.BaseUtility.<init>(BaseUtility.java:28)
at POM.LoginTestpage.<init>(LoginTestpage.java:13)
at Baseclass.BaseUtility.<init>(BaseUtility.java:28)
at POM.LoginTestpage.<init>(LoginTestpage.java:13)
at Baseclass.BaseUtility.<init>(BaseUtility.java:28)
at POM.LoginTestpage.<init>(LoginTestpage.java:13)
at Baseclass.BaseUtility.<init>(BaseUtility.java:28)
at POM.LoginTestpage.<init>(LoginTestpage.java:13)
at Baseclass.BaseUtility.<init>(BaseUtility.java:28)
at POM.LoginTestpage.<init>(LoginTestpage.java:13)
at Baseclass.BaseUtility.<init>(BaseUtility.java:28)
at POM.LoginTestpage.<init>(LoginTestpage.java:13)
at Baseclass.BaseUtility.<init>(BaseUtility.java:28)
at POM.LoginTestpage.<init>(LoginTestpage.java:13)
at Baseclass.BaseUtility.<init>(BaseUtility.java:28)
at POM.LoginTestpage.<init>(LoginTestpage.java:13)
at Baseclass.BaseUtility.<init>(BaseUtility.java:28)
at POM.LoginTestpage.<init>(LoginTestpage.java:13)
at Baseclass.BaseUtility.<init>(BaseUtility.java:28)
]]>
    </error>
  </testcase> <!-- loginTest -->
  <testcase classname="Testcases.LoginTest" name="loginTest" time="3.476">
    <skipped/>
  </testcase> <!-- loginTest -->
  <testcase classname="Testcases.LoginTest" name="loginTest" time="3.371">
    <skipped/>
  </testcase> <!-- loginTest -->
  <testcase classname="Testcases.LoginTest" name="loginTest" time="3.921">
    <skipped/>
  </testcase> <!-- loginTest -->
  <testcase classname="Testcases.LoginTest" name="loginTest" time="7.112">
    <skipped/>
  </testcase> <!-- loginTest -->
</testsuite> <!-- Testcases.LoginTest -->
